[2.067s] Invoking command in '/home/liyq/hi_ws/ROS2/src/bringup': PYTHONPATH=/home/liyq/hi_ws/build/bringup/prefix_override:/usr/lib/python3/dist-packages/colcon_core/task/python/colcon_distutils_commands:/home/liyq/hi_ws/install/bringup/lib/python3.10/site-packages:${PYTHONPATH} /usr/bin/python3 -W ignore:setup.py install is deprecated -W ignore:easy_install command is deprecated setup.py egg_info --egg-base ../../../build/bringup build --build-base /home/liyq/hi_ws/build/bringup/build install --record /home/liyq/hi_ws/build/bringup/install.log --single-version-externally-managed install_data
[2.415s] running egg_info
[2.416s] creating ../../../build/bringup/bringup.egg-info
[2.416s] writing ../../../build/bringup/bringup.egg-info/PKG-INFO
[2.416s] writing dependency_links to ../../../build/bringup/bringup.egg-info/dependency_links.txt
[2.416s] writing entry points to ../../../build/bringup/bringup.egg-info/entry_points.txt
[2.416s] writing requirements to ../../../build/bringup/bringup.egg-info/requires.txt
[2.416s] writing top-level names to ../../../build/bringup/bringup.egg-info/top_level.txt
[2.416s] writing manifest file '../../../build/bringup/bringup.egg-info/SOURCES.txt'
[2.416s] reading manifest file '../../../build/bringup/bringup.egg-info/SOURCES.txt'
[2.416s] writing manifest file '../../../build/bringup/bringup.egg-info/SOURCES.txt'
[2.416s] running build
[2.416s] running build_py
[2.416s] creating /home/liyq/hi_ws/build/bringup/build
[2.416s] creating /home/liyq/hi_ws/build/bringup/build/lib
[2.416s] creating /home/liyq/hi_ws/build/bringup/build/lib/bringup
[2.416s] copying bringup/startup_check.py -> /home/liyq/hi_ws/build/bringup/build/lib/bringup
[2.416s] copying bringup/__init__.py -> /home/liyq/hi_ws/build/bringup/build/lib/bringup
[2.417s] running install
[2.417s] running install_lib
[2.417s] creating /home/liyq/hi_ws/install/bringup/lib/python3.10/site-packages/bringup
[2.417s] copying /home/liyq/hi_ws/build/bringup/build/lib/bringup/startup_check.py -> /home/liyq/hi_ws/install/bringup/lib/python3.10/site-packages/bringup
[2.417s] copying /home/liyq/hi_ws/build/bringup/build/lib/bringup/__init__.py -> /home/liyq/hi_ws/install/bringup/lib/python3.10/site-packages/bringup
[2.417s] byte-compiling /home/liyq/hi_ws/install/bringup/lib/python3.10/site-packages/bringup/startup_check.py to startup_check.cpython-310.pyc
[2.417s] byte-compiling /home/liyq/hi_ws/install/bringup/lib/python3.10/site-packages/bringup/__init__.py to __init__.cpython-310.pyc
[2.417s] running install_data
[2.417s] creating /home/liyq/hi_ws/install/bringup/share/ament_index
[2.417s] creating /home/liyq/hi_ws/install/bringup/share/ament_index/resource_index
[2.417s] creating /home/liyq/hi_ws/install/bringup/share/ament_index/resource_index/packages
[2.417s] copying resource/bringup -> /home/liyq/hi_ws/install/bringup/share/ament_index/resource_index/packages
[2.417s] copying package.xml -> /home/liyq/hi_ws/install/bringup/share/bringup
[2.418s] creating /home/liyq/hi_ws/install/bringup/share/bringup/launch
[2.418s] copying launch/bringup.launch.py -> /home/liyq/hi_ws/install/bringup/share/bringup/launch
[2.418s] creating /home/liyq/hi_ws/install/bringup/share/bringup/config
[2.418s] copying config/config.yaml -> /home/liyq/hi_ws/install/bringup/share/bringup/config
[2.418s] creating /home/liyq/hi_ws/install/bringup/share/bringup/resource
[2.418s] running install_egg_info
[2.418s] Copying ../../../build/bringup/bringup.egg-info to /home/liyq/hi_ws/install/bringup/lib/python3.10/site-packages/bringup-0.0.0-py3.10.egg-info
[2.418s] running install_scripts
[2.418s] Installing startup_check script to /home/liyq/hi_ws/install/bringup/lib/bringup
[2.418s] writing list of installed files to '/home/liyq/hi_ws/build/bringup/install.log'
[2.545s] Invoked command in '/home/liyq/hi_ws/ROS2/src/bringup' returned '0': PYTHONPATH=/home/liyq/hi_ws/build/bringup/prefix_override:/usr/lib/python3/dist-packages/colcon_core/task/python/colcon_distutils_commands:/home/liyq/hi_ws/install/bringup/lib/python3.10/site-packages:${PYTHONPATH} /usr/bin/python3 -W ignore:setup.py install is deprecated -W ignore:easy_install command is deprecated setup.py egg_info --egg-base ../../../build/bringup build --build-base /home/liyq/hi_ws/build/bringup/build install --record /home/liyq/hi_ws/build/bringup/install.log --single-version-externally-managed install_data
