[2.061s] Invoking command in '/home/liyq/hi_ws/ROS2/src/chassis': PYTHONPATH=/home/liyq/hi_ws/build/chassis/prefix_override:/usr/lib/python3/dist-packages/colcon_core/task/python/colcon_distutils_commands:/home/liyq/hi_ws/install/chassis/lib/python3.10/site-packages:${PYTHONPATH} /usr/bin/python3 -W ignore:setup.py install is deprecated -W ignore:easy_install command is deprecated setup.py egg_info --egg-base ../../../build/chassis build --build-base /home/liyq/hi_ws/build/chassis/build install --record /home/liyq/hi_ws/build/chassis/install.log --single-version-externally-managed install_data
[2.539s] running egg_info
[2.539s] creating ../../../build/chassis/chassis.egg-info
[2.539s] writing ../../../build/chassis/chassis.egg-info/PKG-INFO
[2.539s] writing dependency_links to ../../../build/chassis/chassis.egg-info/dependency_links.txt
[2.540s] writing entry points to ../../../build/chassis/chassis.egg-info/entry_points.txt
[2.540s] writing requirements to ../../../build/chassis/chassis.egg-info/requires.txt
[2.540s] writing top-level names to ../../../build/chassis/chassis.egg-info/top_level.txt
[2.540s] writing manifest file '../../../build/chassis/chassis.egg-info/SOURCES.txt'
[2.540s] reading manifest file '../../../build/chassis/chassis.egg-info/SOURCES.txt'
[2.540s] writing manifest file '../../../build/chassis/chassis.egg-info/SOURCES.txt'
[2.540s] running build
[2.540s] running build_py
[2.540s] creating /home/liyq/hi_ws/build/chassis/build
[2.541s] creating /home/liyq/hi_ws/build/chassis/build/lib
[2.541s] creating /home/liyq/hi_ws/build/chassis/build/lib/chassis
[2.541s] copying chassis/object_tracking.py -> /home/liyq/hi_ws/build/chassis/build/lib/chassis
[2.541s] copying chassis/line_following.py -> /home/liyq/hi_ws/build/chassis/build/lib/chassis
[2.541s] copying chassis/motor.py -> /home/liyq/hi_ws/build/chassis/build/lib/chassis
[2.541s] copying chassis/__init__.py -> /home/liyq/hi_ws/build/chassis/build/lib/chassis
[2.541s] copying chassis/chassis_controller.py -> /home/liyq/hi_ws/build/chassis/build/lib/chassis
[2.541s] copying chassis/mecanum.py -> /home/liyq/hi_ws/build/chassis/build/lib/chassis
[2.541s] running install
[2.541s] running install_lib
[2.542s] creating /home/liyq/hi_ws/install/chassis/lib/python3.10/site-packages/chassis
[2.542s] copying /home/liyq/hi_ws/build/chassis/build/lib/chassis/object_tracking.py -> /home/liyq/hi_ws/install/chassis/lib/python3.10/site-packages/chassis
[2.542s] copying /home/liyq/hi_ws/build/chassis/build/lib/chassis/line_following.py -> /home/liyq/hi_ws/install/chassis/lib/python3.10/site-packages/chassis
[2.542s] copying /home/liyq/hi_ws/build/chassis/build/lib/chassis/motor.py -> /home/liyq/hi_ws/install/chassis/lib/python3.10/site-packages/chassis
[2.542s] copying /home/liyq/hi_ws/build/chassis/build/lib/chassis/__init__.py -> /home/liyq/hi_ws/install/chassis/lib/python3.10/site-packages/chassis
[2.542s] copying /home/liyq/hi_ws/build/chassis/build/lib/chassis/chassis_controller.py -> /home/liyq/hi_ws/install/chassis/lib/python3.10/site-packages/chassis
[2.542s] copying /home/liyq/hi_ws/build/chassis/build/lib/chassis/mecanum.py -> /home/liyq/hi_ws/install/chassis/lib/python3.10/site-packages/chassis
[2.542s] byte-compiling /home/liyq/hi_ws/install/chassis/lib/python3.10/site-packages/chassis/object_tracking.py to object_tracking.cpython-310.pyc
[2.542s] byte-compiling /home/liyq/hi_ws/install/chassis/lib/python3.10/site-packages/chassis/line_following.py to line_following.cpython-310.pyc
[2.543s] byte-compiling /home/liyq/hi_ws/install/chassis/lib/python3.10/site-packages/chassis/motor.py to motor.cpython-310.pyc
[2.543s] byte-compiling /home/liyq/hi_ws/install/chassis/lib/python3.10/site-packages/chassis/__init__.py to __init__.cpython-310.pyc
[2.543s] byte-compiling /home/liyq/hi_ws/install/chassis/lib/python3.10/site-packages/chassis/chassis_controller.py to chassis_controller.cpython-310.pyc
[2.543s] byte-compiling /home/liyq/hi_ws/install/chassis/lib/python3.10/site-packages/chassis/mecanum.py to mecanum.cpython-310.pyc
[2.543s] running install_data
[2.543s] creating /home/liyq/hi_ws/install/chassis/share/ament_index
[2.543s] creating /home/liyq/hi_ws/install/chassis/share/ament_index/resource_index
[2.544s] creating /home/liyq/hi_ws/install/chassis/share/ament_index/resource_index/packages
[2.544s] copying resource/chassis -> /home/liyq/hi_ws/install/chassis/share/ament_index/resource_index/packages
[2.544s] copying package.xml -> /home/liyq/hi_ws/install/chassis/share/chassis
[2.544s] creating /home/liyq/hi_ws/install/chassis/share/chassis/launch
[2.544s] copying launch/line_following_node.launch.py -> /home/liyq/hi_ws/install/chassis/share/chassis/launch
[2.544s] copying launch/object_tracking_node.launch.py -> /home/liyq/hi_ws/install/chassis/share/chassis/launch
[2.544s] copying launch/chassis_controller_node.launch.py -> /home/liyq/hi_ws/install/chassis/share/chassis/launch
[2.544s] running install_egg_info
[2.544s] Copying ../../../build/chassis/chassis.egg-info to /home/liyq/hi_ws/install/chassis/lib/python3.10/site-packages/chassis-0.0.0-py3.10.egg-info
[2.544s] running install_scripts
[2.544s] Installing chassis_contrller script to /home/liyq/hi_ws/install/chassis/lib/chassis
[2.545s] Installing line_following script to /home/liyq/hi_ws/install/chassis/lib/chassis
[2.545s] Installing object_tracking script to /home/liyq/hi_ws/install/chassis/lib/chassis
[2.545s] writing list of installed files to '/home/liyq/hi_ws/build/chassis/install.log'
[2.566s] Invoked command in '/home/liyq/hi_ws/ROS2/src/chassis' returned '0': PYTHONPATH=/home/liyq/hi_ws/build/chassis/prefix_override:/usr/lib/python3/dist-packages/colcon_core/task/python/colcon_distutils_commands:/home/liyq/hi_ws/install/chassis/lib/python3.10/site-packages:${PYTHONPATH} /usr/bin/python3 -W ignore:setup.py install is deprecated -W ignore:easy_install command is deprecated setup.py egg_info --egg-base ../../../build/chassis build --build-base /home/liyq/hi_ws/build/chassis/build install --record /home/liyq/hi_ws/build/chassis/install.log --single-version-externally-managed install_data
