[1.334s] Invoking command in '/home/liyq/hi_ws/ROS2/src/large_models/large_models': PYTHONPATH=/home/liyq/hi_ws/build/large_models/prefix_override:/usr/lib/python3/dist-packages/colcon_core/task/python/colcon_distutils_commands:/home/liyq/hi_ws/install/large_models/lib/python3.10/site-packages:${PYTHONPATH} /usr/bin/python3 -W ignore:setup.py install is deprecated -W ignore:easy_install command is deprecated setup.py egg_info --egg-base ../../../../build/large_models build --build-base /home/liyq/hi_ws/build/large_models/build install --record /home/liyq/hi_ws/build/large_models/install.log --single-version-externally-managed install_data
[1.690s] running egg_info
[1.691s] creating ../../../../build/large_models/large_models.egg-info
[1.695s] writing ../../../../build/large_models/large_models.egg-info/PKG-INFO
[1.696s] writing dependency_links to ../../../../build/large_models/large_models.egg-info/dependency_links.txt
[1.696s] writing entry points to ../../../../build/large_models/large_models.egg-info/entry_points.txt
[1.696s] writing requirements to ../../../../build/large_models/large_models.egg-info/requires.txt
[1.696s] writing top-level names to ../../../../build/large_models/large_models.egg-info/top_level.txt
[1.696s] writing manifest file '../../../../build/large_models/large_models.egg-info/SOURCES.txt'
[1.696s] reading manifest file '../../../../build/large_models/large_models.egg-info/SOURCES.txt'
[1.696s] adding license file 'LICENSE'
[1.697s] writing manifest file '../../../../build/large_models/large_models.egg-info/SOURCES.txt'
[1.697s] running build
[1.697s] running build_py
[1.697s] creating /home/liyq/hi_ws/build/large_models/build
[1.697s] creating /home/liyq/hi_ws/build/large_models/build/lib
[1.697s] creating /home/liyq/hi_ws/build/large_models/build/lib/large_models
[1.697s] copying large_models/agent_process.py -> /home/liyq/hi_ws/build/large_models/build/lib/large_models
[1.698s] copying large_models/tts_node.py -> /home/liyq/hi_ws/build/large_models/build/lib/large_models
[1.698s] copying large_models/vocal_detect.py -> /home/liyq/hi_ws/build/large_models/build/lib/large_models
[1.698s] copying large_models/config.py -> /home/liyq/hi_ws/build/large_models/build/lib/large_models
[1.698s] copying large_models/__init__.py -> /home/liyq/hi_ws/build/large_models/build/lib/large_models
[1.698s] running install
[1.698s] running install_lib
[1.698s] creating /home/liyq/hi_ws/install/large_models/lib/python3.10/site-packages/large_models
[1.698s] copying /home/liyq/hi_ws/build/large_models/build/lib/large_models/agent_process.py -> /home/liyq/hi_ws/install/large_models/lib/python3.10/site-packages/large_models
[1.698s] copying /home/liyq/hi_ws/build/large_models/build/lib/large_models/tts_node.py -> /home/liyq/hi_ws/install/large_models/lib/python3.10/site-packages/large_models
[1.698s] copying /home/liyq/hi_ws/build/large_models/build/lib/large_models/vocal_detect.py -> /home/liyq/hi_ws/install/large_models/lib/python3.10/site-packages/large_models
[1.699s] copying /home/liyq/hi_ws/build/large_models/build/lib/large_models/config.py -> /home/liyq/hi_ws/install/large_models/lib/python3.10/site-packages/large_models
[1.699s] copying /home/liyq/hi_ws/build/large_models/build/lib/large_models/__init__.py -> /home/liyq/hi_ws/install/large_models/lib/python3.10/site-packages/large_models
[1.699s] byte-compiling /home/liyq/hi_ws/install/large_models/lib/python3.10/site-packages/large_models/agent_process.py to agent_process.cpython-310.pyc
[1.699s] byte-compiling /home/liyq/hi_ws/install/large_models/lib/python3.10/site-packages/large_models/tts_node.py to tts_node.cpython-310.pyc
[1.700s] byte-compiling /home/liyq/hi_ws/install/large_models/lib/python3.10/site-packages/large_models/vocal_detect.py to vocal_detect.cpython-310.pyc
[1.700s] byte-compiling /home/liyq/hi_ws/install/large_models/lib/python3.10/site-packages/large_models/config.py to config.cpython-310.pyc
[1.700s] byte-compiling /home/liyq/hi_ws/install/large_models/lib/python3.10/site-packages/large_models/__init__.py to __init__.cpython-310.pyc
[1.700s] running install_data
[1.700s] creating /home/liyq/hi_ws/install/large_models/share/ament_index
[1.700s] creating /home/liyq/hi_ws/install/large_models/share/ament_index/resource_index
[1.700s] creating /home/liyq/hi_ws/install/large_models/share/ament_index/resource_index/packages
[1.700s] copying resource/large_models -> /home/liyq/hi_ws/install/large_models/share/ament_index/resource_index/packages
[1.700s] copying package.xml -> /home/liyq/hi_ws/install/large_models/share/large_models
[1.700s] creating /home/liyq/hi_ws/install/large_models/share/large_models/launch
[1.700s] copying launch/tts_node.launch.py -> /home/liyq/hi_ws/install/large_models/share/large_models/launch
[1.701s] copying launch/agent_process.launch.py -> /home/liyq/hi_ws/install/large_models/share/large_models/launch
[1.701s] copying launch/vocal_detect.launch.py -> /home/liyq/hi_ws/install/large_models/share/large_models/launch
[1.701s] copying launch/start.launch.py -> /home/liyq/hi_ws/install/large_models/share/large_models/launch
[1.701s] running install_egg_info
[1.701s] Copying ../../../../build/large_models/large_models.egg-info to /home/liyq/hi_ws/install/large_models/lib/python3.10/site-packages/large_models-0.0.0-py3.10.egg-info
[1.702s] running install_scripts
[1.702s] Installing agent_process script to /home/liyq/hi_ws/install/large_models/lib/large_models
[1.702s] Installing tts_node script to /home/liyq/hi_ws/install/large_models/lib/large_models
[1.702s] Installing vocal_detect script to /home/liyq/hi_ws/install/large_models/lib/large_models
[1.702s] writing list of installed files to '/home/liyq/hi_ws/build/large_models/install.log'
[1.732s] Invoked command in '/home/liyq/hi_ws/ROS2/src/large_models/large_models' returned '0': PYTHONPATH=/home/liyq/hi_ws/build/large_models/prefix_override:/usr/lib/python3/dist-packages/colcon_core/task/python/colcon_distutils_commands:/home/liyq/hi_ws/install/large_models/lib/python3.10/site-packages:${PYTHONPATH} /usr/bin/python3 -W ignore:setup.py install is deprecated -W ignore:easy_install command is deprecated setup.py egg_info --egg-base ../../../../build/large_models build --build-base /home/liyq/hi_ws/build/large_models/build install --record /home/liyq/hi_ws/build/large_models/install.log --single-version-externally-managed install_data
