[35m[1mConsolidate compiler generated dependencies of target interfaces__rosidl_generator_c[0m
[  0%] Built target interfaces__cpp
[ 12%] Built target interfaces__rosidl_generator_c
[ 12%] Built target ament_cmake_python_copy_interfaces
[35m[1mConsolidate compiler generated dependencies of target interfaces__rosidl_typesupport_cpp[0m
[35m[1mConsolidate compiler generated dependencies of target interfaces__rosidl_typesupport_introspection_cpp[0m
[35m[1mConsolidate compiler generated dependencies of target interfaces__rosidl_typesupport_fastrtps_cpp[0m
[35m[1mConsolidate compiler generated dependencies of target interfaces__rosidl_typesupport_c[0m
[35m[1mConsolidate compiler generated dependencies of target interfaces__rosidl_typesupport_introspection_c[0m
[35m[1mConsolidate compiler generated dependencies of target interfaces__rosidl_typesupport_fastrtps_c[0m
[ 24%] Built target interfaces__rosidl_typesupport_c
[ 49%] Built target interfaces__rosidl_typesupport_cpp
[ 49%] Built target interfaces__rosidl_typesupport_introspection_c
[ 61%] Built target interfaces__rosidl_typesupport_fastrtps_cpp
[ 74%] Built target interfaces__rosidl_typesupport_introspection_cpp
[ 86%] Built target interfaces__rosidl_typesupport_fastrtps_c
[ 86%] Built target interfaces
[ 86%] Built target interfaces__py
[35m[1mConsolidate compiler generated dependencies of target interfaces__rosidl_generator_py[0m
[ 98%] Built target interfaces__rosidl_generator_py
[35m[1mConsolidate compiler generated dependencies of target interfaces__rosidl_typesupport_c__pyext[0m
[35m[1mConsolidate compiler generated dependencies of target interfaces__rosidl_typesupport_introspection_c__pyext[0m
[35m[1mConsolidate compiler generated dependencies of target interfaces__rosidl_typesupport_fastrtps_c__pyext[0m
[ 99%] Built target interfaces__rosidl_typesupport_fastrtps_c__pyext
[100%] Built target interfaces__rosidl_typesupport_c__pyext
[100%] Built target interfaces__rosidl_typesupport_introspection_c__pyext
running egg_info
writing interfaces.egg-info/PKG-INFO
writing dependency_links to interfaces.egg-info/dependency_links.txt
writing top-level names to interfaces.egg-info/top_level.txt
reading manifest file 'interfaces.egg-info/SOURCES.txt'
writing manifest file 'interfaces.egg-info/SOURCES.txt'
[100%] Built target ament_cmake_python_build_interfaces_egg
-- Install configuration: ""
-- Installing: /home/liyq/hi_ws/install/interfaces/share/ament_index/resource_index/rosidl_interfaces/interfaces
-- Installing: /home/liyq/hi_ws/install/interfaces/include/interfaces/interfaces
-- Installing: /home/liyq/hi_ws/install/interfaces/include/interfaces/interfaces/msg
-- Installing: /home/liyq/hi_ws/install/interfaces/include/interfaces/interfaces/msg/line_roi.h
-- Installing: /home/liyq/hi_ws/install/interfaces/include/interfaces/interfaces/msg/face_info.h
-- Installing: /home/liyq/hi_ws/install/interfaces/include/interfaces/interfaces/msg/pose2_d.h
-- Installing: /home/liyq/hi_ws/install/interfaces/include/interfaces/interfaces/msg/colors_info.h
-- Installing: /home/liyq/hi_ws/install/interfaces/include/interfaces/interfaces/msg/color_info.h
-- Installing: /home/liyq/hi_ws/install/interfaces/include/interfaces/interfaces/msg/objects_info.h
-- Installing: /home/liyq/hi_ws/install/interfaces/include/interfaces/interfaces/msg/faces_info.h
-- Installing: /home/liyq/hi_ws/install/interfaces/include/interfaces/interfaces/msg/point2_d.h
-- Installing: /home/liyq/hi_ws/install/interfaces/include/interfaces/interfaces/msg/detail
-- Installing: /home/liyq/hi_ws/install/interfaces/include/interfaces/interfaces/msg/detail/pose2_d__struct.h
-- Installing: /home/liyq/hi_ws/install/interfaces/include/interfaces/interfaces/msg/detail/roi__functions.c
-- Installing: /home/liyq/hi_ws/install/interfaces/include/interfaces/interfaces/msg/detail/line_roi__functions.c
-- Installing: /home/liyq/hi_ws/install/interfaces/include/interfaces/interfaces/msg/detail/color_info__functions.c
-- Installing: /home/liyq/hi_ws/install/interfaces/include/interfaces/interfaces/msg/detail/point2_d__functions.h
-- Installing: /home/liyq/hi_ws/install/interfaces/include/interfaces/interfaces/msg/detail/color_info__type_support.h
-- Installing: /home/liyq/hi_ws/install/interfaces/include/interfaces/interfaces/msg/detail/pixel_position__type_support.h
-- Installing: /home/liyq/hi_ws/install/interfaces/include/interfaces/interfaces/msg/detail/faces_info__type_support.h
-- Installing: /home/liyq/hi_ws/install/interfaces/include/interfaces/interfaces/msg/detail/object_info__type_support.h
-- Installing: /home/liyq/hi_ws/install/interfaces/include/interfaces/interfaces/msg/detail/pose2_d__functions.c
-- Installing: /home/liyq/hi_ws/install/interfaces/include/interfaces/interfaces/msg/detail/objects_info__functions.h
-- Installing: /home/liyq/hi_ws/install/interfaces/include/interfaces/interfaces/msg/detail/colors_info__type_support.h
-- Installing: /home/liyq/hi_ws/install/interfaces/include/interfaces/interfaces/msg/detail/pixel_position__functions.c
-- Installing: /home/liyq/hi_ws/install/interfaces/include/interfaces/interfaces/msg/detail/color_detect__functions.h
-- Installing: /home/liyq/hi_ws/install/interfaces/include/interfaces/interfaces/msg/detail/points__functions.c
-- Installing: /home/liyq/hi_ws/install/interfaces/include/interfaces/interfaces/msg/detail/color_detect__functions.c
-- Installing: /home/liyq/hi_ws/install/interfaces/include/interfaces/interfaces/msg/detail/pose2_d__type_support.h
-- Installing: /home/liyq/hi_ws/install/interfaces/include/interfaces/interfaces/msg/detail/colors_info__functions.c
-- Installing: /home/liyq/hi_ws/install/interfaces/include/interfaces/interfaces/msg/detail/face_info__functions.h
-- Installing: /home/liyq/hi_ws/install/interfaces/include/interfaces/interfaces/msg/detail/face_info__functions.c
-- Installing: /home/liyq/hi_ws/install/interfaces/include/interfaces/interfaces/msg/detail/colors_info__struct.h
-- Installing: /home/liyq/hi_ws/install/interfaces/include/interfaces/interfaces/msg/detail/object_info__struct.h
-- Installing: /home/liyq/hi_ws/install/interfaces/include/interfaces/interfaces/msg/detail/line_roi__struct.h
-- Installing: /home/liyq/hi_ws/install/interfaces/include/interfaces/interfaces/msg/detail/points__struct.h
-- Installing: /home/liyq/hi_ws/install/interfaces/include/interfaces/interfaces/msg/detail/roi__functions.h
-- Installing: /home/liyq/hi_ws/install/interfaces/include/interfaces/interfaces/msg/detail/color_detect__type_support.h
-- Installing: /home/liyq/hi_ws/install/interfaces/include/interfaces/interfaces/msg/detail/objects_info__functions.c
-- Installing: /home/liyq/hi_ws/install/interfaces/include/interfaces/interfaces/msg/detail/color_info__struct.h
-- Installing: /home/liyq/hi_ws/install/interfaces/include/interfaces/interfaces/msg/detail/colors_info__functions.h
-- Installing: /home/liyq/hi_ws/install/interfaces/include/interfaces/interfaces/msg/detail/object_info__functions.h
-- Installing: /home/liyq/hi_ws/install/interfaces/include/interfaces/interfaces/msg/detail/point2_d__type_support.h
-- Installing: /home/liyq/hi_ws/install/interfaces/include/interfaces/interfaces/msg/detail/faces_info__functions.h
-- Installing: /home/liyq/hi_ws/install/interfaces/include/interfaces/interfaces/msg/detail/pixel_position__struct.h
-- Installing: /home/liyq/hi_ws/install/interfaces/include/interfaces/interfaces/msg/detail/points__type_support.h
-- Installing: /home/liyq/hi_ws/install/interfaces/include/interfaces/interfaces/msg/detail/objects_info__struct.h
-- Installing: /home/liyq/hi_ws/install/interfaces/include/interfaces/interfaces/msg/detail/roi__struct.h
-- Installing: /home/liyq/hi_ws/install/interfaces/include/interfaces/interfaces/msg/detail/object_info__functions.c
-- Installing: /home/liyq/hi_ws/install/interfaces/include/interfaces/interfaces/msg/detail/color_detect__struct.h
-- Installing: /home/liyq/hi_ws/install/interfaces/include/interfaces/interfaces/msg/detail/face_info__struct.h
-- Installing: /home/liyq/hi_ws/install/interfaces/include/interfaces/interfaces/msg/detail/roi__type_support.h
-- Installing: /home/liyq/hi_ws/install/interfaces/include/interfaces/interfaces/msg/detail/line_roi__functions.h
-- Installing: /home/liyq/hi_ws/install/interfaces/include/interfaces/interfaces/msg/detail/pose2_d__functions.h
-- Installing: /home/liyq/hi_ws/install/interfaces/include/interfaces/interfaces/msg/detail/points__functions.h
-- Installing: /home/liyq/hi_ws/install/interfaces/include/interfaces/interfaces/msg/detail/pixel_position__functions.h
-- Installing: /home/liyq/hi_ws/install/interfaces/include/interfaces/interfaces/msg/detail/point2_d__struct.h
-- Installing: /home/liyq/hi_ws/install/interfaces/include/interfaces/interfaces/msg/detail/face_info__type_support.h
-- Installing: /home/liyq/hi_ws/install/interfaces/include/interfaces/interfaces/msg/detail/color_info__functions.h
-- Installing: /home/liyq/hi_ws/install/interfaces/include/interfaces/interfaces/msg/detail/line_roi__type_support.h
-- Installing: /home/liyq/hi_ws/install/interfaces/include/interfaces/interfaces/msg/detail/objects_info__type_support.h
-- Installing: /home/liyq/hi_ws/install/interfaces/include/interfaces/interfaces/msg/detail/faces_info__struct.h
-- Installing: /home/liyq/hi_ws/install/interfaces/include/interfaces/interfaces/msg/detail/faces_info__functions.c
-- Installing: /home/liyq/hi_ws/install/interfaces/include/interfaces/interfaces/msg/detail/point2_d__functions.c
-- Installing: /home/liyq/hi_ws/install/interfaces/include/interfaces/interfaces/msg/pixel_position.h
-- Installing: /home/liyq/hi_ws/install/interfaces/include/interfaces/interfaces/msg/rosidl_generator_c__visibility_control.h
-- Installing: /home/liyq/hi_ws/install/interfaces/include/interfaces/interfaces/msg/points.h
-- Installing: /home/liyq/hi_ws/install/interfaces/include/interfaces/interfaces/msg/color_detect.h
-- Installing: /home/liyq/hi_ws/install/interfaces/include/interfaces/interfaces/msg/object_info.h
-- Installing: /home/liyq/hi_ws/install/interfaces/include/interfaces/interfaces/msg/roi.h
-- Installing: /home/liyq/hi_ws/install/interfaces/include/interfaces/interfaces/srv
-- Installing: /home/liyq/hi_ws/install/interfaces/include/interfaces/interfaces/srv/set_color_detect_param.h
-- Installing: /home/liyq/hi_ws/install/interfaces/include/interfaces/interfaces/srv/set_pose.h
-- Installing: /home/liyq/hi_ws/install/interfaces/include/interfaces/interfaces/srv/set_color_rgba.h
-- Installing: /home/liyq/hi_ws/install/interfaces/include/interfaces/interfaces/srv/set_string.h
-- Installing: /home/liyq/hi_ws/install/interfaces/include/interfaces/interfaces/srv/get_all_color_name.h
-- Installing: /home/liyq/hi_ws/install/interfaces/include/interfaces/interfaces/srv/set_string_bool.h
-- Installing: /home/liyq/hi_ws/install/interfaces/include/interfaces/interfaces/srv/get_pose.h
-- Installing: /home/liyq/hi_ws/install/interfaces/include/interfaces/interfaces/srv/set_circle_roi.h
-- Installing: /home/liyq/hi_ws/install/interfaces/include/interfaces/interfaces/srv/set_point.h
-- Installing: /home/liyq/hi_ws/install/interfaces/include/interfaces/interfaces/srv/set_int64.h
-- Installing: /home/liyq/hi_ws/install/interfaces/include/interfaces/interfaces/srv/set_float64_list.h
-- Installing: /home/liyq/hi_ws/install/interfaces/include/interfaces/interfaces/srv/set_string_list.h
-- Installing: /home/liyq/hi_ws/install/interfaces/include/interfaces/interfaces/srv/change_range.h
-- Installing: /home/liyq/hi_ws/install/interfaces/include/interfaces/interfaces/srv/detail
-- Installing: /home/liyq/hi_ws/install/interfaces/include/interfaces/interfaces/srv/detail/set_line_roi__type_support.h
-- Installing: /home/liyq/hi_ws/install/interfaces/include/interfaces/interfaces/srv/detail/set_pose2_d__functions.h
-- Installing: /home/liyq/hi_ws/install/interfaces/include/interfaces/interfaces/srv/detail/stash_range__functions.c
-- Installing: /home/liyq/hi_ws/install/interfaces/include/interfaces/interfaces/srv/detail/change_range__type_support.h
-- Installing: /home/liyq/hi_ws/install/interfaces/include/interfaces/interfaces/srv/detail/set_string_bool__functions.c
-- Installing: /home/liyq/hi_ws/install/interfaces/include/interfaces/interfaces/srv/detail/set_circle_roi__functions.c
-- Installing: /home/liyq/hi_ws/install/interfaces/include/interfaces/interfaces/srv/detail/set_point__functions.c
-- Installing: /home/liyq/hi_ws/install/interfaces/include/interfaces/interfaces/srv/detail/set_string_list__functions.c
-- Installing: /home/liyq/hi_ws/install/interfaces/include/interfaces/interfaces/srv/detail/set_string_list__struct.h
-- Installing: /home/liyq/hi_ws/install/interfaces/include/interfaces/interfaces/srv/detail/stash_range__type_support.h
-- Installing: /home/liyq/hi_ws/install/interfaces/include/interfaces/interfaces/srv/detail/set_color_detect_param__functions.c
-- Installing: /home/liyq/hi_ws/install/interfaces/include/interfaces/interfaces/srv/detail/set_string__functions.h
-- Installing: /home/liyq/hi_ws/install/interfaces/include/interfaces/interfaces/srv/detail/set_color_detect_param__struct.h
-- Installing: /home/liyq/hi_ws/install/interfaces/include/interfaces/interfaces/srv/detail/set_color_rgba__struct.h
-- Installing: /home/liyq/hi_ws/install/interfaces/include/interfaces/interfaces/srv/detail/set_float64__struct.h
-- Installing: /home/liyq/hi_ws/install/interfaces/include/interfaces/interfaces/srv/detail/stash_range__functions.h
-- Installing: /home/liyq/hi_ws/install/interfaces/include/interfaces/interfaces/srv/detail/set_float64_list__type_support.h
-- Installing: /home/liyq/hi_ws/install/interfaces/include/interfaces/interfaces/srv/detail/set_int64__functions.c
-- Installing: /home/liyq/hi_ws/install/interfaces/include/interfaces/interfaces/srv/detail/set_string__functions.c
-- Installing: /home/liyq/hi_ws/install/interfaces/include/interfaces/interfaces/srv/detail/get_range__type_support.h
-- Installing: /home/liyq/hi_ws/install/interfaces/include/interfaces/interfaces/srv/detail/set_string_list__functions.h
-- Installing: /home/liyq/hi_ws/install/interfaces/include/interfaces/interfaces/srv/detail/change_range__functions.h
-- Installing: /home/liyq/hi_ws/install/interfaces/include/interfaces/interfaces/srv/detail/get_range__functions.c
-- Installing: /home/liyq/hi_ws/install/interfaces/include/interfaces/interfaces/srv/detail/set_string_bool__struct.h
-- Installing: /home/liyq/hi_ws/install/interfaces/include/interfaces/interfaces/srv/detail/set_pose2_d__type_support.h
-- Installing: /home/liyq/hi_ws/install/interfaces/include/interfaces/interfaces/srv/detail/set_float64__functions.h
-- Installing: /home/liyq/hi_ws/install/interfaces/include/interfaces/interfaces/srv/detail/change_range__functions.c
-- Installing: /home/liyq/hi_ws/install/interfaces/include/interfaces/interfaces/srv/detail/set_color_rgba__functions.h
-- Installing: /home/liyq/hi_ws/install/interfaces/include/interfaces/interfaces/srv/detail/get_range__functions.h
-- Installing: /home/liyq/hi_ws/install/interfaces/include/interfaces/interfaces/srv/detail/set_string__type_support.h
-- Installing: /home/liyq/hi_ws/install/interfaces/include/interfaces/interfaces/srv/detail/get_all_color_name__functions.h
-- Installing: /home/liyq/hi_ws/install/interfaces/include/interfaces/interfaces/srv/detail/set_line_roi__functions.c
-- Installing: /home/liyq/hi_ws/install/interfaces/include/interfaces/interfaces/srv/detail/set_point__type_support.h
-- Installing: /home/liyq/hi_ws/install/interfaces/include/interfaces/interfaces/srv/detail/set_float64_list__functions.c
-- Installing: /home/liyq/hi_ws/install/interfaces/include/interfaces/interfaces/srv/detail/set_color_detect_param__functions.h
-- Installing: /home/liyq/hi_ws/install/interfaces/include/interfaces/interfaces/srv/detail/set_line_roi__functions.h
-- Installing: /home/liyq/hi_ws/install/interfaces/include/interfaces/interfaces/srv/detail/set_color_detect_param__type_support.h
-- Installing: /home/liyq/hi_ws/install/interfaces/include/interfaces/interfaces/srv/detail/get_pose__functions.h
-- Installing: /home/liyq/hi_ws/install/interfaces/include/interfaces/interfaces/srv/detail/set_circle_roi__functions.h
-- Installing: /home/liyq/hi_ws/install/interfaces/include/interfaces/interfaces/srv/detail/set_point__functions.h
-- Installing: /home/liyq/hi_ws/install/interfaces/include/interfaces/interfaces/srv/detail/set_string_bool__type_support.h
-- Installing: /home/liyq/hi_ws/install/interfaces/include/interfaces/interfaces/srv/detail/set_color_rgba__functions.c
-- Installing: /home/liyq/hi_ws/install/interfaces/include/interfaces/interfaces/srv/detail/get_pose__functions.c
-- Installing: /home/liyq/hi_ws/install/interfaces/include/interfaces/interfaces/srv/detail/set_circle_roi__type_support.h
-- Installing: /home/liyq/hi_ws/install/interfaces/include/interfaces/interfaces/srv/detail/set_pose__type_support.h
-- Installing: /home/liyq/hi_ws/install/interfaces/include/interfaces/interfaces/srv/detail/get_all_color_name__struct.h
-- Installing: /home/liyq/hi_ws/install/interfaces/include/interfaces/interfaces/srv/detail/set_circle_roi__struct.h
-- Installing: /home/liyq/hi_ws/install/interfaces/include/interfaces/interfaces/srv/detail/set_pose__functions.h
-- Installing: /home/liyq/hi_ws/install/interfaces/include/interfaces/interfaces/srv/detail/set_float64__type_support.h
-- Installing: /home/liyq/hi_ws/install/interfaces/include/interfaces/interfaces/srv/detail/get_pose__struct.h
-- Installing: /home/liyq/hi_ws/install/interfaces/include/interfaces/interfaces/srv/detail/get_all_color_name__functions.c
-- Installing: /home/liyq/hi_ws/install/interfaces/include/interfaces/interfaces/srv/detail/set_string_bool__functions.h
-- Installing: /home/liyq/hi_ws/install/interfaces/include/interfaces/interfaces/srv/detail/set_pose2_d__struct.h
-- Installing: /home/liyq/hi_ws/install/interfaces/include/interfaces/interfaces/srv/detail/change_range__struct.h
-- Installing: /home/liyq/hi_ws/install/interfaces/include/interfaces/interfaces/srv/detail/set_line_roi__struct.h
-- Installing: /home/liyq/hi_ws/install/interfaces/include/interfaces/interfaces/srv/detail/set_float64_list__struct.h
-- Installing: /home/liyq/hi_ws/install/interfaces/include/interfaces/interfaces/srv/detail/get_all_color_name__type_support.h
-- Installing: /home/liyq/hi_ws/install/interfaces/include/interfaces/interfaces/srv/detail/stash_range__struct.h
-- Installing: /home/liyq/hi_ws/install/interfaces/include/interfaces/interfaces/srv/detail/set_float64__functions.c
-- Installing: /home/liyq/hi_ws/install/interfaces/include/interfaces/interfaces/srv/detail/set_int64__type_support.h
-- Installing: /home/liyq/hi_ws/install/interfaces/include/interfaces/interfaces/srv/detail/set_float64_list__functions.h
-- Installing: /home/liyq/hi_ws/install/interfaces/include/interfaces/interfaces/srv/detail/get_pose__type_support.h
-- Installing: /home/liyq/hi_ws/install/interfaces/include/interfaces/interfaces/srv/detail/set_pose2_d__functions.c
-- Installing: /home/liyq/hi_ws/install/interfaces/include/interfaces/interfaces/srv/detail/set_int64__struct.h
-- Installing: /home/liyq/hi_ws/install/interfaces/include/interfaces/interfaces/srv/detail/set_pose__functions.c
-- Installing: /home/liyq/hi_ws/install/interfaces/include/interfaces/interfaces/srv/detail/set_int64__functions.h
-- Installing: /home/liyq/hi_ws/install/interfaces/include/interfaces/interfaces/srv/detail/get_range__struct.h
-- Installing: /home/liyq/hi_ws/install/interfaces/include/interfaces/interfaces/srv/detail/set_point__struct.h
-- Installing: /home/liyq/hi_ws/install/interfaces/include/interfaces/interfaces/srv/detail/set_string_list__type_support.h
-- Installing: /home/liyq/hi_ws/install/interfaces/include/interfaces/interfaces/srv/detail/set_color_rgba__type_support.h
-- Installing: /home/liyq/hi_ws/install/interfaces/include/interfaces/interfaces/srv/detail/set_pose__struct.h
-- Installing: /home/liyq/hi_ws/install/interfaces/include/interfaces/interfaces/srv/detail/set_string__struct.h
-- Installing: /home/liyq/hi_ws/install/interfaces/include/interfaces/interfaces/srv/get_range.h
-- Installing: /home/liyq/hi_ws/install/interfaces/include/interfaces/interfaces/srv/stash_range.h
-- Installing: /home/liyq/hi_ws/install/interfaces/include/interfaces/interfaces/srv/set_pose2_d.h
-- Installing: /home/liyq/hi_ws/install/interfaces/include/interfaces/interfaces/srv/set_line_roi.h
-- Installing: /home/liyq/hi_ws/install/interfaces/include/interfaces/interfaces/srv/set_float64.h
-- Installing: /home/liyq/hi_ws/install/interfaces/share/interfaces/environment/library_path.sh
-- Installing: /home/liyq/hi_ws/install/interfaces/share/interfaces/environment/library_path.dsv
-- Installing: /home/liyq/hi_ws/install/interfaces/lib/libinterfaces__rosidl_generator_c.so
-- Set runtime path of "/home/liyq/hi_ws/install/interfaces/lib/libinterfaces__rosidl_generator_c.so" to ""
-- Up-to-date: /home/liyq/hi_ws/install/interfaces/include/interfaces/interfaces
-- Up-to-date: /home/liyq/hi_ws/install/interfaces/include/interfaces/interfaces/msg
-- Installing: /home/liyq/hi_ws/install/interfaces/include/interfaces/interfaces/msg/rosidl_typesupport_fastrtps_c__visibility_control.h
-- Up-to-date: /home/liyq/hi_ws/install/interfaces/include/interfaces/interfaces/msg/detail
-- Installing: /home/liyq/hi_ws/install/interfaces/include/interfaces/interfaces/msg/detail/object_info__rosidl_typesupport_fastrtps_c.h
-- Installing: /home/liyq/hi_ws/install/interfaces/include/interfaces/interfaces/msg/detail/point2_d__rosidl_typesupport_fastrtps_c.h
-- Installing: /home/liyq/hi_ws/install/interfaces/include/interfaces/interfaces/msg/detail/line_roi__rosidl_typesupport_fastrtps_c.h
-- Installing: /home/liyq/hi_ws/install/interfaces/include/interfaces/interfaces/msg/detail/points__rosidl_typesupport_fastrtps_c.h
-- Installing: /home/liyq/hi_ws/install/interfaces/include/interfaces/interfaces/msg/detail/color_detect__rosidl_typesupport_fastrtps_c.h
-- Installing: /home/liyq/hi_ws/install/interfaces/include/interfaces/interfaces/msg/detail/face_info__rosidl_typesupport_fastrtps_c.h
-- Installing: /home/liyq/hi_ws/install/interfaces/include/interfaces/interfaces/msg/detail/pose2_d__rosidl_typesupport_fastrtps_c.h
-- Installing: /home/liyq/hi_ws/install/interfaces/include/interfaces/interfaces/msg/detail/roi__rosidl_typesupport_fastrtps_c.h
-- Installing: /home/liyq/hi_ws/install/interfaces/include/interfaces/interfaces/msg/detail/faces_info__rosidl_typesupport_fastrtps_c.h
-- Installing: /home/liyq/hi_ws/install/interfaces/include/interfaces/interfaces/msg/detail/color_info__rosidl_typesupport_fastrtps_c.h
-- Installing: /home/liyq/hi_ws/install/interfaces/include/interfaces/interfaces/msg/detail/colors_info__rosidl_typesupport_fastrtps_c.h
-- Installing: /home/liyq/hi_ws/install/interfaces/include/interfaces/interfaces/msg/detail/pixel_position__rosidl_typesupport_fastrtps_c.h
-- Installing: /home/liyq/hi_ws/install/interfaces/include/interfaces/interfaces/msg/detail/objects_info__rosidl_typesupport_fastrtps_c.h
-- Up-to-date: /home/liyq/hi_ws/install/interfaces/include/interfaces/interfaces/srv
-- Up-to-date: /home/liyq/hi_ws/install/interfaces/include/interfaces/interfaces/srv/detail
-- Installing: /home/liyq/hi_ws/install/interfaces/include/interfaces/interfaces/srv/detail/get_pose__rosidl_typesupport_fastrtps_c.h
-- Installing: /home/liyq/hi_ws/install/interfaces/include/interfaces/interfaces/srv/detail/set_circle_roi__rosidl_typesupport_fastrtps_c.h
-- Installing: /home/liyq/hi_ws/install/interfaces/include/interfaces/interfaces/srv/detail/set_color_rgba__rosidl_typesupport_fastrtps_c.h
-- Installing: /home/liyq/hi_ws/install/interfaces/include/interfaces/interfaces/srv/detail/set_point__rosidl_typesupport_fastrtps_c.h
-- Installing: /home/liyq/hi_ws/install/interfaces/include/interfaces/interfaces/srv/detail/set_string__rosidl_typesupport_fastrtps_c.h
-- Installing: /home/liyq/hi_ws/install/interfaces/include/interfaces/interfaces/srv/detail/get_range__rosidl_typesupport_fastrtps_c.h
-- Installing: /home/liyq/hi_ws/install/interfaces/include/interfaces/interfaces/srv/detail/set_string_list__rosidl_typesupport_fastrtps_c.h
-- Installing: /home/liyq/hi_ws/install/interfaces/include/interfaces/interfaces/srv/detail/set_pose__rosidl_typesupport_fastrtps_c.h
-- Installing: /home/liyq/hi_ws/install/interfaces/include/interfaces/interfaces/srv/detail/set_string_bool__rosidl_typesupport_fastrtps_c.h
-- Installing: /home/liyq/hi_ws/install/interfaces/include/interfaces/interfaces/srv/detail/stash_range__rosidl_typesupport_fastrtps_c.h
-- Installing: /home/liyq/hi_ws/install/interfaces/include/interfaces/interfaces/srv/detail/set_float64__rosidl_typesupport_fastrtps_c.h
-- Installing: /home/liyq/hi_ws/install/interfaces/include/interfaces/interfaces/srv/detail/get_all_color_name__rosidl_typesupport_fastrtps_c.h
-- Installing: /home/liyq/hi_ws/install/interfaces/include/interfaces/interfaces/srv/detail/set_line_roi__rosidl_typesupport_fastrtps_c.h
-- Installing: /home/liyq/hi_ws/install/interfaces/include/interfaces/interfaces/srv/detail/set_int64__rosidl_typesupport_fastrtps_c.h
-- Installing: /home/liyq/hi_ws/install/interfaces/include/interfaces/interfaces/srv/detail/change_range__rosidl_typesupport_fastrtps_c.h
-- Installing: /home/liyq/hi_ws/install/interfaces/include/interfaces/interfaces/srv/detail/set_pose2_d__rosidl_typesupport_fastrtps_c.h
-- Installing: /home/liyq/hi_ws/install/interfaces/include/interfaces/interfaces/srv/detail/set_float64_list__rosidl_typesupport_fastrtps_c.h
-- Installing: /home/liyq/hi_ws/install/interfaces/include/interfaces/interfaces/srv/detail/set_color_detect_param__rosidl_typesupport_fastrtps_c.h
-- Installing: /home/liyq/hi_ws/install/interfaces/lib/libinterfaces__rosidl_typesupport_fastrtps_c.so
-- Set runtime path of "/home/liyq/hi_ws/install/interfaces/lib/libinterfaces__rosidl_typesupport_fastrtps_c.so" to ""
-- Up-to-date: /home/liyq/hi_ws/install/interfaces/include/interfaces/interfaces
-- Up-to-date: /home/liyq/hi_ws/install/interfaces/include/interfaces/interfaces/msg
-- Installing: /home/liyq/hi_ws/install/interfaces/include/interfaces/interfaces/msg/pose2_d.hpp
-- Installing: /home/liyq/hi_ws/install/interfaces/include/interfaces/interfaces/msg/colors_info.hpp
-- Installing: /home/liyq/hi_ws/install/interfaces/include/interfaces/interfaces/msg/face_info.hpp
-- Installing: /home/liyq/hi_ws/install/interfaces/include/interfaces/interfaces/msg/roi.hpp
-- Installing: /home/liyq/hi_ws/install/interfaces/include/interfaces/interfaces/msg/object_info.hpp
-- Installing: /home/liyq/hi_ws/install/interfaces/include/interfaces/interfaces/msg/point2_d.hpp
-- Installing: /home/liyq/hi_ws/install/interfaces/include/interfaces/interfaces/msg/pixel_position.hpp
-- Installing: /home/liyq/hi_ws/install/interfaces/include/interfaces/interfaces/msg/line_roi.hpp
-- Installing: /home/liyq/hi_ws/install/interfaces/include/interfaces/interfaces/msg/color_detect.hpp
-- Up-to-date: /home/liyq/hi_ws/install/interfaces/include/interfaces/interfaces/msg/detail
-- Installing: /home/liyq/hi_ws/install/interfaces/include/interfaces/interfaces/msg/detail/roi__builder.hpp
-- Installing: /home/liyq/hi_ws/install/interfaces/include/interfaces/interfaces/msg/detail/face_info__type_support.hpp
-- Installing: /home/liyq/hi_ws/install/interfaces/include/interfaces/interfaces/msg/detail/color_info__traits.hpp
-- Installing: /home/liyq/hi_ws/install/interfaces/include/interfaces/interfaces/msg/detail/color_detect__struct.hpp
-- Installing: /home/liyq/hi_ws/install/interfaces/include/interfaces/interfaces/msg/detail/colors_info__struct.hpp
-- Installing: /home/liyq/hi_ws/install/interfaces/include/interfaces/interfaces/msg/detail/pose2_d__type_support.hpp
-- Installing: /home/liyq/hi_ws/install/interfaces/include/interfaces/interfaces/msg/detail/color_info__type_support.hpp
-- Installing: /home/liyq/hi_ws/install/interfaces/include/interfaces/interfaces/msg/detail/face_info__builder.hpp
-- Installing: /home/liyq/hi_ws/install/interfaces/include/interfaces/interfaces/msg/detail/color_detect__type_support.hpp
-- Installing: /home/liyq/hi_ws/install/interfaces/include/interfaces/interfaces/msg/detail/object_info__builder.hpp
-- Installing: /home/liyq/hi_ws/install/interfaces/include/interfaces/interfaces/msg/detail/pose2_d__traits.hpp
-- Installing: /home/liyq/hi_ws/install/interfaces/include/interfaces/interfaces/msg/detail/objects_info__builder.hpp
-- Installing: /home/liyq/hi_ws/install/interfaces/include/interfaces/interfaces/msg/detail/colors_info__type_support.hpp
-- Installing: /home/liyq/hi_ws/install/interfaces/include/interfaces/interfaces/msg/detail/colors_info__builder.hpp
-- Installing: /home/liyq/hi_ws/install/interfaces/include/interfaces/interfaces/msg/detail/color_info__builder.hpp
-- Installing: /home/liyq/hi_ws/install/interfaces/include/interfaces/interfaces/msg/detail/pixel_position__builder.hpp
-- Installing: /home/liyq/hi_ws/install/interfaces/include/interfaces/interfaces/msg/detail/line_roi__traits.hpp
-- Installing: /home/liyq/hi_ws/install/interfaces/include/interfaces/interfaces/msg/detail/faces_info__traits.hpp
-- Installing: /home/liyq/hi_ws/install/interfaces/include/interfaces/interfaces/msg/detail/face_info__struct.hpp
-- Installing: /home/liyq/hi_ws/install/interfaces/include/interfaces/interfaces/msg/detail/pixel_position__struct.hpp
-- Installing: /home/liyq/hi_ws/install/interfaces/include/interfaces/interfaces/msg/detail/object_info__traits.hpp
-- Installing: /home/liyq/hi_ws/install/interfaces/include/interfaces/interfaces/msg/detail/object_info__struct.hpp
-- Installing: /home/liyq/hi_ws/install/interfaces/include/interfaces/interfaces/msg/detail/color_detect__traits.hpp
-- Installing: /home/liyq/hi_ws/install/interfaces/include/interfaces/interfaces/msg/detail/line_roi__builder.hpp
-- Installing: /home/liyq/hi_ws/install/interfaces/include/interfaces/interfaces/msg/detail/color_info__struct.hpp
-- Installing: /home/liyq/hi_ws/install/interfaces/include/interfaces/interfaces/msg/detail/line_roi__type_support.hpp
-- Installing: /home/liyq/hi_ws/install/interfaces/include/interfaces/interfaces/msg/detail/pose2_d__builder.hpp
-- Installing: /home/liyq/hi_ws/install/interfaces/include/interfaces/interfaces/msg/detail/colors_info__traits.hpp
-- Installing: /home/liyq/hi_ws/install/interfaces/include/interfaces/interfaces/msg/detail/faces_info__builder.hpp
-- Installing: /home/liyq/hi_ws/install/interfaces/include/interfaces/interfaces/msg/detail/face_info__traits.hpp
-- Installing: /home/liyq/hi_ws/install/interfaces/include/interfaces/interfaces/msg/detail/pixel_position__traits.hpp
-- Installing: /home/liyq/hi_ws/install/interfaces/include/interfaces/interfaces/msg/detail/points__struct.hpp
-- Installing: /home/liyq/hi_ws/install/interfaces/include/interfaces/interfaces/msg/detail/point2_d__traits.hpp
-- Installing: /home/liyq/hi_ws/install/interfaces/include/interfaces/interfaces/msg/detail/pose2_d__struct.hpp
-- Installing: /home/liyq/hi_ws/install/interfaces/include/interfaces/interfaces/msg/detail/faces_info__type_support.hpp
-- Installing: /home/liyq/hi_ws/install/interfaces/include/interfaces/interfaces/msg/detail/faces_info__struct.hpp
-- Installing: /home/liyq/hi_ws/install/interfaces/include/interfaces/interfaces/msg/detail/objects_info__type_support.hpp
-- Installing: /home/liyq/hi_ws/install/interfaces/include/interfaces/interfaces/msg/detail/points__builder.hpp
-- Installing: /home/liyq/hi_ws/install/interfaces/include/interfaces/interfaces/msg/detail/objects_info__traits.hpp
-- Installing: /home/liyq/hi_ws/install/interfaces/include/interfaces/interfaces/msg/detail/roi__type_support.hpp
-- Installing: /home/liyq/hi_ws/install/interfaces/include/interfaces/interfaces/msg/detail/object_info__type_support.hpp
-- Installing: /home/liyq/hi_ws/install/interfaces/include/interfaces/interfaces/msg/detail/point2_d__builder.hpp
-- Installing: /home/liyq/hi_ws/install/interfaces/include/interfaces/interfaces/msg/detail/pixel_position__type_support.hpp
-- Installing: /home/liyq/hi_ws/install/interfaces/include/interfaces/interfaces/msg/detail/point2_d__struct.hpp
-- Installing: /home/liyq/hi_ws/install/interfaces/include/interfaces/interfaces/msg/detail/line_roi__struct.hpp
-- Installing: /home/liyq/hi_ws/install/interfaces/include/interfaces/interfaces/msg/detail/points__traits.hpp
-- Installing: /home/liyq/hi_ws/install/interfaces/include/interfaces/interfaces/msg/detail/color_detect__builder.hpp
-- Installing: /home/liyq/hi_ws/install/interfaces/include/interfaces/interfaces/msg/detail/roi__struct.hpp
-- Installing: /home/liyq/hi_ws/install/interfaces/include/interfaces/interfaces/msg/detail/points__type_support.hpp
-- Installing: /home/liyq/hi_ws/install/interfaces/include/interfaces/interfaces/msg/detail/objects_info__struct.hpp
-- Installing: /home/liyq/hi_ws/install/interfaces/include/interfaces/interfaces/msg/detail/roi__traits.hpp
-- Installing: /home/liyq/hi_ws/install/interfaces/include/interfaces/interfaces/msg/detail/point2_d__type_support.hpp
-- Installing: /home/liyq/hi_ws/install/interfaces/include/interfaces/interfaces/msg/faces_info.hpp
-- Installing: /home/liyq/hi_ws/install/interfaces/include/interfaces/interfaces/msg/points.hpp
-- Installing: /home/liyq/hi_ws/install/interfaces/include/interfaces/interfaces/msg/rosidl_generator_cpp__visibility_control.hpp
-- Installing: /home/liyq/hi_ws/install/interfaces/include/interfaces/interfaces/msg/color_info.hpp
-- Installing: /home/liyq/hi_ws/install/interfaces/include/interfaces/interfaces/msg/objects_info.hpp
-- Up-to-date: /home/liyq/hi_ws/install/interfaces/include/interfaces/interfaces/srv
-- Installing: /home/liyq/hi_ws/install/interfaces/include/interfaces/interfaces/srv/set_pose2_d.hpp
-- Installing: /home/liyq/hi_ws/install/interfaces/include/interfaces/interfaces/srv/set_line_roi.hpp
-- Installing: /home/liyq/hi_ws/install/interfaces/include/interfaces/interfaces/srv/set_float64.hpp
-- Installing: /home/liyq/hi_ws/install/interfaces/include/interfaces/interfaces/srv/set_point.hpp
-- Installing: /home/liyq/hi_ws/install/interfaces/include/interfaces/interfaces/srv/set_string.hpp
-- Installing: /home/liyq/hi_ws/install/interfaces/include/interfaces/interfaces/srv/set_circle_roi.hpp
-- Installing: /home/liyq/hi_ws/install/interfaces/include/interfaces/interfaces/srv/set_color_rgba.hpp
-- Installing: /home/liyq/hi_ws/install/interfaces/include/interfaces/interfaces/srv/get_range.hpp
-- Installing: /home/liyq/hi_ws/install/interfaces/include/interfaces/interfaces/srv/set_color_detect_param.hpp
-- Up-to-date: /home/liyq/hi_ws/install/interfaces/include/interfaces/interfaces/srv/detail
-- Installing: /home/liyq/hi_ws/install/interfaces/include/interfaces/interfaces/srv/detail/set_point__builder.hpp
-- Installing: /home/liyq/hi_ws/install/interfaces/include/interfaces/interfaces/srv/detail/set_string_bool__traits.hpp
-- Installing: /home/liyq/hi_ws/install/interfaces/include/interfaces/interfaces/srv/detail/get_pose__type_support.hpp
-- Installing: /home/liyq/hi_ws/install/interfaces/include/interfaces/interfaces/srv/detail/set_int64__type_support.hpp
-- Installing: /home/liyq/hi_ws/install/interfaces/include/interfaces/interfaces/srv/detail/set_line_roi__type_support.hpp
-- Installing: /home/liyq/hi_ws/install/interfaces/include/interfaces/interfaces/srv/detail/set_color_detect_param__builder.hpp
-- Installing: /home/liyq/hi_ws/install/interfaces/include/interfaces/interfaces/srv/detail/set_string__builder.hpp
-- Installing: /home/liyq/hi_ws/install/interfaces/include/interfaces/interfaces/srv/detail/get_all_color_name__type_support.hpp
-- Installing: /home/liyq/hi_ws/install/interfaces/include/interfaces/interfaces/srv/detail/set_pose__builder.hpp
-- Installing: /home/liyq/hi_ws/install/interfaces/include/interfaces/interfaces/srv/detail/set_float64_list__type_support.hpp
-- Installing: /home/liyq/hi_ws/install/interfaces/include/interfaces/interfaces/srv/detail/set_string__struct.hpp
-- Installing: /home/liyq/hi_ws/install/interfaces/include/interfaces/interfaces/srv/detail/stash_range__type_support.hpp
-- Installing: /home/liyq/hi_ws/install/interfaces/include/interfaces/interfaces/srv/detail/set_color_rgba__struct.hpp
-- Installing: /home/liyq/hi_ws/install/interfaces/include/interfaces/interfaces/srv/detail/set_pose__struct.hpp
-- Installing: /home/liyq/hi_ws/install/interfaces/include/interfaces/interfaces/srv/detail/set_line_roi__traits.hpp
-- Installing: /home/liyq/hi_ws/install/interfaces/include/interfaces/interfaces/srv/detail/get_range__builder.hpp
-- Installing: /home/liyq/hi_ws/install/interfaces/include/interfaces/interfaces/srv/detail/stash_range__builder.hpp
-- Installing: /home/liyq/hi_ws/install/interfaces/include/interfaces/interfaces/srv/detail/set_circle_roi__struct.hpp
-- Installing: /home/liyq/hi_ws/install/interfaces/include/interfaces/interfaces/srv/detail/set_circle_roi__type_support.hpp
-- Installing: /home/liyq/hi_ws/install/interfaces/include/interfaces/interfaces/srv/detail/set_float64_list__struct.hpp
-- Installing: /home/liyq/hi_ws/install/interfaces/include/interfaces/interfaces/srv/detail/get_range__type_support.hpp
-- Installing: /home/liyq/hi_ws/install/interfaces/include/interfaces/interfaces/srv/detail/get_pose__builder.hpp
-- Installing: /home/liyq/hi_ws/install/interfaces/include/interfaces/interfaces/srv/detail/set_string_list__traits.hpp
-- Installing: /home/liyq/hi_ws/install/interfaces/include/interfaces/interfaces/srv/detail/set_float64__type_support.hpp
-- Installing: /home/liyq/hi_ws/install/interfaces/include/interfaces/interfaces/srv/detail/set_float64__builder.hpp
-- Installing: /home/liyq/hi_ws/install/interfaces/include/interfaces/interfaces/srv/detail/set_color_rgba__traits.hpp
-- Installing: /home/liyq/hi_ws/install/interfaces/include/interfaces/interfaces/srv/detail/get_all_color_name__builder.hpp
-- Installing: /home/liyq/hi_ws/install/interfaces/include/interfaces/interfaces/srv/detail/set_float64__traits.hpp
-- Installing: /home/liyq/hi_ws/install/interfaces/include/interfaces/interfaces/srv/detail/set_int64__struct.hpp
-- Installing: /home/liyq/hi_ws/install/interfaces/include/interfaces/interfaces/srv/detail/set_color_detect_param__traits.hpp
-- Installing: /home/liyq/hi_ws/install/interfaces/include/interfaces/interfaces/srv/detail/set_string_bool__type_support.hpp
-- Installing: /home/liyq/hi_ws/install/interfaces/include/interfaces/interfaces/srv/detail/set_int64__traits.hpp
-- Installing: /home/liyq/hi_ws/install/interfaces/include/interfaces/interfaces/srv/detail/change_range__struct.hpp
-- Installing: /home/liyq/hi_ws/install/interfaces/include/interfaces/interfaces/srv/detail/get_range__struct.hpp
-- Installing: /home/liyq/hi_ws/install/interfaces/include/interfaces/interfaces/srv/detail/set_pose2_d__builder.hpp
-- Installing: /home/liyq/hi_ws/install/interfaces/include/interfaces/interfaces/srv/detail/set_string__type_support.hpp
-- Installing: /home/liyq/hi_ws/install/interfaces/include/interfaces/interfaces/srv/detail/get_pose__traits.hpp
-- Installing: /home/liyq/hi_ws/install/interfaces/include/interfaces/interfaces/srv/detail/set_circle_roi__builder.hpp
-- Installing: /home/liyq/hi_ws/install/interfaces/include/interfaces/interfaces/srv/detail/set_float64__struct.hpp
-- Installing: /home/liyq/hi_ws/install/interfaces/include/interfaces/interfaces/srv/detail/get_all_color_name__traits.hpp
-- Installing: /home/liyq/hi_ws/install/interfaces/include/interfaces/interfaces/srv/detail/set_point__type_support.hpp
-- Installing: /home/liyq/hi_ws/install/interfaces/include/interfaces/interfaces/srv/detail/set_pose2_d__traits.hpp
-- Installing: /home/liyq/hi_ws/install/interfaces/include/interfaces/interfaces/srv/detail/set_pose2_d__struct.hpp
-- Installing: /home/liyq/hi_ws/install/interfaces/include/interfaces/interfaces/srv/detail/change_range__builder.hpp
-- Installing: /home/liyq/hi_ws/install/interfaces/include/interfaces/interfaces/srv/detail/set_color_rgba__builder.hpp
-- Installing: /home/liyq/hi_ws/install/interfaces/include/interfaces/interfaces/srv/detail/get_pose__struct.hpp
-- Installing: /home/liyq/hi_ws/install/interfaces/include/interfaces/interfaces/srv/detail/set_string_list__type_support.hpp
-- Installing: /home/liyq/hi_ws/install/interfaces/include/interfaces/interfaces/srv/detail/set_string_bool__builder.hpp
-- Installing: /home/liyq/hi_ws/install/interfaces/include/interfaces/interfaces/srv/detail/set_string_list__struct.hpp
-- Installing: /home/liyq/hi_ws/install/interfaces/include/interfaces/interfaces/srv/detail/set_point__struct.hpp
-- Installing: /home/liyq/hi_ws/install/interfaces/include/interfaces/interfaces/srv/detail/set_color_detect_param__type_support.hpp
-- Installing: /home/liyq/hi_ws/install/interfaces/include/interfaces/interfaces/srv/detail/set_string_list__builder.hpp
-- Installing: /home/liyq/hi_ws/install/interfaces/include/interfaces/interfaces/srv/detail/set_line_roi__struct.hpp
-- Installing: /home/liyq/hi_ws/install/interfaces/include/interfaces/interfaces/srv/detail/set_pose__traits.hpp
-- Installing: /home/liyq/hi_ws/install/interfaces/include/interfaces/interfaces/srv/detail/set_line_roi__builder.hpp
-- Installing: /home/liyq/hi_ws/install/interfaces/include/interfaces/interfaces/srv/detail/set_color_rgba__type_support.hpp
-- Installing: /home/liyq/hi_ws/install/interfaces/include/interfaces/interfaces/srv/detail/get_all_color_name__struct.hpp
-- Installing: /home/liyq/hi_ws/install/interfaces/include/interfaces/interfaces/srv/detail/set_pose2_d__type_support.hpp
-- Installing: /home/liyq/hi_ws/install/interfaces/include/interfaces/interfaces/srv/detail/stash_range__traits.hpp
-- Installing: /home/liyq/hi_ws/install/interfaces/include/interfaces/interfaces/srv/detail/set_circle_roi__traits.hpp
-- Installing: /home/liyq/hi_ws/install/interfaces/include/interfaces/interfaces/srv/detail/set_int64__builder.hpp
-- Installing: /home/liyq/hi_ws/install/interfaces/include/interfaces/interfaces/srv/detail/stash_range__struct.hpp
-- Installing: /home/liyq/hi_ws/install/interfaces/include/interfaces/interfaces/srv/detail/get_range__traits.hpp
-- Installing: /home/liyq/hi_ws/install/interfaces/include/interfaces/interfaces/srv/detail/set_pose__type_support.hpp
-- Installing: /home/liyq/hi_ws/install/interfaces/include/interfaces/interfaces/srv/detail/set_string_bool__struct.hpp
-- Installing: /home/liyq/hi_ws/install/interfaces/include/interfaces/interfaces/srv/detail/set_float64_list__builder.hpp
-- Installing: /home/liyq/hi_ws/install/interfaces/include/interfaces/interfaces/srv/detail/set_color_detect_param__struct.hpp
-- Installing: /home/liyq/hi_ws/install/interfaces/include/interfaces/interfaces/srv/detail/change_range__traits.hpp
-- Installing: /home/liyq/hi_ws/install/interfaces/include/interfaces/interfaces/srv/detail/set_point__traits.hpp
-- Installing: /home/liyq/hi_ws/install/interfaces/include/interfaces/interfaces/srv/detail/set_string__traits.hpp
-- Installing: /home/liyq/hi_ws/install/interfaces/include/interfaces/interfaces/srv/detail/change_range__type_support.hpp
-- Installing: /home/liyq/hi_ws/install/interfaces/include/interfaces/interfaces/srv/detail/set_float64_list__traits.hpp
-- Installing: /home/liyq/hi_ws/install/interfaces/include/interfaces/interfaces/srv/stash_range.hpp
-- Installing: /home/liyq/hi_ws/install/interfaces/include/interfaces/interfaces/srv/set_string_list.hpp
-- Installing: /home/liyq/hi_ws/install/interfaces/include/interfaces/interfaces/srv/set_float64_list.hpp
-- Installing: /home/liyq/hi_ws/install/interfaces/include/interfaces/interfaces/srv/get_pose.hpp
-- Installing: /home/liyq/hi_ws/install/interfaces/include/interfaces/interfaces/srv/get_all_color_name.hpp
-- Installing: /home/liyq/hi_ws/install/interfaces/include/interfaces/interfaces/srv/set_int64.hpp
-- Installing: /home/liyq/hi_ws/install/interfaces/include/interfaces/interfaces/srv/set_pose.hpp
-- Installing: /home/liyq/hi_ws/install/interfaces/include/interfaces/interfaces/srv/set_string_bool.hpp
-- Installing: /home/liyq/hi_ws/install/interfaces/include/interfaces/interfaces/srv/change_range.hpp
-- Up-to-date: /home/liyq/hi_ws/install/interfaces/include/interfaces/interfaces
-- Up-to-date: /home/liyq/hi_ws/install/interfaces/include/interfaces/interfaces/msg
-- Up-to-date: /home/liyq/hi_ws/install/interfaces/include/interfaces/interfaces/msg/detail
-- Installing: /home/liyq/hi_ws/install/interfaces/include/interfaces/interfaces/msg/detail/points__rosidl_typesupport_fastrtps_cpp.hpp
-- Installing: /home/liyq/hi_ws/install/interfaces/include/interfaces/interfaces/msg/detail/face_info__rosidl_typesupport_fastrtps_cpp.hpp
-- Installing: /home/liyq/hi_ws/install/interfaces/include/interfaces/interfaces/msg/detail/color_info__rosidl_typesupport_fastrtps_cpp.hpp
-- Installing: /home/liyq/hi_ws/install/interfaces/include/interfaces/interfaces/msg/detail/objects_info__rosidl_typesupport_fastrtps_cpp.hpp
-- Installing: /home/liyq/hi_ws/install/interfaces/include/interfaces/interfaces/msg/detail/object_info__rosidl_typesupport_fastrtps_cpp.hpp
-- Installing: /home/liyq/hi_ws/install/interfaces/include/interfaces/interfaces/msg/detail/roi__rosidl_typesupport_fastrtps_cpp.hpp
-- Installing: /home/liyq/hi_ws/install/interfaces/include/interfaces/interfaces/msg/detail/line_roi__rosidl_typesupport_fastrtps_cpp.hpp
-- Installing: /home/liyq/hi_ws/install/interfaces/include/interfaces/interfaces/msg/detail/colors_info__rosidl_typesupport_fastrtps_cpp.hpp
-- Installing: /home/liyq/hi_ws/install/interfaces/include/interfaces/interfaces/msg/detail/pose2_d__rosidl_typesupport_fastrtps_cpp.hpp
-- Installing: /home/liyq/hi_ws/install/interfaces/include/interfaces/interfaces/msg/detail/color_detect__rosidl_typesupport_fastrtps_cpp.hpp
-- Installing: /home/liyq/hi_ws/install/interfaces/include/interfaces/interfaces/msg/detail/faces_info__rosidl_typesupport_fastrtps_cpp.hpp
-- Installing: /home/liyq/hi_ws/install/interfaces/include/interfaces/interfaces/msg/detail/pixel_position__rosidl_typesupport_fastrtps_cpp.hpp
-- Installing: /home/liyq/hi_ws/install/interfaces/include/interfaces/interfaces/msg/detail/point2_d__rosidl_typesupport_fastrtps_cpp.hpp
-- Installing: /home/liyq/hi_ws/install/interfaces/include/interfaces/interfaces/msg/detail/dds_fastrtps
-- Installing: /home/liyq/hi_ws/install/interfaces/include/interfaces/interfaces/msg/rosidl_typesupport_fastrtps_cpp__visibility_control.h
-- Up-to-date: /home/liyq/hi_ws/install/interfaces/include/interfaces/interfaces/srv
-- Up-to-date: /home/liyq/hi_ws/install/interfaces/include/interfaces/interfaces/srv/detail
-- Installing: /home/liyq/hi_ws/install/interfaces/include/interfaces/interfaces/srv/detail/set_float64_list__rosidl_typesupport_fastrtps_cpp.hpp
-- Installing: /home/liyq/hi_ws/install/interfaces/include/interfaces/interfaces/srv/detail/set_circle_roi__rosidl_typesupport_fastrtps_cpp.hpp
-- Installing: /home/liyq/hi_ws/install/interfaces/include/interfaces/interfaces/srv/detail/stash_range__rosidl_typesupport_fastrtps_cpp.hpp
-- Installing: /home/liyq/hi_ws/install/interfaces/include/interfaces/interfaces/srv/detail/change_range__rosidl_typesupport_fastrtps_cpp.hpp
-- Installing: /home/liyq/hi_ws/install/interfaces/include/interfaces/interfaces/srv/detail/set_float64__rosidl_typesupport_fastrtps_cpp.hpp
-- Installing: /home/liyq/hi_ws/install/interfaces/include/interfaces/interfaces/srv/detail/set_int64__rosidl_typesupport_fastrtps_cpp.hpp
-- Installing: /home/liyq/hi_ws/install/interfaces/include/interfaces/interfaces/srv/detail/set_color_detect_param__rosidl_typesupport_fastrtps_cpp.hpp
-- Installing: /home/liyq/hi_ws/install/interfaces/include/interfaces/interfaces/srv/detail/set_string__rosidl_typesupport_fastrtps_cpp.hpp
-- Installing: /home/liyq/hi_ws/install/interfaces/include/interfaces/interfaces/srv/detail/get_pose__rosidl_typesupport_fastrtps_cpp.hpp
-- Installing: /home/liyq/hi_ws/install/interfaces/include/interfaces/interfaces/srv/detail/set_line_roi__rosidl_typesupport_fastrtps_cpp.hpp
-- Installing: /home/liyq/hi_ws/install/interfaces/include/interfaces/interfaces/srv/detail/get_range__rosidl_typesupport_fastrtps_cpp.hpp
-- Installing: /home/liyq/hi_ws/install/interfaces/include/interfaces/interfaces/srv/detail/set_string_bool__rosidl_typesupport_fastrtps_cpp.hpp
-- Installing: /home/liyq/hi_ws/install/interfaces/include/interfaces/interfaces/srv/detail/set_pose2_d__rosidl_typesupport_fastrtps_cpp.hpp
-- Installing: /home/liyq/hi_ws/install/interfaces/include/interfaces/interfaces/srv/detail/set_color_rgba__rosidl_typesupport_fastrtps_cpp.hpp
-- Installing: /home/liyq/hi_ws/install/interfaces/include/interfaces/interfaces/srv/detail/set_string_list__rosidl_typesupport_fastrtps_cpp.hpp
-- Installing: /home/liyq/hi_ws/install/interfaces/include/interfaces/interfaces/srv/detail/set_point__rosidl_typesupport_fastrtps_cpp.hpp
-- Installing: /home/liyq/hi_ws/install/interfaces/include/interfaces/interfaces/srv/detail/dds_fastrtps
-- Installing: /home/liyq/hi_ws/install/interfaces/include/interfaces/interfaces/srv/detail/get_all_color_name__rosidl_typesupport_fastrtps_cpp.hpp
-- Installing: /home/liyq/hi_ws/install/interfaces/include/interfaces/interfaces/srv/detail/set_pose__rosidl_typesupport_fastrtps_cpp.hpp
-- Installing: /home/liyq/hi_ws/install/interfaces/lib/libinterfaces__rosidl_typesupport_fastrtps_cpp.so
-- Set runtime path of "/home/liyq/hi_ws/install/interfaces/lib/libinterfaces__rosidl_typesupport_fastrtps_cpp.so" to ""
-- Up-to-date: /home/liyq/hi_ws/install/interfaces/include/interfaces/interfaces
-- Up-to-date: /home/liyq/hi_ws/install/interfaces/include/interfaces/interfaces/msg
-- Installing: /home/liyq/hi_ws/install/interfaces/include/interfaces/interfaces/msg/rosidl_typesupport_introspection_c__visibility_control.h
-- Up-to-date: /home/liyq/hi_ws/install/interfaces/include/interfaces/interfaces/msg/detail
-- Installing: /home/liyq/hi_ws/install/interfaces/include/interfaces/interfaces/msg/detail/object_info__rosidl_typesupport_introspection_c.h
-- Installing: /home/liyq/hi_ws/install/interfaces/include/interfaces/interfaces/msg/detail/face_info__type_support.c
-- Installing: /home/liyq/hi_ws/install/interfaces/include/interfaces/interfaces/msg/detail/color_detect__rosidl_typesupport_introspection_c.h
-- Installing: /home/liyq/hi_ws/install/interfaces/include/interfaces/interfaces/msg/detail/pixel_position__type_support.c
-- Installing: /home/liyq/hi_ws/install/interfaces/include/interfaces/interfaces/msg/detail/roi__rosidl_typesupport_introspection_c.h
-- Installing: /home/liyq/hi_ws/install/interfaces/include/interfaces/interfaces/msg/detail/roi__type_support.c
-- Installing: /home/liyq/hi_ws/install/interfaces/include/interfaces/interfaces/msg/detail/pose2_d__type_support.c
-- Installing: /home/liyq/hi_ws/install/interfaces/include/interfaces/interfaces/msg/detail/line_roi__rosidl_typesupport_introspection_c.h
-- Installing: /home/liyq/hi_ws/install/interfaces/include/interfaces/interfaces/msg/detail/points__type_support.c
-- Installing: /home/liyq/hi_ws/install/interfaces/include/interfaces/interfaces/msg/detail/color_detect__type_support.c
-- Installing: /home/liyq/hi_ws/install/interfaces/include/interfaces/interfaces/msg/detail/faces_info__type_support.c
-- Installing: /home/liyq/hi_ws/install/interfaces/include/interfaces/interfaces/msg/detail/point2_d__type_support.c
-- Installing: /home/liyq/hi_ws/install/interfaces/include/interfaces/interfaces/msg/detail/points__rosidl_typesupport_introspection_c.h
-- Installing: /home/liyq/hi_ws/install/interfaces/include/interfaces/interfaces/msg/detail/colors_info__rosidl_typesupport_introspection_c.h
-- Installing: /home/liyq/hi_ws/install/interfaces/include/interfaces/interfaces/msg/detail/line_roi__type_support.c
-- Installing: /home/liyq/hi_ws/install/interfaces/include/interfaces/interfaces/msg/detail/objects_info__rosidl_typesupport_introspection_c.h
-- Installing: /home/liyq/hi_ws/install/interfaces/include/interfaces/interfaces/msg/detail/pose2_d__rosidl_typesupport_introspection_c.h
-- Installing: /home/liyq/hi_ws/install/interfaces/include/interfaces/interfaces/msg/detail/face_info__rosidl_typesupport_introspection_c.h
-- Installing: /home/liyq/hi_ws/install/interfaces/include/interfaces/interfaces/msg/detail/colors_info__type_support.c
-- Installing: /home/liyq/hi_ws/install/interfaces/include/interfaces/interfaces/msg/detail/pixel_position__rosidl_typesupport_introspection_c.h
-- Installing: /home/liyq/hi_ws/install/interfaces/include/interfaces/interfaces/msg/detail/point2_d__rosidl_typesupport_introspection_c.h
-- Installing: /home/liyq/hi_ws/install/interfaces/include/interfaces/interfaces/msg/detail/color_info__rosidl_typesupport_introspection_c.h
-- Installing: /home/liyq/hi_ws/install/interfaces/include/interfaces/interfaces/msg/detail/object_info__type_support.c
-- Installing: /home/liyq/hi_ws/install/interfaces/include/interfaces/interfaces/msg/detail/faces_info__rosidl_typesupport_introspection_c.h
-- Installing: /home/liyq/hi_ws/install/interfaces/include/interfaces/interfaces/msg/detail/color_info__type_support.c
-- Installing: /home/liyq/hi_ws/install/interfaces/include/interfaces/interfaces/msg/detail/objects_info__type_support.c
-- Up-to-date: /home/liyq/hi_ws/install/interfaces/include/interfaces/interfaces/srv
-- Up-to-date: /home/liyq/hi_ws/install/interfaces/include/interfaces/interfaces/srv/detail
-- Installing: /home/liyq/hi_ws/install/interfaces/include/interfaces/interfaces/srv/detail/stash_range__rosidl_typesupport_introspection_c.h
-- Installing: /home/liyq/hi_ws/install/interfaces/include/interfaces/interfaces/srv/detail/set_float64_list__rosidl_typesupport_introspection_c.h
-- Installing: /home/liyq/hi_ws/install/interfaces/include/interfaces/interfaces/srv/detail/get_all_color_name__type_support.c
-- Installing: /home/liyq/hi_ws/install/interfaces/include/interfaces/interfaces/srv/detail/set_point__rosidl_typesupport_introspection_c.h
-- Installing: /home/liyq/hi_ws/install/interfaces/include/interfaces/interfaces/srv/detail/set_pose__rosidl_typesupport_introspection_c.h
-- Installing: /home/liyq/hi_ws/install/interfaces/include/interfaces/interfaces/srv/detail/set_color_rgba__rosidl_typesupport_introspection_c.h
-- Installing: /home/liyq/hi_ws/install/interfaces/include/interfaces/interfaces/srv/detail/set_string__rosidl_typesupport_introspection_c.h
-- Installing: /home/liyq/hi_ws/install/interfaces/include/interfaces/interfaces/srv/detail/set_circle_roi__rosidl_typesupport_introspection_c.h
-- Installing: /home/liyq/hi_ws/install/interfaces/include/interfaces/interfaces/srv/detail/set_line_roi__rosidl_typesupport_introspection_c.h
-- Installing: /home/liyq/hi_ws/install/interfaces/include/interfaces/interfaces/srv/detail/set_string__type_support.c
-- Installing: /home/liyq/hi_ws/install/interfaces/include/interfaces/interfaces/srv/detail/set_pose2_d__type_support.c
-- Installing: /home/liyq/hi_ws/install/interfaces/include/interfaces/interfaces/srv/detail/get_pose__rosidl_typesupport_introspection_c.h
-- Installing: /home/liyq/hi_ws/install/interfaces/include/interfaces/interfaces/srv/detail/get_range__type_support.c
-- Installing: /home/liyq/hi_ws/install/interfaces/include/interfaces/interfaces/srv/detail/stash_range__type_support.c
-- Installing: /home/liyq/hi_ws/install/interfaces/include/interfaces/interfaces/srv/detail/set_string_bool__type_support.c
-- Installing: /home/liyq/hi_ws/install/interfaces/include/interfaces/interfaces/srv/detail/set_int64__type_support.c
-- Installing: /home/liyq/hi_ws/install/interfaces/include/interfaces/interfaces/srv/detail/set_point__type_support.c
-- Installing: /home/liyq/hi_ws/install/interfaces/include/interfaces/interfaces/srv/detail/set_string_list__rosidl_typesupport_introspection_c.h
-- Installing: /home/liyq/hi_ws/install/interfaces/include/interfaces/interfaces/srv/detail/get_pose__type_support.c
-- Installing: /home/liyq/hi_ws/install/interfaces/include/interfaces/interfaces/srv/detail/set_pose2_d__rosidl_typesupport_introspection_c.h
-- Installing: /home/liyq/hi_ws/install/interfaces/include/interfaces/interfaces/srv/detail/set_float64__rosidl_typesupport_introspection_c.h
-- Installing: /home/liyq/hi_ws/install/interfaces/include/interfaces/interfaces/srv/detail/set_string_list__type_support.c
-- Installing: /home/liyq/hi_ws/install/interfaces/include/interfaces/interfaces/srv/detail/get_range__rosidl_typesupport_introspection_c.h
-- Installing: /home/liyq/hi_ws/install/interfaces/include/interfaces/interfaces/srv/detail/change_range__rosidl_typesupport_introspection_c.h
-- Installing: /home/liyq/hi_ws/install/interfaces/include/interfaces/interfaces/srv/detail/set_string_bool__rosidl_typesupport_introspection_c.h
-- Installing: /home/liyq/hi_ws/install/interfaces/include/interfaces/interfaces/srv/detail/set_float64__type_support.c
-- Installing: /home/liyq/hi_ws/install/interfaces/include/interfaces/interfaces/srv/detail/set_circle_roi__type_support.c
-- Installing: /home/liyq/hi_ws/install/interfaces/include/interfaces/interfaces/srv/detail/set_float64_list__type_support.c
-- Installing: /home/liyq/hi_ws/install/interfaces/include/interfaces/interfaces/srv/detail/set_color_rgba__type_support.c
-- Installing: /home/liyq/hi_ws/install/interfaces/include/interfaces/interfaces/srv/detail/get_all_color_name__rosidl_typesupport_introspection_c.h
-- Installing: /home/liyq/hi_ws/install/interfaces/include/interfaces/interfaces/srv/detail/set_int64__rosidl_typesupport_introspection_c.h
-- Installing: /home/liyq/hi_ws/install/interfaces/include/interfaces/interfaces/srv/detail/set_color_detect_param__rosidl_typesupport_introspection_c.h
-- Installing: /home/liyq/hi_ws/install/interfaces/include/interfaces/interfaces/srv/detail/change_range__type_support.c
-- Installing: /home/liyq/hi_ws/install/interfaces/include/interfaces/interfaces/srv/detail/set_pose__type_support.c
-- Installing: /home/liyq/hi_ws/install/interfaces/include/interfaces/interfaces/srv/detail/set_color_detect_param__type_support.c
-- Installing: /home/liyq/hi_ws/install/interfaces/include/interfaces/interfaces/srv/detail/set_line_roi__type_support.c
-- Installing: /home/liyq/hi_ws/install/interfaces/lib/libinterfaces__rosidl_typesupport_introspection_c.so
-- Set runtime path of "/home/liyq/hi_ws/install/interfaces/lib/libinterfaces__rosidl_typesupport_introspection_c.so" to ""
-- Installing: /home/liyq/hi_ws/install/interfaces/lib/libinterfaces__rosidl_typesupport_c.so
-- Set runtime path of "/home/liyq/hi_ws/install/interfaces/lib/libinterfaces__rosidl_typesupport_c.so" to ""
-- Up-to-date: /home/liyq/hi_ws/install/interfaces/include/interfaces/interfaces
-- Up-to-date: /home/liyq/hi_ws/install/interfaces/include/interfaces/interfaces/msg
-- Up-to-date: /home/liyq/hi_ws/install/interfaces/include/interfaces/interfaces/msg/detail
-- Installing: /home/liyq/hi_ws/install/interfaces/include/interfaces/interfaces/msg/detail/point2_d__rosidl_typesupport_introspection_cpp.hpp
-- Installing: /home/liyq/hi_ws/install/interfaces/include/interfaces/interfaces/msg/detail/colors_info__rosidl_typesupport_introspection_cpp.hpp
-- Installing: /home/liyq/hi_ws/install/interfaces/include/interfaces/interfaces/msg/detail/color_detect__type_support.cpp
-- Installing: /home/liyq/hi_ws/install/interfaces/include/interfaces/interfaces/msg/detail/line_roi__type_support.cpp
-- Installing: /home/liyq/hi_ws/install/interfaces/include/interfaces/interfaces/msg/detail/faces_info__type_support.cpp
-- Installing: /home/liyq/hi_ws/install/interfaces/include/interfaces/interfaces/msg/detail/pixel_position__rosidl_typesupport_introspection_cpp.hpp
-- Installing: /home/liyq/hi_ws/install/interfaces/include/interfaces/interfaces/msg/detail/line_roi__rosidl_typesupport_introspection_cpp.hpp
-- Installing: /home/liyq/hi_ws/install/interfaces/include/interfaces/interfaces/msg/detail/colors_info__type_support.cpp
-- Installing: /home/liyq/hi_ws/install/interfaces/include/interfaces/interfaces/msg/detail/point2_d__type_support.cpp
-- Installing: /home/liyq/hi_ws/install/interfaces/include/interfaces/interfaces/msg/detail/object_info__rosidl_typesupport_introspection_cpp.hpp
-- Installing: /home/liyq/hi_ws/install/interfaces/include/interfaces/interfaces/msg/detail/color_info__type_support.cpp
-- Installing: /home/liyq/hi_ws/install/interfaces/include/interfaces/interfaces/msg/detail/pose2_d__rosidl_typesupport_introspection_cpp.hpp
-- Installing: /home/liyq/hi_ws/install/interfaces/include/interfaces/interfaces/msg/detail/objects_info__rosidl_typesupport_introspection_cpp.hpp
-- Installing: /home/liyq/hi_ws/install/interfaces/include/interfaces/interfaces/msg/detail/roi__rosidl_typesupport_introspection_cpp.hpp
-- Installing: /home/liyq/hi_ws/install/interfaces/include/interfaces/interfaces/msg/detail/pose2_d__type_support.cpp
-- Installing: /home/liyq/hi_ws/install/interfaces/include/interfaces/interfaces/msg/detail/points__type_support.cpp
-- Installing: /home/liyq/hi_ws/install/interfaces/include/interfaces/interfaces/msg/detail/points__rosidl_typesupport_introspection_cpp.hpp
-- Installing: /home/liyq/hi_ws/install/interfaces/include/interfaces/interfaces/msg/detail/objects_info__type_support.cpp
-- Installing: /home/liyq/hi_ws/install/interfaces/include/interfaces/interfaces/msg/detail/object_info__type_support.cpp
-- Installing: /home/liyq/hi_ws/install/interfaces/include/interfaces/interfaces/msg/detail/faces_info__rosidl_typesupport_introspection_cpp.hpp
-- Installing: /home/liyq/hi_ws/install/interfaces/include/interfaces/interfaces/msg/detail/roi__type_support.cpp
-- Installing: /home/liyq/hi_ws/install/interfaces/include/interfaces/interfaces/msg/detail/face_info__rosidl_typesupport_introspection_cpp.hpp
-- Installing: /home/liyq/hi_ws/install/interfaces/include/interfaces/interfaces/msg/detail/color_detect__rosidl_typesupport_introspection_cpp.hpp
-- Installing: /home/liyq/hi_ws/install/interfaces/include/interfaces/interfaces/msg/detail/face_info__type_support.cpp
-- Installing: /home/liyq/hi_ws/install/interfaces/include/interfaces/interfaces/msg/detail/pixel_position__type_support.cpp
-- Installing: /home/liyq/hi_ws/install/interfaces/include/interfaces/interfaces/msg/detail/color_info__rosidl_typesupport_introspection_cpp.hpp
-- Up-to-date: /home/liyq/hi_ws/install/interfaces/include/interfaces/interfaces/srv
-- Up-to-date: /home/liyq/hi_ws/install/interfaces/include/interfaces/interfaces/srv/detail
-- Installing: /home/liyq/hi_ws/install/interfaces/include/interfaces/interfaces/srv/detail/get_pose__rosidl_typesupport_introspection_cpp.hpp
-- Installing: /home/liyq/hi_ws/install/interfaces/include/interfaces/interfaces/srv/detail/set_point__rosidl_typesupport_introspection_cpp.hpp
-- Installing: /home/liyq/hi_ws/install/interfaces/include/interfaces/interfaces/srv/detail/set_circle_roi__rosidl_typesupport_introspection_cpp.hpp
-- Installing: /home/liyq/hi_ws/install/interfaces/include/interfaces/interfaces/srv/detail/set_float64__type_support.cpp
-- Installing: /home/liyq/hi_ws/install/interfaces/include/interfaces/interfaces/srv/detail/set_color_detect_param__type_support.cpp
-- Installing: /home/liyq/hi_ws/install/interfaces/include/interfaces/interfaces/srv/detail/set_float64_list__rosidl_typesupport_introspection_cpp.hpp
-- Installing: /home/liyq/hi_ws/install/interfaces/include/interfaces/interfaces/srv/detail/get_all_color_name__type_support.cpp
-- Installing: /home/liyq/hi_ws/install/interfaces/include/interfaces/interfaces/srv/detail/set_line_roi__type_support.cpp
-- Installing: /home/liyq/hi_ws/install/interfaces/include/interfaces/interfaces/srv/detail/get_pose__type_support.cpp
-- Installing: /home/liyq/hi_ws/install/interfaces/include/interfaces/interfaces/srv/detail/set_float64__rosidl_typesupport_introspection_cpp.hpp
-- Installing: /home/liyq/hi_ws/install/interfaces/include/interfaces/interfaces/srv/detail/change_range__rosidl_typesupport_introspection_cpp.hpp
-- Installing: /home/liyq/hi_ws/install/interfaces/include/interfaces/interfaces/srv/detail/set_string__rosidl_typesupport_introspection_cpp.hpp
-- Installing: /home/liyq/hi_ws/install/interfaces/include/interfaces/interfaces/srv/detail/change_range__type_support.cpp
-- Installing: /home/liyq/hi_ws/install/interfaces/include/interfaces/interfaces/srv/detail/set_pose2_d__rosidl_typesupport_introspection_cpp.hpp
-- Installing: /home/liyq/hi_ws/install/interfaces/include/interfaces/interfaces/srv/detail/stash_range__rosidl_typesupport_introspection_cpp.hpp
-- Installing: /home/liyq/hi_ws/install/interfaces/include/interfaces/interfaces/srv/detail/set_pose__type_support.cpp
-- Installing: /home/liyq/hi_ws/install/interfaces/include/interfaces/interfaces/srv/detail/set_string_bool__type_support.cpp
-- Installing: /home/liyq/hi_ws/install/interfaces/include/interfaces/interfaces/srv/detail/set_pose2_d__type_support.cpp
-- Installing: /home/liyq/hi_ws/install/interfaces/include/interfaces/interfaces/srv/detail/set_circle_roi__type_support.cpp
-- Installing: /home/liyq/hi_ws/install/interfaces/include/interfaces/interfaces/srv/detail/set_string__type_support.cpp
-- Installing: /home/liyq/hi_ws/install/interfaces/include/interfaces/interfaces/srv/detail/stash_range__type_support.cpp
-- Installing: /home/liyq/hi_ws/install/interfaces/include/interfaces/interfaces/srv/detail/set_float64_list__type_support.cpp
-- Installing: /home/liyq/hi_ws/install/interfaces/include/interfaces/interfaces/srv/detail/set_point__type_support.cpp
-- Installing: /home/liyq/hi_ws/install/interfaces/include/interfaces/interfaces/srv/detail/set_string_bool__rosidl_typesupport_introspection_cpp.hpp
-- Installing: /home/liyq/hi_ws/install/interfaces/include/interfaces/interfaces/srv/detail/set_string_list__type_support.cpp
-- Installing: /home/liyq/hi_ws/install/interfaces/include/interfaces/interfaces/srv/detail/get_all_color_name__rosidl_typesupport_introspection_cpp.hpp
-- Installing: /home/liyq/hi_ws/install/interfaces/include/interfaces/interfaces/srv/detail/get_range__rosidl_typesupport_introspection_cpp.hpp
-- Installing: /home/liyq/hi_ws/install/interfaces/include/interfaces/interfaces/srv/detail/set_color_detect_param__rosidl_typesupport_introspection_cpp.hpp
-- Installing: /home/liyq/hi_ws/install/interfaces/include/interfaces/interfaces/srv/detail/set_int64__rosidl_typesupport_introspection_cpp.hpp
-- Installing: /home/liyq/hi_ws/install/interfaces/include/interfaces/interfaces/srv/detail/set_int64__type_support.cpp
-- Installing: /home/liyq/hi_ws/install/interfaces/include/interfaces/interfaces/srv/detail/set_line_roi__rosidl_typesupport_introspection_cpp.hpp
-- Installing: /home/liyq/hi_ws/install/interfaces/include/interfaces/interfaces/srv/detail/set_string_list__rosidl_typesupport_introspection_cpp.hpp
-- Installing: /home/liyq/hi_ws/install/interfaces/include/interfaces/interfaces/srv/detail/get_range__type_support.cpp
-- Installing: /home/liyq/hi_ws/install/interfaces/include/interfaces/interfaces/srv/detail/set_pose__rosidl_typesupport_introspection_cpp.hpp
-- Installing: /home/liyq/hi_ws/install/interfaces/include/interfaces/interfaces/srv/detail/set_color_rgba__type_support.cpp
-- Installing: /home/liyq/hi_ws/install/interfaces/include/interfaces/interfaces/srv/detail/set_color_rgba__rosidl_typesupport_introspection_cpp.hpp
-- Installing: /home/liyq/hi_ws/install/interfaces/lib/libinterfaces__rosidl_typesupport_introspection_cpp.so
-- Set runtime path of "/home/liyq/hi_ws/install/interfaces/lib/libinterfaces__rosidl_typesupport_introspection_cpp.so" to ""
-- Installing: /home/liyq/hi_ws/install/interfaces/lib/libinterfaces__rosidl_typesupport_cpp.so
-- Set runtime path of "/home/liyq/hi_ws/install/interfaces/lib/libinterfaces__rosidl_typesupport_cpp.so" to ""
-- Installing: /home/liyq/hi_ws/install/interfaces/share/interfaces/environment/pythonpath.sh
-- Installing: /home/liyq/hi_ws/install/interfaces/share/interfaces/environment/pythonpath.dsv
-- Installing: /home/liyq/hi_ws/install/interfaces/local/lib/python3.10/dist-packages/interfaces-0.0.0-py3.10.egg-info
-- Installing: /home/liyq/hi_ws/install/interfaces/local/lib/python3.10/dist-packages/interfaces-0.0.0-py3.10.egg-info/SOURCES.txt
-- Installing: /home/liyq/hi_ws/install/interfaces/local/lib/python3.10/dist-packages/interfaces-0.0.0-py3.10.egg-info/PKG-INFO
-- Installing: /home/liyq/hi_ws/install/interfaces/local/lib/python3.10/dist-packages/interfaces-0.0.0-py3.10.egg-info/top_level.txt
-- Installing: /home/liyq/hi_ws/install/interfaces/local/lib/python3.10/dist-packages/interfaces-0.0.0-py3.10.egg-info/dependency_links.txt
-- Installing: /home/liyq/hi_ws/install/interfaces/local/lib/python3.10/dist-packages/interfaces
-- Installing: /home/liyq/hi_ws/install/interfaces/local/lib/python3.10/dist-packages/interfaces/libinterfaces__rosidl_generator_py.so
-- Installing: /home/liyq/hi_ws/install/interfaces/local/lib/python3.10/dist-packages/interfaces/msg
-- Installing: /home/liyq/hi_ws/install/interfaces/local/lib/python3.10/dist-packages/interfaces/msg/_object_info.py
-- Installing: /home/liyq/hi_ws/install/interfaces/local/lib/python3.10/dist-packages/interfaces/msg/_face_info.py
-- Installing: /home/liyq/hi_ws/install/interfaces/local/lib/python3.10/dist-packages/interfaces/msg/_roi_s.c
-- Installing: /home/liyq/hi_ws/install/interfaces/local/lib/python3.10/dist-packages/interfaces/msg/_point2_d_s.c
-- Installing: /home/liyq/hi_ws/install/interfaces/local/lib/python3.10/dist-packages/interfaces/msg/_color_detect.py
-- Installing: /home/liyq/hi_ws/install/interfaces/local/lib/python3.10/dist-packages/interfaces/msg/_color_info.py
-- Installing: /home/liyq/hi_ws/install/interfaces/local/lib/python3.10/dist-packages/interfaces/msg/_pixel_position_s.c
-- Installing: /home/liyq/hi_ws/install/interfaces/local/lib/python3.10/dist-packages/interfaces/msg/_point2_d.py
-- Installing: /home/liyq/hi_ws/install/interfaces/local/lib/python3.10/dist-packages/interfaces/msg/_color_info_s.c
-- Installing: /home/liyq/hi_ws/install/interfaces/local/lib/python3.10/dist-packages/interfaces/msg/__init__.py
-- Installing: /home/liyq/hi_ws/install/interfaces/local/lib/python3.10/dist-packages/interfaces/msg/_points.py
-- Installing: /home/liyq/hi_ws/install/interfaces/local/lib/python3.10/dist-packages/interfaces/msg/_colors_info_s.c
-- Installing: /home/liyq/hi_ws/install/interfaces/local/lib/python3.10/dist-packages/interfaces/msg/_points_s.c
-- Installing: /home/liyq/hi_ws/install/interfaces/local/lib/python3.10/dist-packages/interfaces/msg/_objects_info_s.c
-- Installing: /home/liyq/hi_ws/install/interfaces/local/lib/python3.10/dist-packages/interfaces/msg/_object_info_s.c
-- Installing: /home/liyq/hi_ws/install/interfaces/local/lib/python3.10/dist-packages/interfaces/msg/_faces_info_s.c
-- Installing: /home/liyq/hi_ws/install/interfaces/local/lib/python3.10/dist-packages/interfaces/msg/_pixel_position.py
-- Installing: /home/liyq/hi_ws/install/interfaces/local/lib/python3.10/dist-packages/interfaces/msg/_colors_info.py
-- Installing: /home/liyq/hi_ws/install/interfaces/local/lib/python3.10/dist-packages/interfaces/msg/_roi.py
-- Installing: /home/liyq/hi_ws/install/interfaces/local/lib/python3.10/dist-packages/interfaces/msg/_line_roi.py
-- Installing: /home/liyq/hi_ws/install/interfaces/local/lib/python3.10/dist-packages/interfaces/msg/_pose2_d.py
-- Installing: /home/liyq/hi_ws/install/interfaces/local/lib/python3.10/dist-packages/interfaces/msg/_line_roi_s.c
-- Installing: /home/liyq/hi_ws/install/interfaces/local/lib/python3.10/dist-packages/interfaces/msg/_pose2_d_s.c
-- Installing: /home/liyq/hi_ws/install/interfaces/local/lib/python3.10/dist-packages/interfaces/msg/_faces_info.py
-- Installing: /home/liyq/hi_ws/install/interfaces/local/lib/python3.10/dist-packages/interfaces/msg/_face_info_s.c
-- Installing: /home/liyq/hi_ws/install/interfaces/local/lib/python3.10/dist-packages/interfaces/msg/_objects_info.py
-- Installing: /home/liyq/hi_ws/install/interfaces/local/lib/python3.10/dist-packages/interfaces/msg/_color_detect_s.c
-- Installing: /home/liyq/hi_ws/install/interfaces/local/lib/python3.10/dist-packages/interfaces/srv
-- Installing: /home/liyq/hi_ws/install/interfaces/local/lib/python3.10/dist-packages/interfaces/srv/_get_all_color_name.py
-- Installing: /home/liyq/hi_ws/install/interfaces/local/lib/python3.10/dist-packages/interfaces/srv/_set_int64_s.c
-- Installing: /home/liyq/hi_ws/install/interfaces/local/lib/python3.10/dist-packages/interfaces/srv/_set_color_rgba.py
-- Installing: /home/liyq/hi_ws/install/interfaces/local/lib/python3.10/dist-packages/interfaces/srv/_get_pose.py
-- Installing: /home/liyq/hi_ws/install/interfaces/local/lib/python3.10/dist-packages/interfaces/srv/_set_pose2_d_s.c
-- Installing: /home/liyq/hi_ws/install/interfaces/local/lib/python3.10/dist-packages/interfaces/srv/_set_string_list.py
-- Installing: /home/liyq/hi_ws/install/interfaces/local/lib/python3.10/dist-packages/interfaces/srv/_stash_range_s.c
-- Installing: /home/liyq/hi_ws/install/interfaces/local/lib/python3.10/dist-packages/interfaces/srv/_set_point.py
-- Installing: /home/liyq/hi_ws/install/interfaces/local/lib/python3.10/dist-packages/interfaces/srv/_set_circle_roi_s.c
-- Installing: /home/liyq/hi_ws/install/interfaces/local/lib/python3.10/dist-packages/interfaces/srv/_set_color_rgba_s.c
-- Installing: /home/liyq/hi_ws/install/interfaces/local/lib/python3.10/dist-packages/interfaces/srv/_change_range_s.c
-- Installing: /home/liyq/hi_ws/install/interfaces/local/lib/python3.10/dist-packages/interfaces/srv/_set_color_detect_param_s.c
-- Installing: /home/liyq/hi_ws/install/interfaces/local/lib/python3.10/dist-packages/interfaces/srv/_set_float64_list.py
-- Installing: /home/liyq/hi_ws/install/interfaces/local/lib/python3.10/dist-packages/interfaces/srv/__init__.py
-- Installing: /home/liyq/hi_ws/install/interfaces/local/lib/python3.10/dist-packages/interfaces/srv/_set_pose_s.c
-- Installing: /home/liyq/hi_ws/install/interfaces/local/lib/python3.10/dist-packages/interfaces/srv/_get_pose_s.c
-- Installing: /home/liyq/hi_ws/install/interfaces/local/lib/python3.10/dist-packages/interfaces/srv/_set_string_list_s.c
-- Installing: /home/liyq/hi_ws/install/interfaces/local/lib/python3.10/dist-packages/interfaces/srv/_set_int64.py
-- Installing: /home/liyq/hi_ws/install/interfaces/local/lib/python3.10/dist-packages/interfaces/srv/_set_string_bool.py
-- Installing: /home/liyq/hi_ws/install/interfaces/local/lib/python3.10/dist-packages/interfaces/srv/_set_line_roi.py
-- Installing: /home/liyq/hi_ws/install/interfaces/local/lib/python3.10/dist-packages/interfaces/srv/_set_color_detect_param.py
-- Installing: /home/liyq/hi_ws/install/interfaces/local/lib/python3.10/dist-packages/interfaces/srv/_change_range.py
-- Installing: /home/liyq/hi_ws/install/interfaces/local/lib/python3.10/dist-packages/interfaces/srv/_set_string_s.c
-- Installing: /home/liyq/hi_ws/install/interfaces/local/lib/python3.10/dist-packages/interfaces/srv/_set_line_roi_s.c
-- Installing: /home/liyq/hi_ws/install/interfaces/local/lib/python3.10/dist-packages/interfaces/srv/_set_string_bool_s.c
-- Installing: /home/liyq/hi_ws/install/interfaces/local/lib/python3.10/dist-packages/interfaces/srv/_set_float64_s.c
-- Installing: /home/liyq/hi_ws/install/interfaces/local/lib/python3.10/dist-packages/interfaces/srv/_set_float64_list_s.c
-- Installing: /home/liyq/hi_ws/install/interfaces/local/lib/python3.10/dist-packages/interfaces/srv/_set_pose2_d.py
-- Installing: /home/liyq/hi_ws/install/interfaces/local/lib/python3.10/dist-packages/interfaces/srv/_stash_range.py
-- Installing: /home/liyq/hi_ws/install/interfaces/local/lib/python3.10/dist-packages/interfaces/srv/_set_point_s.c
-- Installing: /home/liyq/hi_ws/install/interfaces/local/lib/python3.10/dist-packages/interfaces/srv/_get_range_s.c
-- Installing: /home/liyq/hi_ws/install/interfaces/local/lib/python3.10/dist-packages/interfaces/srv/_set_string.py
-- Installing: /home/liyq/hi_ws/install/interfaces/local/lib/python3.10/dist-packages/interfaces/srv/_set_circle_roi.py
-- Installing: /home/liyq/hi_ws/install/interfaces/local/lib/python3.10/dist-packages/interfaces/srv/_get_range.py
-- Installing: /home/liyq/hi_ws/install/interfaces/local/lib/python3.10/dist-packages/interfaces/srv/_set_pose.py
-- Installing: /home/liyq/hi_ws/install/interfaces/local/lib/python3.10/dist-packages/interfaces/srv/_set_float64.py
-- Installing: /home/liyq/hi_ws/install/interfaces/local/lib/python3.10/dist-packages/interfaces/srv/_get_all_color_name_s.c
-- Installing: /home/liyq/hi_ws/install/interfaces/local/lib/python3.10/dist-packages/interfaces/_interfaces_s.ep.rosidl_typesupport_c.c
-- Installing: /home/liyq/hi_ws/install/interfaces/local/lib/python3.10/dist-packages/interfaces/_interfaces_s.ep.rosidl_typesupport_introspection_c.c
-- Installing: /home/liyq/hi_ws/install/interfaces/local/lib/python3.10/dist-packages/interfaces/interfaces_s__rosidl_typesupport_fastrtps_c.cpython-310-x86_64-linux-gnu.so
-- Installing: /home/liyq/hi_ws/install/interfaces/local/lib/python3.10/dist-packages/interfaces/__init__.py
-- Installing: /home/liyq/hi_ws/install/interfaces/local/lib/python3.10/dist-packages/interfaces/_interfaces_s.ep.rosidl_typesupport_fastrtps_c.c
-- Installing: /home/liyq/hi_ws/install/interfaces/local/lib/python3.10/dist-packages/interfaces/interfaces_s__rosidl_typesupport_c.cpython-310-x86_64-linux-gnu.so
-- Installing: /home/liyq/hi_ws/install/interfaces/local/lib/python3.10/dist-packages/interfaces/interfaces_s__rosidl_typesupport_introspection_c.cpython-310-x86_64-linux-gnu.so
Listing '/home/liyq/hi_ws/install/interfaces/local/lib/python3.10/dist-packages/interfaces'...
Compiling '/home/liyq/hi_ws/install/interfaces/local/lib/python3.10/dist-packages/interfaces/__init__.py'...
Listing '/home/liyq/hi_ws/install/interfaces/local/lib/python3.10/dist-packages/interfaces/msg'...
Compiling '/home/liyq/hi_ws/install/interfaces/local/lib/python3.10/dist-packages/interfaces/msg/__init__.py'...
Compiling '/home/liyq/hi_ws/install/interfaces/local/lib/python3.10/dist-packages/interfaces/msg/_color_detect.py'...
Compiling '/home/liyq/hi_ws/install/interfaces/local/lib/python3.10/dist-packages/interfaces/msg/_color_info.py'...
Compiling '/home/liyq/hi_ws/install/interfaces/local/lib/python3.10/dist-packages/interfaces/msg/_colors_info.py'...
Compiling '/home/liyq/hi_ws/install/interfaces/local/lib/python3.10/dist-packages/interfaces/msg/_face_info.py'...
Compiling '/home/liyq/hi_ws/install/interfaces/local/lib/python3.10/dist-packages/interfaces/msg/_faces_info.py'...
Compiling '/home/liyq/hi_ws/install/interfaces/local/lib/python3.10/dist-packages/interfaces/msg/_line_roi.py'...
Compiling '/home/liyq/hi_ws/install/interfaces/local/lib/python3.10/dist-packages/interfaces/msg/_object_info.py'...
Compiling '/home/liyq/hi_ws/install/interfaces/local/lib/python3.10/dist-packages/interfaces/msg/_objects_info.py'...
Compiling '/home/liyq/hi_ws/install/interfaces/local/lib/python3.10/dist-packages/interfaces/msg/_pixel_position.py'...
Compiling '/home/liyq/hi_ws/install/interfaces/local/lib/python3.10/dist-packages/interfaces/msg/_point2_d.py'...
Compiling '/home/liyq/hi_ws/install/interfaces/local/lib/python3.10/dist-packages/interfaces/msg/_points.py'...
Compiling '/home/liyq/hi_ws/install/interfaces/local/lib/python3.10/dist-packages/interfaces/msg/_pose2_d.py'...
Compiling '/home/liyq/hi_ws/install/interfaces/local/lib/python3.10/dist-packages/interfaces/msg/_roi.py'...
Listing '/home/liyq/hi_ws/install/interfaces/local/lib/python3.10/dist-packages/interfaces/srv'...
Compiling '/home/liyq/hi_ws/install/interfaces/local/lib/python3.10/dist-packages/interfaces/srv/__init__.py'...
Compiling '/home/liyq/hi_ws/install/interfaces/local/lib/python3.10/dist-packages/interfaces/srv/_change_range.py'...
Compiling '/home/liyq/hi_ws/install/interfaces/local/lib/python3.10/dist-packages/interfaces/srv/_get_all_color_name.py'...
Compiling '/home/liyq/hi_ws/install/interfaces/local/lib/python3.10/dist-packages/interfaces/srv/_get_pose.py'...
Compiling '/home/liyq/hi_ws/install/interfaces/local/lib/python3.10/dist-packages/interfaces/srv/_get_range.py'...
Compiling '/home/liyq/hi_ws/install/interfaces/local/lib/python3.10/dist-packages/interfaces/srv/_set_circle_roi.py'...
Compiling '/home/liyq/hi_ws/install/interfaces/local/lib/python3.10/dist-packages/interfaces/srv/_set_color_detect_param.py'...
Compiling '/home/liyq/hi_ws/install/interfaces/local/lib/python3.10/dist-packages/interfaces/srv/_set_color_rgba.py'...
Compiling '/home/liyq/hi_ws/install/interfaces/local/lib/python3.10/dist-packages/interfaces/srv/_set_float64.py'...
Compiling '/home/liyq/hi_ws/install/interfaces/local/lib/python3.10/dist-packages/interfaces/srv/_set_float64_list.py'...
Compiling '/home/liyq/hi_ws/install/interfaces/local/lib/python3.10/dist-packages/interfaces/srv/_set_int64.py'...
Compiling '/home/liyq/hi_ws/install/interfaces/local/lib/python3.10/dist-packages/interfaces/srv/_set_line_roi.py'...
Compiling '/home/liyq/hi_ws/install/interfaces/local/lib/python3.10/dist-packages/interfaces/srv/_set_point.py'...
Compiling '/home/liyq/hi_ws/install/interfaces/local/lib/python3.10/dist-packages/interfaces/srv/_set_pose.py'...
Compiling '/home/liyq/hi_ws/install/interfaces/local/lib/python3.10/dist-packages/interfaces/srv/_set_pose2_d.py'...
Compiling '/home/liyq/hi_ws/install/interfaces/local/lib/python3.10/dist-packages/interfaces/srv/_set_string.py'...
Compiling '/home/liyq/hi_ws/install/interfaces/local/lib/python3.10/dist-packages/interfaces/srv/_set_string_bool.py'...
Compiling '/home/liyq/hi_ws/install/interfaces/local/lib/python3.10/dist-packages/interfaces/srv/_set_string_list.py'...
Compiling '/home/liyq/hi_ws/install/interfaces/local/lib/python3.10/dist-packages/interfaces/srv/_stash_range.py'...
-- Installing: /home/liyq/hi_ws/install/interfaces/local/lib/python3.10/dist-packages/interfaces/interfaces_s__rosidl_typesupport_fastrtps_c.cpython-310-x86_64-linux-gnu.so
-- Set runtime path of "/home/liyq/hi_ws/install/interfaces/local/lib/python3.10/dist-packages/interfaces/interfaces_s__rosidl_typesupport_fastrtps_c.cpython-310-x86_64-linux-gnu.so" to ""
-- Installing: /home/liyq/hi_ws/install/interfaces/local/lib/python3.10/dist-packages/interfaces/interfaces_s__rosidl_typesupport_introspection_c.cpython-310-x86_64-linux-gnu.so
-- Set runtime path of "/home/liyq/hi_ws/install/interfaces/local/lib/python3.10/dist-packages/interfaces/interfaces_s__rosidl_typesupport_introspection_c.cpython-310-x86_64-linux-gnu.so" to ""
-- Installing: /home/liyq/hi_ws/install/interfaces/local/lib/python3.10/dist-packages/interfaces/interfaces_s__rosidl_typesupport_c.cpython-310-x86_64-linux-gnu.so
-- Set runtime path of "/home/liyq/hi_ws/install/interfaces/local/lib/python3.10/dist-packages/interfaces/interfaces_s__rosidl_typesupport_c.cpython-310-x86_64-linux-gnu.so" to ""
-- Installing: /home/liyq/hi_ws/install/interfaces/lib/libinterfaces__rosidl_generator_py.so
-- Set runtime path of "/home/liyq/hi_ws/install/interfaces/lib/libinterfaces__rosidl_generator_py.so" to ""
-- Installing: /home/liyq/hi_ws/install/interfaces/share/interfaces/msg/ColorDetect.idl
-- Installing: /home/liyq/hi_ws/install/interfaces/share/interfaces/msg/ColorInfo.idl
-- Installing: /home/liyq/hi_ws/install/interfaces/share/interfaces/msg/ColorsInfo.idl
-- Installing: /home/liyq/hi_ws/install/interfaces/share/interfaces/msg/LineROI.idl
-- Installing: /home/liyq/hi_ws/install/interfaces/share/interfaces/msg/ObjectInfo.idl
-- Installing: /home/liyq/hi_ws/install/interfaces/share/interfaces/msg/ObjectsInfo.idl
-- Installing: /home/liyq/hi_ws/install/interfaces/share/interfaces/msg/PixelPosition.idl
-- Installing: /home/liyq/hi_ws/install/interfaces/share/interfaces/msg/Point2D.idl
-- Installing: /home/liyq/hi_ws/install/interfaces/share/interfaces/msg/Points.idl
-- Installing: /home/liyq/hi_ws/install/interfaces/share/interfaces/msg/Pose2D.idl
-- Installing: /home/liyq/hi_ws/install/interfaces/share/interfaces/msg/ROI.idl
-- Installing: /home/liyq/hi_ws/install/interfaces/share/interfaces/msg/FaceInfo.idl
-- Installing: /home/liyq/hi_ws/install/interfaces/share/interfaces/msg/FacesInfo.idl
-- Installing: /home/liyq/hi_ws/install/interfaces/share/interfaces/srv/GetPose.idl
-- Installing: /home/liyq/hi_ws/install/interfaces/share/interfaces/srv/SetCircleROI.idl
-- Installing: /home/liyq/hi_ws/install/interfaces/share/interfaces/srv/SetColorDetectParam.idl
-- Installing: /home/liyq/hi_ws/install/interfaces/share/interfaces/srv/SetColorRGBA.idl
-- Installing: /home/liyq/hi_ws/install/interfaces/share/interfaces/srv/SetFloat64List.idl
-- Installing: /home/liyq/hi_ws/install/interfaces/share/interfaces/srv/SetFloat64.idl
-- Installing: /home/liyq/hi_ws/install/interfaces/share/interfaces/srv/SetInt64.idl
-- Installing: /home/liyq/hi_ws/install/interfaces/share/interfaces/srv/SetLineROI.idl
-- Installing: /home/liyq/hi_ws/install/interfaces/share/interfaces/srv/SetPoint.idl
-- Installing: /home/liyq/hi_ws/install/interfaces/share/interfaces/srv/SetPose2D.idl
-- Installing: /home/liyq/hi_ws/install/interfaces/share/interfaces/srv/SetPose.idl
-- Installing: /home/liyq/hi_ws/install/interfaces/share/interfaces/srv/SetStringList.idl
-- Installing: /home/liyq/hi_ws/install/interfaces/share/interfaces/srv/SetString.idl
-- Installing: /home/liyq/hi_ws/install/interfaces/share/interfaces/srv/SetStringBool.idl
-- Installing: /home/liyq/hi_ws/install/interfaces/share/interfaces/srv/ChangeRange.idl
-- Installing: /home/liyq/hi_ws/install/interfaces/share/interfaces/srv/GetAllColorName.idl
-- Installing: /home/liyq/hi_ws/install/interfaces/share/interfaces/srv/GetRange.idl
-- Installing: /home/liyq/hi_ws/install/interfaces/share/interfaces/srv/StashRange.idl
-- Installing: /home/liyq/hi_ws/install/interfaces/share/interfaces/msg/ColorDetect.msg
-- Installing: /home/liyq/hi_ws/install/interfaces/share/interfaces/msg/ColorInfo.msg
-- Installing: /home/liyq/hi_ws/install/interfaces/share/interfaces/msg/ColorsInfo.msg
-- Installing: /home/liyq/hi_ws/install/interfaces/share/interfaces/msg/LineROI.msg
-- Installing: /home/liyq/hi_ws/install/interfaces/share/interfaces/msg/ObjectInfo.msg
-- Installing: /home/liyq/hi_ws/install/interfaces/share/interfaces/msg/ObjectsInfo.msg
-- Installing: /home/liyq/hi_ws/install/interfaces/share/interfaces/msg/PixelPosition.msg
-- Installing: /home/liyq/hi_ws/install/interfaces/share/interfaces/msg/Point2D.msg
-- Installing: /home/liyq/hi_ws/install/interfaces/share/interfaces/msg/Points.msg
-- Installing: /home/liyq/hi_ws/install/interfaces/share/interfaces/msg/Pose2D.msg
-- Installing: /home/liyq/hi_ws/install/interfaces/share/interfaces/msg/ROI.msg
-- Installing: /home/liyq/hi_ws/install/interfaces/share/interfaces/msg/FaceInfo.msg
-- Installing: /home/liyq/hi_ws/install/interfaces/share/interfaces/msg/FacesInfo.msg
-- Installing: /home/liyq/hi_ws/install/interfaces/share/interfaces/srv/GetPose.srv
-- Installing: /home/liyq/hi_ws/install/interfaces/share/interfaces/srv/GetPose_Request.msg
-- Installing: /home/liyq/hi_ws/install/interfaces/share/interfaces/srv/GetPose_Response.msg
-- Installing: /home/liyq/hi_ws/install/interfaces/share/interfaces/srv/SetCircleROI.srv
-- Installing: /home/liyq/hi_ws/install/interfaces/share/interfaces/srv/SetCircleROI_Request.msg
-- Installing: /home/liyq/hi_ws/install/interfaces/share/interfaces/srv/SetCircleROI_Response.msg
-- Installing: /home/liyq/hi_ws/install/interfaces/share/interfaces/srv/SetColorDetectParam.srv
-- Installing: /home/liyq/hi_ws/install/interfaces/share/interfaces/srv/SetColorDetectParam_Request.msg
-- Installing: /home/liyq/hi_ws/install/interfaces/share/interfaces/srv/SetColorDetectParam_Response.msg
-- Installing: /home/liyq/hi_ws/install/interfaces/share/interfaces/srv/SetColorRGBA.srv
-- Installing: /home/liyq/hi_ws/install/interfaces/share/interfaces/srv/SetColorRGBA_Request.msg
-- Installing: /home/liyq/hi_ws/install/interfaces/share/interfaces/srv/SetColorRGBA_Response.msg
-- Installing: /home/liyq/hi_ws/install/interfaces/share/interfaces/srv/SetFloat64List.srv
-- Installing: /home/liyq/hi_ws/install/interfaces/share/interfaces/srv/SetFloat64List_Request.msg
-- Installing: /home/liyq/hi_ws/install/interfaces/share/interfaces/srv/SetFloat64List_Response.msg
-- Installing: /home/liyq/hi_ws/install/interfaces/share/interfaces/srv/SetFloat64.srv
-- Installing: /home/liyq/hi_ws/install/interfaces/share/interfaces/srv/SetFloat64_Request.msg
-- Installing: /home/liyq/hi_ws/install/interfaces/share/interfaces/srv/SetFloat64_Response.msg
-- Installing: /home/liyq/hi_ws/install/interfaces/share/interfaces/srv/SetInt64.srv
-- Installing: /home/liyq/hi_ws/install/interfaces/share/interfaces/srv/SetInt64_Request.msg
-- Installing: /home/liyq/hi_ws/install/interfaces/share/interfaces/srv/SetInt64_Response.msg
-- Installing: /home/liyq/hi_ws/install/interfaces/share/interfaces/srv/SetLineROI.srv
-- Installing: /home/liyq/hi_ws/install/interfaces/share/interfaces/srv/SetLineROI_Request.msg
-- Installing: /home/liyq/hi_ws/install/interfaces/share/interfaces/srv/SetLineROI_Response.msg
-- Installing: /home/liyq/hi_ws/install/interfaces/share/interfaces/srv/SetPoint.srv
-- Installing: /home/liyq/hi_ws/install/interfaces/share/interfaces/srv/SetPoint_Request.msg
-- Installing: /home/liyq/hi_ws/install/interfaces/share/interfaces/srv/SetPoint_Response.msg
-- Installing: /home/liyq/hi_ws/install/interfaces/share/interfaces/srv/SetPose2D.srv
-- Installing: /home/liyq/hi_ws/install/interfaces/share/interfaces/srv/SetPose2D_Request.msg
-- Installing: /home/liyq/hi_ws/install/interfaces/share/interfaces/srv/SetPose2D_Response.msg
-- Installing: /home/liyq/hi_ws/install/interfaces/share/interfaces/srv/SetPose.srv
-- Installing: /home/liyq/hi_ws/install/interfaces/share/interfaces/srv/SetPose_Request.msg
-- Installing: /home/liyq/hi_ws/install/interfaces/share/interfaces/srv/SetPose_Response.msg
-- Installing: /home/liyq/hi_ws/install/interfaces/share/interfaces/srv/SetStringList.srv
-- Installing: /home/liyq/hi_ws/install/interfaces/share/interfaces/srv/SetStringList_Request.msg
-- Installing: /home/liyq/hi_ws/install/interfaces/share/interfaces/srv/SetStringList_Response.msg
-- Installing: /home/liyq/hi_ws/install/interfaces/share/interfaces/srv/SetString.srv
-- Installing: /home/liyq/hi_ws/install/interfaces/share/interfaces/srv/SetString_Request.msg
-- Installing: /home/liyq/hi_ws/install/interfaces/share/interfaces/srv/SetString_Response.msg
-- Installing: /home/liyq/hi_ws/install/interfaces/share/interfaces/srv/SetStringBool.srv
-- Installing: /home/liyq/hi_ws/install/interfaces/share/interfaces/srv/SetStringBool_Request.msg
-- Installing: /home/liyq/hi_ws/install/interfaces/share/interfaces/srv/SetStringBool_Response.msg
-- Installing: /home/liyq/hi_ws/install/interfaces/share/interfaces/srv/ChangeRange.srv
-- Installing: /home/liyq/hi_ws/install/interfaces/share/interfaces/srv/ChangeRange_Request.msg
-- Installing: /home/liyq/hi_ws/install/interfaces/share/interfaces/srv/ChangeRange_Response.msg
-- Installing: /home/liyq/hi_ws/install/interfaces/share/interfaces/srv/GetAllColorName.srv
-- Installing: /home/liyq/hi_ws/install/interfaces/share/interfaces/srv/GetAllColorName_Request.msg
-- Installing: /home/liyq/hi_ws/install/interfaces/share/interfaces/srv/GetAllColorName_Response.msg
-- Installing: /home/liyq/hi_ws/install/interfaces/share/interfaces/srv/GetRange.srv
-- Installing: /home/liyq/hi_ws/install/interfaces/share/interfaces/srv/GetRange_Request.msg
-- Installing: /home/liyq/hi_ws/install/interfaces/share/interfaces/srv/GetRange_Response.msg
-- Installing: /home/liyq/hi_ws/install/interfaces/share/interfaces/srv/StashRange.srv
-- Installing: /home/liyq/hi_ws/install/interfaces/share/interfaces/srv/StashRange_Request.msg
-- Installing: /home/liyq/hi_ws/install/interfaces/share/interfaces/srv/StashRange_Response.msg
-- Installing: /home/liyq/hi_ws/install/interfaces/share/interfaces/mapping_rules.yaml
-- Installing: /home/liyq/hi_ws/install/interfaces/share/ament_index/resource_index/package_run_dependencies/interfaces
-- Installing: /home/liyq/hi_ws/install/interfaces/share/ament_index/resource_index/parent_prefix_path/interfaces
-- Installing: /home/liyq/hi_ws/install/interfaces/share/interfaces/environment/ament_prefix_path.sh
-- Installing: /home/liyq/hi_ws/install/interfaces/share/interfaces/environment/ament_prefix_path.dsv
-- Installing: /home/liyq/hi_ws/install/interfaces/share/interfaces/environment/path.sh
-- Installing: /home/liyq/hi_ws/install/interfaces/share/interfaces/environment/path.dsv
-- Installing: /home/liyq/hi_ws/install/interfaces/share/interfaces/local_setup.bash
-- Installing: /home/liyq/hi_ws/install/interfaces/share/interfaces/local_setup.sh
-- Installing: /home/liyq/hi_ws/install/interfaces/share/interfaces/local_setup.zsh
-- Installing: /home/liyq/hi_ws/install/interfaces/share/interfaces/local_setup.dsv
-- Installing: /home/liyq/hi_ws/install/interfaces/share/interfaces/package.dsv
-- Installing: /home/liyq/hi_ws/install/interfaces/share/ament_index/resource_index/packages/interfaces
-- Installing: /home/liyq/hi_ws/install/interfaces/share/interfaces/cmake/export_interfaces__rosidl_generator_cExport.cmake
-- Installing: /home/liyq/hi_ws/install/interfaces/share/interfaces/cmake/export_interfaces__rosidl_generator_cExport-noconfig.cmake
-- Installing: /home/liyq/hi_ws/install/interfaces/share/interfaces/cmake/export_interfaces__rosidl_typesupport_fastrtps_cExport.cmake
-- Installing: /home/liyq/hi_ws/install/interfaces/share/interfaces/cmake/export_interfaces__rosidl_typesupport_fastrtps_cExport-noconfig.cmake
-- Installing: /home/liyq/hi_ws/install/interfaces/share/interfaces/cmake/export_interfaces__rosidl_generator_cppExport.cmake
-- Installing: /home/liyq/hi_ws/install/interfaces/share/interfaces/cmake/export_interfaces__rosidl_typesupport_fastrtps_cppExport.cmake
-- Installing: /home/liyq/hi_ws/install/interfaces/share/interfaces/cmake/export_interfaces__rosidl_typesupport_fastrtps_cppExport-noconfig.cmake
-- Installing: /home/liyq/hi_ws/install/interfaces/share/interfaces/cmake/interfaces__rosidl_typesupport_introspection_cExport.cmake
-- Installing: /home/liyq/hi_ws/install/interfaces/share/interfaces/cmake/interfaces__rosidl_typesupport_introspection_cExport-noconfig.cmake
-- Installing: /home/liyq/hi_ws/install/interfaces/share/interfaces/cmake/interfaces__rosidl_typesupport_cExport.cmake
-- Installing: /home/liyq/hi_ws/install/interfaces/share/interfaces/cmake/interfaces__rosidl_typesupport_cExport-noconfig.cmake
-- Installing: /home/liyq/hi_ws/install/interfaces/share/interfaces/cmake/interfaces__rosidl_typesupport_introspection_cppExport.cmake
-- Installing: /home/liyq/hi_ws/install/interfaces/share/interfaces/cmake/interfaces__rosidl_typesupport_introspection_cppExport-noconfig.cmake
-- Installing: /home/liyq/hi_ws/install/interfaces/share/interfaces/cmake/interfaces__rosidl_typesupport_cppExport.cmake
-- Installing: /home/liyq/hi_ws/install/interfaces/share/interfaces/cmake/interfaces__rosidl_typesupport_cppExport-noconfig.cmake
-- Installing: /home/liyq/hi_ws/install/interfaces/share/interfaces/cmake/export_interfaces__rosidl_generator_pyExport.cmake
-- Installing: /home/liyq/hi_ws/install/interfaces/share/interfaces/cmake/export_interfaces__rosidl_generator_pyExport-noconfig.cmake
-- Installing: /home/liyq/hi_ws/install/interfaces/share/interfaces/cmake/rosidl_cmake-extras.cmake
-- Installing: /home/liyq/hi_ws/install/interfaces/share/interfaces/cmake/ament_cmake_export_dependencies-extras.cmake
-- Installing: /home/liyq/hi_ws/install/interfaces/share/interfaces/cmake/ament_cmake_export_include_directories-extras.cmake
-- Installing: /home/liyq/hi_ws/install/interfaces/share/interfaces/cmake/ament_cmake_export_libraries-extras.cmake
-- Installing: /home/liyq/hi_ws/install/interfaces/share/interfaces/cmake/ament_cmake_export_targets-extras.cmake
-- Installing: /home/liyq/hi_ws/install/interfaces/share/interfaces/cmake/rosidl_cmake_export_typesupport_targets-extras.cmake
-- Installing: /home/liyq/hi_ws/install/interfaces/share/interfaces/cmake/rosidl_cmake_export_typesupport_libraries-extras.cmake
-- Installing: /home/liyq/hi_ws/install/interfaces/share/interfaces/cmake/interfacesConfig.cmake
-- Installing: /home/liyq/hi_ws/install/interfaces/share/interfaces/cmake/interfacesConfig-version.cmake
-- Installing: /home/liyq/hi_ws/install/interfaces/share/interfaces/package.xml
