running egg_info
creating ../../../build/motor/motor.egg-info
writing ../../../build/motor/motor.egg-info/PKG-INFO
writing dependency_links to ../../../build/motor/motor.egg-info/dependency_links.txt
writing entry points to ../../../build/motor/motor.egg-info/entry_points.txt
writing requirements to ../../../build/motor/motor.egg-info/requires.txt
writing top-level names to ../../../build/motor/motor.egg-info/top_level.txt
writing manifest file '../../../build/motor/motor.egg-info/SOURCES.txt'
reading manifest file '../../../build/motor/motor.egg-info/SOURCES.txt'
writing manifest file '../../../build/motor/motor.egg-info/SOURCES.txt'
running build
running build_py
creating /home/liyq/hi_ws/build/motor/build
creating /home/liyq/hi_ws/build/motor/build/lib
creating /home/liyq/hi_ws/build/motor/build/lib/motor
copying motor/__init__.py -> /home/liyq/hi_ws/build/motor/build/lib/motor
copying motor/color_sorting.py -> /home/liyq/hi_ws/build/motor/build/lib/motor
running install
running install_lib
creating /home/liyq/hi_ws/install/motor/lib/python3.10/site-packages/motor
copying /home/liyq/hi_ws/build/motor/build/lib/motor/__init__.py -> /home/liyq/hi_ws/install/motor/lib/python3.10/site-packages/motor
copying /home/liyq/hi_ws/build/motor/build/lib/motor/color_sorting.py -> /home/liyq/hi_ws/install/motor/lib/python3.10/site-packages/motor
byte-compiling /home/liyq/hi_ws/install/motor/lib/python3.10/site-packages/motor/__init__.py to __init__.cpython-310.pyc
byte-compiling /home/liyq/hi_ws/install/motor/lib/python3.10/site-packages/motor/color_sorting.py to color_sorting.cpython-310.pyc
running install_data
creating /home/liyq/hi_ws/install/motor/share/ament_index
creating /home/liyq/hi_ws/install/motor/share/ament_index/resource_index
creating /home/liyq/hi_ws/install/motor/share/ament_index/resource_index/packages
copying resource/motor -> /home/liyq/hi_ws/install/motor/share/ament_index/resource_index/packages
copying package.xml -> /home/liyq/hi_ws/install/motor/share/motor
creating /home/liyq/hi_ws/install/motor/share/motor/launch
copying launch/color_sorting.launch.py -> /home/liyq/hi_ws/install/motor/share/motor/launch
running install_egg_info
Copying ../../../build/motor/motor.egg-info to /home/liyq/hi_ws/install/motor/lib/python3.10/site-packages/motor-0.0.0-py3.10.egg-info
running install_scripts
Installing color_sorting script to /home/liyq/hi_ws/install/motor/lib/motor
writing list of installed files to '/home/liyq/hi_ws/build/motor/install.log'
