/home/liyq/hi_ws/install/sdk/lib/python3.10/site-packages/sdk/hw_interfaces.py
/home/liyq/hi_ws/install/sdk/lib/python3.10/site-packages/sdk/common.py
/home/liyq/hi_ws/install/sdk/lib/python3.10/site-packages/sdk/tone.py
/home/liyq/hi_ws/install/sdk/lib/python3.10/site-packages/sdk/__init__.py
/home/liyq/hi_ws/install/sdk/lib/python3.10/site-packages/sdk/check_servo_connection.py
/home/liyq/hi_ws/install/sdk/lib/python3.10/site-packages/sdk/pid.py
/home/liyq/hi_ws/install/sdk/lib/python3.10/site-packages/sdk/buzzer.py
/home/liyq/hi_ws/install/sdk/lib/python3.10/site-packages/sdk/misc.py
/home/liyq/hi_ws/install/sdk/lib/python3.10/site-packages/sdk/fps.py
/home/liyq/hi_ws/install/sdk/lib/python3.10/site-packages/sdk/__pycache__/hw_interfaces.cpython-310.pyc
/home/liyq/hi_ws/install/sdk/lib/python3.10/site-packages/sdk/__pycache__/common.cpython-310.pyc
/home/liyq/hi_ws/install/sdk/lib/python3.10/site-packages/sdk/__pycache__/tone.cpython-310.pyc
/home/liyq/hi_ws/install/sdk/lib/python3.10/site-packages/sdk/__pycache__/__init__.cpython-310.pyc
/home/liyq/hi_ws/install/sdk/lib/python3.10/site-packages/sdk/__pycache__/check_servo_connection.cpython-310.pyc
/home/liyq/hi_ws/install/sdk/lib/python3.10/site-packages/sdk/__pycache__/pid.cpython-310.pyc
/home/liyq/hi_ws/install/sdk/lib/python3.10/site-packages/sdk/__pycache__/buzzer.cpython-310.pyc
/home/liyq/hi_ws/install/sdk/lib/python3.10/site-packages/sdk/__pycache__/misc.cpython-310.pyc
/home/liyq/hi_ws/install/sdk/lib/python3.10/site-packages/sdk/__pycache__/fps.cpython-310.pyc
/home/liyq/hi_ws/install/sdk/share/ament_index/resource_index/packages/sdk
/home/liyq/hi_ws/install/sdk/share/sdk/package.xml
/home/liyq/hi_ws/install/sdk/share/sdk/launch/jetarm_sdk.launch.py
/home/liyq/hi_ws/install/sdk/lib/python3.10/site-packages/sdk-0.0.0-py3.10.egg-info/requires.txt
/home/liyq/hi_ws/install/sdk/lib/python3.10/site-packages/sdk-0.0.0-py3.10.egg-info/zip-safe
/home/liyq/hi_ws/install/sdk/lib/python3.10/site-packages/sdk-0.0.0-py3.10.egg-info/SOURCES.txt
/home/liyq/hi_ws/install/sdk/lib/python3.10/site-packages/sdk-0.0.0-py3.10.egg-info/entry_points.txt
/home/liyq/hi_ws/install/sdk/lib/python3.10/site-packages/sdk-0.0.0-py3.10.egg-info/PKG-INFO
/home/liyq/hi_ws/install/sdk/lib/python3.10/site-packages/sdk-0.0.0-py3.10.egg-info/top_level.txt
/home/liyq/hi_ws/install/sdk/lib/python3.10/site-packages/sdk-0.0.0-py3.10.egg-info/dependency_links.txt
/home/liyq/hi_ws/install/sdk/lib/sdk/check_servo_connection
