-- The C compiler identification is GNU 11.4.0
-- The CXX compiler identification is GNU 11.4.0
-- Detecting C compiler ABI info
-- Detecting C compiler ABI info - done
-- Check for working C compiler: /usr/bin/cc - skipped
-- Detecting C compile features
-- Detecting C compile features - done
-- Detecting CXX compiler ABI info
-- Detecting CXX compiler ABI info - done
-- Check for working CXX compiler: /usr/bin/c++ - skipped
-- Detecting CXX compile features
-- Detecting CXX compile features - done
-- Found ament_cmake: 1.3.12 (/opt/ros/humble/share/ament_cmake/cmake)
-- Found Python3: /usr/bin/python3 (found version "3.10.12") found components: Interpreter 
-- Found rclpy: 3.3.19 (/opt/ros/humble/share/rclpy/cmake)
-- Found geometry_msgs: 4.9.0 (/opt/ros/humble/share/geometry_msgs/cmake)
-- Found rosidl_generator_c: 3.1.7 (/opt/ros/humble/share/rosidl_generator_c/cmake)
-- Found rosidl_adapter: 3.1.7 (/opt/ros/humble/share/rosidl_adapter/cmake)
-- Found rosidl_generator_cpp: 3.1.7 (/opt/ros/humble/share/rosidl_generator_cpp/cmake)
-- Using all available rosidl_typesupport_c: rosidl_typesupport_fastrtps_c;rosidl_typesupport_introspection_c
-- Using all available rosidl_typesupport_cpp: rosidl_typesupport_fastrtps_cpp;rosidl_typesupport_introspection_cpp
-- Found rosidl_default_generators: 1.2.0 (/opt/ros/humble/share/rosidl_default_generators/cmake)
-- Found ament_cmake_ros: 0.10.0 (/opt/ros/humble/share/ament_cmake_ros/cmake)
-- Using all available rosidl_typesupport_c: rosidl_typesupport_fastrtps_c;rosidl_typesupport_introspection_c
-- Using all available rosidl_typesupport_cpp: rosidl_typesupport_fastrtps_cpp;rosidl_typesupport_introspection_cpp
-- Found PythonInterp: /usr/bin/python3 (found suitable version "3.10.12", minimum required is "3.6") 
-- Found python_cmake_module: 0.10.0 (/opt/ros/humble/share/python_cmake_module/cmake)
-- Found PythonLibs: /usr/lib/x86_64-linux-gnu/libpython3.10.so (found suitable version "3.10.12", minimum required is "3.5") 
-- Using PYTHON_EXECUTABLE: /usr/bin/python3
-- Using PYTHON_INCLUDE_DIRS: /usr/include/python3.10
-- Using PYTHON_LIBRARIES: /usr/lib/x86_64-linux-gnu/libpython3.10.so
-- Found PythonExtra: .so  
-- Found ament_lint_auto: 0.12.14 (/opt/ros/humble/share/ament_lint_auto/cmake)
-- Added test 'copyright' to check source files copyright and LICENSE
-- Added test 'lint_cmake' to check CMake code style
-- Added test 'xmllint' to check XML markup files
-- Configuring done
-- Generating done
-- Build files have been written to: /home/liyq/hi_ws/build/kinematics_msgs
[  1%] [34m[1mGenerating C code for ROS interfaces[0m
[  1%] [34m[1mGenerating C++ code for ROS interfaces[0m
[  1%] Built target ament_cmake_python_copy_kinematics_msgs
running egg_info
creating kinematics_msgs.egg-info
writing kinematics_msgs.egg-info/PKG-INFO
writing dependency_links to kinematics_msgs.egg-info/dependency_links.txt
writing top-level names to kinematics_msgs.egg-info/top_level.txt
writing manifest file 'kinematics_msgs.egg-info/SOURCES.txt'
reading manifest file 'kinematics_msgs.egg-info/SOURCES.txt'
writing manifest file 'kinematics_msgs.egg-info/SOURCES.txt'
[  1%] Built target ament_cmake_python_build_kinematics_msgs_egg
[  1%] Built target kinematics_msgs__cpp
[  2%] [34m[1mGenerating C++ type support dispatch for ROS interfaces[0m
[  3%] [34m[1mGenerating C++ introspection for ROS interfaces[0m
[  4%] [34m[1mGenerating C++ type support for eProsima Fast-RTPS[0m
[  5%] [32mBuilding C object CMakeFiles/kinematics_msgs__rosidl_generator_c.dir/rosidl_generator_c/kinematics_msgs/msg/detail/joints_range__functions.c.o[0m
[  6%] [32mBuilding C object CMakeFiles/kinematics_msgs__rosidl_generator_c.dir/rosidl_generator_c/kinematics_msgs/msg/detail/joint_range__functions.c.o[0m
[  7%] [32mBuilding C object CMakeFiles/kinematics_msgs__rosidl_generator_c.dir/rosidl_generator_c/kinematics_msgs/srv/detail/get_joint_range__functions.c.o[0m
[  8%] [32mBuilding C object CMakeFiles/kinematics_msgs__rosidl_generator_c.dir/rosidl_generator_c/kinematics_msgs/srv/detail/get_link__functions.c.o[0m
[  9%] [32mBuilding C object CMakeFiles/kinematics_msgs__rosidl_generator_c.dir/rosidl_generator_c/kinematics_msgs/msg/detail/link__functions.c.o[0m
[ 10%] [32mBuilding C object CMakeFiles/kinematics_msgs__rosidl_generator_c.dir/rosidl_generator_c/kinematics_msgs/srv/detail/get_robot_pose__functions.c.o[0m
[ 11%] [32mBuilding C object CMakeFiles/kinematics_msgs__rosidl_generator_c.dir/rosidl_generator_c/kinematics_msgs/srv/detail/set_joint_value__functions.c.o[0m
[ 12%] [32mBuilding C object CMakeFiles/kinematics_msgs__rosidl_generator_c.dir/rosidl_generator_c/kinematics_msgs/srv/detail/set_link__functions.c.o[0m
[ 13%] [32mBuilding C object CMakeFiles/kinematics_msgs__rosidl_generator_c.dir/rosidl_generator_c/kinematics_msgs/srv/detail/set_joint_range__functions.c.o[0m
[ 14%] [32mBuilding C object CMakeFiles/kinematics_msgs__rosidl_generator_c.dir/rosidl_generator_c/kinematics_msgs/srv/detail/set_robot_pose__functions.c.o[0m
[ 15%] [32m[1mLinking C shared library libkinematics_msgs__rosidl_generator_c.so[0m
[ 15%] Built target kinematics_msgs__rosidl_generator_c
[ 16%] [34m[1mGenerating C type support for eProsima Fast-RTPS[0m
[ 17%] [34m[1mGenerating C type support dispatch for ROS interfaces[0m
[ 18%] [34m[1mGenerating C introspection for ROS interfaces[0m
[ 19%] [32mBuilding CXX object CMakeFiles/kinematics_msgs__rosidl_typesupport_cpp.dir/rosidl_typesupport_cpp/kinematics_msgs/msg/joint_range__type_support.cpp.o[0m
[ 20%] [32mBuilding CXX object CMakeFiles/kinematics_msgs__rosidl_typesupport_cpp.dir/rosidl_typesupport_cpp/kinematics_msgs/msg/link__type_support.cpp.o[0m
[ 21%] [32mBuilding CXX object CMakeFiles/kinematics_msgs__rosidl_typesupport_cpp.dir/rosidl_typesupport_cpp/kinematics_msgs/msg/joints_range__type_support.cpp.o[0m
[ 22%] [32mBuilding CXX object CMakeFiles/kinematics_msgs__rosidl_typesupport_cpp.dir/rosidl_typesupport_cpp/kinematics_msgs/srv/get_joint_range__type_support.cpp.o[0m
[ 23%] [32mBuilding CXX object CMakeFiles/kinematics_msgs__rosidl_typesupport_introspection_cpp.dir/rosidl_typesupport_introspection_cpp/kinematics_msgs/msg/detail/joint_range__type_support.cpp.o[0m
[ 24%] [32mBuilding CXX object CMakeFiles/kinematics_msgs__rosidl_typesupport_cpp.dir/rosidl_typesupport_cpp/kinematics_msgs/srv/get_link__type_support.cpp.o[0m
[ 25%] [32mBuilding CXX object CMakeFiles/kinematics_msgs__rosidl_typesupport_cpp.dir/rosidl_typesupport_cpp/kinematics_msgs/srv/get_robot_pose__type_support.cpp.o[0m
[ 26%] [32mBuilding CXX object CMakeFiles/kinematics_msgs__rosidl_typesupport_cpp.dir/rosidl_typesupport_cpp/kinematics_msgs/srv/set_joint_range__type_support.cpp.o[0m
[ 27%] [32mBuilding CXX object CMakeFiles/kinematics_msgs__rosidl_typesupport_c.dir/rosidl_typesupport_c/kinematics_msgs/msg/joint_range__type_support.cpp.o[0m
[ 28%] [32mBuilding CXX object CMakeFiles/kinematics_msgs__rosidl_typesupport_c.dir/rosidl_typesupport_c/kinematics_msgs/msg/joints_range__type_support.cpp.o[0m
[ 29%] [32mBuilding CXX object CMakeFiles/kinematics_msgs__rosidl_typesupport_cpp.dir/rosidl_typesupport_cpp/kinematics_msgs/srv/set_joint_value__type_support.cpp.o[0m
[ 30%] [32mBuilding CXX object CMakeFiles/kinematics_msgs__rosidl_typesupport_c.dir/rosidl_typesupport_c/kinematics_msgs/msg/link__type_support.cpp.o[0m
[ 31%] [32mBuilding CXX object CMakeFiles/kinematics_msgs__rosidl_typesupport_c.dir/rosidl_typesupport_c/kinematics_msgs/srv/get_joint_range__type_support.cpp.o[0m
[ 32%] [32mBuilding CXX object CMakeFiles/kinematics_msgs__rosidl_typesupport_introspection_cpp.dir/rosidl_typesupport_introspection_cpp/kinematics_msgs/msg/detail/joints_range__type_support.cpp.o[0m
[ 33%] [32mBuilding CXX object CMakeFiles/kinematics_msgs__rosidl_typesupport_c.dir/rosidl_typesupport_c/kinematics_msgs/srv/get_link__type_support.cpp.o[0m
[ 34%] [32mBuilding CXX object CMakeFiles/kinematics_msgs__rosidl_typesupport_c.dir/rosidl_typesupport_c/kinematics_msgs/srv/get_robot_pose__type_support.cpp.o[0m
[ 35%] [32mBuilding CXX object CMakeFiles/kinematics_msgs__rosidl_typesupport_introspection_cpp.dir/rosidl_typesupport_introspection_cpp/kinematics_msgs/msg/detail/link__type_support.cpp.o[0m
[ 36%] [32mBuilding CXX object CMakeFiles/kinematics_msgs__rosidl_typesupport_cpp.dir/rosidl_typesupport_cpp/kinematics_msgs/srv/set_link__type_support.cpp.o[0m
[ 37%] [32mBuilding CXX object CMakeFiles/kinematics_msgs__rosidl_typesupport_c.dir/rosidl_typesupport_c/kinematics_msgs/srv/set_joint_range__type_support.cpp.o[0m
[ 38%] [32mBuilding CXX object CMakeFiles/kinematics_msgs__rosidl_typesupport_fastrtps_cpp.dir/rosidl_typesupport_fastrtps_cpp/kinematics_msgs/msg/detail/dds_fastrtps/joint_range__type_support.cpp.o[0m
[ 39%] [32mBuilding CXX object CMakeFiles/kinematics_msgs__rosidl_typesupport_c.dir/rosidl_typesupport_c/kinematics_msgs/srv/set_joint_value__type_support.cpp.o[0m
[ 39%] [32mBuilding CXX object CMakeFiles/kinematics_msgs__rosidl_typesupport_c.dir/rosidl_typesupport_c/kinematics_msgs/srv/set_link__type_support.cpp.o[0m
[ 40%] [32mBuilding CXX object CMakeFiles/kinematics_msgs__rosidl_typesupport_fastrtps_c.dir/rosidl_typesupport_fastrtps_c/kinematics_msgs/msg/detail/joint_range__type_support_c.cpp.o[0m
[ 41%] [32mBuilding CXX object CMakeFiles/kinematics_msgs__rosidl_typesupport_c.dir/rosidl_typesupport_c/kinematics_msgs/srv/set_robot_pose__type_support.cpp.o[0m
[ 42%] [32mBuilding CXX object CMakeFiles/kinematics_msgs__rosidl_typesupport_fastrtps_cpp.dir/rosidl_typesupport_fastrtps_cpp/kinematics_msgs/msg/detail/dds_fastrtps/joints_range__type_support.cpp.o[0m
[ 43%] [32m[1mLinking CXX shared library libkinematics_msgs__rosidl_typesupport_c.so[0m
[ 43%] Built target kinematics_msgs__rosidl_typesupport_c
[ 44%] [32mBuilding CXX object CMakeFiles/kinematics_msgs__rosidl_typesupport_introspection_cpp.dir/rosidl_typesupport_introspection_cpp/kinematics_msgs/srv/detail/get_joint_range__type_support.cpp.o[0m
[ 45%] [32mBuilding C object CMakeFiles/kinematics_msgs__rosidl_typesupport_introspection_c.dir/rosidl_typesupport_introspection_c/kinematics_msgs/msg/detail/joint_range__type_support.c.o[0m
[ 46%] [32mBuilding C object CMakeFiles/kinematics_msgs__rosidl_typesupport_introspection_c.dir/rosidl_typesupport_introspection_c/kinematics_msgs/msg/detail/joints_range__type_support.c.o[0m
[ 47%] [32mBuilding CXX object CMakeFiles/kinematics_msgs__rosidl_typesupport_introspection_cpp.dir/rosidl_typesupport_introspection_cpp/kinematics_msgs/srv/detail/get_link__type_support.cpp.o[0m
[ 48%] [32mBuilding C object CMakeFiles/kinematics_msgs__rosidl_typesupport_introspection_c.dir/rosidl_typesupport_introspection_c/kinematics_msgs/msg/detail/link__type_support.c.o[0m
[ 49%] [32mBuilding CXX object CMakeFiles/kinematics_msgs__rosidl_typesupport_cpp.dir/rosidl_typesupport_cpp/kinematics_msgs/srv/set_robot_pose__type_support.cpp.o[0m
[ 50%] [32mBuilding CXX object CMakeFiles/kinematics_msgs__rosidl_typesupport_introspection_cpp.dir/rosidl_typesupport_introspection_cpp/kinematics_msgs/srv/detail/get_robot_pose__type_support.cpp.o[0m
[ 51%] [32mBuilding C object CMakeFiles/kinematics_msgs__rosidl_typesupport_introspection_c.dir/rosidl_typesupport_introspection_c/kinematics_msgs/srv/detail/get_joint_range__type_support.c.o[0m
[ 52%] [32mBuilding C object CMakeFiles/kinematics_msgs__rosidl_typesupport_introspection_c.dir/rosidl_typesupport_introspection_c/kinematics_msgs/srv/detail/get_link__type_support.c.o[0m
[ 53%] [32mBuilding CXX object CMakeFiles/kinematics_msgs__rosidl_typesupport_fastrtps_c.dir/rosidl_typesupport_fastrtps_c/kinematics_msgs/msg/detail/joints_range__type_support_c.cpp.o[0m
[ 54%] [32mBuilding C object CMakeFiles/kinematics_msgs__rosidl_typesupport_introspection_c.dir/rosidl_typesupport_introspection_c/kinematics_msgs/srv/detail/get_robot_pose__type_support.c.o[0m
[ 55%] [32mBuilding C object CMakeFiles/kinematics_msgs__rosidl_typesupport_introspection_c.dir/rosidl_typesupport_introspection_c/kinematics_msgs/srv/detail/set_joint_range__type_support.c.o[0m
[ 56%] [32mBuilding C object CMakeFiles/kinematics_msgs__rosidl_typesupport_introspection_c.dir/rosidl_typesupport_introspection_c/kinematics_msgs/srv/detail/set_joint_value__type_support.c.o[0m
[ 57%] [32mBuilding C object CMakeFiles/kinematics_msgs__rosidl_typesupport_introspection_c.dir/rosidl_typesupport_introspection_c/kinematics_msgs/srv/detail/set_link__type_support.c.o[0m
[ 58%] [32mBuilding C object CMakeFiles/kinematics_msgs__rosidl_typesupport_introspection_c.dir/rosidl_typesupport_introspection_c/kinematics_msgs/srv/detail/set_robot_pose__type_support.c.o[0m
[ 59%] [32mBuilding CXX object CMakeFiles/kinematics_msgs__rosidl_typesupport_fastrtps_c.dir/rosidl_typesupport_fastrtps_c/kinematics_msgs/msg/detail/link__type_support_c.cpp.o[0m
[ 60%] [32m[1mLinking C shared library libkinematics_msgs__rosidl_typesupport_introspection_c.so[0m
[ 60%] Built target kinematics_msgs__rosidl_typesupport_introspection_c
[ 60%] [32mBuilding CXX object CMakeFiles/kinematics_msgs__rosidl_typesupport_fastrtps_cpp.dir/rosidl_typesupport_fastrtps_cpp/kinematics_msgs/msg/detail/dds_fastrtps/link__type_support.cpp.o[0m
[ 61%] [32mBuilding CXX object CMakeFiles/kinematics_msgs__rosidl_typesupport_fastrtps_cpp.dir/rosidl_typesupport_fastrtps_cpp/kinematics_msgs/srv/detail/dds_fastrtps/get_joint_range__type_support.cpp.o[0m
[ 62%] [32mBuilding CXX object CMakeFiles/kinematics_msgs__rosidl_typesupport_introspection_cpp.dir/rosidl_typesupport_introspection_cpp/kinematics_msgs/srv/detail/set_joint_range__type_support.cpp.o[0m
[ 63%] [32m[1mLinking CXX shared library libkinematics_msgs__rosidl_typesupport_cpp.so[0m
[ 64%] [32mBuilding CXX object CMakeFiles/kinematics_msgs__rosidl_typesupport_fastrtps_c.dir/rosidl_typesupport_fastrtps_c/kinematics_msgs/srv/detail/get_joint_range__type_support_c.cpp.o[0m
[ 64%] Built target kinematics_msgs__rosidl_typesupport_cpp
[ 65%] [32mBuilding CXX object CMakeFiles/kinematics_msgs__rosidl_typesupport_introspection_cpp.dir/rosidl_typesupport_introspection_cpp/kinematics_msgs/srv/detail/set_link__type_support.cpp.o[0m
[ 66%] [32mBuilding CXX object CMakeFiles/kinematics_msgs__rosidl_typesupport_introspection_cpp.dir/rosidl_typesupport_introspection_cpp/kinematics_msgs/srv/detail/set_joint_value__type_support.cpp.o[0m
[ 67%] [32mBuilding CXX object CMakeFiles/kinematics_msgs__rosidl_typesupport_introspection_cpp.dir/rosidl_typesupport_introspection_cpp/kinematics_msgs/srv/detail/set_robot_pose__type_support.cpp.o[0m
[ 68%] [32mBuilding CXX object CMakeFiles/kinematics_msgs__rosidl_typesupport_fastrtps_c.dir/rosidl_typesupport_fastrtps_c/kinematics_msgs/srv/detail/get_link__type_support_c.cpp.o[0m
[ 69%] [32mBuilding CXX object CMakeFiles/kinematics_msgs__rosidl_typesupport_fastrtps_cpp.dir/rosidl_typesupport_fastrtps_cpp/kinematics_msgs/srv/detail/dds_fastrtps/get_link__type_support.cpp.o[0m
[ 70%] [32mBuilding CXX object CMakeFiles/kinematics_msgs__rosidl_typesupport_fastrtps_cpp.dir/rosidl_typesupport_fastrtps_cpp/kinematics_msgs/srv/detail/dds_fastrtps/get_robot_pose__type_support.cpp.o[0m
[ 71%] [32mBuilding CXX object CMakeFiles/kinematics_msgs__rosidl_typesupport_fastrtps_c.dir/rosidl_typesupport_fastrtps_c/kinematics_msgs/srv/detail/get_robot_pose__type_support_c.cpp.o[0m
[ 72%] [32mBuilding CXX object CMakeFiles/kinematics_msgs__rosidl_typesupport_fastrtps_cpp.dir/rosidl_typesupport_fastrtps_cpp/kinematics_msgs/srv/detail/dds_fastrtps/set_joint_range__type_support.cpp.o[0m
[ 73%] [32mBuilding CXX object CMakeFiles/kinematics_msgs__rosidl_typesupport_fastrtps_cpp.dir/rosidl_typesupport_fastrtps_cpp/kinematics_msgs/srv/detail/dds_fastrtps/set_joint_value__type_support.cpp.o[0m
[ 74%] [32m[1mLinking CXX shared library libkinematics_msgs__rosidl_typesupport_introspection_cpp.so[0m
[ 75%] [32mBuilding CXX object CMakeFiles/kinematics_msgs__rosidl_typesupport_fastrtps_c.dir/rosidl_typesupport_fastrtps_c/kinematics_msgs/srv/detail/set_joint_range__type_support_c.cpp.o[0m
[ 75%] Built target kinematics_msgs__rosidl_typesupport_introspection_cpp
[ 76%] [32mBuilding CXX object CMakeFiles/kinematics_msgs__rosidl_typesupport_fastrtps_cpp.dir/rosidl_typesupport_fastrtps_cpp/kinematics_msgs/srv/detail/dds_fastrtps/set_robot_pose__type_support.cpp.o[0m
[ 77%] [32mBuilding CXX object CMakeFiles/kinematics_msgs__rosidl_typesupport_fastrtps_c.dir/rosidl_typesupport_fastrtps_c/kinematics_msgs/srv/detail/set_robot_pose__type_support_c.cpp.o[0m
[ 78%] [32mBuilding CXX object CMakeFiles/kinematics_msgs__rosidl_typesupport_fastrtps_cpp.dir/rosidl_typesupport_fastrtps_cpp/kinematics_msgs/srv/detail/dds_fastrtps/set_link__type_support.cpp.o[0m
[ 79%] [32mBuilding CXX object CMakeFiles/kinematics_msgs__rosidl_typesupport_fastrtps_c.dir/rosidl_typesupport_fastrtps_c/kinematics_msgs/srv/detail/set_link__type_support_c.cpp.o[0m
[ 80%] [32m[1mLinking CXX shared library libkinematics_msgs__rosidl_typesupport_fastrtps_cpp.so[0m
[ 81%] [32mBuilding CXX object CMakeFiles/kinematics_msgs__rosidl_typesupport_fastrtps_c.dir/rosidl_typesupport_fastrtps_c/kinematics_msgs/srv/detail/set_joint_value__type_support_c.cpp.o[0m
[ 81%] Built target kinematics_msgs__rosidl_typesupport_fastrtps_cpp
[ 82%] [32m[1mLinking CXX shared library libkinematics_msgs__rosidl_typesupport_fastrtps_c.so[0m
[ 82%] Built target kinematics_msgs__rosidl_typesupport_fastrtps_c
[ 82%] Built target kinematics_msgs
[ 83%] [34m[1mGenerating Python code for ROS interfaces[0m
[ 83%] Built target kinematics_msgs__py
[ 84%] [32mBuilding C object CMakeFiles/kinematics_msgs__rosidl_generator_py.dir/rosidl_generator_py/kinematics_msgs/msg/_joint_range_s.c.o[0m
[ 85%] [32mBuilding C object CMakeFiles/kinematics_msgs__rosidl_generator_py.dir/rosidl_generator_py/kinematics_msgs/srv/_set_joint_value_s.c.o[0m
[ 86%] [32mBuilding C object CMakeFiles/kinematics_msgs__rosidl_generator_py.dir/rosidl_generator_py/kinematics_msgs/srv/_set_link_s.c.o[0m
[ 87%] [32mBuilding C object CMakeFiles/kinematics_msgs__rosidl_generator_py.dir/rosidl_generator_py/kinematics_msgs/srv/_set_robot_pose_s.c.o[0m
[ 88%] [32mBuilding C object CMakeFiles/kinematics_msgs__rosidl_generator_py.dir/rosidl_generator_py/kinematics_msgs/srv/_set_joint_range_s.c.o[0m
[ 89%] [32mBuilding C object CMakeFiles/kinematics_msgs__rosidl_generator_py.dir/rosidl_generator_py/kinematics_msgs/srv/_get_robot_pose_s.c.o[0m
[ 90%] [32mBuilding C object CMakeFiles/kinematics_msgs__rosidl_generator_py.dir/rosidl_generator_py/kinematics_msgs/srv/_get_link_s.c.o[0m
[ 91%] [32mBuilding C object CMakeFiles/kinematics_msgs__rosidl_generator_py.dir/rosidl_generator_py/kinematics_msgs/srv/_get_joint_range_s.c.o[0m
[ 92%] [32mBuilding C object CMakeFiles/kinematics_msgs__rosidl_generator_py.dir/rosidl_generator_py/kinematics_msgs/msg/_link_s.c.o[0m
[ 93%] [32mBuilding C object CMakeFiles/kinematics_msgs__rosidl_generator_py.dir/rosidl_generator_py/kinematics_msgs/msg/_joints_range_s.c.o[0m
[ 94%] [32m[1mLinking C shared library rosidl_generator_py/kinematics_msgs/libkinematics_msgs__rosidl_generator_py.so[0m
[ 94%] Built target kinematics_msgs__rosidl_generator_py
[ 95%] [32mBuilding C object CMakeFiles/kinematics_msgs__rosidl_typesupport_fastrtps_c__pyext.dir/rosidl_generator_py/kinematics_msgs/_kinematics_msgs_s.ep.rosidl_typesupport_fastrtps_c.c.o[0m
[ 96%] [32m[1mLinking C shared library rosidl_generator_py/kinematics_msgs/kinematics_msgs_s__rosidl_typesupport_fastrtps_c.cpython-310-x86_64-linux-gnu.so[0m
[ 96%] Built target kinematics_msgs__rosidl_typesupport_fastrtps_c__pyext
[ 97%] [32mBuilding C object CMakeFiles/kinematics_msgs__rosidl_typesupport_c__pyext.dir/rosidl_generator_py/kinematics_msgs/_kinematics_msgs_s.ep.rosidl_typesupport_c.c.o[0m
[ 98%] [32m[1mLinking C shared library rosidl_generator_py/kinematics_msgs/kinematics_msgs_s__rosidl_typesupport_c.cpython-310-x86_64-linux-gnu.so[0m
[ 98%] Built target kinematics_msgs__rosidl_typesupport_c__pyext
[ 99%] [32mBuilding C object CMakeFiles/kinematics_msgs__rosidl_typesupport_introspection_c__pyext.dir/rosidl_generator_py/kinematics_msgs/_kinematics_msgs_s.ep.rosidl_typesupport_introspection_c.c.o[0m
[100%] [32m[1mLinking C shared library rosidl_generator_py/kinematics_msgs/kinematics_msgs_s__rosidl_typesupport_introspection_c.cpython-310-x86_64-linux-gnu.so[0m
[100%] Built target kinematics_msgs__rosidl_typesupport_introspection_c__pyext
-- Install configuration: ""
-- Installing: /home/liyq/hi_ws/install/kinematics_msgs/share/ament_index/resource_index/rosidl_interfaces/kinematics_msgs
-- Installing: /home/liyq/hi_ws/install/kinematics_msgs/include/kinematics_msgs/kinematics_msgs
-- Installing: /home/liyq/hi_ws/install/kinematics_msgs/include/kinematics_msgs/kinematics_msgs/msg
-- Installing: /home/liyq/hi_ws/install/kinematics_msgs/include/kinematics_msgs/kinematics_msgs/msg/link.h
-- Installing: /home/liyq/hi_ws/install/kinematics_msgs/include/kinematics_msgs/kinematics_msgs/msg/detail
-- Installing: /home/liyq/hi_ws/install/kinematics_msgs/include/kinematics_msgs/kinematics_msgs/msg/detail/joints_range__struct.h
-- Installing: /home/liyq/hi_ws/install/kinematics_msgs/include/kinematics_msgs/kinematics_msgs/msg/detail/joint_range__type_support.h
-- Installing: /home/liyq/hi_ws/install/kinematics_msgs/include/kinematics_msgs/kinematics_msgs/msg/detail/link__functions.c
-- Installing: /home/liyq/hi_ws/install/kinematics_msgs/include/kinematics_msgs/kinematics_msgs/msg/detail/link__struct.h
-- Installing: /home/liyq/hi_ws/install/kinematics_msgs/include/kinematics_msgs/kinematics_msgs/msg/detail/joints_range__functions.h
-- Installing: /home/liyq/hi_ws/install/kinematics_msgs/include/kinematics_msgs/kinematics_msgs/msg/detail/joints_range__type_support.h
-- Installing: /home/liyq/hi_ws/install/kinematics_msgs/include/kinematics_msgs/kinematics_msgs/msg/detail/joint_range__struct.h
-- Installing: /home/liyq/hi_ws/install/kinematics_msgs/include/kinematics_msgs/kinematics_msgs/msg/detail/link__functions.h
-- Installing: /home/liyq/hi_ws/install/kinematics_msgs/include/kinematics_msgs/kinematics_msgs/msg/detail/joints_range__functions.c
-- Installing: /home/liyq/hi_ws/install/kinematics_msgs/include/kinematics_msgs/kinematics_msgs/msg/detail/joint_range__functions.c
-- Installing: /home/liyq/hi_ws/install/kinematics_msgs/include/kinematics_msgs/kinematics_msgs/msg/detail/joint_range__functions.h
-- Installing: /home/liyq/hi_ws/install/kinematics_msgs/include/kinematics_msgs/kinematics_msgs/msg/detail/link__type_support.h
-- Installing: /home/liyq/hi_ws/install/kinematics_msgs/include/kinematics_msgs/kinematics_msgs/msg/rosidl_generator_c__visibility_control.h
-- Installing: /home/liyq/hi_ws/install/kinematics_msgs/include/kinematics_msgs/kinematics_msgs/msg/joints_range.h
-- Installing: /home/liyq/hi_ws/install/kinematics_msgs/include/kinematics_msgs/kinematics_msgs/msg/joint_range.h
-- Installing: /home/liyq/hi_ws/install/kinematics_msgs/include/kinematics_msgs/kinematics_msgs/srv
-- Installing: /home/liyq/hi_ws/install/kinematics_msgs/include/kinematics_msgs/kinematics_msgs/srv/get_joint_range.h
-- Installing: /home/liyq/hi_ws/install/kinematics_msgs/include/kinematics_msgs/kinematics_msgs/srv/set_joint_value.h
-- Installing: /home/liyq/hi_ws/install/kinematics_msgs/include/kinematics_msgs/kinematics_msgs/srv/set_joint_range.h
-- Installing: /home/liyq/hi_ws/install/kinematics_msgs/include/kinematics_msgs/kinematics_msgs/srv/get_robot_pose.h
-- Installing: /home/liyq/hi_ws/install/kinematics_msgs/include/kinematics_msgs/kinematics_msgs/srv/set_robot_pose.h
-- Installing: /home/liyq/hi_ws/install/kinematics_msgs/include/kinematics_msgs/kinematics_msgs/srv/get_link.h
-- Installing: /home/liyq/hi_ws/install/kinematics_msgs/include/kinematics_msgs/kinematics_msgs/srv/detail
-- Installing: /home/liyq/hi_ws/install/kinematics_msgs/include/kinematics_msgs/kinematics_msgs/srv/detail/set_robot_pose__functions.c
-- Installing: /home/liyq/hi_ws/install/kinematics_msgs/include/kinematics_msgs/kinematics_msgs/srv/detail/set_joint_range__functions.h
-- Installing: /home/liyq/hi_ws/install/kinematics_msgs/include/kinematics_msgs/kinematics_msgs/srv/detail/set_robot_pose__type_support.h
-- Installing: /home/liyq/hi_ws/install/kinematics_msgs/include/kinematics_msgs/kinematics_msgs/srv/detail/get_joint_range__type_support.h
-- Installing: /home/liyq/hi_ws/install/kinematics_msgs/include/kinematics_msgs/kinematics_msgs/srv/detail/get_robot_pose__type_support.h
-- Installing: /home/liyq/hi_ws/install/kinematics_msgs/include/kinematics_msgs/kinematics_msgs/srv/detail/get_link__type_support.h
-- Installing: /home/liyq/hi_ws/install/kinematics_msgs/include/kinematics_msgs/kinematics_msgs/srv/detail/set_robot_pose__struct.h
-- Installing: /home/liyq/hi_ws/install/kinematics_msgs/include/kinematics_msgs/kinematics_msgs/srv/detail/set_link__struct.h
-- Installing: /home/liyq/hi_ws/install/kinematics_msgs/include/kinematics_msgs/kinematics_msgs/srv/detail/get_link__functions.c
-- Installing: /home/liyq/hi_ws/install/kinematics_msgs/include/kinematics_msgs/kinematics_msgs/srv/detail/get_robot_pose__functions.c
-- Installing: /home/liyq/hi_ws/install/kinematics_msgs/include/kinematics_msgs/kinematics_msgs/srv/detail/set_joint_value__functions.h
-- Installing: /home/liyq/hi_ws/install/kinematics_msgs/include/kinematics_msgs/kinematics_msgs/srv/detail/get_robot_pose__struct.h
-- Installing: /home/liyq/hi_ws/install/kinematics_msgs/include/kinematics_msgs/kinematics_msgs/srv/detail/get_joint_range__functions.h
-- Installing: /home/liyq/hi_ws/install/kinematics_msgs/include/kinematics_msgs/kinematics_msgs/srv/detail/set_joint_value__struct.h
-- Installing: /home/liyq/hi_ws/install/kinematics_msgs/include/kinematics_msgs/kinematics_msgs/srv/detail/get_link__functions.h
-- Installing: /home/liyq/hi_ws/install/kinematics_msgs/include/kinematics_msgs/kinematics_msgs/srv/detail/get_joint_range__struct.h
-- Installing: /home/liyq/hi_ws/install/kinematics_msgs/include/kinematics_msgs/kinematics_msgs/srv/detail/set_link__functions.h
-- Installing: /home/liyq/hi_ws/install/kinematics_msgs/include/kinematics_msgs/kinematics_msgs/srv/detail/get_joint_range__functions.c
-- Installing: /home/liyq/hi_ws/install/kinematics_msgs/include/kinematics_msgs/kinematics_msgs/srv/detail/set_joint_range__type_support.h
-- Installing: /home/liyq/hi_ws/install/kinematics_msgs/include/kinematics_msgs/kinematics_msgs/srv/detail/get_robot_pose__functions.h
-- Installing: /home/liyq/hi_ws/install/kinematics_msgs/include/kinematics_msgs/kinematics_msgs/srv/detail/set_link__functions.c
-- Installing: /home/liyq/hi_ws/install/kinematics_msgs/include/kinematics_msgs/kinematics_msgs/srv/detail/set_robot_pose__functions.h
-- Installing: /home/liyq/hi_ws/install/kinematics_msgs/include/kinematics_msgs/kinematics_msgs/srv/detail/set_joint_value__type_support.h
-- Installing: /home/liyq/hi_ws/install/kinematics_msgs/include/kinematics_msgs/kinematics_msgs/srv/detail/set_link__type_support.h
-- Installing: /home/liyq/hi_ws/install/kinematics_msgs/include/kinematics_msgs/kinematics_msgs/srv/detail/get_link__struct.h
-- Installing: /home/liyq/hi_ws/install/kinematics_msgs/include/kinematics_msgs/kinematics_msgs/srv/detail/set_joint_range__functions.c
-- Installing: /home/liyq/hi_ws/install/kinematics_msgs/include/kinematics_msgs/kinematics_msgs/srv/detail/set_joint_range__struct.h
-- Installing: /home/liyq/hi_ws/install/kinematics_msgs/include/kinematics_msgs/kinematics_msgs/srv/detail/set_joint_value__functions.c
-- Installing: /home/liyq/hi_ws/install/kinematics_msgs/include/kinematics_msgs/kinematics_msgs/srv/set_link.h
-- Installing: /home/liyq/hi_ws/install/kinematics_msgs/share/kinematics_msgs/environment/library_path.sh
-- Installing: /home/liyq/hi_ws/install/kinematics_msgs/share/kinematics_msgs/environment/library_path.dsv
-- Installing: /home/liyq/hi_ws/install/kinematics_msgs/lib/libkinematics_msgs__rosidl_generator_c.so
-- Set runtime path of "/home/liyq/hi_ws/install/kinematics_msgs/lib/libkinematics_msgs__rosidl_generator_c.so" to ""
-- Up-to-date: /home/liyq/hi_ws/install/kinematics_msgs/include/kinematics_msgs/kinematics_msgs
-- Up-to-date: /home/liyq/hi_ws/install/kinematics_msgs/include/kinematics_msgs/kinematics_msgs/msg
-- Installing: /home/liyq/hi_ws/install/kinematics_msgs/include/kinematics_msgs/kinematics_msgs/msg/rosidl_typesupport_fastrtps_c__visibility_control.h
-- Up-to-date: /home/liyq/hi_ws/install/kinematics_msgs/include/kinematics_msgs/kinematics_msgs/msg/detail
-- Installing: /home/liyq/hi_ws/install/kinematics_msgs/include/kinematics_msgs/kinematics_msgs/msg/detail/joints_range__rosidl_typesupport_fastrtps_c.h
-- Installing: /home/liyq/hi_ws/install/kinematics_msgs/include/kinematics_msgs/kinematics_msgs/msg/detail/link__rosidl_typesupport_fastrtps_c.h
-- Installing: /home/liyq/hi_ws/install/kinematics_msgs/include/kinematics_msgs/kinematics_msgs/msg/detail/joint_range__rosidl_typesupport_fastrtps_c.h
-- Up-to-date: /home/liyq/hi_ws/install/kinematics_msgs/include/kinematics_msgs/kinematics_msgs/srv
-- Up-to-date: /home/liyq/hi_ws/install/kinematics_msgs/include/kinematics_msgs/kinematics_msgs/srv/detail
-- Installing: /home/liyq/hi_ws/install/kinematics_msgs/include/kinematics_msgs/kinematics_msgs/srv/detail/set_joint_value__rosidl_typesupport_fastrtps_c.h
-- Installing: /home/liyq/hi_ws/install/kinematics_msgs/include/kinematics_msgs/kinematics_msgs/srv/detail/set_link__rosidl_typesupport_fastrtps_c.h
-- Installing: /home/liyq/hi_ws/install/kinematics_msgs/include/kinematics_msgs/kinematics_msgs/srv/detail/set_robot_pose__rosidl_typesupport_fastrtps_c.h
-- Installing: /home/liyq/hi_ws/install/kinematics_msgs/include/kinematics_msgs/kinematics_msgs/srv/detail/get_joint_range__rosidl_typesupport_fastrtps_c.h
-- Installing: /home/liyq/hi_ws/install/kinematics_msgs/include/kinematics_msgs/kinematics_msgs/srv/detail/set_joint_range__rosidl_typesupport_fastrtps_c.h
-- Installing: /home/liyq/hi_ws/install/kinematics_msgs/include/kinematics_msgs/kinematics_msgs/srv/detail/get_link__rosidl_typesupport_fastrtps_c.h
-- Installing: /home/liyq/hi_ws/install/kinematics_msgs/include/kinematics_msgs/kinematics_msgs/srv/detail/get_robot_pose__rosidl_typesupport_fastrtps_c.h
-- Installing: /home/liyq/hi_ws/install/kinematics_msgs/lib/libkinematics_msgs__rosidl_typesupport_fastrtps_c.so
-- Set runtime path of "/home/liyq/hi_ws/install/kinematics_msgs/lib/libkinematics_msgs__rosidl_typesupport_fastrtps_c.so" to ""
-- Up-to-date: /home/liyq/hi_ws/install/kinematics_msgs/include/kinematics_msgs/kinematics_msgs
-- Up-to-date: /home/liyq/hi_ws/install/kinematics_msgs/include/kinematics_msgs/kinematics_msgs/msg
-- Installing: /home/liyq/hi_ws/install/kinematics_msgs/include/kinematics_msgs/kinematics_msgs/msg/joints_range.hpp
-- Installing: /home/liyq/hi_ws/install/kinematics_msgs/include/kinematics_msgs/kinematics_msgs/msg/joint_range.hpp
-- Installing: /home/liyq/hi_ws/install/kinematics_msgs/include/kinematics_msgs/kinematics_msgs/msg/link.hpp
-- Up-to-date: /home/liyq/hi_ws/install/kinematics_msgs/include/kinematics_msgs/kinematics_msgs/msg/detail
-- Installing: /home/liyq/hi_ws/install/kinematics_msgs/include/kinematics_msgs/kinematics_msgs/msg/detail/joint_range__type_support.hpp
-- Installing: /home/liyq/hi_ws/install/kinematics_msgs/include/kinematics_msgs/kinematics_msgs/msg/detail/joint_range__builder.hpp
-- Installing: /home/liyq/hi_ws/install/kinematics_msgs/include/kinematics_msgs/kinematics_msgs/msg/detail/joints_range__struct.hpp
-- Installing: /home/liyq/hi_ws/install/kinematics_msgs/include/kinematics_msgs/kinematics_msgs/msg/detail/joints_range__type_support.hpp
-- Installing: /home/liyq/hi_ws/install/kinematics_msgs/include/kinematics_msgs/kinematics_msgs/msg/detail/joint_range__struct.hpp
-- Installing: /home/liyq/hi_ws/install/kinematics_msgs/include/kinematics_msgs/kinematics_msgs/msg/detail/link__struct.hpp
-- Installing: /home/liyq/hi_ws/install/kinematics_msgs/include/kinematics_msgs/kinematics_msgs/msg/detail/link__traits.hpp
-- Installing: /home/liyq/hi_ws/install/kinematics_msgs/include/kinematics_msgs/kinematics_msgs/msg/detail/link__builder.hpp
-- Installing: /home/liyq/hi_ws/install/kinematics_msgs/include/kinematics_msgs/kinematics_msgs/msg/detail/joint_range__traits.hpp
-- Installing: /home/liyq/hi_ws/install/kinematics_msgs/include/kinematics_msgs/kinematics_msgs/msg/detail/link__type_support.hpp
-- Installing: /home/liyq/hi_ws/install/kinematics_msgs/include/kinematics_msgs/kinematics_msgs/msg/detail/joints_range__traits.hpp
-- Installing: /home/liyq/hi_ws/install/kinematics_msgs/include/kinematics_msgs/kinematics_msgs/msg/detail/joints_range__builder.hpp
-- Installing: /home/liyq/hi_ws/install/kinematics_msgs/include/kinematics_msgs/kinematics_msgs/msg/rosidl_generator_cpp__visibility_control.hpp
-- Up-to-date: /home/liyq/hi_ws/install/kinematics_msgs/include/kinematics_msgs/kinematics_msgs/srv
-- Installing: /home/liyq/hi_ws/install/kinematics_msgs/include/kinematics_msgs/kinematics_msgs/srv/get_robot_pose.hpp
-- Installing: /home/liyq/hi_ws/install/kinematics_msgs/include/kinematics_msgs/kinematics_msgs/srv/set_joint_value.hpp
-- Installing: /home/liyq/hi_ws/install/kinematics_msgs/include/kinematics_msgs/kinematics_msgs/srv/set_robot_pose.hpp
-- Installing: /home/liyq/hi_ws/install/kinematics_msgs/include/kinematics_msgs/kinematics_msgs/srv/get_joint_range.hpp
-- Installing: /home/liyq/hi_ws/install/kinematics_msgs/include/kinematics_msgs/kinematics_msgs/srv/get_link.hpp
-- Installing: /home/liyq/hi_ws/install/kinematics_msgs/include/kinematics_msgs/kinematics_msgs/srv/set_link.hpp
-- Up-to-date: /home/liyq/hi_ws/install/kinematics_msgs/include/kinematics_msgs/kinematics_msgs/srv/detail
-- Installing: /home/liyq/hi_ws/install/kinematics_msgs/include/kinematics_msgs/kinematics_msgs/srv/detail/set_link__traits.hpp
-- Installing: /home/liyq/hi_ws/install/kinematics_msgs/include/kinematics_msgs/kinematics_msgs/srv/detail/get_joint_range__builder.hpp
-- Installing: /home/liyq/hi_ws/install/kinematics_msgs/include/kinematics_msgs/kinematics_msgs/srv/detail/get_link__type_support.hpp
-- Installing: /home/liyq/hi_ws/install/kinematics_msgs/include/kinematics_msgs/kinematics_msgs/srv/detail/set_robot_pose__builder.hpp
-- Installing: /home/liyq/hi_ws/install/kinematics_msgs/include/kinematics_msgs/kinematics_msgs/srv/detail/get_robot_pose__struct.hpp
-- Installing: /home/liyq/hi_ws/install/kinematics_msgs/include/kinematics_msgs/kinematics_msgs/srv/detail/get_joint_range__type_support.hpp
-- Installing: /home/liyq/hi_ws/install/kinematics_msgs/include/kinematics_msgs/kinematics_msgs/srv/detail/set_robot_pose__traits.hpp
-- Installing: /home/liyq/hi_ws/install/kinematics_msgs/include/kinematics_msgs/kinematics_msgs/srv/detail/get_link__builder.hpp
-- Installing: /home/liyq/hi_ws/install/kinematics_msgs/include/kinematics_msgs/kinematics_msgs/srv/detail/set_joint_value__type_support.hpp
-- Installing: /home/liyq/hi_ws/install/kinematics_msgs/include/kinematics_msgs/kinematics_msgs/srv/detail/set_joint_range__builder.hpp
-- Installing: /home/liyq/hi_ws/install/kinematics_msgs/include/kinematics_msgs/kinematics_msgs/srv/detail/get_robot_pose__type_support.hpp
-- Installing: /home/liyq/hi_ws/install/kinematics_msgs/include/kinematics_msgs/kinematics_msgs/srv/detail/set_robot_pose__type_support.hpp
-- Installing: /home/liyq/hi_ws/install/kinematics_msgs/include/kinematics_msgs/kinematics_msgs/srv/detail/set_joint_value__struct.hpp
-- Installing: /home/liyq/hi_ws/install/kinematics_msgs/include/kinematics_msgs/kinematics_msgs/srv/detail/set_joint_range__traits.hpp
-- Installing: /home/liyq/hi_ws/install/kinematics_msgs/include/kinematics_msgs/kinematics_msgs/srv/detail/get_joint_range__traits.hpp
-- Installing: /home/liyq/hi_ws/install/kinematics_msgs/include/kinematics_msgs/kinematics_msgs/srv/detail/set_joint_value__traits.hpp
-- Installing: /home/liyq/hi_ws/install/kinematics_msgs/include/kinematics_msgs/kinematics_msgs/srv/detail/set_link__builder.hpp
-- Installing: /home/liyq/hi_ws/install/kinematics_msgs/include/kinematics_msgs/kinematics_msgs/srv/detail/set_joint_value__builder.hpp
-- Installing: /home/liyq/hi_ws/install/kinematics_msgs/include/kinematics_msgs/kinematics_msgs/srv/detail/get_link__traits.hpp
-- Installing: /home/liyq/hi_ws/install/kinematics_msgs/include/kinematics_msgs/kinematics_msgs/srv/detail/get_joint_range__struct.hpp
-- Installing: /home/liyq/hi_ws/install/kinematics_msgs/include/kinematics_msgs/kinematics_msgs/srv/detail/set_joint_range__struct.hpp
-- Installing: /home/liyq/hi_ws/install/kinematics_msgs/include/kinematics_msgs/kinematics_msgs/srv/detail/set_link__struct.hpp
-- Installing: /home/liyq/hi_ws/install/kinematics_msgs/include/kinematics_msgs/kinematics_msgs/srv/detail/get_robot_pose__builder.hpp
-- Installing: /home/liyq/hi_ws/install/kinematics_msgs/include/kinematics_msgs/kinematics_msgs/srv/detail/set_robot_pose__struct.hpp
-- Installing: /home/liyq/hi_ws/install/kinematics_msgs/include/kinematics_msgs/kinematics_msgs/srv/detail/get_robot_pose__traits.hpp
-- Installing: /home/liyq/hi_ws/install/kinematics_msgs/include/kinematics_msgs/kinematics_msgs/srv/detail/set_joint_range__type_support.hpp
-- Installing: /home/liyq/hi_ws/install/kinematics_msgs/include/kinematics_msgs/kinematics_msgs/srv/detail/get_link__struct.hpp
-- Installing: /home/liyq/hi_ws/install/kinematics_msgs/include/kinematics_msgs/kinematics_msgs/srv/detail/set_link__type_support.hpp
-- Installing: /home/liyq/hi_ws/install/kinematics_msgs/include/kinematics_msgs/kinematics_msgs/srv/set_joint_range.hpp
-- Up-to-date: /home/liyq/hi_ws/install/kinematics_msgs/include/kinematics_msgs/kinematics_msgs
-- Up-to-date: /home/liyq/hi_ws/install/kinematics_msgs/include/kinematics_msgs/kinematics_msgs/msg
-- Up-to-date: /home/liyq/hi_ws/install/kinematics_msgs/include/kinematics_msgs/kinematics_msgs/msg/detail
-- Installing: /home/liyq/hi_ws/install/kinematics_msgs/include/kinematics_msgs/kinematics_msgs/msg/detail/joints_range__rosidl_typesupport_fastrtps_cpp.hpp
-- Installing: /home/liyq/hi_ws/install/kinematics_msgs/include/kinematics_msgs/kinematics_msgs/msg/detail/joint_range__rosidl_typesupport_fastrtps_cpp.hpp
-- Installing: /home/liyq/hi_ws/install/kinematics_msgs/include/kinematics_msgs/kinematics_msgs/msg/detail/link__rosidl_typesupport_fastrtps_cpp.hpp
-- Installing: /home/liyq/hi_ws/install/kinematics_msgs/include/kinematics_msgs/kinematics_msgs/msg/detail/dds_fastrtps
-- Installing: /home/liyq/hi_ws/install/kinematics_msgs/include/kinematics_msgs/kinematics_msgs/msg/rosidl_typesupport_fastrtps_cpp__visibility_control.h
-- Up-to-date: /home/liyq/hi_ws/install/kinematics_msgs/include/kinematics_msgs/kinematics_msgs/srv
-- Up-to-date: /home/liyq/hi_ws/install/kinematics_msgs/include/kinematics_msgs/kinematics_msgs/srv/detail
-- Installing: /home/liyq/hi_ws/install/kinematics_msgs/include/kinematics_msgs/kinematics_msgs/srv/detail/set_robot_pose__rosidl_typesupport_fastrtps_cpp.hpp
-- Installing: /home/liyq/hi_ws/install/kinematics_msgs/include/kinematics_msgs/kinematics_msgs/srv/detail/set_link__rosidl_typesupport_fastrtps_cpp.hpp
-- Installing: /home/liyq/hi_ws/install/kinematics_msgs/include/kinematics_msgs/kinematics_msgs/srv/detail/set_joint_value__rosidl_typesupport_fastrtps_cpp.hpp
-- Installing: /home/liyq/hi_ws/install/kinematics_msgs/include/kinematics_msgs/kinematics_msgs/srv/detail/set_joint_range__rosidl_typesupport_fastrtps_cpp.hpp
-- Installing: /home/liyq/hi_ws/install/kinematics_msgs/include/kinematics_msgs/kinematics_msgs/srv/detail/get_joint_range__rosidl_typesupport_fastrtps_cpp.hpp
-- Installing: /home/liyq/hi_ws/install/kinematics_msgs/include/kinematics_msgs/kinematics_msgs/srv/detail/dds_fastrtps
-- Installing: /home/liyq/hi_ws/install/kinematics_msgs/include/kinematics_msgs/kinematics_msgs/srv/detail/get_robot_pose__rosidl_typesupport_fastrtps_cpp.hpp
-- Installing: /home/liyq/hi_ws/install/kinematics_msgs/include/kinematics_msgs/kinematics_msgs/srv/detail/get_link__rosidl_typesupport_fastrtps_cpp.hpp
-- Installing: /home/liyq/hi_ws/install/kinematics_msgs/lib/libkinematics_msgs__rosidl_typesupport_fastrtps_cpp.so
-- Set runtime path of "/home/liyq/hi_ws/install/kinematics_msgs/lib/libkinematics_msgs__rosidl_typesupport_fastrtps_cpp.so" to ""
-- Up-to-date: /home/liyq/hi_ws/install/kinematics_msgs/include/kinematics_msgs/kinematics_msgs
-- Up-to-date: /home/liyq/hi_ws/install/kinematics_msgs/include/kinematics_msgs/kinematics_msgs/msg
-- Installing: /home/liyq/hi_ws/install/kinematics_msgs/include/kinematics_msgs/kinematics_msgs/msg/rosidl_typesupport_introspection_c__visibility_control.h
-- Up-to-date: /home/liyq/hi_ws/install/kinematics_msgs/include/kinematics_msgs/kinematics_msgs/msg/detail
-- Installing: /home/liyq/hi_ws/install/kinematics_msgs/include/kinematics_msgs/kinematics_msgs/msg/detail/joint_range__type_support.c
-- Installing: /home/liyq/hi_ws/install/kinematics_msgs/include/kinematics_msgs/kinematics_msgs/msg/detail/link__rosidl_typesupport_introspection_c.h
-- Installing: /home/liyq/hi_ws/install/kinematics_msgs/include/kinematics_msgs/kinematics_msgs/msg/detail/joints_range__type_support.c
-- Installing: /home/liyq/hi_ws/install/kinematics_msgs/include/kinematics_msgs/kinematics_msgs/msg/detail/joint_range__rosidl_typesupport_introspection_c.h
-- Installing: /home/liyq/hi_ws/install/kinematics_msgs/include/kinematics_msgs/kinematics_msgs/msg/detail/link__type_support.c
-- Installing: /home/liyq/hi_ws/install/kinematics_msgs/include/kinematics_msgs/kinematics_msgs/msg/detail/joints_range__rosidl_typesupport_introspection_c.h
-- Up-to-date: /home/liyq/hi_ws/install/kinematics_msgs/include/kinematics_msgs/kinematics_msgs/srv
-- Up-to-date: /home/liyq/hi_ws/install/kinematics_msgs/include/kinematics_msgs/kinematics_msgs/srv/detail
-- Installing: /home/liyq/hi_ws/install/kinematics_msgs/include/kinematics_msgs/kinematics_msgs/srv/detail/get_link__type_support.c
-- Installing: /home/liyq/hi_ws/install/kinematics_msgs/include/kinematics_msgs/kinematics_msgs/srv/detail/get_link__rosidl_typesupport_introspection_c.h
-- Installing: /home/liyq/hi_ws/install/kinematics_msgs/include/kinematics_msgs/kinematics_msgs/srv/detail/set_link__type_support.c
-- Installing: /home/liyq/hi_ws/install/kinematics_msgs/include/kinematics_msgs/kinematics_msgs/srv/detail/get_robot_pose__rosidl_typesupport_introspection_c.h
-- Installing: /home/liyq/hi_ws/install/kinematics_msgs/include/kinematics_msgs/kinematics_msgs/srv/detail/set_joint_value__rosidl_typesupport_introspection_c.h
-- Installing: /home/liyq/hi_ws/install/kinematics_msgs/include/kinematics_msgs/kinematics_msgs/srv/detail/set_robot_pose__type_support.c
-- Installing: /home/liyq/hi_ws/install/kinematics_msgs/include/kinematics_msgs/kinematics_msgs/srv/detail/get_joint_range__type_support.c
-- Installing: /home/liyq/hi_ws/install/kinematics_msgs/include/kinematics_msgs/kinematics_msgs/srv/detail/set_joint_value__type_support.c
-- Installing: /home/liyq/hi_ws/install/kinematics_msgs/include/kinematics_msgs/kinematics_msgs/srv/detail/set_joint_range__rosidl_typesupport_introspection_c.h
-- Installing: /home/liyq/hi_ws/install/kinematics_msgs/include/kinematics_msgs/kinematics_msgs/srv/detail/get_robot_pose__type_support.c
-- Installing: /home/liyq/hi_ws/install/kinematics_msgs/include/kinematics_msgs/kinematics_msgs/srv/detail/set_robot_pose__rosidl_typesupport_introspection_c.h
-- Installing: /home/liyq/hi_ws/install/kinematics_msgs/include/kinematics_msgs/kinematics_msgs/srv/detail/set_link__rosidl_typesupport_introspection_c.h
-- Installing: /home/liyq/hi_ws/install/kinematics_msgs/include/kinematics_msgs/kinematics_msgs/srv/detail/get_joint_range__rosidl_typesupport_introspection_c.h
-- Installing: /home/liyq/hi_ws/install/kinematics_msgs/include/kinematics_msgs/kinematics_msgs/srv/detail/set_joint_range__type_support.c
-- Installing: /home/liyq/hi_ws/install/kinematics_msgs/lib/libkinematics_msgs__rosidl_typesupport_introspection_c.so
-- Set runtime path of "/home/liyq/hi_ws/install/kinematics_msgs/lib/libkinematics_msgs__rosidl_typesupport_introspection_c.so" to ""
-- Installing: /home/liyq/hi_ws/install/kinematics_msgs/lib/libkinematics_msgs__rosidl_typesupport_c.so
-- Set runtime path of "/home/liyq/hi_ws/install/kinematics_msgs/lib/libkinematics_msgs__rosidl_typesupport_c.so" to ""
-- Up-to-date: /home/liyq/hi_ws/install/kinematics_msgs/include/kinematics_msgs/kinematics_msgs
-- Up-to-date: /home/liyq/hi_ws/install/kinematics_msgs/include/kinematics_msgs/kinematics_msgs/msg
-- Up-to-date: /home/liyq/hi_ws/install/kinematics_msgs/include/kinematics_msgs/kinematics_msgs/msg/detail
-- Installing: /home/liyq/hi_ws/install/kinematics_msgs/include/kinematics_msgs/kinematics_msgs/msg/detail/joints_range__rosidl_typesupport_introspection_cpp.hpp
-- Installing: /home/liyq/hi_ws/install/kinematics_msgs/include/kinematics_msgs/kinematics_msgs/msg/detail/joint_range__rosidl_typesupport_introspection_cpp.hpp
-- Installing: /home/liyq/hi_ws/install/kinematics_msgs/include/kinematics_msgs/kinematics_msgs/msg/detail/link__type_support.cpp
-- Installing: /home/liyq/hi_ws/install/kinematics_msgs/include/kinematics_msgs/kinematics_msgs/msg/detail/joints_range__type_support.cpp
-- Installing: /home/liyq/hi_ws/install/kinematics_msgs/include/kinematics_msgs/kinematics_msgs/msg/detail/link__rosidl_typesupport_introspection_cpp.hpp
-- Installing: /home/liyq/hi_ws/install/kinematics_msgs/include/kinematics_msgs/kinematics_msgs/msg/detail/joint_range__type_support.cpp
-- Up-to-date: /home/liyq/hi_ws/install/kinematics_msgs/include/kinematics_msgs/kinematics_msgs/srv
-- Up-to-date: /home/liyq/hi_ws/install/kinematics_msgs/include/kinematics_msgs/kinematics_msgs/srv/detail
-- Installing: /home/liyq/hi_ws/install/kinematics_msgs/include/kinematics_msgs/kinematics_msgs/srv/detail/set_link__rosidl_typesupport_introspection_cpp.hpp
-- Installing: /home/liyq/hi_ws/install/kinematics_msgs/include/kinematics_msgs/kinematics_msgs/srv/detail/set_joint_value__type_support.cpp
-- Installing: /home/liyq/hi_ws/install/kinematics_msgs/include/kinematics_msgs/kinematics_msgs/srv/detail/set_link__type_support.cpp
-- Installing: /home/liyq/hi_ws/install/kinematics_msgs/include/kinematics_msgs/kinematics_msgs/srv/detail/get_robot_pose__type_support.cpp
-- Installing: /home/liyq/hi_ws/install/kinematics_msgs/include/kinematics_msgs/kinematics_msgs/srv/detail/set_joint_range__type_support.cpp
-- Installing: /home/liyq/hi_ws/install/kinematics_msgs/include/kinematics_msgs/kinematics_msgs/srv/detail/get_link__type_support.cpp
-- Installing: /home/liyq/hi_ws/install/kinematics_msgs/include/kinematics_msgs/kinematics_msgs/srv/detail/set_robot_pose__type_support.cpp
-- Installing: /home/liyq/hi_ws/install/kinematics_msgs/include/kinematics_msgs/kinematics_msgs/srv/detail/set_robot_pose__rosidl_typesupport_introspection_cpp.hpp
-- Installing: /home/liyq/hi_ws/install/kinematics_msgs/include/kinematics_msgs/kinematics_msgs/srv/detail/set_joint_range__rosidl_typesupport_introspection_cpp.hpp
-- Installing: /home/liyq/hi_ws/install/kinematics_msgs/include/kinematics_msgs/kinematics_msgs/srv/detail/get_robot_pose__rosidl_typesupport_introspection_cpp.hpp
-- Installing: /home/liyq/hi_ws/install/kinematics_msgs/include/kinematics_msgs/kinematics_msgs/srv/detail/get_joint_range__rosidl_typesupport_introspection_cpp.hpp
-- Installing: /home/liyq/hi_ws/install/kinematics_msgs/include/kinematics_msgs/kinematics_msgs/srv/detail/set_joint_value__rosidl_typesupport_introspection_cpp.hpp
-- Installing: /home/liyq/hi_ws/install/kinematics_msgs/include/kinematics_msgs/kinematics_msgs/srv/detail/get_joint_range__type_support.cpp
-- Installing: /home/liyq/hi_ws/install/kinematics_msgs/include/kinematics_msgs/kinematics_msgs/srv/detail/get_link__rosidl_typesupport_introspection_cpp.hpp
-- Installing: /home/liyq/hi_ws/install/kinematics_msgs/lib/libkinematics_msgs__rosidl_typesupport_introspection_cpp.so
-- Set runtime path of "/home/liyq/hi_ws/install/kinematics_msgs/lib/libkinematics_msgs__rosidl_typesupport_introspection_cpp.so" to ""
-- Installing: /home/liyq/hi_ws/install/kinematics_msgs/lib/libkinematics_msgs__rosidl_typesupport_cpp.so
-- Set runtime path of "/home/liyq/hi_ws/install/kinematics_msgs/lib/libkinematics_msgs__rosidl_typesupport_cpp.so" to ""
-- Installing: /home/liyq/hi_ws/install/kinematics_msgs/share/kinematics_msgs/environment/pythonpath.sh
-- Installing: /home/liyq/hi_ws/install/kinematics_msgs/share/kinematics_msgs/environment/pythonpath.dsv
-- Installing: /home/liyq/hi_ws/install/kinematics_msgs/local/lib/python3.10/dist-packages/kinematics_msgs-0.0.0-py3.10.egg-info
-- Installing: /home/liyq/hi_ws/install/kinematics_msgs/local/lib/python3.10/dist-packages/kinematics_msgs-0.0.0-py3.10.egg-info/SOURCES.txt
-- Installing: /home/liyq/hi_ws/install/kinematics_msgs/local/lib/python3.10/dist-packages/kinematics_msgs-0.0.0-py3.10.egg-info/PKG-INFO
-- Installing: /home/liyq/hi_ws/install/kinematics_msgs/local/lib/python3.10/dist-packages/kinematics_msgs-0.0.0-py3.10.egg-info/top_level.txt
-- Installing: /home/liyq/hi_ws/install/kinematics_msgs/local/lib/python3.10/dist-packages/kinematics_msgs-0.0.0-py3.10.egg-info/dependency_links.txt
-- Installing: /home/liyq/hi_ws/install/kinematics_msgs/local/lib/python3.10/dist-packages/kinematics_msgs
-- Installing: /home/liyq/hi_ws/install/kinematics_msgs/local/lib/python3.10/dist-packages/kinematics_msgs/_kinematics_msgs_s.ep.rosidl_typesupport_c.c
-- Installing: /home/liyq/hi_ws/install/kinematics_msgs/local/lib/python3.10/dist-packages/kinematics_msgs/msg
-- Installing: /home/liyq/hi_ws/install/kinematics_msgs/local/lib/python3.10/dist-packages/kinematics_msgs/msg/_joint_range.py
-- Installing: /home/liyq/hi_ws/install/kinematics_msgs/local/lib/python3.10/dist-packages/kinematics_msgs/msg/_link_s.c
-- Installing: /home/liyq/hi_ws/install/kinematics_msgs/local/lib/python3.10/dist-packages/kinematics_msgs/msg/_joints_range.py
-- Installing: /home/liyq/hi_ws/install/kinematics_msgs/local/lib/python3.10/dist-packages/kinematics_msgs/msg/_joints_range_s.c
-- Installing: /home/liyq/hi_ws/install/kinematics_msgs/local/lib/python3.10/dist-packages/kinematics_msgs/msg/_joint_range_s.c
-- Installing: /home/liyq/hi_ws/install/kinematics_msgs/local/lib/python3.10/dist-packages/kinematics_msgs/msg/__init__.py
-- Installing: /home/liyq/hi_ws/install/kinematics_msgs/local/lib/python3.10/dist-packages/kinematics_msgs/msg/_link.py
-- Installing: /home/liyq/hi_ws/install/kinematics_msgs/local/lib/python3.10/dist-packages/kinematics_msgs/kinematics_msgs_s__rosidl_typesupport_c.cpython-310-x86_64-linux-gnu.so
-- Installing: /home/liyq/hi_ws/install/kinematics_msgs/local/lib/python3.10/dist-packages/kinematics_msgs/srv
-- Installing: /home/liyq/hi_ws/install/kinematics_msgs/local/lib/python3.10/dist-packages/kinematics_msgs/srv/_get_robot_pose.py
-- Installing: /home/liyq/hi_ws/install/kinematics_msgs/local/lib/python3.10/dist-packages/kinematics_msgs/srv/_get_joint_range.py
-- Installing: /home/liyq/hi_ws/install/kinematics_msgs/local/lib/python3.10/dist-packages/kinematics_msgs/srv/_set_joint_value.py
-- Installing: /home/liyq/hi_ws/install/kinematics_msgs/local/lib/python3.10/dist-packages/kinematics_msgs/srv/_get_link_s.c
-- Installing: /home/liyq/hi_ws/install/kinematics_msgs/local/lib/python3.10/dist-packages/kinematics_msgs/srv/_set_link.py
-- Installing: /home/liyq/hi_ws/install/kinematics_msgs/local/lib/python3.10/dist-packages/kinematics_msgs/srv/__init__.py
-- Installing: /home/liyq/hi_ws/install/kinematics_msgs/local/lib/python3.10/dist-packages/kinematics_msgs/srv/_set_joint_value_s.c
-- Installing: /home/liyq/hi_ws/install/kinematics_msgs/local/lib/python3.10/dist-packages/kinematics_msgs/srv/_get_joint_range_s.c
-- Installing: /home/liyq/hi_ws/install/kinematics_msgs/local/lib/python3.10/dist-packages/kinematics_msgs/srv/_set_joint_range_s.c
-- Installing: /home/liyq/hi_ws/install/kinematics_msgs/local/lib/python3.10/dist-packages/kinematics_msgs/srv/_set_joint_range.py
-- Installing: /home/liyq/hi_ws/install/kinematics_msgs/local/lib/python3.10/dist-packages/kinematics_msgs/srv/_get_robot_pose_s.c
-- Installing: /home/liyq/hi_ws/install/kinematics_msgs/local/lib/python3.10/dist-packages/kinematics_msgs/srv/_get_link.py
-- Installing: /home/liyq/hi_ws/install/kinematics_msgs/local/lib/python3.10/dist-packages/kinematics_msgs/srv/_set_robot_pose.py
-- Installing: /home/liyq/hi_ws/install/kinematics_msgs/local/lib/python3.10/dist-packages/kinematics_msgs/srv/_set_link_s.c
-- Installing: /home/liyq/hi_ws/install/kinematics_msgs/local/lib/python3.10/dist-packages/kinematics_msgs/srv/_set_robot_pose_s.c
-- Installing: /home/liyq/hi_ws/install/kinematics_msgs/local/lib/python3.10/dist-packages/kinematics_msgs/_kinematics_msgs_s.ep.rosidl_typesupport_fastrtps_c.c
-- Installing: /home/liyq/hi_ws/install/kinematics_msgs/local/lib/python3.10/dist-packages/kinematics_msgs/__init__.py
-- Installing: /home/liyq/hi_ws/install/kinematics_msgs/local/lib/python3.10/dist-packages/kinematics_msgs/_kinematics_msgs_s.ep.rosidl_typesupport_introspection_c.c
-- Installing: /home/liyq/hi_ws/install/kinematics_msgs/local/lib/python3.10/dist-packages/kinematics_msgs/kinematics_msgs_s__rosidl_typesupport_fastrtps_c.cpython-310-x86_64-linux-gnu.so
-- Installing: /home/liyq/hi_ws/install/kinematics_msgs/local/lib/python3.10/dist-packages/kinematics_msgs/kinematics_msgs_s__rosidl_typesupport_introspection_c.cpython-310-x86_64-linux-gnu.so
-- Installing: /home/liyq/hi_ws/install/kinematics_msgs/local/lib/python3.10/dist-packages/kinematics_msgs/libkinematics_msgs__rosidl_generator_py.so
Listing '/home/liyq/hi_ws/install/kinematics_msgs/local/lib/python3.10/dist-packages/kinematics_msgs'...
Compiling '/home/liyq/hi_ws/install/kinematics_msgs/local/lib/python3.10/dist-packages/kinematics_msgs/__init__.py'...
Listing '/home/liyq/hi_ws/install/kinematics_msgs/local/lib/python3.10/dist-packages/kinematics_msgs/msg'...
Compiling '/home/liyq/hi_ws/install/kinematics_msgs/local/lib/python3.10/dist-packages/kinematics_msgs/msg/__init__.py'...
Compiling '/home/liyq/hi_ws/install/kinematics_msgs/local/lib/python3.10/dist-packages/kinematics_msgs/msg/_joint_range.py'...
Compiling '/home/liyq/hi_ws/install/kinematics_msgs/local/lib/python3.10/dist-packages/kinematics_msgs/msg/_joints_range.py'...
Compiling '/home/liyq/hi_ws/install/kinematics_msgs/local/lib/python3.10/dist-packages/kinematics_msgs/msg/_link.py'...
Listing '/home/liyq/hi_ws/install/kinematics_msgs/local/lib/python3.10/dist-packages/kinematics_msgs/srv'...
Compiling '/home/liyq/hi_ws/install/kinematics_msgs/local/lib/python3.10/dist-packages/kinematics_msgs/srv/__init__.py'...
Compiling '/home/liyq/hi_ws/install/kinematics_msgs/local/lib/python3.10/dist-packages/kinematics_msgs/srv/_get_joint_range.py'...
Compiling '/home/liyq/hi_ws/install/kinematics_msgs/local/lib/python3.10/dist-packages/kinematics_msgs/srv/_get_link.py'...
Compiling '/home/liyq/hi_ws/install/kinematics_msgs/local/lib/python3.10/dist-packages/kinematics_msgs/srv/_get_robot_pose.py'...
Compiling '/home/liyq/hi_ws/install/kinematics_msgs/local/lib/python3.10/dist-packages/kinematics_msgs/srv/_set_joint_range.py'...
Compiling '/home/liyq/hi_ws/install/kinematics_msgs/local/lib/python3.10/dist-packages/kinematics_msgs/srv/_set_joint_value.py'...
Compiling '/home/liyq/hi_ws/install/kinematics_msgs/local/lib/python3.10/dist-packages/kinematics_msgs/srv/_set_link.py'...
Compiling '/home/liyq/hi_ws/install/kinematics_msgs/local/lib/python3.10/dist-packages/kinematics_msgs/srv/_set_robot_pose.py'...
-- Installing: /home/liyq/hi_ws/install/kinematics_msgs/local/lib/python3.10/dist-packages/kinematics_msgs/kinematics_msgs_s__rosidl_typesupport_fastrtps_c.cpython-310-x86_64-linux-gnu.so
-- Set runtime path of "/home/liyq/hi_ws/install/kinematics_msgs/local/lib/python3.10/dist-packages/kinematics_msgs/kinematics_msgs_s__rosidl_typesupport_fastrtps_c.cpython-310-x86_64-linux-gnu.so" to ""
-- Installing: /home/liyq/hi_ws/install/kinematics_msgs/local/lib/python3.10/dist-packages/kinematics_msgs/kinematics_msgs_s__rosidl_typesupport_introspection_c.cpython-310-x86_64-linux-gnu.so
-- Set runtime path of "/home/liyq/hi_ws/install/kinematics_msgs/local/lib/python3.10/dist-packages/kinematics_msgs/kinematics_msgs_s__rosidl_typesupport_introspection_c.cpython-310-x86_64-linux-gnu.so" to ""
-- Installing: /home/liyq/hi_ws/install/kinematics_msgs/local/lib/python3.10/dist-packages/kinematics_msgs/kinematics_msgs_s__rosidl_typesupport_c.cpython-310-x86_64-linux-gnu.so
-- Set runtime path of "/home/liyq/hi_ws/install/kinematics_msgs/local/lib/python3.10/dist-packages/kinematics_msgs/kinematics_msgs_s__rosidl_typesupport_c.cpython-310-x86_64-linux-gnu.so" to ""
-- Installing: /home/liyq/hi_ws/install/kinematics_msgs/lib/libkinematics_msgs__rosidl_generator_py.so
-- Set runtime path of "/home/liyq/hi_ws/install/kinematics_msgs/lib/libkinematics_msgs__rosidl_generator_py.so" to ""
-- Installing: /home/liyq/hi_ws/install/kinematics_msgs/share/kinematics_msgs/msg/JointRange.idl
-- Installing: /home/liyq/hi_ws/install/kinematics_msgs/share/kinematics_msgs/msg/JointsRange.idl
-- Installing: /home/liyq/hi_ws/install/kinematics_msgs/share/kinematics_msgs/msg/Link.idl
-- Installing: /home/liyq/hi_ws/install/kinematics_msgs/share/kinematics_msgs/srv/GetJointRange.idl
-- Installing: /home/liyq/hi_ws/install/kinematics_msgs/share/kinematics_msgs/srv/GetLink.idl
-- Installing: /home/liyq/hi_ws/install/kinematics_msgs/share/kinematics_msgs/srv/GetRobotPose.idl
-- Installing: /home/liyq/hi_ws/install/kinematics_msgs/share/kinematics_msgs/srv/SetJointRange.idl
-- Installing: /home/liyq/hi_ws/install/kinematics_msgs/share/kinematics_msgs/srv/SetJointValue.idl
-- Installing: /home/liyq/hi_ws/install/kinematics_msgs/share/kinematics_msgs/srv/SetLink.idl
-- Installing: /home/liyq/hi_ws/install/kinematics_msgs/share/kinematics_msgs/srv/SetRobotPose.idl
-- Installing: /home/liyq/hi_ws/install/kinematics_msgs/share/kinematics_msgs/msg/JointRange.msg
-- Installing: /home/liyq/hi_ws/install/kinematics_msgs/share/kinematics_msgs/msg/JointsRange.msg
-- Installing: /home/liyq/hi_ws/install/kinematics_msgs/share/kinematics_msgs/msg/Link.msg
-- Installing: /home/liyq/hi_ws/install/kinematics_msgs/share/kinematics_msgs/srv/GetJointRange.srv
-- Installing: /home/liyq/hi_ws/install/kinematics_msgs/share/kinematics_msgs/srv/GetJointRange_Request.msg
-- Installing: /home/liyq/hi_ws/install/kinematics_msgs/share/kinematics_msgs/srv/GetJointRange_Response.msg
-- Installing: /home/liyq/hi_ws/install/kinematics_msgs/share/kinematics_msgs/srv/GetLink.srv
-- Installing: /home/liyq/hi_ws/install/kinematics_msgs/share/kinematics_msgs/srv/GetLink_Request.msg
-- Installing: /home/liyq/hi_ws/install/kinematics_msgs/share/kinematics_msgs/srv/GetLink_Response.msg
-- Installing: /home/liyq/hi_ws/install/kinematics_msgs/share/kinematics_msgs/srv/GetRobotPose.srv
-- Installing: /home/liyq/hi_ws/install/kinematics_msgs/share/kinematics_msgs/srv/GetRobotPose_Request.msg
-- Installing: /home/liyq/hi_ws/install/kinematics_msgs/share/kinematics_msgs/srv/GetRobotPose_Response.msg
-- Installing: /home/liyq/hi_ws/install/kinematics_msgs/share/kinematics_msgs/srv/SetJointRange.srv
-- Installing: /home/liyq/hi_ws/install/kinematics_msgs/share/kinematics_msgs/srv/SetJointRange_Request.msg
-- Installing: /home/liyq/hi_ws/install/kinematics_msgs/share/kinematics_msgs/srv/SetJointRange_Response.msg
-- Installing: /home/liyq/hi_ws/install/kinematics_msgs/share/kinematics_msgs/srv/SetJointValue.srv
-- Installing: /home/liyq/hi_ws/install/kinematics_msgs/share/kinematics_msgs/srv/SetJointValue_Request.msg
-- Installing: /home/liyq/hi_ws/install/kinematics_msgs/share/kinematics_msgs/srv/SetJointValue_Response.msg
-- Installing: /home/liyq/hi_ws/install/kinematics_msgs/share/kinematics_msgs/srv/SetLink.srv
-- Installing: /home/liyq/hi_ws/install/kinematics_msgs/share/kinematics_msgs/srv/SetLink_Request.msg
-- Installing: /home/liyq/hi_ws/install/kinematics_msgs/share/kinematics_msgs/srv/SetLink_Response.msg
-- Installing: /home/liyq/hi_ws/install/kinematics_msgs/share/kinematics_msgs/srv/SetRobotPose.srv
-- Installing: /home/liyq/hi_ws/install/kinematics_msgs/share/kinematics_msgs/srv/SetRobotPose_Request.msg
-- Installing: /home/liyq/hi_ws/install/kinematics_msgs/share/kinematics_msgs/srv/SetRobotPose_Response.msg
-- Installing: /home/liyq/hi_ws/install/kinematics_msgs/share/ament_index/resource_index/package_run_dependencies/kinematics_msgs
-- Installing: /home/liyq/hi_ws/install/kinematics_msgs/share/ament_index/resource_index/parent_prefix_path/kinematics_msgs
-- Installing: /home/liyq/hi_ws/install/kinematics_msgs/share/kinematics_msgs/environment/ament_prefix_path.sh
-- Installing: /home/liyq/hi_ws/install/kinematics_msgs/share/kinematics_msgs/environment/ament_prefix_path.dsv
-- Installing: /home/liyq/hi_ws/install/kinematics_msgs/share/kinematics_msgs/environment/path.sh
-- Installing: /home/liyq/hi_ws/install/kinematics_msgs/share/kinematics_msgs/environment/path.dsv
-- Installing: /home/liyq/hi_ws/install/kinematics_msgs/share/kinematics_msgs/local_setup.bash
-- Installing: /home/liyq/hi_ws/install/kinematics_msgs/share/kinematics_msgs/local_setup.sh
-- Installing: /home/liyq/hi_ws/install/kinematics_msgs/share/kinematics_msgs/local_setup.zsh
-- Installing: /home/liyq/hi_ws/install/kinematics_msgs/share/kinematics_msgs/local_setup.dsv
-- Installing: /home/liyq/hi_ws/install/kinematics_msgs/share/kinematics_msgs/package.dsv
-- Installing: /home/liyq/hi_ws/install/kinematics_msgs/share/ament_index/resource_index/packages/kinematics_msgs
-- Installing: /home/liyq/hi_ws/install/kinematics_msgs/share/kinematics_msgs/cmake/export_kinematics_msgs__rosidl_generator_cExport.cmake
-- Installing: /home/liyq/hi_ws/install/kinematics_msgs/share/kinematics_msgs/cmake/export_kinematics_msgs__rosidl_generator_cExport-noconfig.cmake
-- Installing: /home/liyq/hi_ws/install/kinematics_msgs/share/kinematics_msgs/cmake/export_kinematics_msgs__rosidl_typesupport_fastrtps_cExport.cmake
-- Installing: /home/liyq/hi_ws/install/kinematics_msgs/share/kinematics_msgs/cmake/export_kinematics_msgs__rosidl_typesupport_fastrtps_cExport-noconfig.cmake
-- Installing: /home/liyq/hi_ws/install/kinematics_msgs/share/kinematics_msgs/cmake/export_kinematics_msgs__rosidl_generator_cppExport.cmake
-- Installing: /home/liyq/hi_ws/install/kinematics_msgs/share/kinematics_msgs/cmake/export_kinematics_msgs__rosidl_typesupport_fastrtps_cppExport.cmake
-- Installing: /home/liyq/hi_ws/install/kinematics_msgs/share/kinematics_msgs/cmake/export_kinematics_msgs__rosidl_typesupport_fastrtps_cppExport-noconfig.cmake
-- Installing: /home/liyq/hi_ws/install/kinematics_msgs/share/kinematics_msgs/cmake/kinematics_msgs__rosidl_typesupport_introspection_cExport.cmake
-- Installing: /home/liyq/hi_ws/install/kinematics_msgs/share/kinematics_msgs/cmake/kinematics_msgs__rosidl_typesupport_introspection_cExport-noconfig.cmake
-- Installing: /home/liyq/hi_ws/install/kinematics_msgs/share/kinematics_msgs/cmake/kinematics_msgs__rosidl_typesupport_cExport.cmake
-- Installing: /home/liyq/hi_ws/install/kinematics_msgs/share/kinematics_msgs/cmake/kinematics_msgs__rosidl_typesupport_cExport-noconfig.cmake
-- Installing: /home/liyq/hi_ws/install/kinematics_msgs/share/kinematics_msgs/cmake/kinematics_msgs__rosidl_typesupport_introspection_cppExport.cmake
-- Installing: /home/liyq/hi_ws/install/kinematics_msgs/share/kinematics_msgs/cmake/kinematics_msgs__rosidl_typesupport_introspection_cppExport-noconfig.cmake
-- Installing: /home/liyq/hi_ws/install/kinematics_msgs/share/kinematics_msgs/cmake/kinematics_msgs__rosidl_typesupport_cppExport.cmake
-- Installing: /home/liyq/hi_ws/install/kinematics_msgs/share/kinematics_msgs/cmake/kinematics_msgs__rosidl_typesupport_cppExport-noconfig.cmake
-- Installing: /home/liyq/hi_ws/install/kinematics_msgs/share/kinematics_msgs/cmake/export_kinematics_msgs__rosidl_generator_pyExport.cmake
-- Installing: /home/liyq/hi_ws/install/kinematics_msgs/share/kinematics_msgs/cmake/export_kinematics_msgs__rosidl_generator_pyExport-noconfig.cmake
-- Installing: /home/liyq/hi_ws/install/kinematics_msgs/share/kinematics_msgs/cmake/rosidl_cmake-extras.cmake
-- Installing: /home/liyq/hi_ws/install/kinematics_msgs/share/kinematics_msgs/cmake/ament_cmake_export_dependencies-extras.cmake
-- Installing: /home/liyq/hi_ws/install/kinematics_msgs/share/kinematics_msgs/cmake/ament_cmake_export_include_directories-extras.cmake
-- Installing: /home/liyq/hi_ws/install/kinematics_msgs/share/kinematics_msgs/cmake/ament_cmake_export_libraries-extras.cmake
-- Installing: /home/liyq/hi_ws/install/kinematics_msgs/share/kinematics_msgs/cmake/ament_cmake_export_targets-extras.cmake
-- Installing: /home/liyq/hi_ws/install/kinematics_msgs/share/kinematics_msgs/cmake/rosidl_cmake_export_typesupport_targets-extras.cmake
-- Installing: /home/liyq/hi_ws/install/kinematics_msgs/share/kinematics_msgs/cmake/rosidl_cmake_export_typesupport_libraries-extras.cmake
-- Installing: /home/liyq/hi_ws/install/kinematics_msgs/share/kinematics_msgs/cmake/kinematics_msgsConfig.cmake
-- Installing: /home/liyq/hi_ws/install/kinematics_msgs/share/kinematics_msgs/cmake/kinematics_msgsConfig-version.cmake
-- Installing: /home/liyq/hi_ws/install/kinematics_msgs/share/kinematics_msgs/package.xml
