running egg_info
creating ../../../../build/kinematics/kinematics.egg-info
writing ../../../../build/kinematics/kinematics.egg-info/PKG-INFO
writing dependency_links to ../../../../build/kinematics/kinematics.egg-info/dependency_links.txt
writing entry points to ../../../../build/kinematics/kinematics.egg-info/entry_points.txt
writing requirements to ../../../../build/kinematics/kinematics.egg-info/requires.txt
writing top-level names to ../../../../build/kinematics/kinematics.egg-info/top_level.txt
writing manifest file '../../../../build/kinematics/kinematics.egg-info/SOURCES.txt'
reading manifest file '../../../../build/kinematics/kinematics.egg-info/SOURCES.txt'
writing manifest file '../../../../build/kinematics/kinematics.egg-info/SOURCES.txt'
running build
running build_py
creating /home/liyq/hi_ws/build/kinematics/build
creating /home/liyq/hi_ws/build/kinematics/build/lib
creating /home/liyq/hi_ws/build/kinematics/build/lib/kinematics
copying kinematics/kinematics_control.py -> /home/liyq/hi_ws/build/kinematics/build/lib/kinematics
copying kinematics/kinematics_demo.py -> /home/liyq/hi_ws/build/kinematics/build/lib/kinematics
copying kinematics/__init__.py -> /home/liyq/hi_ws/build/kinematics/build/lib/kinematics
copying kinematics/search_kinematics_solutions_node.py -> /home/liyq/hi_ws/build/kinematics/build/lib/kinematics
copying kinematics/transform.py -> /home/liyq/hi_ws/build/kinematics/build/lib/kinematics
running install
running install_lib
creating /home/liyq/hi_ws/install/kinematics/lib/python3.10/site-packages/kinematics
copying /home/liyq/hi_ws/build/kinematics/build/lib/kinematics/kinematics_control.py -> /home/liyq/hi_ws/install/kinematics/lib/python3.10/site-packages/kinematics
copying /home/liyq/hi_ws/build/kinematics/build/lib/kinematics/kinematics_demo.py -> /home/liyq/hi_ws/install/kinematics/lib/python3.10/site-packages/kinematics
copying /home/liyq/hi_ws/build/kinematics/build/lib/kinematics/__init__.py -> /home/liyq/hi_ws/install/kinematics/lib/python3.10/site-packages/kinematics
copying /home/liyq/hi_ws/build/kinematics/build/lib/kinematics/search_kinematics_solutions_node.py -> /home/liyq/hi_ws/install/kinematics/lib/python3.10/site-packages/kinematics
copying /home/liyq/hi_ws/build/kinematics/build/lib/kinematics/transform.py -> /home/liyq/hi_ws/install/kinematics/lib/python3.10/site-packages/kinematics
byte-compiling /home/liyq/hi_ws/install/kinematics/lib/python3.10/site-packages/kinematics/kinematics_control.py to kinematics_control.cpython-310.pyc
byte-compiling /home/liyq/hi_ws/install/kinematics/lib/python3.10/site-packages/kinematics/kinematics_demo.py to kinematics_demo.cpython-310.pyc
byte-compiling /home/liyq/hi_ws/install/kinematics/lib/python3.10/site-packages/kinematics/__init__.py to __init__.cpython-310.pyc
byte-compiling /home/liyq/hi_ws/install/kinematics/lib/python3.10/site-packages/kinematics/search_kinematics_solutions_node.py to search_kinematics_solutions_node.cpython-310.pyc
byte-compiling /home/liyq/hi_ws/install/kinematics/lib/python3.10/site-packages/kinematics/transform.py to transform.cpython-310.pyc
running install_data
creating /home/liyq/hi_ws/install/kinematics/share/ament_index
creating /home/liyq/hi_ws/install/kinematics/share/ament_index/resource_index
creating /home/liyq/hi_ws/install/kinematics/share/ament_index/resource_index/packages
copying resource/kinematics -> /home/liyq/hi_ws/install/kinematics/share/ament_index/resource_index/packages
copying package.xml -> /home/liyq/hi_ws/install/kinematics/share/kinematics
creating /home/liyq/hi_ws/install/kinematics/share/kinematics/launch
copying launch/kinematics_node.launch.py -> /home/liyq/hi_ws/install/kinematics/share/kinematics/launch
running install_egg_info
Copying ../../../../build/kinematics/kinematics.egg-info to /home/liyq/hi_ws/install/kinematics/lib/python3.10/site-packages/kinematics-0.0.0-py3.10.egg-info
running install_scripts
Installing search_kinematics_solutions script to /home/liyq/hi_ws/install/kinematics/lib/kinematics
writing list of installed files to '/home/liyq/hi_ws/build/kinematics/install.log'
