[1.361s] Invoking command in '/home/liyq/hi_ws/ROS2/src/driver/kinematics': PYTHONPATH=/home/liyq/hi_ws/build/kinematics/prefix_override:/usr/lib/python3/dist-packages/colcon_core/task/python/colcon_distutils_commands:/home/liyq/hi_ws/install/kinematics/lib/python3.10/site-packages:${PYTHONPATH} /usr/bin/python3 -W ignore:setup.py install is deprecated -W ignore:easy_install command is deprecated setup.py egg_info --egg-base ../../../../build/kinematics build --build-base /home/liyq/hi_ws/build/kinematics/build install --record /home/liyq/hi_ws/build/kinematics/install.log --single-version-externally-managed install_data
[1.634s] running egg_info
[1.635s] creating ../../../../build/kinematics/kinematics.egg-info
[1.635s] writing ../../../../build/kinematics/kinematics.egg-info/PKG-INFO
[1.635s] writing dependency_links to ../../../../build/kinematics/kinematics.egg-info/dependency_links.txt
[1.635s] writing entry points to ../../../../build/kinematics/kinematics.egg-info/entry_points.txt
[1.636s] writing requirements to ../../../../build/kinematics/kinematics.egg-info/requires.txt
[1.636s] writing top-level names to ../../../../build/kinematics/kinematics.egg-info/top_level.txt
[1.636s] writing manifest file '../../../../build/kinematics/kinematics.egg-info/SOURCES.txt'
[1.639s] reading manifest file '../../../../build/kinematics/kinematics.egg-info/SOURCES.txt'
[1.639s] writing manifest file '../../../../build/kinematics/kinematics.egg-info/SOURCES.txt'
[1.640s] running build
[1.640s] running build_py
[1.640s] creating /home/liyq/hi_ws/build/kinematics/build
[1.640s] creating /home/liyq/hi_ws/build/kinematics/build/lib
[1.640s] creating /home/liyq/hi_ws/build/kinematics/build/lib/kinematics
[1.641s] copying kinematics/kinematics_control.py -> /home/liyq/hi_ws/build/kinematics/build/lib/kinematics
[1.641s] copying kinematics/kinematics_demo.py -> /home/liyq/hi_ws/build/kinematics/build/lib/kinematics
[1.641s] copying kinematics/__init__.py -> /home/liyq/hi_ws/build/kinematics/build/lib/kinematics
[1.641s] copying kinematics/search_kinematics_solutions_node.py -> /home/liyq/hi_ws/build/kinematics/build/lib/kinematics
[1.641s] copying kinematics/transform.py -> /home/liyq/hi_ws/build/kinematics/build/lib/kinematics
[1.641s] running install
[1.642s] running install_lib
[1.643s] creating /home/liyq/hi_ws/install/kinematics/lib/python3.10/site-packages/kinematics
[1.643s] copying /home/liyq/hi_ws/build/kinematics/build/lib/kinematics/kinematics_control.py -> /home/liyq/hi_ws/install/kinematics/lib/python3.10/site-packages/kinematics
[1.643s] copying /home/liyq/hi_ws/build/kinematics/build/lib/kinematics/kinematics_demo.py -> /home/liyq/hi_ws/install/kinematics/lib/python3.10/site-packages/kinematics
[1.643s] copying /home/liyq/hi_ws/build/kinematics/build/lib/kinematics/__init__.py -> /home/liyq/hi_ws/install/kinematics/lib/python3.10/site-packages/kinematics
[1.643s] copying /home/liyq/hi_ws/build/kinematics/build/lib/kinematics/search_kinematics_solutions_node.py -> /home/liyq/hi_ws/install/kinematics/lib/python3.10/site-packages/kinematics
[1.643s] copying /home/liyq/hi_ws/build/kinematics/build/lib/kinematics/transform.py -> /home/liyq/hi_ws/install/kinematics/lib/python3.10/site-packages/kinematics
[1.645s] byte-compiling /home/liyq/hi_ws/install/kinematics/lib/python3.10/site-packages/kinematics/kinematics_control.py to kinematics_control.cpython-310.pyc
[1.646s] byte-compiling /home/liyq/hi_ws/install/kinematics/lib/python3.10/site-packages/kinematics/kinematics_demo.py to kinematics_demo.cpython-310.pyc
[1.648s] byte-compiling /home/liyq/hi_ws/install/kinematics/lib/python3.10/site-packages/kinematics/__init__.py to __init__.cpython-310.pyc
[1.648s] byte-compiling /home/liyq/hi_ws/install/kinematics/lib/python3.10/site-packages/kinematics/search_kinematics_solutions_node.py to search_kinematics_solutions_node.cpython-310.pyc
[1.650s] byte-compiling /home/liyq/hi_ws/install/kinematics/lib/python3.10/site-packages/kinematics/transform.py to transform.cpython-310.pyc
[1.651s] running install_data
[1.651s] creating /home/liyq/hi_ws/install/kinematics/share/ament_index
[1.651s] creating /home/liyq/hi_ws/install/kinematics/share/ament_index/resource_index
[1.653s] creating /home/liyq/hi_ws/install/kinematics/share/ament_index/resource_index/packages
[1.653s] copying resource/kinematics -> /home/liyq/hi_ws/install/kinematics/share/ament_index/resource_index/packages
[1.653s] copying package.xml -> /home/liyq/hi_ws/install/kinematics/share/kinematics
[1.653s] creating /home/liyq/hi_ws/install/kinematics/share/kinematics/launch
[1.653s] copying launch/kinematics_node.launch.py -> /home/liyq/hi_ws/install/kinematics/share/kinematics/launch
[1.653s] running install_egg_info
[1.654s] Copying ../../../../build/kinematics/kinematics.egg-info to /home/liyq/hi_ws/install/kinematics/lib/python3.10/site-packages/kinematics-0.0.0-py3.10.egg-info
[1.659s] running install_scripts
[1.683s] Installing search_kinematics_solutions script to /home/liyq/hi_ws/install/kinematics/lib/kinematics
[1.683s] writing list of installed files to '/home/liyq/hi_ws/build/kinematics/install.log'
[1.745s] Invoked command in '/home/liyq/hi_ws/ROS2/src/driver/kinematics' returned '0': PYTHONPATH=/home/liyq/hi_ws/build/kinematics/prefix_override:/usr/lib/python3/dist-packages/colcon_core/task/python/colcon_distutils_commands:/home/liyq/hi_ws/install/kinematics/lib/python3.10/site-packages:${PYTHONPATH} /usr/bin/python3 -W ignore:setup.py install is deprecated -W ignore:easy_install command is deprecated setup.py egg_info --egg-base ../../../../build/kinematics build --build-base /home/liyq/hi_ws/build/kinematics/build install --record /home/liyq/hi_ws/build/kinematics/install.log --single-version-externally-managed install_data
