-- The C compiler identification is GNU 11.4.0
-- The CXX compiler identification is GNU 11.4.0
-- Detecting C compiler ABI info
-- Detecting C compiler ABI info - done
-- Check for working C compiler: /usr/bin/cc - skipped
-- Detecting C compile features
-- Detecting C compile features - done
-- Detecting CXX compiler ABI info
-- Detecting CXX compiler ABI info - done
-- Check for working CXX compiler: /usr/bin/c++ - skipped
-- Detecting CXX compile features
-- Detecting CXX compile features - done
-- Found ament_cmake: 1.3.12 (/opt/ros/humble/share/ament_cmake/cmake)
-- Found Python3: /usr/bin/python3 (found version "3.10.12") found components: Interpreter 
-- Found rclcpp: 16.0.16 (/opt/ros/humble/share/rclcpp/cmake)
-- Found rosidl_generator_c: 3.1.7 (/opt/ros/humble/share/rosidl_generator_c/cmake)
-- Found rosidl_adapter: 3.1.7 (/opt/ros/humble/share/rosidl_adapter/cmake)
-- Found rosidl_generator_cpp: 3.1.7 (/opt/ros/humble/share/rosidl_generator_cpp/cmake)
-- Using all available rosidl_typesupport_c: rosidl_typesupport_fastrtps_c;rosidl_typesupport_introspection_c
-- Using all available rosidl_typesupport_cpp: rosidl_typesupport_fastrtps_cpp;rosidl_typesupport_introspection_cpp
-- Found rmw_implementation_cmake: 6.1.2 (/opt/ros/humble/share/rmw_implementation_cmake/cmake)
-- Found rmw_fastrtps_cpp: 6.2.9 (/opt/ros/humble/share/rmw_fastrtps_cpp/cmake)
-- Found OpenSSL: /usr/lib/x86_64-linux-gnu/libcrypto.so (found version "3.0.2")  
-- Found FastRTPS: /opt/ros/humble/include  
-- Using RMW implementation 'rmw_fastrtps_cpp' as default
-- Looking for pthread.h
-- Looking for pthread.h - found
-- Performing Test CMAKE_HAVE_LIBC_PTHREAD
-- Performing Test CMAKE_HAVE_LIBC_PTHREAD - Success
-- Found Threads: TRUE  
-- Found rclpy: 3.3.19 (/opt/ros/humble/share/rclpy/cmake)
-- Found xf_mic_asr_offline_msgs: 0.0.0 (/home/liyq/hi_ws/install/xf_mic_asr_offline_msgs/share/xf_mic_asr_offline_msgs/cmake)
-- Found ros_robot_controller_msgs: 0.0.0 (/home/liyq/hi_ws/install/ros_robot_controller_msgs/share/ros_robot_controller_msgs/cmake)
-- Found ament_lint_auto: 0.12.14 (/opt/ros/humble/share/ament_lint_auto/cmake)
-- Added test 'copyright' to check source files copyright and LICENSE
-- Added test 'cppcheck' to perform static code analysis on C / C++ code
-- Configured cppcheck include dirs: /home/liyq/hi_ws/ROS2/src/xf_mic_asr_offline/include
-- Configured cppcheck exclude dirs and/or files: 
-- Added test 'cpplint' to check C / C++ code against the Google style
-- Configured cpplint exclude dirs and/or files: 
-- Added test 'flake8' to check Python code syntax and style conventions
-- Added test 'lint_cmake' to check CMake code style
-- Added test 'pep257' to check Python code against some of the docstring style conventions in PEP 257
-- Added test 'uncrustify' to check C / C++ code style
-- Configured uncrustify additional arguments: 
-- Added test 'xmllint' to check XML markup files
-- Configuring done
-- Generating done
-- Build files have been written to: /home/liyq/hi_ws/build/xf_mic_asr_offline
[ 50%] [32mBuilding CXX object CMakeFiles/voice_control.dir/src/voice_control.cpp.o[0m
[01m[K/home/liyq/hi_ws/ROS2/src/xf_mic_asr_offline/src/voice_control.cpp:[m[K In member function ‘[01m[Kbool SpeechProcess::Get_Offline_Recognise_Result(const std::shared_ptr<xf_mic_asr_offline_msgs::srv::GetOfflineResult_Request_<std::allocator<void> > >&, std::shared_ptr<xf_mic_asr_offline_msgs::srv::GetOfflineResult_Response_<std::allocator<void> > >&)[m[K’:
[01m[K/home/liyq/hi_ws/ROS2/src/xf_mic_asr_offline/src/voice_control.cpp:373:25:[m[K [01;35m[Kwarning: [m[Kcomparison with string literal results in unspecified behavior [[01;35m[K]8;;https://gcc.gnu.org/onlinedocs/gcc/Warning-Options.html#index-Waddress-Waddress]8;;[m[K]
  373 |         if([01;35m[Kwhole_result != ""[m[K)
      |            [01;35m[K~~~~~~~~~~~~~^~~~~[m[K
[01m[K/home/liyq/hi_ws/ROS2/src/xf_mic_asr_offline/src/voice_control.cpp:410:24:[m[K [01;35m[Kwarning: [m[KISO C++ forbids converting a string constant to ‘[01m[Kchar*[m[K’ [[01;35m[K]8;;https://gcc.gnu.org/onlinedocs/gcc/Warning-Options.html#index-Wwrite-strings-Wwrite-strings]8;;[m[K]
  410 |         whole_result = [01;35m[K""[m[K;
      |                        [01;35m[K^~[m[K
[100%] [32m[1mLinking CXX executable voice_control[0m
/usr/bin/ld: skipping incompatible /home/liyq/hi_ws/ROS2/src/xf_mic_asr_offline/lib/arm64/liboffline_record_lib.so when searching for -loffline_record_lib
/usr/bin/ld: cannot find -loffline_record_lib: No such file or directory
/usr/bin/ld: skipping incompatible /home/liyq/hi_ws/ROS2/src/xf_mic_asr_offline/lib/arm64/liboffline_record_lib.so when searching for -loffline_record_lib
collect2: error: ld returned 1 exit status
gmake[2]: *** [CMakeFiles/voice_control.dir/build.make:175: voice_control] Error 1
gmake[1]: *** [CMakeFiles/Makefile2:140: CMakeFiles/voice_control.dir/all] Error 2
gmake: *** [Makefile:146: all] Error 2
