[2.141s] Invoking command in '/home/liyq/hi_ws/ROS2/src/driver/sdk': PYTHONPATH=/home/liyq/hi_ws/build/sdk/prefix_override:/usr/lib/python3/dist-packages/colcon_core/task/python/colcon_distutils_commands:/home/liyq/hi_ws/install/sdk/lib/python3.10/site-packages:${PYTHONPATH} /usr/bin/python3 -W ignore:setup.py install is deprecated -W ignore:easy_install command is deprecated setup.py egg_info --egg-base ../../../../build/sdk build --build-base /home/liyq/hi_ws/build/sdk/build install --record /home/liyq/hi_ws/build/sdk/install.log --single-version-externally-managed install_data
[3.791s] running egg_info
[3.792s] creating ../../../../build/sdk/sdk.egg-info
[3.805s] writing ../../../../build/sdk/sdk.egg-info/PKG-INFO
[3.806s] writing dependency_links to ../../../../build/sdk/sdk.egg-info/dependency_links.txt
[3.806s] writing entry points to ../../../../build/sdk/sdk.egg-info/entry_points.txt
[3.806s] writing requirements to ../../../../build/sdk/sdk.egg-info/requires.txt
[3.806s] writing top-level names to ../../../../build/sdk/sdk.egg-info/top_level.txt
[3.806s] writing manifest file '../../../../build/sdk/sdk.egg-info/SOURCES.txt'
[3.806s] reading manifest file '../../../../build/sdk/sdk.egg-info/SOURCES.txt'
[3.806s] writing manifest file '../../../../build/sdk/sdk.egg-info/SOURCES.txt'
[3.806s] running build
[3.806s] running build_py
[3.806s] creating /home/liyq/hi_ws/build/sdk/build
[3.815s] creating /home/liyq/hi_ws/build/sdk/build/lib
[3.815s] creating /home/liyq/hi_ws/build/sdk/build/lib/sdk
[3.815s] copying sdk/hw_interfaces.py -> /home/liyq/hi_ws/build/sdk/build/lib/sdk
[3.815s] copying sdk/common.py -> /home/liyq/hi_ws/build/sdk/build/lib/sdk
[3.816s] copying sdk/tone.py -> /home/liyq/hi_ws/build/sdk/build/lib/sdk
[3.816s] copying sdk/__init__.py -> /home/liyq/hi_ws/build/sdk/build/lib/sdk
[3.816s] copying sdk/check_servo_connection.py -> /home/liyq/hi_ws/build/sdk/build/lib/sdk
[3.816s] copying sdk/pid.py -> /home/liyq/hi_ws/build/sdk/build/lib/sdk
[3.816s] copying sdk/buzzer.py -> /home/liyq/hi_ws/build/sdk/build/lib/sdk
[3.816s] copying sdk/misc.py -> /home/liyq/hi_ws/build/sdk/build/lib/sdk
[3.816s] copying sdk/fps.py -> /home/liyq/hi_ws/build/sdk/build/lib/sdk
[3.816s] running install
[3.819s] running install_lib
[3.837s] creating /home/liyq/hi_ws/install/sdk/lib/python3.10/site-packages/sdk
[3.837s] copying /home/liyq/hi_ws/build/sdk/build/lib/sdk/hw_interfaces.py -> /home/liyq/hi_ws/install/sdk/lib/python3.10/site-packages/sdk
[3.837s] copying /home/liyq/hi_ws/build/sdk/build/lib/sdk/common.py -> /home/liyq/hi_ws/install/sdk/lib/python3.10/site-packages/sdk
[3.837s] copying /home/liyq/hi_ws/build/sdk/build/lib/sdk/tone.py -> /home/liyq/hi_ws/install/sdk/lib/python3.10/site-packages/sdk
[3.837s] copying /home/liyq/hi_ws/build/sdk/build/lib/sdk/__init__.py -> /home/liyq/hi_ws/install/sdk/lib/python3.10/site-packages/sdk
[3.837s] copying /home/liyq/hi_ws/build/sdk/build/lib/sdk/check_servo_connection.py -> /home/liyq/hi_ws/install/sdk/lib/python3.10/site-packages/sdk
[3.837s] copying /home/liyq/hi_ws/build/sdk/build/lib/sdk/pid.py -> /home/liyq/hi_ws/install/sdk/lib/python3.10/site-packages/sdk
[3.837s] copying /home/liyq/hi_ws/build/sdk/build/lib/sdk/buzzer.py -> /home/liyq/hi_ws/install/sdk/lib/python3.10/site-packages/sdk
[3.837s] copying /home/liyq/hi_ws/build/sdk/build/lib/sdk/misc.py -> /home/liyq/hi_ws/install/sdk/lib/python3.10/site-packages/sdk
[3.837s] copying /home/liyq/hi_ws/build/sdk/build/lib/sdk/fps.py -> /home/liyq/hi_ws/install/sdk/lib/python3.10/site-packages/sdk
[3.837s] byte-compiling /home/liyq/hi_ws/install/sdk/lib/python3.10/site-packages/sdk/hw_interfaces.py to hw_interfaces.cpython-310.pyc
[3.854s] byte-compiling /home/liyq/hi_ws/install/sdk/lib/python3.10/site-packages/sdk/common.py to common.cpython-310.pyc
[3.873s] byte-compiling /home/liyq/hi_ws/install/sdk/lib/python3.10/site-packages/sdk/tone.py to tone.cpython-310.pyc
[3.873s] byte-compiling /home/liyq/hi_ws/install/sdk/lib/python3.10/site-packages/sdk/__init__.py to __init__.cpython-310.pyc
[3.890s] byte-compiling /home/liyq/hi_ws/install/sdk/lib/python3.10/site-packages/sdk/check_servo_connection.py to check_servo_connection.cpython-310.pyc
[3.890s] byte-compiling /home/liyq/hi_ws/install/sdk/lib/python3.10/site-packages/sdk/pid.py to pid.cpython-310.pyc
[3.907s] byte-compiling /home/liyq/hi_ws/install/sdk/lib/python3.10/site-packages/sdk/buzzer.py to buzzer.cpython-310.pyc
[3.912s] byte-compiling /home/liyq/hi_ws/install/sdk/lib/python3.10/site-packages/sdk/misc.py to misc.cpython-310.pyc
[3.912s] byte-compiling /home/liyq/hi_ws/install/sdk/lib/python3.10/site-packages/sdk/fps.py to fps.cpython-310.pyc
[3.912s] running install_data
[3.912s] creating /home/liyq/hi_ws/install/sdk/share/ament_index
[3.912s] creating /home/liyq/hi_ws/install/sdk/share/ament_index/resource_index
[3.913s] creating /home/liyq/hi_ws/install/sdk/share/ament_index/resource_index/packages
[3.914s] copying resource/sdk -> /home/liyq/hi_ws/install/sdk/share/ament_index/resource_index/packages
[3.915s] copying package.xml -> /home/liyq/hi_ws/install/sdk/share/sdk
[3.915s] creating /home/liyq/hi_ws/install/sdk/share/sdk/launch
[3.916s] copying launch/jetarm_sdk.launch.py -> /home/liyq/hi_ws/install/sdk/share/sdk/launch
[3.916s] running install_egg_info
[3.928s] Copying ../../../../build/sdk/sdk.egg-info to /home/liyq/hi_ws/install/sdk/lib/python3.10/site-packages/sdk-0.0.0-py3.10.egg-info
[3.928s] running install_scripts
[4.106s] Installing check_servo_connection script to /home/liyq/hi_ws/install/sdk/lib/sdk
[4.107s] writing list of installed files to '/home/liyq/hi_ws/build/sdk/install.log'
[5.253s] Invoked command in '/home/liyq/hi_ws/ROS2/src/driver/sdk' returned '0': PYTHONPATH=/home/liyq/hi_ws/build/sdk/prefix_override:/usr/lib/python3/dist-packages/colcon_core/task/python/colcon_distutils_commands:/home/liyq/hi_ws/install/sdk/lib/python3.10/site-packages:${PYTHONPATH} /usr/bin/python3 -W ignore:setup.py install is deprecated -W ignore:easy_install command is deprecated setup.py egg_info --egg-base ../../../../build/sdk build --build-base /home/liyq/hi_ws/build/sdk/build install --record /home/liyq/hi_ws/build/sdk/install.log --single-version-externally-managed install_data
