/home/liyq/hi_ws/install/kinematics/lib/python3.10/site-packages/kinematics/kinematics_control.py
/home/liyq/hi_ws/install/kinematics/lib/python3.10/site-packages/kinematics/kinematics_demo.py
/home/liyq/hi_ws/install/kinematics/lib/python3.10/site-packages/kinematics/__init__.py
/home/liyq/hi_ws/install/kinematics/lib/python3.10/site-packages/kinematics/search_kinematics_solutions_node.py
/home/liyq/hi_ws/install/kinematics/lib/python3.10/site-packages/kinematics/transform.py
/home/liyq/hi_ws/install/kinematics/lib/python3.10/site-packages/kinematics/__pycache__/kinematics_control.cpython-310.pyc
/home/liyq/hi_ws/install/kinematics/lib/python3.10/site-packages/kinematics/__pycache__/kinematics_demo.cpython-310.pyc
/home/liyq/hi_ws/install/kinematics/lib/python3.10/site-packages/kinematics/__pycache__/__init__.cpython-310.pyc
/home/liyq/hi_ws/install/kinematics/lib/python3.10/site-packages/kinematics/__pycache__/search_kinematics_solutions_node.cpython-310.pyc
/home/liyq/hi_ws/install/kinematics/lib/python3.10/site-packages/kinematics/__pycache__/transform.cpython-310.pyc
/home/liyq/hi_ws/install/kinematics/share/ament_index/resource_index/packages/kinematics
/home/liyq/hi_ws/install/kinematics/share/kinematics/package.xml
/home/liyq/hi_ws/install/kinematics/share/kinematics/launch/kinematics_node.launch.py
/home/liyq/hi_ws/install/kinematics/lib/python3.10/site-packages/kinematics-0.0.0-py3.10.egg-info/requires.txt
/home/liyq/hi_ws/install/kinematics/lib/python3.10/site-packages/kinematics-0.0.0-py3.10.egg-info/zip-safe
/home/liyq/hi_ws/install/kinematics/lib/python3.10/site-packages/kinematics-0.0.0-py3.10.egg-info/SOURCES.txt
/home/liyq/hi_ws/install/kinematics/lib/python3.10/site-packages/kinematics-0.0.0-py3.10.egg-info/entry_points.txt
/home/liyq/hi_ws/install/kinematics/lib/python3.10/site-packages/kinematics-0.0.0-py3.10.egg-info/PKG-INFO
/home/liyq/hi_ws/install/kinematics/lib/python3.10/site-packages/kinematics-0.0.0-py3.10.egg-info/top_level.txt
/home/liyq/hi_ws/install/kinematics/lib/python3.10/site-packages/kinematics-0.0.0-py3.10.egg-info/dependency_links.txt
/home/liyq/hi_ws/install/kinematics/lib/kinematics/search_kinematics_solutions
