[0.020s] Invoking command in '/home/liyq/hi_ws/build/xf_mic_asr_offline': CMAKE_PREFIX_PATH=/home/liyq/hi_ws/install/xf_mic_asr_offline_msgs:/home/liyq/hi_ws/install/ros_robot_controller_msgs:/home/liyq/hi_ws/install/servo_controller_msgs:/home/liyq/hi_ws/install/large_models_msgs:/home/liyq/hi_ws/install/kinematics_msgs:/home/liyq/hi_ws/install/interfaces:/home/liyq/hi_ws/install/chassis_msgs:/home/liyq/hi_ws/install/stepper:/home/liyq/hi_ws/install/servo_controller:/home/liyq/hi_ws/install/sdk:/home/liyq/hi_ws/install/ros_robot_controller:/home/liyq/hi_ws/install/peripherals:/home/liyq/hi_ws/install/motor:/home/liyq/hi_ws/install/large_models_examples:/home/liyq/hi_ws/install/large_models:/home/liyq/hi_ws/install/kinematics:/home/liyq/hi_ws/install/example:/home/liyq/hi_ws/install/chassis:/home/liyq/hi_ws/install/bringup:/home/liyq/hi_ws/install/app:/opt/ros/humble LD_LIBRARY_PATH=/home/liyq/hi_ws/install/xf_mic_asr_offline_msgs/lib:/home/liyq/hi_ws/install/ros_robot_controller_msgs/lib:/home/liyq/hi_ws/install/servo_controller_msgs/lib:/home/liyq/hi_ws/install/large_models_msgs/lib:/home/liyq/hi_ws/install/kinematics_msgs/lib:/home/liyq/hi_ws/install/interfaces/lib:/home/liyq/hi_ws/install/chassis_msgs/lib:/opt/ros/humble/opt/rviz_ogre_vendor/lib:/opt/ros/humble/lib/x86_64-linux-gnu:/opt/ros/humble/lib /usr/bin/cmake --build /home/liyq/hi_ws/build/xf_mic_asr_offline -- -j8 -l8
[0.074s] [35m[1mConsolidate compiler generated dependencies of target voice_control[0m
[0.099s] [ 50%] Built target ament_cmake_python_copy_xf_mic_asr_offline
[0.099s] [ 50%] [32m[1mLinking CXX executable voice_control[0m
[0.152s] /usr/bin/ld: skipping incompatible /home/liyq/hi_ws/ROS2/src/xf_mic_asr_offline/lib/arm64/liboffline_record_lib.so when searching for -loffline_record_lib
[0.152s] /usr/bin/ld: cannot find -loffline_record_lib: No such file or directory
[0.152s] /usr/bin/ld: skipping incompatible /home/liyq/hi_ws/ROS2/src/xf_mic_asr_offline/lib/arm64/liboffline_record_lib.so when searching for -loffline_record_lib
[0.421s] running egg_info
[0.422s] creating xf_mic_asr_offline.egg-info
[0.422s] writing xf_mic_asr_offline.egg-info/PKG-INFO
[0.422s] writing dependency_links to xf_mic_asr_offline.egg-info/dependency_links.txt
[0.423s] writing top-level names to xf_mic_asr_offline.egg-info/top_level.txt
[0.423s] writing manifest file 'xf_mic_asr_offline.egg-info/SOURCES.txt'
[0.426s] reading manifest file 'xf_mic_asr_offline.egg-info/SOURCES.txt'
[0.426s] writing manifest file 'xf_mic_asr_offline.egg-info/SOURCES.txt'
[0.480s] [ 50%] Built target ament_cmake_python_build_xf_mic_asr_offline_egg
[0.489s] collect2: error: ld returned 1 exit status
[0.491s] gmake[2]: *** [CMakeFiles/voice_control.dir/build.make:175: voice_control] Error 1
[0.492s] gmake[1]: *** [CMakeFiles/Makefile2:140: CMakeFiles/voice_control.dir/all] Error 2
[0.492s] gmake: *** [Makefile:146: all] Error 2
[0.496s] Invoked command in '/home/liyq/hi_ws/build/xf_mic_asr_offline' returned '2': CMAKE_PREFIX_PATH=/home/liyq/hi_ws/install/xf_mic_asr_offline_msgs:/home/liyq/hi_ws/install/ros_robot_controller_msgs:/home/liyq/hi_ws/install/servo_controller_msgs:/home/liyq/hi_ws/install/large_models_msgs:/home/liyq/hi_ws/install/kinematics_msgs:/home/liyq/hi_ws/install/interfaces:/home/liyq/hi_ws/install/chassis_msgs:/home/liyq/hi_ws/install/stepper:/home/liyq/hi_ws/install/servo_controller:/home/liyq/hi_ws/install/sdk:/home/liyq/hi_ws/install/ros_robot_controller:/home/liyq/hi_ws/install/peripherals:/home/liyq/hi_ws/install/motor:/home/liyq/hi_ws/install/large_models_examples:/home/liyq/hi_ws/install/large_models:/home/liyq/hi_ws/install/kinematics:/home/liyq/hi_ws/install/example:/home/liyq/hi_ws/install/chassis:/home/liyq/hi_ws/install/bringup:/home/liyq/hi_ws/install/app:/opt/ros/humble LD_LIBRARY_PATH=/home/liyq/hi_ws/install/xf_mic_asr_offline_msgs/lib:/home/liyq/hi_ws/install/ros_robot_controller_msgs/lib:/home/liyq/hi_ws/install/servo_controller_msgs/lib:/home/liyq/hi_ws/install/large_models_msgs/lib:/home/liyq/hi_ws/install/kinematics_msgs/lib:/home/liyq/hi_ws/install/interfaces/lib:/home/liyq/hi_ws/install/chassis_msgs/lib:/opt/ros/humble/opt/rviz_ogre_vendor/lib:/opt/ros/humble/lib/x86_64-linux-gnu:/opt/ros/humble/lib /usr/bin/cmake --build /home/liyq/hi_ws/build/xf_mic_asr_offline -- -j8 -l8
