/home/liyq/hi_ws/install/chassis/lib/python3.10/site-packages/chassis/object_tracking.py
/home/liyq/hi_ws/install/chassis/lib/python3.10/site-packages/chassis/line_following.py
/home/liyq/hi_ws/install/chassis/lib/python3.10/site-packages/chassis/motor.py
/home/liyq/hi_ws/install/chassis/lib/python3.10/site-packages/chassis/__init__.py
/home/liyq/hi_ws/install/chassis/lib/python3.10/site-packages/chassis/chassis_controller.py
/home/liyq/hi_ws/install/chassis/lib/python3.10/site-packages/chassis/mecanum.py
/home/liyq/hi_ws/install/chassis/lib/python3.10/site-packages/chassis/__pycache__/object_tracking.cpython-310.pyc
/home/liyq/hi_ws/install/chassis/lib/python3.10/site-packages/chassis/__pycache__/line_following.cpython-310.pyc
/home/liyq/hi_ws/install/chassis/lib/python3.10/site-packages/chassis/__pycache__/motor.cpython-310.pyc
/home/liyq/hi_ws/install/chassis/lib/python3.10/site-packages/chassis/__pycache__/__init__.cpython-310.pyc
/home/liyq/hi_ws/install/chassis/lib/python3.10/site-packages/chassis/__pycache__/chassis_controller.cpython-310.pyc
/home/liyq/hi_ws/install/chassis/lib/python3.10/site-packages/chassis/__pycache__/mecanum.cpython-310.pyc
/home/liyq/hi_ws/install/chassis/share/ament_index/resource_index/packages/chassis
/home/liyq/hi_ws/install/chassis/share/chassis/package.xml
/home/liyq/hi_ws/install/chassis/share/chassis/launch/line_following_node.launch.py
/home/liyq/hi_ws/install/chassis/share/chassis/launch/object_tracking_node.launch.py
/home/liyq/hi_ws/install/chassis/share/chassis/launch/chassis_controller_node.launch.py
/home/liyq/hi_ws/install/chassis/lib/python3.10/site-packages/chassis-0.0.0-py3.10.egg-info/requires.txt
/home/liyq/hi_ws/install/chassis/lib/python3.10/site-packages/chassis-0.0.0-py3.10.egg-info/zip-safe
/home/liyq/hi_ws/install/chassis/lib/python3.10/site-packages/chassis-0.0.0-py3.10.egg-info/SOURCES.txt
/home/liyq/hi_ws/install/chassis/lib/python3.10/site-packages/chassis-0.0.0-py3.10.egg-info/entry_points.txt
/home/liyq/hi_ws/install/chassis/lib/python3.10/site-packages/chassis-0.0.0-py3.10.egg-info/PKG-INFO
/home/liyq/hi_ws/install/chassis/lib/python3.10/site-packages/chassis-0.0.0-py3.10.egg-info/top_level.txt
/home/liyq/hi_ws/install/chassis/lib/python3.10/site-packages/chassis-0.0.0-py3.10.egg-info/dependency_links.txt
/home/liyq/hi_ws/install/chassis/lib/chassis/chassis_contrller
/home/liyq/hi_ws/install/chassis/lib/chassis/line_following
/home/liyq/hi_ws/install/chassis/lib/chassis/object_tracking
