/home/liyq/hi_ws/install/large_models/lib/python3.10/site-packages/large_models/agent_process.py
/home/liyq/hi_ws/install/large_models/lib/python3.10/site-packages/large_models/tts_node.py
/home/liyq/hi_ws/install/large_models/lib/python3.10/site-packages/large_models/vocal_detect.py
/home/liyq/hi_ws/install/large_models/lib/python3.10/site-packages/large_models/config.py
/home/liyq/hi_ws/install/large_models/lib/python3.10/site-packages/large_models/__init__.py
/home/liyq/hi_ws/install/large_models/lib/python3.10/site-packages/large_models/__pycache__/agent_process.cpython-310.pyc
/home/liyq/hi_ws/install/large_models/lib/python3.10/site-packages/large_models/__pycache__/tts_node.cpython-310.pyc
/home/liyq/hi_ws/install/large_models/lib/python3.10/site-packages/large_models/__pycache__/vocal_detect.cpython-310.pyc
/home/liyq/hi_ws/install/large_models/lib/python3.10/site-packages/large_models/__pycache__/config.cpython-310.pyc
/home/liyq/hi_ws/install/large_models/lib/python3.10/site-packages/large_models/__pycache__/__init__.cpython-310.pyc
/home/liyq/hi_ws/install/large_models/share/ament_index/resource_index/packages/large_models
/home/liyq/hi_ws/install/large_models/share/large_models/package.xml
/home/liyq/hi_ws/install/large_models/share/large_models/launch/tts_node.launch.py
/home/liyq/hi_ws/install/large_models/share/large_models/launch/agent_process.launch.py
/home/liyq/hi_ws/install/large_models/share/large_models/launch/vocal_detect.launch.py
/home/liyq/hi_ws/install/large_models/share/large_models/launch/start.launch.py
/home/liyq/hi_ws/install/large_models/lib/python3.10/site-packages/large_models-0.0.0-py3.10.egg-info/requires.txt
/home/liyq/hi_ws/install/large_models/lib/python3.10/site-packages/large_models-0.0.0-py3.10.egg-info/zip-safe
/home/liyq/hi_ws/install/large_models/lib/python3.10/site-packages/large_models-0.0.0-py3.10.egg-info/SOURCES.txt
/home/liyq/hi_ws/install/large_models/lib/python3.10/site-packages/large_models-0.0.0-py3.10.egg-info/entry_points.txt
/home/liyq/hi_ws/install/large_models/lib/python3.10/site-packages/large_models-0.0.0-py3.10.egg-info/PKG-INFO
/home/liyq/hi_ws/install/large_models/lib/python3.10/site-packages/large_models-0.0.0-py3.10.egg-info/top_level.txt
/home/liyq/hi_ws/install/large_models/lib/python3.10/site-packages/large_models-0.0.0-py3.10.egg-info/dependency_links.txt
/home/liyq/hi_ws/install/large_models/lib/large_models/agent_process
/home/liyq/hi_ws/install/large_models/lib/large_models/tts_node
/home/liyq/hi_ws/install/large_models/lib/large_models/vocal_detect
