/home/liyq/hi_ws/install/stepper/lib/python3.10/site-packages/stepper/stepper.py
/home/liyq/hi_ws/install/stepper/lib/python3.10/site-packages/stepper/waste_classification.py
/home/liyq/hi_ws/install/stepper/lib/python3.10/site-packages/stepper/__init__.py
/home/liyq/hi_ws/install/stepper/lib/python3.10/site-packages/stepper/tag_sorting.py
/home/liyq/hi_ws/install/stepper/lib/python3.10/site-packages/stepper/color_sorting.py
/home/liyq/hi_ws/install/stepper/lib/python3.10/site-packages/stepper/__pycache__/stepper.cpython-310.pyc
/home/liyq/hi_ws/install/stepper/lib/python3.10/site-packages/stepper/__pycache__/waste_classification.cpython-310.pyc
/home/liyq/hi_ws/install/stepper/lib/python3.10/site-packages/stepper/__pycache__/__init__.cpython-310.pyc
/home/liyq/hi_ws/install/stepper/lib/python3.10/site-packages/stepper/__pycache__/tag_sorting.cpython-310.pyc
/home/liyq/hi_ws/install/stepper/lib/python3.10/site-packages/stepper/__pycache__/color_sorting.cpython-310.pyc
/home/liyq/hi_ws/install/stepper/share/ament_index/resource_index/packages/stepper
/home/liyq/hi_ws/install/stepper/share/stepper/package.xml
/home/liyq/hi_ws/install/stepper/share/stepper/launch/waste_classification.launch.py
/home/liyq/hi_ws/install/stepper/share/stepper/launch/tag_sorting.launch.py
/home/liyq/hi_ws/install/stepper/share/stepper/launch/color_sorting.launch.py
/home/liyq/hi_ws/install/stepper/lib/python3.10/site-packages/stepper-0.0.0-py3.10.egg-info/requires.txt
/home/liyq/hi_ws/install/stepper/lib/python3.10/site-packages/stepper-0.0.0-py3.10.egg-info/zip-safe
/home/liyq/hi_ws/install/stepper/lib/python3.10/site-packages/stepper-0.0.0-py3.10.egg-info/SOURCES.txt
/home/liyq/hi_ws/install/stepper/lib/python3.10/site-packages/stepper-0.0.0-py3.10.egg-info/entry_points.txt
/home/liyq/hi_ws/install/stepper/lib/python3.10/site-packages/stepper-0.0.0-py3.10.egg-info/PKG-INFO
/home/liyq/hi_ws/install/stepper/lib/python3.10/site-packages/stepper-0.0.0-py3.10.egg-info/top_level.txt
/home/liyq/hi_ws/install/stepper/lib/python3.10/site-packages/stepper-0.0.0-py3.10.egg-info/dependency_links.txt
/home/liyq/hi_ws/install/stepper/lib/stepper/color_sorting
/home/liyq/hi_ws/install/stepper/lib/stepper/tag_sorting
/home/liyq/hi_ws/install/stepper/lib/stepper/waste_classification
