/home/liyq/hi_ws/install/app/lib/python3.10/site-packages/app/calibration.py
/home/liyq/hi_ws/install/app/lib/python3.10/site-packages/app/object_sorting.py
/home/liyq/hi_ws/install/app/lib/python3.10/site-packages/app/shape_recognition.py
/home/liyq/hi_ws/install/app/lib/python3.10/site-packages/app/object_tracking.py
/home/liyq/hi_ws/install/app/lib/python3.10/site-packages/app/color_tracker.py
/home/liyq/hi_ws/install/app/lib/python3.10/site-packages/app/common.py
/home/liyq/hi_ws/install/app/lib/python3.10/site-packages/app/waste_classification.py
/home/liyq/hi_ws/install/app/lib/python3.10/site-packages/app/face_tracker.py
/home/liyq/hi_ws/install/app/lib/python3.10/site-packages/app/tag_stackup.py
/home/liyq/hi_ws/install/app/lib/python3.10/site-packages/app/__init__.py
/home/liyq/hi_ws/install/app/lib/python3.10/site-packages/app/grasp.py
/home/liyq/hi_ws/install/app/lib/python3.10/site-packages/app/lab_manager.py
/home/liyq/hi_ws/install/app/lib/python3.10/site-packages/app/finger_trace.py
/home/liyq/hi_ws/install/app/lib/python3.10/site-packages/app/__pycache__/calibration.cpython-310.pyc
/home/liyq/hi_ws/install/app/lib/python3.10/site-packages/app/__pycache__/object_sorting.cpython-310.pyc
/home/liyq/hi_ws/install/app/lib/python3.10/site-packages/app/__pycache__/shape_recognition.cpython-310.pyc
/home/liyq/hi_ws/install/app/lib/python3.10/site-packages/app/__pycache__/object_tracking.cpython-310.pyc
/home/liyq/hi_ws/install/app/lib/python3.10/site-packages/app/__pycache__/color_tracker.cpython-310.pyc
/home/liyq/hi_ws/install/app/lib/python3.10/site-packages/app/__pycache__/common.cpython-310.pyc
/home/liyq/hi_ws/install/app/lib/python3.10/site-packages/app/__pycache__/waste_classification.cpython-310.pyc
/home/liyq/hi_ws/install/app/lib/python3.10/site-packages/app/__pycache__/face_tracker.cpython-310.pyc
/home/liyq/hi_ws/install/app/lib/python3.10/site-packages/app/__pycache__/tag_stackup.cpython-310.pyc
/home/liyq/hi_ws/install/app/lib/python3.10/site-packages/app/__pycache__/__init__.cpython-310.pyc
/home/liyq/hi_ws/install/app/lib/python3.10/site-packages/app/__pycache__/grasp.cpython-310.pyc
/home/liyq/hi_ws/install/app/lib/python3.10/site-packages/app/__pycache__/lab_manager.cpython-310.pyc
/home/liyq/hi_ws/install/app/lib/python3.10/site-packages/app/__pycache__/finger_trace.cpython-310.pyc
/home/liyq/hi_ws/install/app/share/ament_index/resource_index/packages/app
/home/liyq/hi_ws/install/app/share/app/package.xml
/home/liyq/hi_ws/install/app/share/app/launch/calibration_node.launch.py
/home/liyq/hi_ws/install/app/share/app/launch/start_app.launch.py
/home/liyq/hi_ws/install/app/share/app/launch/shape_recognition.launch.py
/home/liyq/hi_ws/install/app/share/app/launch/waste_classification.launch.py
/home/liyq/hi_ws/install/app/share/app/launch/object_sorting.launch.py
/home/liyq/hi_ws/install/app/share/app/launch/finger_trace.launch.py
/home/liyq/hi_ws/install/app/share/app/launch/tag_stackup.launch.py
/home/liyq/hi_ws/install/app/share/app/launch/object_tracking.launch.py
/home/liyq/hi_ws/install/app/share/app/launch/lab_manager.launch.py
/home/liyq/hi_ws/install/app/share/app/config/positions.yaml
/home/liyq/hi_ws/install/app/share/app/config/calibration.yaml
/home/liyq/hi_ws/install/app/share/app/config/transform.yaml
/home/liyq/hi_ws/install/app/share/app/config/lab_config.yaml
/home/liyq/hi_ws/install/app/share/app/config/config.yaml
/home/liyq/hi_ws/install/app/share/app/resource
/home/liyq/hi_ws/install/app/share/app/models
/home/liyq/hi_ws/install/app/lib/python3.10/site-packages/app-0.0.0-py3.10.egg-info/requires.txt
/home/liyq/hi_ws/install/app/lib/python3.10/site-packages/app-0.0.0-py3.10.egg-info/zip-safe
/home/liyq/hi_ws/install/app/lib/python3.10/site-packages/app-0.0.0-py3.10.egg-info/SOURCES.txt
/home/liyq/hi_ws/install/app/lib/python3.10/site-packages/app-0.0.0-py3.10.egg-info/entry_points.txt
/home/liyq/hi_ws/install/app/lib/python3.10/site-packages/app-0.0.0-py3.10.egg-info/PKG-INFO
/home/liyq/hi_ws/install/app/lib/python3.10/site-packages/app-0.0.0-py3.10.egg-info/top_level.txt
/home/liyq/hi_ws/install/app/lib/python3.10/site-packages/app-0.0.0-py3.10.egg-info/dependency_links.txt
/home/liyq/hi_ws/install/app/lib/app/calibration
/home/liyq/hi_ws/install/app/lib/app/color_tracker
/home/liyq/hi_ws/install/app/lib/app/finger_trace
/home/liyq/hi_ws/install/app/lib/app/lab_manager
/home/liyq/hi_ws/install/app/lib/app/object_sorting
/home/liyq/hi_ws/install/app/lib/app/object_tracking
/home/liyq/hi_ws/install/app/lib/app/shape_recognition
/home/liyq/hi_ws/install/app/lib/app/tag_stackup
/home/liyq/hi_ws/install/app/lib/app/waste_classification
