/home/liyq/hi_ws/install/servo_controller/lib/python3.10/site-packages/servo_controller/controller_manager.py
/home/liyq/hi_ws/install/servo_controller/lib/python3.10/site-packages/servo_controller/bus_servo_control.py
/home/liyq/hi_ws/install/servo_controller/lib/python3.10/site-packages/servo_controller/servo_controller.py
/home/liyq/hi_ws/install/servo_controller/lib/python3.10/site-packages/servo_controller/joint_position_controller.py
/home/liyq/hi_ws/install/servo_controller/lib/python3.10/site-packages/servo_controller/joint_trajectory_action_controller.py
/home/liyq/hi_ws/install/servo_controller/lib/python3.10/site-packages/servo_controller/__init__.py
/home/liyq/hi_ws/install/servo_controller/lib/python3.10/site-packages/servo_controller/actions.py
/home/liyq/hi_ws/install/servo_controller/lib/python3.10/site-packages/servo_controller/grasp.py
/home/liyq/hi_ws/install/servo_controller/lib/python3.10/site-packages/servo_controller/action_group_controller.py
/home/liyq/hi_ws/install/servo_controller/lib/python3.10/site-packages/servo_controller/__pycache__/controller_manager.cpython-310.pyc
/home/liyq/hi_ws/install/servo_controller/lib/python3.10/site-packages/servo_controller/__pycache__/bus_servo_control.cpython-310.pyc
/home/liyq/hi_ws/install/servo_controller/lib/python3.10/site-packages/servo_controller/__pycache__/servo_controller.cpython-310.pyc
/home/liyq/hi_ws/install/servo_controller/lib/python3.10/site-packages/servo_controller/__pycache__/joint_position_controller.cpython-310.pyc
/home/liyq/hi_ws/install/servo_controller/lib/python3.10/site-packages/servo_controller/__pycache__/joint_trajectory_action_controller.cpython-310.pyc
/home/liyq/hi_ws/install/servo_controller/lib/python3.10/site-packages/servo_controller/__pycache__/__init__.cpython-310.pyc
/home/liyq/hi_ws/install/servo_controller/lib/python3.10/site-packages/servo_controller/__pycache__/actions.cpython-310.pyc
/home/liyq/hi_ws/install/servo_controller/lib/python3.10/site-packages/servo_controller/__pycache__/grasp.cpython-310.pyc
/home/liyq/hi_ws/install/servo_controller/lib/python3.10/site-packages/servo_controller/__pycache__/action_group_controller.cpython-310.pyc
/home/liyq/hi_ws/install/servo_controller/share/ament_index/resource_index/packages/servo_controller
/home/liyq/hi_ws/install/servo_controller/share/servo_controller/package.xml
/home/liyq/hi_ws/install/servo_controller/share/servo_controller/launch/servo_controller.launch.py
/home/liyq/hi_ws/install/servo_controller/share/servo_controller/config/servo_controller.yaml
/home/liyq/hi_ws/install/servo_controller/lib/python3.10/site-packages/servo_controller-0.0.0-py3.10.egg-info/requires.txt
/home/liyq/hi_ws/install/servo_controller/lib/python3.10/site-packages/servo_controller-0.0.0-py3.10.egg-info/zip-safe
/home/liyq/hi_ws/install/servo_controller/lib/python3.10/site-packages/servo_controller-0.0.0-py3.10.egg-info/SOURCES.txt
/home/liyq/hi_ws/install/servo_controller/lib/python3.10/site-packages/servo_controller-0.0.0-py3.10.egg-info/entry_points.txt
/home/liyq/hi_ws/install/servo_controller/lib/python3.10/site-packages/servo_controller-0.0.0-py3.10.egg-info/PKG-INFO
/home/liyq/hi_ws/install/servo_controller/lib/python3.10/site-packages/servo_controller-0.0.0-py3.10.egg-info/top_level.txt
/home/liyq/hi_ws/install/servo_controller/lib/python3.10/site-packages/servo_controller-0.0.0-py3.10.egg-info/dependency_links.txt
/home/liyq/hi_ws/install/servo_controller/lib/servo_controller/grasp
/home/liyq/hi_ws/install/servo_controller/lib/servo_controller/servo_controller
