running egg_info
creating ../../../../build/servo_controller/servo_controller.egg-info
writing ../../../../build/servo_controller/servo_controller.egg-info/PKG-INFO
writing dependency_links to ../../../../build/servo_controller/servo_controller.egg-info/dependency_links.txt
writing entry points to ../../../../build/servo_controller/servo_controller.egg-info/entry_points.txt
writing requirements to ../../../../build/servo_controller/servo_controller.egg-info/requires.txt
writing top-level names to ../../../../build/servo_controller/servo_controller.egg-info/top_level.txt
writing manifest file '../../../../build/servo_controller/servo_controller.egg-info/SOURCES.txt'
reading manifest file '../../../../build/servo_controller/servo_controller.egg-info/SOURCES.txt'
writing manifest file '../../../../build/servo_controller/servo_controller.egg-info/SOURCES.txt'
running build
running build_py
creating /home/liyq/hi_ws/build/servo_controller/build
creating /home/liyq/hi_ws/build/servo_controller/build/lib
creating /home/liyq/hi_ws/build/servo_controller/build/lib/servo_controller
copying servo_controller/controller_manager.py -> /home/liyq/hi_ws/build/servo_controller/build/lib/servo_controller
copying servo_controller/bus_servo_control.py -> /home/liyq/hi_ws/build/servo_controller/build/lib/servo_controller
copying servo_controller/servo_controller.py -> /home/liyq/hi_ws/build/servo_controller/build/lib/servo_controller
copying servo_controller/joint_position_controller.py -> /home/liyq/hi_ws/build/servo_controller/build/lib/servo_controller
copying servo_controller/joint_trajectory_action_controller.py -> /home/liyq/hi_ws/build/servo_controller/build/lib/servo_controller
copying servo_controller/__init__.py -> /home/liyq/hi_ws/build/servo_controller/build/lib/servo_controller
copying servo_controller/actions.py -> /home/liyq/hi_ws/build/servo_controller/build/lib/servo_controller
copying servo_controller/grasp.py -> /home/liyq/hi_ws/build/servo_controller/build/lib/servo_controller
copying servo_controller/action_group_controller.py -> /home/liyq/hi_ws/build/servo_controller/build/lib/servo_controller
running install
running install_lib
creating /home/liyq/hi_ws/install/servo_controller/lib/python3.10/site-packages/servo_controller
copying /home/liyq/hi_ws/build/servo_controller/build/lib/servo_controller/controller_manager.py -> /home/liyq/hi_ws/install/servo_controller/lib/python3.10/site-packages/servo_controller
copying /home/liyq/hi_ws/build/servo_controller/build/lib/servo_controller/bus_servo_control.py -> /home/liyq/hi_ws/install/servo_controller/lib/python3.10/site-packages/servo_controller
copying /home/liyq/hi_ws/build/servo_controller/build/lib/servo_controller/servo_controller.py -> /home/liyq/hi_ws/install/servo_controller/lib/python3.10/site-packages/servo_controller
copying /home/liyq/hi_ws/build/servo_controller/build/lib/servo_controller/joint_position_controller.py -> /home/liyq/hi_ws/install/servo_controller/lib/python3.10/site-packages/servo_controller
copying /home/liyq/hi_ws/build/servo_controller/build/lib/servo_controller/joint_trajectory_action_controller.py -> /home/liyq/hi_ws/install/servo_controller/lib/python3.10/site-packages/servo_controller
copying /home/liyq/hi_ws/build/servo_controller/build/lib/servo_controller/__init__.py -> /home/liyq/hi_ws/install/servo_controller/lib/python3.10/site-packages/servo_controller
copying /home/liyq/hi_ws/build/servo_controller/build/lib/servo_controller/actions.py -> /home/liyq/hi_ws/install/servo_controller/lib/python3.10/site-packages/servo_controller
copying /home/liyq/hi_ws/build/servo_controller/build/lib/servo_controller/grasp.py -> /home/liyq/hi_ws/install/servo_controller/lib/python3.10/site-packages/servo_controller
copying /home/liyq/hi_ws/build/servo_controller/build/lib/servo_controller/action_group_controller.py -> /home/liyq/hi_ws/install/servo_controller/lib/python3.10/site-packages/servo_controller
byte-compiling /home/liyq/hi_ws/install/servo_controller/lib/python3.10/site-packages/servo_controller/controller_manager.py to controller_manager.cpython-310.pyc
byte-compiling /home/liyq/hi_ws/install/servo_controller/lib/python3.10/site-packages/servo_controller/bus_servo_control.py to bus_servo_control.cpython-310.pyc
byte-compiling /home/liyq/hi_ws/install/servo_controller/lib/python3.10/site-packages/servo_controller/servo_controller.py to servo_controller.cpython-310.pyc
byte-compiling /home/liyq/hi_ws/install/servo_controller/lib/python3.10/site-packages/servo_controller/joint_position_controller.py to joint_position_controller.cpython-310.pyc
byte-compiling /home/liyq/hi_ws/install/servo_controller/lib/python3.10/site-packages/servo_controller/joint_trajectory_action_controller.py to joint_trajectory_action_controller.cpython-310.pyc
byte-compiling /home/liyq/hi_ws/install/servo_controller/lib/python3.10/site-packages/servo_controller/__init__.py to __init__.cpython-310.pyc
byte-compiling /home/liyq/hi_ws/install/servo_controller/lib/python3.10/site-packages/servo_controller/actions.py to actions.cpython-310.pyc
byte-compiling /home/liyq/hi_ws/install/servo_controller/lib/python3.10/site-packages/servo_controller/grasp.py to grasp.cpython-310.pyc
byte-compiling /home/liyq/hi_ws/install/servo_controller/lib/python3.10/site-packages/servo_controller/action_group_controller.py to action_group_controller.cpython-310.pyc
running install_data
creating /home/liyq/hi_ws/install/servo_controller/share/ament_index
creating /home/liyq/hi_ws/install/servo_controller/share/ament_index/resource_index
creating /home/liyq/hi_ws/install/servo_controller/share/ament_index/resource_index/packages
copying resource/servo_controller -> /home/liyq/hi_ws/install/servo_controller/share/ament_index/resource_index/packages
copying package.xml -> /home/liyq/hi_ws/install/servo_controller/share/servo_controller
creating /home/liyq/hi_ws/install/servo_controller/share/servo_controller/launch
copying launch/servo_controller.launch.py -> /home/liyq/hi_ws/install/servo_controller/share/servo_controller/launch
creating /home/liyq/hi_ws/install/servo_controller/share/servo_controller/config
copying config/servo_controller.yaml -> /home/liyq/hi_ws/install/servo_controller/share/servo_controller/config
running install_egg_info
Copying ../../../../build/servo_controller/servo_controller.egg-info to /home/liyq/hi_ws/install/servo_controller/lib/python3.10/site-packages/servo_controller-0.0.0-py3.10.egg-info
running install_scripts
Installing grasp script to /home/liyq/hi_ws/install/servo_controller/lib/servo_controller
Installing servo_controller script to /home/liyq/hi_ws/install/servo_controller/lib/servo_controller
writing list of installed files to '/home/liyq/hi_ws/build/servo_controller/install.log'
