[3.687s] Invoking command in '/home/liyq/hi_ws/ROS2/src/driver/servo_controller': PYTHONPATH=/home/liyq/hi_ws/build/servo_controller/prefix_override:/usr/lib/python3/dist-packages/colcon_core/task/python/colcon_distutils_commands:/home/liyq/hi_ws/install/servo_controller/lib/python3.10/site-packages:${PYTHONPATH} /usr/bin/python3 -W ignore:setup.py install is deprecated -W ignore:easy_install command is deprecated setup.py egg_info --egg-base ../../../../build/servo_controller build --build-base /home/liyq/hi_ws/build/servo_controller/build install --record /home/liyq/hi_ws/build/servo_controller/install.log --single-version-externally-managed install_data
[8.790s] running egg_info
[8.790s] creating ../../../../build/servo_controller/servo_controller.egg-info
[8.790s] writing ../../../../build/servo_controller/servo_controller.egg-info/PKG-INFO
[8.790s] writing dependency_links to ../../../../build/servo_controller/servo_controller.egg-info/dependency_links.txt
[8.790s] writing entry points to ../../../../build/servo_controller/servo_controller.egg-info/entry_points.txt
[8.790s] writing requirements to ../../../../build/servo_controller/servo_controller.egg-info/requires.txt
[8.790s] writing top-level names to ../../../../build/servo_controller/servo_controller.egg-info/top_level.txt
[8.790s] writing manifest file '../../../../build/servo_controller/servo_controller.egg-info/SOURCES.txt'
[8.790s] reading manifest file '../../../../build/servo_controller/servo_controller.egg-info/SOURCES.txt'
[8.790s] writing manifest file '../../../../build/servo_controller/servo_controller.egg-info/SOURCES.txt'
[8.790s] running build
[8.790s] running build_py
[8.790s] creating /home/liyq/hi_ws/build/servo_controller/build
[8.790s] creating /home/liyq/hi_ws/build/servo_controller/build/lib
[8.790s] creating /home/liyq/hi_ws/build/servo_controller/build/lib/servo_controller
[8.791s] copying servo_controller/controller_manager.py -> /home/liyq/hi_ws/build/servo_controller/build/lib/servo_controller
[8.791s] copying servo_controller/bus_servo_control.py -> /home/liyq/hi_ws/build/servo_controller/build/lib/servo_controller
[8.791s] copying servo_controller/servo_controller.py -> /home/liyq/hi_ws/build/servo_controller/build/lib/servo_controller
[8.791s] copying servo_controller/joint_position_controller.py -> /home/liyq/hi_ws/build/servo_controller/build/lib/servo_controller
[8.791s] copying servo_controller/joint_trajectory_action_controller.py -> /home/liyq/hi_ws/build/servo_controller/build/lib/servo_controller
[8.791s] copying servo_controller/__init__.py -> /home/liyq/hi_ws/build/servo_controller/build/lib/servo_controller
[8.791s] copying servo_controller/actions.py -> /home/liyq/hi_ws/build/servo_controller/build/lib/servo_controller
[8.791s] copying servo_controller/grasp.py -> /home/liyq/hi_ws/build/servo_controller/build/lib/servo_controller
[8.791s] copying servo_controller/action_group_controller.py -> /home/liyq/hi_ws/build/servo_controller/build/lib/servo_controller
[8.791s] running install
[8.791s] running install_lib
[8.791s] creating /home/liyq/hi_ws/install/servo_controller/lib/python3.10/site-packages/servo_controller
[8.791s] copying /home/liyq/hi_ws/build/servo_controller/build/lib/servo_controller/controller_manager.py -> /home/liyq/hi_ws/install/servo_controller/lib/python3.10/site-packages/servo_controller
[8.791s] copying /home/liyq/hi_ws/build/servo_controller/build/lib/servo_controller/bus_servo_control.py -> /home/liyq/hi_ws/install/servo_controller/lib/python3.10/site-packages/servo_controller
[8.791s] copying /home/liyq/hi_ws/build/servo_controller/build/lib/servo_controller/servo_controller.py -> /home/liyq/hi_ws/install/servo_controller/lib/python3.10/site-packages/servo_controller
[8.791s] copying /home/liyq/hi_ws/build/servo_controller/build/lib/servo_controller/joint_position_controller.py -> /home/liyq/hi_ws/install/servo_controller/lib/python3.10/site-packages/servo_controller
[8.791s] copying /home/liyq/hi_ws/build/servo_controller/build/lib/servo_controller/joint_trajectory_action_controller.py -> /home/liyq/hi_ws/install/servo_controller/lib/python3.10/site-packages/servo_controller
[8.791s] copying /home/liyq/hi_ws/build/servo_controller/build/lib/servo_controller/__init__.py -> /home/liyq/hi_ws/install/servo_controller/lib/python3.10/site-packages/servo_controller
[8.791s] copying /home/liyq/hi_ws/build/servo_controller/build/lib/servo_controller/actions.py -> /home/liyq/hi_ws/install/servo_controller/lib/python3.10/site-packages/servo_controller
[8.791s] copying /home/liyq/hi_ws/build/servo_controller/build/lib/servo_controller/grasp.py -> /home/liyq/hi_ws/install/servo_controller/lib/python3.10/site-packages/servo_controller
[8.792s] copying /home/liyq/hi_ws/build/servo_controller/build/lib/servo_controller/action_group_controller.py -> /home/liyq/hi_ws/install/servo_controller/lib/python3.10/site-packages/servo_controller
[8.792s] byte-compiling /home/liyq/hi_ws/install/servo_controller/lib/python3.10/site-packages/servo_controller/controller_manager.py to controller_manager.cpython-310.pyc
[8.792s] byte-compiling /home/liyq/hi_ws/install/servo_controller/lib/python3.10/site-packages/servo_controller/bus_servo_control.py to bus_servo_control.cpython-310.pyc
[8.792s] byte-compiling /home/liyq/hi_ws/install/servo_controller/lib/python3.10/site-packages/servo_controller/servo_controller.py to servo_controller.cpython-310.pyc
[8.792s] byte-compiling /home/liyq/hi_ws/install/servo_controller/lib/python3.10/site-packages/servo_controller/joint_position_controller.py to joint_position_controller.cpython-310.pyc
[8.792s] byte-compiling /home/liyq/hi_ws/install/servo_controller/lib/python3.10/site-packages/servo_controller/joint_trajectory_action_controller.py to joint_trajectory_action_controller.cpython-310.pyc
[8.792s] byte-compiling /home/liyq/hi_ws/install/servo_controller/lib/python3.10/site-packages/servo_controller/__init__.py to __init__.cpython-310.pyc
[8.792s] byte-compiling /home/liyq/hi_ws/install/servo_controller/lib/python3.10/site-packages/servo_controller/actions.py to actions.cpython-310.pyc
[8.792s] byte-compiling /home/liyq/hi_ws/install/servo_controller/lib/python3.10/site-packages/servo_controller/grasp.py to grasp.cpython-310.pyc
[8.792s] byte-compiling /home/liyq/hi_ws/install/servo_controller/lib/python3.10/site-packages/servo_controller/action_group_controller.py to action_group_controller.cpython-310.pyc
[8.792s] running install_data
[8.792s] creating /home/liyq/hi_ws/install/servo_controller/share/ament_index
[8.792s] creating /home/liyq/hi_ws/install/servo_controller/share/ament_index/resource_index
[8.792s] creating /home/liyq/hi_ws/install/servo_controller/share/ament_index/resource_index/packages
[8.792s] copying resource/servo_controller -> /home/liyq/hi_ws/install/servo_controller/share/ament_index/resource_index/packages
[8.801s] copying package.xml -> /home/liyq/hi_ws/install/servo_controller/share/servo_controller
[8.801s] creating /home/liyq/hi_ws/install/servo_controller/share/servo_controller/launch
[8.801s] copying launch/servo_controller.launch.py -> /home/liyq/hi_ws/install/servo_controller/share/servo_controller/launch
[8.801s] creating /home/liyq/hi_ws/install/servo_controller/share/servo_controller/config
[8.801s] copying config/servo_controller.yaml -> /home/liyq/hi_ws/install/servo_controller/share/servo_controller/config
[8.801s] running install_egg_info
[8.801s] Copying ../../../../build/servo_controller/servo_controller.egg-info to /home/liyq/hi_ws/install/servo_controller/lib/python3.10/site-packages/servo_controller-0.0.0-py3.10.egg-info
[8.801s] running install_scripts
[8.801s] Installing grasp script to /home/liyq/hi_ws/install/servo_controller/lib/servo_controller
[8.802s] Installing servo_controller script to /home/liyq/hi_ws/install/servo_controller/lib/servo_controller
[8.802s] writing list of installed files to '/home/liyq/hi_ws/build/servo_controller/install.log'
[8.852s] Invoked command in '/home/liyq/hi_ws/ROS2/src/driver/servo_controller' returned '0': PYTHONPATH=/home/liyq/hi_ws/build/servo_controller/prefix_override:/usr/lib/python3/dist-packages/colcon_core/task/python/colcon_distutils_commands:/home/liyq/hi_ws/install/servo_controller/lib/python3.10/site-packages:${PYTHONPATH} /usr/bin/python3 -W ignore:setup.py install is deprecated -W ignore:easy_install command is deprecated setup.py egg_info --egg-base ../../../../build/servo_controller build --build-base /home/liyq/hi_ws/build/servo_controller/build install --record /home/liyq/hi_ws/build/servo_controller/install.log --single-version-externally-managed install_data
