running egg_info
creating ../../../../build/ros_robot_controller/ros_robot_controller.egg-info
writing ../../../../build/ros_robot_controller/ros_robot_controller.egg-info/PKG-INFO
writing dependency_links to ../../../../build/ros_robot_controller/ros_robot_controller.egg-info/dependency_links.txt
writing entry points to ../../../../build/ros_robot_controller/ros_robot_controller.egg-info/entry_points.txt
writing requirements to ../../../../build/ros_robot_controller/ros_robot_controller.egg-info/requires.txt
writing top-level names to ../../../../build/ros_robot_controller/ros_robot_controller.egg-info/top_level.txt
writing manifest file '../../../../build/ros_robot_controller/ros_robot_controller.egg-info/SOURCES.txt'
reading manifest file '../../../../build/ros_robot_controller/ros_robot_controller.egg-info/SOURCES.txt'
writing manifest file '../../../../build/ros_robot_controller/ros_robot_controller.egg-info/SOURCES.txt'
running build
running build_py
creating /home/liyq/hi_ws/build/ros_robot_controller/build
creating /home/liyq/hi_ws/build/ros_robot_controller/build/lib
creating /home/liyq/hi_ws/build/ros_robot_controller/build/lib/ros_robot_controller
copying ros_robot_controller/ros_robot_controller_sdk.py -> /home/liyq/hi_ws/build/ros_robot_controller/build/lib/ros_robot_controller
copying ros_robot_controller/ros_robot_controller_node.py -> /home/liyq/hi_ws/build/ros_robot_controller/build/lib/ros_robot_controller
copying ros_robot_controller/__init__.py -> /home/liyq/hi_ws/build/ros_robot_controller/build/lib/ros_robot_controller
running install
running install_lib
creating /home/liyq/hi_ws/install/ros_robot_controller/lib/python3.10/site-packages/ros_robot_controller
copying /home/liyq/hi_ws/build/ros_robot_controller/build/lib/ros_robot_controller/ros_robot_controller_sdk.py -> /home/liyq/hi_ws/install/ros_robot_controller/lib/python3.10/site-packages/ros_robot_controller
copying /home/liyq/hi_ws/build/ros_robot_controller/build/lib/ros_robot_controller/ros_robot_controller_node.py -> /home/liyq/hi_ws/install/ros_robot_controller/lib/python3.10/site-packages/ros_robot_controller
copying /home/liyq/hi_ws/build/ros_robot_controller/build/lib/ros_robot_controller/__init__.py -> /home/liyq/hi_ws/install/ros_robot_controller/lib/python3.10/site-packages/ros_robot_controller
byte-compiling /home/liyq/hi_ws/install/ros_robot_controller/lib/python3.10/site-packages/ros_robot_controller/ros_robot_controller_sdk.py to ros_robot_controller_sdk.cpython-310.pyc
byte-compiling /home/liyq/hi_ws/install/ros_robot_controller/lib/python3.10/site-packages/ros_robot_controller/ros_robot_controller_node.py to ros_robot_controller_node.cpython-310.pyc
byte-compiling /home/liyq/hi_ws/install/ros_robot_controller/lib/python3.10/site-packages/ros_robot_controller/__init__.py to __init__.cpython-310.pyc
running install_data
creating /home/liyq/hi_ws/install/ros_robot_controller/share/ament_index
creating /home/liyq/hi_ws/install/ros_robot_controller/share/ament_index/resource_index
creating /home/liyq/hi_ws/install/ros_robot_controller/share/ament_index/resource_index/packages
copying resource/ros_robot_controller -> /home/liyq/hi_ws/install/ros_robot_controller/share/ament_index/resource_index/packages
copying package.xml -> /home/liyq/hi_ws/install/ros_robot_controller/share/ros_robot_controller
creating /home/liyq/hi_ws/install/ros_robot_controller/share/ros_robot_controller/launch
copying launch/ros_robot_controller.launch.py -> /home/liyq/hi_ws/install/ros_robot_controller/share/ros_robot_controller/launch
running install_egg_info
Copying ../../../../build/ros_robot_controller/ros_robot_controller.egg-info to /home/liyq/hi_ws/install/ros_robot_controller/lib/python3.10/site-packages/ros_robot_controller-0.0.0-py3.10.egg-info
running install_scripts
Installing ros_robot_controller script to /home/liyq/hi_ws/install/ros_robot_controller/lib/ros_robot_controller
writing list of installed files to '/home/liyq/hi_ws/build/ros_robot_controller/install.log'
