[1.758s] Invoking command in '/home/liyq/hi_ws/ROS2/src/driver/ros_robot_controller': PYTHONPATH=/home/liyq/hi_ws/build/ros_robot_controller/prefix_override:/usr/lib/python3/dist-packages/colcon_core/task/python/colcon_distutils_commands:/home/liyq/hi_ws/install/ros_robot_controller/lib/python3.10/site-packages:${PYTHONPATH} /usr/bin/python3 -W ignore:setup.py install is deprecated -W ignore:easy_install command is deprecated setup.py egg_info --egg-base ../../../../build/ros_robot_controller build --build-base /home/liyq/hi_ws/build/ros_robot_controller/build install --record /home/liyq/hi_ws/build/ros_robot_controller/install.log --single-version-externally-managed install_data
[3.827s] running egg_info
[3.828s] creating ../../../../build/ros_robot_controller/ros_robot_controller.egg-info
[3.828s] writing ../../../../build/ros_robot_controller/ros_robot_controller.egg-info/PKG-INFO
[3.828s] writing dependency_links to ../../../../build/ros_robot_controller/ros_robot_controller.egg-info/dependency_links.txt
[3.828s] writing entry points to ../../../../build/ros_robot_controller/ros_robot_controller.egg-info/entry_points.txt
[3.828s] writing requirements to ../../../../build/ros_robot_controller/ros_robot_controller.egg-info/requires.txt
[3.828s] writing top-level names to ../../../../build/ros_robot_controller/ros_robot_controller.egg-info/top_level.txt
[3.828s] writing manifest file '../../../../build/ros_robot_controller/ros_robot_controller.egg-info/SOURCES.txt'
[3.828s] reading manifest file '../../../../build/ros_robot_controller/ros_robot_controller.egg-info/SOURCES.txt'
[3.828s] writing manifest file '../../../../build/ros_robot_controller/ros_robot_controller.egg-info/SOURCES.txt'
[3.828s] running build
[3.828s] running build_py
[3.828s] creating /home/liyq/hi_ws/build/ros_robot_controller/build
[3.828s] creating /home/liyq/hi_ws/build/ros_robot_controller/build/lib
[3.828s] creating /home/liyq/hi_ws/build/ros_robot_controller/build/lib/ros_robot_controller
[3.828s] copying ros_robot_controller/ros_robot_controller_sdk.py -> /home/liyq/hi_ws/build/ros_robot_controller/build/lib/ros_robot_controller
[3.828s] copying ros_robot_controller/ros_robot_controller_node.py -> /home/liyq/hi_ws/build/ros_robot_controller/build/lib/ros_robot_controller
[3.828s] copying ros_robot_controller/__init__.py -> /home/liyq/hi_ws/build/ros_robot_controller/build/lib/ros_robot_controller
[3.828s] running install
[3.828s] running install_lib
[3.829s] creating /home/liyq/hi_ws/install/ros_robot_controller/lib/python3.10/site-packages/ros_robot_controller
[3.829s] copying /home/liyq/hi_ws/build/ros_robot_controller/build/lib/ros_robot_controller/ros_robot_controller_sdk.py -> /home/liyq/hi_ws/install/ros_robot_controller/lib/python3.10/site-packages/ros_robot_controller
[3.829s] copying /home/liyq/hi_ws/build/ros_robot_controller/build/lib/ros_robot_controller/ros_robot_controller_node.py -> /home/liyq/hi_ws/install/ros_robot_controller/lib/python3.10/site-packages/ros_robot_controller
[3.829s] copying /home/liyq/hi_ws/build/ros_robot_controller/build/lib/ros_robot_controller/__init__.py -> /home/liyq/hi_ws/install/ros_robot_controller/lib/python3.10/site-packages/ros_robot_controller
[3.829s] byte-compiling /home/liyq/hi_ws/install/ros_robot_controller/lib/python3.10/site-packages/ros_robot_controller/ros_robot_controller_sdk.py to ros_robot_controller_sdk.cpython-310.pyc
[3.829s] byte-compiling /home/liyq/hi_ws/install/ros_robot_controller/lib/python3.10/site-packages/ros_robot_controller/ros_robot_controller_node.py to ros_robot_controller_node.cpython-310.pyc
[3.829s] byte-compiling /home/liyq/hi_ws/install/ros_robot_controller/lib/python3.10/site-packages/ros_robot_controller/__init__.py to __init__.cpython-310.pyc
[3.829s] running install_data
[3.829s] creating /home/liyq/hi_ws/install/ros_robot_controller/share/ament_index
[3.829s] creating /home/liyq/hi_ws/install/ros_robot_controller/share/ament_index/resource_index
[3.829s] creating /home/liyq/hi_ws/install/ros_robot_controller/share/ament_index/resource_index/packages
[3.829s] copying resource/ros_robot_controller -> /home/liyq/hi_ws/install/ros_robot_controller/share/ament_index/resource_index/packages
[3.829s] copying package.xml -> /home/liyq/hi_ws/install/ros_robot_controller/share/ros_robot_controller
[3.829s] creating /home/liyq/hi_ws/install/ros_robot_controller/share/ros_robot_controller/launch
[3.829s] copying launch/ros_robot_controller.launch.py -> /home/liyq/hi_ws/install/ros_robot_controller/share/ros_robot_controller/launch
[3.829s] running install_egg_info
[3.829s] Copying ../../../../build/ros_robot_controller/ros_robot_controller.egg-info to /home/liyq/hi_ws/install/ros_robot_controller/lib/python3.10/site-packages/ros_robot_controller-0.0.0-py3.10.egg-info
[3.829s] running install_scripts
[3.829s] Installing ros_robot_controller script to /home/liyq/hi_ws/install/ros_robot_controller/lib/ros_robot_controller
[3.829s] writing list of installed files to '/home/liyq/hi_ws/build/ros_robot_controller/install.log'
[3.844s] Invoked command in '/home/liyq/hi_ws/ROS2/src/driver/ros_robot_controller' returned '0': PYTHONPATH=/home/liyq/hi_ws/build/ros_robot_controller/prefix_override:/usr/lib/python3/dist-packages/colcon_core/task/python/colcon_distutils_commands:/home/liyq/hi_ws/install/ros_robot_controller/lib/python3.10/site-packages:${PYTHONPATH} /usr/bin/python3 -W ignore:setup.py install is deprecated -W ignore:easy_install command is deprecated setup.py egg_info --egg-base ../../../../build/ros_robot_controller build --build-base /home/liyq/hi_ws/build/ros_robot_controller/build install --record /home/liyq/hi_ws/build/ros_robot_controller/install.log --single-version-externally-managed install_data
