-- The C compiler identification is GNU 11.4.0
-- The CXX compiler identification is GNU 11.4.0
-- Detecting C compiler ABI info
-- Detecting C compiler ABI info - done
-- Check for working C compiler: /usr/bin/cc - skipped
-- Detecting C compile features
-- Detecting C compile features - done
-- Detecting CXX compiler ABI info
-- Detecting CXX compiler ABI info - done
-- Check for working CXX compiler: /usr/bin/c++ - skipped
-- Detecting CXX compile features
-- Detecting CXX compile features - done
-- Found ament_cmake: 1.3.12 (/opt/ros/humble/share/ament_cmake/cmake)
-- Found Python3: /usr/bin/python3 (found version "3.10.12") found components: Interpreter 
-- Found std_msgs: 4.9.0 (/opt/ros/humble/share/std_msgs/cmake)
-- Found rosidl_generator_c: 3.1.7 (/opt/ros/humble/share/rosidl_generator_c/cmake)
-- Found rosidl_adapter: 3.1.7 (/opt/ros/humble/share/rosidl_adapter/cmake)
-- Found rosidl_generator_cpp: 3.1.7 (/opt/ros/humble/share/rosidl_generator_cpp/cmake)
-- Using all available rosidl_typesupport_c: rosidl_typesupport_fastrtps_c;rosidl_typesupport_introspection_c
-- Using all available rosidl_typesupport_cpp: rosidl_typesupport_fastrtps_cpp;rosidl_typesupport_introspection_cpp
-- Found rosidl_default_generators: 1.2.0 (/opt/ros/humble/share/rosidl_default_generators/cmake)
-- Found geometry_msgs: 4.9.0 (/opt/ros/humble/share/geometry_msgs/cmake)
-- Found ament_cmake_ros: 0.10.0 (/opt/ros/humble/share/ament_cmake_ros/cmake)
-- Using all available rosidl_typesupport_c: rosidl_typesupport_fastrtps_c;rosidl_typesupport_introspection_c
-- Using all available rosidl_typesupport_cpp: rosidl_typesupport_fastrtps_cpp;rosidl_typesupport_introspection_cpp
-- Found PythonInterp: /usr/bin/python3 (found suitable version "3.10.12", minimum required is "3.6") 
-- Found python_cmake_module: 0.10.0 (/opt/ros/humble/share/python_cmake_module/cmake)
-- Found PythonLibs: /usr/lib/x86_64-linux-gnu/libpython3.10.so (found suitable version "3.10.12", minimum required is "3.5") 
-- Using PYTHON_EXECUTABLE: /usr/bin/python3
-- Using PYTHON_INCLUDE_DIRS: /usr/include/python3.10
-- Using PYTHON_LIBRARIES: /usr/lib/x86_64-linux-gnu/libpython3.10.so
-- Found PythonExtra: .so  
-- Found ament_lint_auto: 0.12.14 (/opt/ros/humble/share/ament_lint_auto/cmake)
-- Added test 'copyright' to check source files copyright and LICENSE
-- Added test 'lint_cmake' to check CMake code style
-- Added test 'xmllint' to check XML markup files
-- Configuring done
-- Generating done
-- Build files have been written to: /home/liyq/hi_ws/build/servo_controller_msgs
[  1%] [34m[1mGenerating C++ code for ROS interfaces[0m
[  1%] Built target servo_controller_msgs__cpp
[  1%] Built target ament_cmake_python_copy_servo_controller_msgs
[  2%] [34m[1mGenerating C++ introspection for ROS interfaces[0m
[  4%] [32mBuilding CXX object CMakeFiles/servo_controller_msgs__rosidl_typesupport_introspection_cpp.dir/rosidl_typesupport_introspection_cpp/servo_controller_msgs/msg/detail/servo_position__type_support.cpp.o[0m
[  5%] [32mBuilding CXX object CMakeFiles/servo_controller_msgs__rosidl_typesupport_introspection_cpp.dir/rosidl_typesupport_introspection_cpp/servo_controller_msgs/msg/detail/servo_state_list__type_support.cpp.o[0m
[  7%] [32mBuilding CXX object CMakeFiles/servo_controller_msgs__rosidl_typesupport_introspection_cpp.dir/rosidl_typesupport_introspection_cpp/servo_controller_msgs/msg/detail/grasp__type_support.cpp.o[0m
[  8%] [32mBuilding CXX object CMakeFiles/servo_controller_msgs__rosidl_typesupport_introspection_cpp.dir/rosidl_typesupport_introspection_cpp/servo_controller_msgs/msg/detail/float64_list__type_support.cpp.o[0m
[  9%] [32mBuilding CXX object CMakeFiles/servo_controller_msgs__rosidl_typesupport_introspection_cpp.dir/rosidl_typesupport_introspection_cpp/servo_controller_msgs/msg/detail/servo_state__type_support.cpp.o[0m
[ 11%] [32mBuilding CXX object CMakeFiles/servo_controller_msgs__rosidl_typesupport_introspection_cpp.dir/rosidl_typesupport_introspection_cpp/servo_controller_msgs/msg/detail/servos_position__type_support.cpp.o[0m
[ 12%] [32m[1mLinking CXX shared library libservo_controller_msgs__rosidl_typesupport_introspection_cpp.so[0m
[ 12%] Built target servo_controller_msgs__rosidl_typesupport_introspection_cpp
running egg_info
creating servo_controller_msgs.egg-info
writing servo_controller_msgs.egg-info/PKG-INFO
writing dependency_links to servo_controller_msgs.egg-info/dependency_links.txt
writing top-level names to servo_controller_msgs.egg-info/top_level.txt
writing manifest file 'servo_controller_msgs.egg-info/SOURCES.txt'
reading manifest file 'servo_controller_msgs.egg-info/SOURCES.txt'
writing manifest file 'servo_controller_msgs.egg-info/SOURCES.txt'
[ 12%] Built target ament_cmake_python_build_servo_controller_msgs_egg
[ 14%] [34m[1mGenerating C++ type support for eProsima Fast-RTPS[0m
[ 15%] [32mBuilding CXX object CMakeFiles/servo_controller_msgs__rosidl_typesupport_fastrtps_cpp.dir/rosidl_typesupport_fastrtps_cpp/servo_controller_msgs/msg/detail/dds_fastrtps/servo_position__type_support.cpp.o[0m
[ 16%] [32mBuilding CXX object CMakeFiles/servo_controller_msgs__rosidl_typesupport_fastrtps_cpp.dir/rosidl_typesupport_fastrtps_cpp/servo_controller_msgs/msg/detail/dds_fastrtps/float64_list__type_support.cpp.o[0m
[ 18%] [32mBuilding CXX object CMakeFiles/servo_controller_msgs__rosidl_typesupport_fastrtps_cpp.dir/rosidl_typesupport_fastrtps_cpp/servo_controller_msgs/msg/detail/dds_fastrtps/grasp__type_support.cpp.o[0m
[ 19%] [32mBuilding CXX object CMakeFiles/servo_controller_msgs__rosidl_typesupport_fastrtps_cpp.dir/rosidl_typesupport_fastrtps_cpp/servo_controller_msgs/msg/detail/dds_fastrtps/servo_state_list__type_support.cpp.o[0m
[ 21%] [32mBuilding CXX object CMakeFiles/servo_controller_msgs__rosidl_typesupport_fastrtps_cpp.dir/rosidl_typesupport_fastrtps_cpp/servo_controller_msgs/msg/detail/dds_fastrtps/servo_state__type_support.cpp.o[0m
[ 22%] [32mBuilding CXX object CMakeFiles/servo_controller_msgs__rosidl_typesupport_fastrtps_cpp.dir/rosidl_typesupport_fastrtps_cpp/servo_controller_msgs/msg/detail/dds_fastrtps/servos_position__type_support.cpp.o[0m
[ 23%] [32m[1mLinking CXX shared library libservo_controller_msgs__rosidl_typesupport_fastrtps_cpp.so[0m
[ 23%] Built target servo_controller_msgs__rosidl_typesupport_fastrtps_cpp
[ 25%] [34m[1mGenerating C++ type support dispatch for ROS interfaces[0m
[ 26%] [32mBuilding CXX object CMakeFiles/servo_controller_msgs__rosidl_typesupport_cpp.dir/rosidl_typesupport_cpp/servo_controller_msgs/msg/servo_position__type_support.cpp.o[0m
[ 28%] [32mBuilding CXX object CMakeFiles/servo_controller_msgs__rosidl_typesupport_cpp.dir/rosidl_typesupport_cpp/servo_controller_msgs/msg/float64_list__type_support.cpp.o[0m
[ 29%] [32mBuilding CXX object CMakeFiles/servo_controller_msgs__rosidl_typesupport_cpp.dir/rosidl_typesupport_cpp/servo_controller_msgs/msg/grasp__type_support.cpp.o[0m
[ 30%] [32mBuilding CXX object CMakeFiles/servo_controller_msgs__rosidl_typesupport_cpp.dir/rosidl_typesupport_cpp/servo_controller_msgs/msg/servo_state_list__type_support.cpp.o[0m
[ 32%] [32mBuilding CXX object CMakeFiles/servo_controller_msgs__rosidl_typesupport_cpp.dir/rosidl_typesupport_cpp/servo_controller_msgs/msg/servo_state__type_support.cpp.o[0m
[ 33%] [32mBuilding CXX object CMakeFiles/servo_controller_msgs__rosidl_typesupport_cpp.dir/rosidl_typesupport_cpp/servo_controller_msgs/msg/servos_position__type_support.cpp.o[0m
[ 35%] [32m[1mLinking CXX shared library libservo_controller_msgs__rosidl_typesupport_cpp.so[0m
[ 35%] Built target servo_controller_msgs__rosidl_typesupport_cpp
[ 36%] [34m[1mGenerating C code for ROS interfaces[0m
[ 38%] [32mBuilding C object CMakeFiles/servo_controller_msgs__rosidl_generator_c.dir/rosidl_generator_c/servo_controller_msgs/msg/detail/servo_position__functions.c.o[0m
[ 39%] [32mBuilding C object CMakeFiles/servo_controller_msgs__rosidl_generator_c.dir/rosidl_generator_c/servo_controller_msgs/msg/detail/float64_list__functions.c.o[0m
[ 40%] [32mBuilding C object CMakeFiles/servo_controller_msgs__rosidl_generator_c.dir/rosidl_generator_c/servo_controller_msgs/msg/detail/grasp__functions.c.o[0m
[ 42%] [32mBuilding C object CMakeFiles/servo_controller_msgs__rosidl_generator_c.dir/rosidl_generator_c/servo_controller_msgs/msg/detail/servo_state_list__functions.c.o[0m
[ 43%] [32mBuilding C object CMakeFiles/servo_controller_msgs__rosidl_generator_c.dir/rosidl_generator_c/servo_controller_msgs/msg/detail/servo_state__functions.c.o[0m
[ 45%] [32mBuilding C object CMakeFiles/servo_controller_msgs__rosidl_generator_c.dir/rosidl_generator_c/servo_controller_msgs/msg/detail/servos_position__functions.c.o[0m
[ 46%] [32m[1mLinking C shared library libservo_controller_msgs__rosidl_generator_c.so[0m
[ 46%] Built target servo_controller_msgs__rosidl_generator_c
[ 47%] [34m[1mGenerating C type support for eProsima Fast-RTPS[0m
[ 49%] [32mBuilding CXX object CMakeFiles/servo_controller_msgs__rosidl_typesupport_fastrtps_c.dir/rosidl_typesupport_fastrtps_c/servo_controller_msgs/msg/detail/servo_position__type_support_c.cpp.o[0m
[ 50%] [32mBuilding CXX object CMakeFiles/servo_controller_msgs__rosidl_typesupport_fastrtps_c.dir/rosidl_typesupport_fastrtps_c/servo_controller_msgs/msg/detail/float64_list__type_support_c.cpp.o[0m
[ 52%] [32mBuilding CXX object CMakeFiles/servo_controller_msgs__rosidl_typesupport_fastrtps_c.dir/rosidl_typesupport_fastrtps_c/servo_controller_msgs/msg/detail/grasp__type_support_c.cpp.o[0m
[ 53%] [32mBuilding CXX object CMakeFiles/servo_controller_msgs__rosidl_typesupport_fastrtps_c.dir/rosidl_typesupport_fastrtps_c/servo_controller_msgs/msg/detail/servo_state_list__type_support_c.cpp.o[0m
[ 54%] [32mBuilding CXX object CMakeFiles/servo_controller_msgs__rosidl_typesupport_fastrtps_c.dir/rosidl_typesupport_fastrtps_c/servo_controller_msgs/msg/detail/servo_state__type_support_c.cpp.o[0m
[ 56%] [32mBuilding CXX object CMakeFiles/servo_controller_msgs__rosidl_typesupport_fastrtps_c.dir/rosidl_typesupport_fastrtps_c/servo_controller_msgs/msg/detail/servos_position__type_support_c.cpp.o[0m
[ 57%] [32m[1mLinking CXX shared library libservo_controller_msgs__rosidl_typesupport_fastrtps_c.so[0m
[ 57%] Built target servo_controller_msgs__rosidl_typesupport_fastrtps_c
[ 59%] [34m[1mGenerating C type support dispatch for ROS interfaces[0m
[ 60%] [32mBuilding CXX object CMakeFiles/servo_controller_msgs__rosidl_typesupport_c.dir/rosidl_typesupport_c/servo_controller_msgs/msg/servo_position__type_support.cpp.o[0m
[ 61%] [32mBuilding CXX object CMakeFiles/servo_controller_msgs__rosidl_typesupport_c.dir/rosidl_typesupport_c/servo_controller_msgs/msg/float64_list__type_support.cpp.o[0m
[ 63%] [32mBuilding CXX object CMakeFiles/servo_controller_msgs__rosidl_typesupport_c.dir/rosidl_typesupport_c/servo_controller_msgs/msg/grasp__type_support.cpp.o[0m
[ 64%] [32mBuilding CXX object CMakeFiles/servo_controller_msgs__rosidl_typesupport_c.dir/rosidl_typesupport_c/servo_controller_msgs/msg/servo_state_list__type_support.cpp.o[0m
[ 66%] [32mBuilding CXX object CMakeFiles/servo_controller_msgs__rosidl_typesupport_c.dir/rosidl_typesupport_c/servo_controller_msgs/msg/servo_state__type_support.cpp.o[0m
[ 67%] [32mBuilding CXX object CMakeFiles/servo_controller_msgs__rosidl_typesupport_c.dir/rosidl_typesupport_c/servo_controller_msgs/msg/servos_position__type_support.cpp.o[0m
[ 69%] [32m[1mLinking CXX shared library libservo_controller_msgs__rosidl_typesupport_c.so[0m
[ 69%] Built target servo_controller_msgs__rosidl_typesupport_c
[ 70%] [34m[1mGenerating C introspection for ROS interfaces[0m
[ 71%] [32mBuilding C object CMakeFiles/servo_controller_msgs__rosidl_typesupport_introspection_c.dir/rosidl_typesupport_introspection_c/servo_controller_msgs/msg/detail/servo_position__type_support.c.o[0m
[ 73%] [32mBuilding C object CMakeFiles/servo_controller_msgs__rosidl_typesupport_introspection_c.dir/rosidl_typesupport_introspection_c/servo_controller_msgs/msg/detail/float64_list__type_support.c.o[0m
[ 74%] [32mBuilding C object CMakeFiles/servo_controller_msgs__rosidl_typesupport_introspection_c.dir/rosidl_typesupport_introspection_c/servo_controller_msgs/msg/detail/grasp__type_support.c.o[0m
[ 76%] [32mBuilding C object CMakeFiles/servo_controller_msgs__rosidl_typesupport_introspection_c.dir/rosidl_typesupport_introspection_c/servo_controller_msgs/msg/detail/servo_state_list__type_support.c.o[0m
[ 77%] [32mBuilding C object CMakeFiles/servo_controller_msgs__rosidl_typesupport_introspection_c.dir/rosidl_typesupport_introspection_c/servo_controller_msgs/msg/detail/servo_state__type_support.c.o[0m
[ 78%] [32mBuilding C object CMakeFiles/servo_controller_msgs__rosidl_typesupport_introspection_c.dir/rosidl_typesupport_introspection_c/servo_controller_msgs/msg/detail/servos_position__type_support.c.o[0m
[ 80%] [32m[1mLinking C shared library libservo_controller_msgs__rosidl_typesupport_introspection_c.so[0m
[ 80%] Built target servo_controller_msgs__rosidl_typesupport_introspection_c
[ 80%] Built target servo_controller_msgs
[ 81%] [34m[1mGenerating Python code for ROS interfaces[0m
[ 81%] Built target servo_controller_msgs__py
[ 83%] [32mBuilding C object CMakeFiles/servo_controller_msgs__rosidl_generator_py.dir/rosidl_generator_py/servo_controller_msgs/msg/_servo_position_s.c.o[0m
[ 84%] [32mBuilding C object CMakeFiles/servo_controller_msgs__rosidl_generator_py.dir/rosidl_generator_py/servo_controller_msgs/msg/_float64_list_s.c.o[0m
[ 85%] [32mBuilding C object CMakeFiles/servo_controller_msgs__rosidl_generator_py.dir/rosidl_generator_py/servo_controller_msgs/msg/_grasp_s.c.o[0m
[ 87%] [32mBuilding C object CMakeFiles/servo_controller_msgs__rosidl_generator_py.dir/rosidl_generator_py/servo_controller_msgs/msg/_servo_state_list_s.c.o[0m
[ 88%] [32mBuilding C object CMakeFiles/servo_controller_msgs__rosidl_generator_py.dir/rosidl_generator_py/servo_controller_msgs/msg/_servo_state_s.c.o[0m
[ 90%] [32mBuilding C object CMakeFiles/servo_controller_msgs__rosidl_generator_py.dir/rosidl_generator_py/servo_controller_msgs/msg/_servos_position_s.c.o[0m
[ 91%] [32m[1mLinking C shared library rosidl_generator_py/servo_controller_msgs/libservo_controller_msgs__rosidl_generator_py.so[0m
[ 91%] Built target servo_controller_msgs__rosidl_generator_py
[ 92%] [32mBuilding C object CMakeFiles/servo_controller_msgs__rosidl_typesupport_fastrtps_c__pyext.dir/rosidl_generator_py/servo_controller_msgs/_servo_controller_msgs_s.ep.rosidl_typesupport_fastrtps_c.c.o[0m
[ 94%] [32m[1mLinking C shared library rosidl_generator_py/servo_controller_msgs/servo_controller_msgs_s__rosidl_typesupport_fastrtps_c.cpython-310-x86_64-linux-gnu.so[0m
[ 94%] Built target servo_controller_msgs__rosidl_typesupport_fastrtps_c__pyext
[ 95%] [32mBuilding C object CMakeFiles/servo_controller_msgs__rosidl_typesupport_c__pyext.dir/rosidl_generator_py/servo_controller_msgs/_servo_controller_msgs_s.ep.rosidl_typesupport_c.c.o[0m
[ 97%] [32m[1mLinking C shared library rosidl_generator_py/servo_controller_msgs/servo_controller_msgs_s__rosidl_typesupport_c.cpython-310-x86_64-linux-gnu.so[0m
[ 97%] Built target servo_controller_msgs__rosidl_typesupport_c__pyext
[ 98%] [32mBuilding C object CMakeFiles/servo_controller_msgs__rosidl_typesupport_introspection_c__pyext.dir/rosidl_generator_py/servo_controller_msgs/_servo_controller_msgs_s.ep.rosidl_typesupport_introspection_c.c.o[0m
[100%] [32m[1mLinking C shared library rosidl_generator_py/servo_controller_msgs/servo_controller_msgs_s__rosidl_typesupport_introspection_c.cpython-310-x86_64-linux-gnu.so[0m
[100%] Built target servo_controller_msgs__rosidl_typesupport_introspection_c__pyext
-- Install configuration: ""
-- Installing: /home/liyq/hi_ws/install/servo_controller_msgs/share/ament_index/resource_index/rosidl_interfaces/servo_controller_msgs
-- Installing: /home/liyq/hi_ws/install/servo_controller_msgs/include/servo_controller_msgs/servo_controller_msgs
-- Installing: /home/liyq/hi_ws/install/servo_controller_msgs/include/servo_controller_msgs/servo_controller_msgs/msg
-- Installing: /home/liyq/hi_ws/install/servo_controller_msgs/include/servo_controller_msgs/servo_controller_msgs/msg/float64_list.h
-- Installing: /home/liyq/hi_ws/install/servo_controller_msgs/include/servo_controller_msgs/servo_controller_msgs/msg/servo_state_list.h
-- Installing: /home/liyq/hi_ws/install/servo_controller_msgs/include/servo_controller_msgs/servo_controller_msgs/msg/servo_state.h
-- Installing: /home/liyq/hi_ws/install/servo_controller_msgs/include/servo_controller_msgs/servo_controller_msgs/msg/servos_position.h
-- Installing: /home/liyq/hi_ws/install/servo_controller_msgs/include/servo_controller_msgs/servo_controller_msgs/msg/servo_position.h
-- Installing: /home/liyq/hi_ws/install/servo_controller_msgs/include/servo_controller_msgs/servo_controller_msgs/msg/grasp.h
-- Installing: /home/liyq/hi_ws/install/servo_controller_msgs/include/servo_controller_msgs/servo_controller_msgs/msg/detail
-- Installing: /home/liyq/hi_ws/install/servo_controller_msgs/include/servo_controller_msgs/servo_controller_msgs/msg/detail/servos_position__struct.h
-- Installing: /home/liyq/hi_ws/install/servo_controller_msgs/include/servo_controller_msgs/servo_controller_msgs/msg/detail/servo_state__functions.h
-- Installing: /home/liyq/hi_ws/install/servo_controller_msgs/include/servo_controller_msgs/servo_controller_msgs/msg/detail/servo_state_list__struct.h
-- Installing: /home/liyq/hi_ws/install/servo_controller_msgs/include/servo_controller_msgs/servo_controller_msgs/msg/detail/servos_position__type_support.h
-- Installing: /home/liyq/hi_ws/install/servo_controller_msgs/include/servo_controller_msgs/servo_controller_msgs/msg/detail/servo_state__struct.h
-- Installing: /home/liyq/hi_ws/install/servo_controller_msgs/include/servo_controller_msgs/servo_controller_msgs/msg/detail/grasp__functions.c
-- Installing: /home/liyq/hi_ws/install/servo_controller_msgs/include/servo_controller_msgs/servo_controller_msgs/msg/detail/servo_position__type_support.h
-- Installing: /home/liyq/hi_ws/install/servo_controller_msgs/include/servo_controller_msgs/servo_controller_msgs/msg/detail/servo_position__struct.h
-- Installing: /home/liyq/hi_ws/install/servo_controller_msgs/include/servo_controller_msgs/servo_controller_msgs/msg/detail/servo_position__functions.h
-- Installing: /home/liyq/hi_ws/install/servo_controller_msgs/include/servo_controller_msgs/servo_controller_msgs/msg/detail/servos_position__functions.h
-- Installing: /home/liyq/hi_ws/install/servo_controller_msgs/include/servo_controller_msgs/servo_controller_msgs/msg/detail/float64_list__functions.c
-- Installing: /home/liyq/hi_ws/install/servo_controller_msgs/include/servo_controller_msgs/servo_controller_msgs/msg/detail/servo_position__functions.c
-- Installing: /home/liyq/hi_ws/install/servo_controller_msgs/include/servo_controller_msgs/servo_controller_msgs/msg/detail/servo_state__type_support.h
-- Installing: /home/liyq/hi_ws/install/servo_controller_msgs/include/servo_controller_msgs/servo_controller_msgs/msg/detail/servo_state__functions.c
-- Installing: /home/liyq/hi_ws/install/servo_controller_msgs/include/servo_controller_msgs/servo_controller_msgs/msg/detail/servo_state_list__functions.c
-- Installing: /home/liyq/hi_ws/install/servo_controller_msgs/include/servo_controller_msgs/servo_controller_msgs/msg/detail/float64_list__type_support.h
-- Installing: /home/liyq/hi_ws/install/servo_controller_msgs/include/servo_controller_msgs/servo_controller_msgs/msg/detail/float64_list__struct.h
-- Installing: /home/liyq/hi_ws/install/servo_controller_msgs/include/servo_controller_msgs/servo_controller_msgs/msg/detail/servo_state_list__functions.h
-- Installing: /home/liyq/hi_ws/install/servo_controller_msgs/include/servo_controller_msgs/servo_controller_msgs/msg/detail/servo_state_list__type_support.h
-- Installing: /home/liyq/hi_ws/install/servo_controller_msgs/include/servo_controller_msgs/servo_controller_msgs/msg/detail/grasp__functions.h
-- Installing: /home/liyq/hi_ws/install/servo_controller_msgs/include/servo_controller_msgs/servo_controller_msgs/msg/detail/grasp__type_support.h
-- Installing: /home/liyq/hi_ws/install/servo_controller_msgs/include/servo_controller_msgs/servo_controller_msgs/msg/detail/float64_list__functions.h
-- Installing: /home/liyq/hi_ws/install/servo_controller_msgs/include/servo_controller_msgs/servo_controller_msgs/msg/detail/grasp__struct.h
-- Installing: /home/liyq/hi_ws/install/servo_controller_msgs/include/servo_controller_msgs/servo_controller_msgs/msg/detail/servos_position__functions.c
-- Installing: /home/liyq/hi_ws/install/servo_controller_msgs/include/servo_controller_msgs/servo_controller_msgs/msg/rosidl_generator_c__visibility_control.h
-- Installing: /home/liyq/hi_ws/install/servo_controller_msgs/share/servo_controller_msgs/environment/library_path.sh
-- Installing: /home/liyq/hi_ws/install/servo_controller_msgs/share/servo_controller_msgs/environment/library_path.dsv
-- Installing: /home/liyq/hi_ws/install/servo_controller_msgs/lib/libservo_controller_msgs__rosidl_generator_c.so
-- Set runtime path of "/home/liyq/hi_ws/install/servo_controller_msgs/lib/libservo_controller_msgs__rosidl_generator_c.so" to ""
-- Up-to-date: /home/liyq/hi_ws/install/servo_controller_msgs/include/servo_controller_msgs/servo_controller_msgs
-- Up-to-date: /home/liyq/hi_ws/install/servo_controller_msgs/include/servo_controller_msgs/servo_controller_msgs/msg
-- Installing: /home/liyq/hi_ws/install/servo_controller_msgs/include/servo_controller_msgs/servo_controller_msgs/msg/rosidl_typesupport_fastrtps_c__visibility_control.h
-- Up-to-date: /home/liyq/hi_ws/install/servo_controller_msgs/include/servo_controller_msgs/servo_controller_msgs/msg/detail
-- Installing: /home/liyq/hi_ws/install/servo_controller_msgs/include/servo_controller_msgs/servo_controller_msgs/msg/detail/grasp__rosidl_typesupport_fastrtps_c.h
-- Installing: /home/liyq/hi_ws/install/servo_controller_msgs/include/servo_controller_msgs/servo_controller_msgs/msg/detail/servos_position__rosidl_typesupport_fastrtps_c.h
-- Installing: /home/liyq/hi_ws/install/servo_controller_msgs/include/servo_controller_msgs/servo_controller_msgs/msg/detail/servo_state__rosidl_typesupport_fastrtps_c.h
-- Installing: /home/liyq/hi_ws/install/servo_controller_msgs/include/servo_controller_msgs/servo_controller_msgs/msg/detail/float64_list__rosidl_typesupport_fastrtps_c.h
-- Installing: /home/liyq/hi_ws/install/servo_controller_msgs/include/servo_controller_msgs/servo_controller_msgs/msg/detail/servo_position__rosidl_typesupport_fastrtps_c.h
-- Installing: /home/liyq/hi_ws/install/servo_controller_msgs/include/servo_controller_msgs/servo_controller_msgs/msg/detail/servo_state_list__rosidl_typesupport_fastrtps_c.h
-- Installing: /home/liyq/hi_ws/install/servo_controller_msgs/lib/libservo_controller_msgs__rosidl_typesupport_fastrtps_c.so
-- Set runtime path of "/home/liyq/hi_ws/install/servo_controller_msgs/lib/libservo_controller_msgs__rosidl_typesupport_fastrtps_c.so" to ""
-- Up-to-date: /home/liyq/hi_ws/install/servo_controller_msgs/include/servo_controller_msgs/servo_controller_msgs
-- Up-to-date: /home/liyq/hi_ws/install/servo_controller_msgs/include/servo_controller_msgs/servo_controller_msgs/msg
-- Installing: /home/liyq/hi_ws/install/servo_controller_msgs/include/servo_controller_msgs/servo_controller_msgs/msg/float64_list.hpp
-- Installing: /home/liyq/hi_ws/install/servo_controller_msgs/include/servo_controller_msgs/servo_controller_msgs/msg/servo_position.hpp
-- Installing: /home/liyq/hi_ws/install/servo_controller_msgs/include/servo_controller_msgs/servo_controller_msgs/msg/servos_position.hpp
-- Installing: /home/liyq/hi_ws/install/servo_controller_msgs/include/servo_controller_msgs/servo_controller_msgs/msg/grasp.hpp
-- Installing: /home/liyq/hi_ws/install/servo_controller_msgs/include/servo_controller_msgs/servo_controller_msgs/msg/servo_state_list.hpp
-- Up-to-date: /home/liyq/hi_ws/install/servo_controller_msgs/include/servo_controller_msgs/servo_controller_msgs/msg/detail
-- Installing: /home/liyq/hi_ws/install/servo_controller_msgs/include/servo_controller_msgs/servo_controller_msgs/msg/detail/servo_state_list__builder.hpp
-- Installing: /home/liyq/hi_ws/install/servo_controller_msgs/include/servo_controller_msgs/servo_controller_msgs/msg/detail/grasp__struct.hpp
-- Installing: /home/liyq/hi_ws/install/servo_controller_msgs/include/servo_controller_msgs/servo_controller_msgs/msg/detail/servo_position__struct.hpp
-- Installing: /home/liyq/hi_ws/install/servo_controller_msgs/include/servo_controller_msgs/servo_controller_msgs/msg/detail/servo_position__builder.hpp
-- Installing: /home/liyq/hi_ws/install/servo_controller_msgs/include/servo_controller_msgs/servo_controller_msgs/msg/detail/float64_list__type_support.hpp
-- Installing: /home/liyq/hi_ws/install/servo_controller_msgs/include/servo_controller_msgs/servo_controller_msgs/msg/detail/servo_state__builder.hpp
-- Installing: /home/liyq/hi_ws/install/servo_controller_msgs/include/servo_controller_msgs/servo_controller_msgs/msg/detail/servos_position__traits.hpp
-- Installing: /home/liyq/hi_ws/install/servo_controller_msgs/include/servo_controller_msgs/servo_controller_msgs/msg/detail/servo_position__traits.hpp
-- Installing: /home/liyq/hi_ws/install/servo_controller_msgs/include/servo_controller_msgs/servo_controller_msgs/msg/detail/servo_state_list__traits.hpp
-- Installing: /home/liyq/hi_ws/install/servo_controller_msgs/include/servo_controller_msgs/servo_controller_msgs/msg/detail/servo_state__traits.hpp
-- Installing: /home/liyq/hi_ws/install/servo_controller_msgs/include/servo_controller_msgs/servo_controller_msgs/msg/detail/float64_list__builder.hpp
-- Installing: /home/liyq/hi_ws/install/servo_controller_msgs/include/servo_controller_msgs/servo_controller_msgs/msg/detail/servo_state_list__type_support.hpp
-- Installing: /home/liyq/hi_ws/install/servo_controller_msgs/include/servo_controller_msgs/servo_controller_msgs/msg/detail/servos_position__struct.hpp
-- Installing: /home/liyq/hi_ws/install/servo_controller_msgs/include/servo_controller_msgs/servo_controller_msgs/msg/detail/servos_position__builder.hpp
-- Installing: /home/liyq/hi_ws/install/servo_controller_msgs/include/servo_controller_msgs/servo_controller_msgs/msg/detail/grasp__traits.hpp
-- Installing: /home/liyq/hi_ws/install/servo_controller_msgs/include/servo_controller_msgs/servo_controller_msgs/msg/detail/servos_position__type_support.hpp
-- Installing: /home/liyq/hi_ws/install/servo_controller_msgs/include/servo_controller_msgs/servo_controller_msgs/msg/detail/servo_state__type_support.hpp
-- Installing: /home/liyq/hi_ws/install/servo_controller_msgs/include/servo_controller_msgs/servo_controller_msgs/msg/detail/servo_state_list__struct.hpp
-- Installing: /home/liyq/hi_ws/install/servo_controller_msgs/include/servo_controller_msgs/servo_controller_msgs/msg/detail/grasp__builder.hpp
-- Installing: /home/liyq/hi_ws/install/servo_controller_msgs/include/servo_controller_msgs/servo_controller_msgs/msg/detail/float64_list__traits.hpp
-- Installing: /home/liyq/hi_ws/install/servo_controller_msgs/include/servo_controller_msgs/servo_controller_msgs/msg/detail/servo_position__type_support.hpp
-- Installing: /home/liyq/hi_ws/install/servo_controller_msgs/include/servo_controller_msgs/servo_controller_msgs/msg/detail/servo_state__struct.hpp
-- Installing: /home/liyq/hi_ws/install/servo_controller_msgs/include/servo_controller_msgs/servo_controller_msgs/msg/detail/grasp__type_support.hpp
-- Installing: /home/liyq/hi_ws/install/servo_controller_msgs/include/servo_controller_msgs/servo_controller_msgs/msg/detail/float64_list__struct.hpp
-- Installing: /home/liyq/hi_ws/install/servo_controller_msgs/include/servo_controller_msgs/servo_controller_msgs/msg/servo_state.hpp
-- Installing: /home/liyq/hi_ws/install/servo_controller_msgs/include/servo_controller_msgs/servo_controller_msgs/msg/rosidl_generator_cpp__visibility_control.hpp
-- Up-to-date: /home/liyq/hi_ws/install/servo_controller_msgs/include/servo_controller_msgs/servo_controller_msgs
-- Up-to-date: /home/liyq/hi_ws/install/servo_controller_msgs/include/servo_controller_msgs/servo_controller_msgs/msg
-- Up-to-date: /home/liyq/hi_ws/install/servo_controller_msgs/include/servo_controller_msgs/servo_controller_msgs/msg/detail
-- Installing: /home/liyq/hi_ws/install/servo_controller_msgs/include/servo_controller_msgs/servo_controller_msgs/msg/detail/grasp__rosidl_typesupport_fastrtps_cpp.hpp
-- Installing: /home/liyq/hi_ws/install/servo_controller_msgs/include/servo_controller_msgs/servo_controller_msgs/msg/detail/servo_position__rosidl_typesupport_fastrtps_cpp.hpp
-- Installing: /home/liyq/hi_ws/install/servo_controller_msgs/include/servo_controller_msgs/servo_controller_msgs/msg/detail/servo_state__rosidl_typesupport_fastrtps_cpp.hpp
-- Installing: /home/liyq/hi_ws/install/servo_controller_msgs/include/servo_controller_msgs/servo_controller_msgs/msg/detail/float64_list__rosidl_typesupport_fastrtps_cpp.hpp
-- Installing: /home/liyq/hi_ws/install/servo_controller_msgs/include/servo_controller_msgs/servo_controller_msgs/msg/detail/servo_state_list__rosidl_typesupport_fastrtps_cpp.hpp
-- Installing: /home/liyq/hi_ws/install/servo_controller_msgs/include/servo_controller_msgs/servo_controller_msgs/msg/detail/servos_position__rosidl_typesupport_fastrtps_cpp.hpp
-- Installing: /home/liyq/hi_ws/install/servo_controller_msgs/include/servo_controller_msgs/servo_controller_msgs/msg/detail/dds_fastrtps
-- Installing: /home/liyq/hi_ws/install/servo_controller_msgs/include/servo_controller_msgs/servo_controller_msgs/msg/rosidl_typesupport_fastrtps_cpp__visibility_control.h
-- Installing: /home/liyq/hi_ws/install/servo_controller_msgs/lib/libservo_controller_msgs__rosidl_typesupport_fastrtps_cpp.so
-- Set runtime path of "/home/liyq/hi_ws/install/servo_controller_msgs/lib/libservo_controller_msgs__rosidl_typesupport_fastrtps_cpp.so" to ""
-- Up-to-date: /home/liyq/hi_ws/install/servo_controller_msgs/include/servo_controller_msgs/servo_controller_msgs
-- Up-to-date: /home/liyq/hi_ws/install/servo_controller_msgs/include/servo_controller_msgs/servo_controller_msgs/msg
-- Installing: /home/liyq/hi_ws/install/servo_controller_msgs/include/servo_controller_msgs/servo_controller_msgs/msg/rosidl_typesupport_introspection_c__visibility_control.h
-- Up-to-date: /home/liyq/hi_ws/install/servo_controller_msgs/include/servo_controller_msgs/servo_controller_msgs/msg/detail
-- Installing: /home/liyq/hi_ws/install/servo_controller_msgs/include/servo_controller_msgs/servo_controller_msgs/msg/detail/servo_position__rosidl_typesupport_introspection_c.h
-- Installing: /home/liyq/hi_ws/install/servo_controller_msgs/include/servo_controller_msgs/servo_controller_msgs/msg/detail/float64_list__type_support.c
-- Installing: /home/liyq/hi_ws/install/servo_controller_msgs/include/servo_controller_msgs/servo_controller_msgs/msg/detail/grasp__type_support.c
-- Installing: /home/liyq/hi_ws/install/servo_controller_msgs/include/servo_controller_msgs/servo_controller_msgs/msg/detail/servo_state_list__rosidl_typesupport_introspection_c.h
-- Installing: /home/liyq/hi_ws/install/servo_controller_msgs/include/servo_controller_msgs/servo_controller_msgs/msg/detail/servo_state__rosidl_typesupport_introspection_c.h
-- Installing: /home/liyq/hi_ws/install/servo_controller_msgs/include/servo_controller_msgs/servo_controller_msgs/msg/detail/servo_state__type_support.c
-- Installing: /home/liyq/hi_ws/install/servo_controller_msgs/include/servo_controller_msgs/servo_controller_msgs/msg/detail/servo_position__type_support.c
-- Installing: /home/liyq/hi_ws/install/servo_controller_msgs/include/servo_controller_msgs/servo_controller_msgs/msg/detail/servo_state_list__type_support.c
-- Installing: /home/liyq/hi_ws/install/servo_controller_msgs/include/servo_controller_msgs/servo_controller_msgs/msg/detail/servos_position__rosidl_typesupport_introspection_c.h
-- Installing: /home/liyq/hi_ws/install/servo_controller_msgs/include/servo_controller_msgs/servo_controller_msgs/msg/detail/servos_position__type_support.c
-- Installing: /home/liyq/hi_ws/install/servo_controller_msgs/include/servo_controller_msgs/servo_controller_msgs/msg/detail/grasp__rosidl_typesupport_introspection_c.h
-- Installing: /home/liyq/hi_ws/install/servo_controller_msgs/include/servo_controller_msgs/servo_controller_msgs/msg/detail/float64_list__rosidl_typesupport_introspection_c.h
-- Installing: /home/liyq/hi_ws/install/servo_controller_msgs/lib/libservo_controller_msgs__rosidl_typesupport_introspection_c.so
-- Set runtime path of "/home/liyq/hi_ws/install/servo_controller_msgs/lib/libservo_controller_msgs__rosidl_typesupport_introspection_c.so" to ""
-- Installing: /home/liyq/hi_ws/install/servo_controller_msgs/lib/libservo_controller_msgs__rosidl_typesupport_c.so
-- Set runtime path of "/home/liyq/hi_ws/install/servo_controller_msgs/lib/libservo_controller_msgs__rosidl_typesupport_c.so" to ""
-- Up-to-date: /home/liyq/hi_ws/install/servo_controller_msgs/include/servo_controller_msgs/servo_controller_msgs
-- Up-to-date: /home/liyq/hi_ws/install/servo_controller_msgs/include/servo_controller_msgs/servo_controller_msgs/msg
-- Up-to-date: /home/liyq/hi_ws/install/servo_controller_msgs/include/servo_controller_msgs/servo_controller_msgs/msg/detail
-- Installing: /home/liyq/hi_ws/install/servo_controller_msgs/include/servo_controller_msgs/servo_controller_msgs/msg/detail/grasp__rosidl_typesupport_introspection_cpp.hpp
-- Installing: /home/liyq/hi_ws/install/servo_controller_msgs/include/servo_controller_msgs/servo_controller_msgs/msg/detail/servos_position__rosidl_typesupport_introspection_cpp.hpp
-- Installing: /home/liyq/hi_ws/install/servo_controller_msgs/include/servo_controller_msgs/servo_controller_msgs/msg/detail/servo_position__rosidl_typesupport_introspection_cpp.hpp
-- Installing: /home/liyq/hi_ws/install/servo_controller_msgs/include/servo_controller_msgs/servo_controller_msgs/msg/detail/grasp__type_support.cpp
-- Installing: /home/liyq/hi_ws/install/servo_controller_msgs/include/servo_controller_msgs/servo_controller_msgs/msg/detail/servo_state__type_support.cpp
-- Installing: /home/liyq/hi_ws/install/servo_controller_msgs/include/servo_controller_msgs/servo_controller_msgs/msg/detail/servo_state_list__type_support.cpp
-- Installing: /home/liyq/hi_ws/install/servo_controller_msgs/include/servo_controller_msgs/servo_controller_msgs/msg/detail/servo_state__rosidl_typesupport_introspection_cpp.hpp
-- Installing: /home/liyq/hi_ws/install/servo_controller_msgs/include/servo_controller_msgs/servo_controller_msgs/msg/detail/servos_position__type_support.cpp
-- Installing: /home/liyq/hi_ws/install/servo_controller_msgs/include/servo_controller_msgs/servo_controller_msgs/msg/detail/servo_state_list__rosidl_typesupport_introspection_cpp.hpp
-- Installing: /home/liyq/hi_ws/install/servo_controller_msgs/include/servo_controller_msgs/servo_controller_msgs/msg/detail/float64_list__type_support.cpp
-- Installing: /home/liyq/hi_ws/install/servo_controller_msgs/include/servo_controller_msgs/servo_controller_msgs/msg/detail/float64_list__rosidl_typesupport_introspection_cpp.hpp
-- Installing: /home/liyq/hi_ws/install/servo_controller_msgs/include/servo_controller_msgs/servo_controller_msgs/msg/detail/servo_position__type_support.cpp
-- Installing: /home/liyq/hi_ws/install/servo_controller_msgs/lib/libservo_controller_msgs__rosidl_typesupport_introspection_cpp.so
-- Set runtime path of "/home/liyq/hi_ws/install/servo_controller_msgs/lib/libservo_controller_msgs__rosidl_typesupport_introspection_cpp.so" to ""
-- Installing: /home/liyq/hi_ws/install/servo_controller_msgs/lib/libservo_controller_msgs__rosidl_typesupport_cpp.so
-- Set runtime path of "/home/liyq/hi_ws/install/servo_controller_msgs/lib/libservo_controller_msgs__rosidl_typesupport_cpp.so" to ""
-- Installing: /home/liyq/hi_ws/install/servo_controller_msgs/share/servo_controller_msgs/environment/pythonpath.sh
-- Installing: /home/liyq/hi_ws/install/servo_controller_msgs/share/servo_controller_msgs/environment/pythonpath.dsv
-- Installing: /home/liyq/hi_ws/install/servo_controller_msgs/local/lib/python3.10/dist-packages/servo_controller_msgs-0.0.0-py3.10.egg-info
-- Installing: /home/liyq/hi_ws/install/servo_controller_msgs/local/lib/python3.10/dist-packages/servo_controller_msgs-0.0.0-py3.10.egg-info/SOURCES.txt
-- Installing: /home/liyq/hi_ws/install/servo_controller_msgs/local/lib/python3.10/dist-packages/servo_controller_msgs-0.0.0-py3.10.egg-info/PKG-INFO
-- Installing: /home/liyq/hi_ws/install/servo_controller_msgs/local/lib/python3.10/dist-packages/servo_controller_msgs-0.0.0-py3.10.egg-info/top_level.txt
-- Installing: /home/liyq/hi_ws/install/servo_controller_msgs/local/lib/python3.10/dist-packages/servo_controller_msgs-0.0.0-py3.10.egg-info/dependency_links.txt
-- Installing: /home/liyq/hi_ws/install/servo_controller_msgs/local/lib/python3.10/dist-packages/servo_controller_msgs
-- Installing: /home/liyq/hi_ws/install/servo_controller_msgs/local/lib/python3.10/dist-packages/servo_controller_msgs/servo_controller_msgs_s__rosidl_typesupport_fastrtps_c.cpython-310-x86_64-linux-gnu.so
-- Installing: /home/liyq/hi_ws/install/servo_controller_msgs/local/lib/python3.10/dist-packages/servo_controller_msgs/msg
-- Installing: /home/liyq/hi_ws/install/servo_controller_msgs/local/lib/python3.10/dist-packages/servo_controller_msgs/msg/_servo_state_s.c
-- Installing: /home/liyq/hi_ws/install/servo_controller_msgs/local/lib/python3.10/dist-packages/servo_controller_msgs/msg/_grasp_s.c
-- Installing: /home/liyq/hi_ws/install/servo_controller_msgs/local/lib/python3.10/dist-packages/servo_controller_msgs/msg/_servo_state_list_s.c
-- Installing: /home/liyq/hi_ws/install/servo_controller_msgs/local/lib/python3.10/dist-packages/servo_controller_msgs/msg/_float64_list_s.c
-- Installing: /home/liyq/hi_ws/install/servo_controller_msgs/local/lib/python3.10/dist-packages/servo_controller_msgs/msg/__init__.py
-- Installing: /home/liyq/hi_ws/install/servo_controller_msgs/local/lib/python3.10/dist-packages/servo_controller_msgs/msg/_servo_position.py
-- Installing: /home/liyq/hi_ws/install/servo_controller_msgs/local/lib/python3.10/dist-packages/servo_controller_msgs/msg/_servos_position.py
-- Installing: /home/liyq/hi_ws/install/servo_controller_msgs/local/lib/python3.10/dist-packages/servo_controller_msgs/msg/_servos_position_s.c
-- Installing: /home/liyq/hi_ws/install/servo_controller_msgs/local/lib/python3.10/dist-packages/servo_controller_msgs/msg/_servo_state_list.py
-- Installing: /home/liyq/hi_ws/install/servo_controller_msgs/local/lib/python3.10/dist-packages/servo_controller_msgs/msg/_servo_state.py
-- Installing: /home/liyq/hi_ws/install/servo_controller_msgs/local/lib/python3.10/dist-packages/servo_controller_msgs/msg/_float64_list.py
-- Installing: /home/liyq/hi_ws/install/servo_controller_msgs/local/lib/python3.10/dist-packages/servo_controller_msgs/msg/_grasp.py
-- Installing: /home/liyq/hi_ws/install/servo_controller_msgs/local/lib/python3.10/dist-packages/servo_controller_msgs/msg/_servo_position_s.c
-- Installing: /home/liyq/hi_ws/install/servo_controller_msgs/local/lib/python3.10/dist-packages/servo_controller_msgs/libservo_controller_msgs__rosidl_generator_py.so
-- Installing: /home/liyq/hi_ws/install/servo_controller_msgs/local/lib/python3.10/dist-packages/servo_controller_msgs/servo_controller_msgs_s__rosidl_typesupport_introspection_c.cpython-310-x86_64-linux-gnu.so
-- Installing: /home/liyq/hi_ws/install/servo_controller_msgs/local/lib/python3.10/dist-packages/servo_controller_msgs/__init__.py
-- Installing: /home/liyq/hi_ws/install/servo_controller_msgs/local/lib/python3.10/dist-packages/servo_controller_msgs/_servo_controller_msgs_s.ep.rosidl_typesupport_fastrtps_c.c
-- Installing: /home/liyq/hi_ws/install/servo_controller_msgs/local/lib/python3.10/dist-packages/servo_controller_msgs/servo_controller_msgs_s__rosidl_typesupport_c.cpython-310-x86_64-linux-gnu.so
-- Installing: /home/liyq/hi_ws/install/servo_controller_msgs/local/lib/python3.10/dist-packages/servo_controller_msgs/_servo_controller_msgs_s.ep.rosidl_typesupport_c.c
-- Installing: /home/liyq/hi_ws/install/servo_controller_msgs/local/lib/python3.10/dist-packages/servo_controller_msgs/_servo_controller_msgs_s.ep.rosidl_typesupport_introspection_c.c
Listing '/home/liyq/hi_ws/install/servo_controller_msgs/local/lib/python3.10/dist-packages/servo_controller_msgs'...
Compiling '/home/liyq/hi_ws/install/servo_controller_msgs/local/lib/python3.10/dist-packages/servo_controller_msgs/__init__.py'...
Listing '/home/liyq/hi_ws/install/servo_controller_msgs/local/lib/python3.10/dist-packages/servo_controller_msgs/msg'...
Compiling '/home/liyq/hi_ws/install/servo_controller_msgs/local/lib/python3.10/dist-packages/servo_controller_msgs/msg/__init__.py'...
Compiling '/home/liyq/hi_ws/install/servo_controller_msgs/local/lib/python3.10/dist-packages/servo_controller_msgs/msg/_float64_list.py'...
Compiling '/home/liyq/hi_ws/install/servo_controller_msgs/local/lib/python3.10/dist-packages/servo_controller_msgs/msg/_grasp.py'...
Compiling '/home/liyq/hi_ws/install/servo_controller_msgs/local/lib/python3.10/dist-packages/servo_controller_msgs/msg/_servo_position.py'...
Compiling '/home/liyq/hi_ws/install/servo_controller_msgs/local/lib/python3.10/dist-packages/servo_controller_msgs/msg/_servo_state.py'...
Compiling '/home/liyq/hi_ws/install/servo_controller_msgs/local/lib/python3.10/dist-packages/servo_controller_msgs/msg/_servo_state_list.py'...
Compiling '/home/liyq/hi_ws/install/servo_controller_msgs/local/lib/python3.10/dist-packages/servo_controller_msgs/msg/_servos_position.py'...
-- Installing: /home/liyq/hi_ws/install/servo_controller_msgs/local/lib/python3.10/dist-packages/servo_controller_msgs/servo_controller_msgs_s__rosidl_typesupport_fastrtps_c.cpython-310-x86_64-linux-gnu.so
-- Set runtime path of "/home/liyq/hi_ws/install/servo_controller_msgs/local/lib/python3.10/dist-packages/servo_controller_msgs/servo_controller_msgs_s__rosidl_typesupport_fastrtps_c.cpython-310-x86_64-linux-gnu.so" to ""
-- Installing: /home/liyq/hi_ws/install/servo_controller_msgs/local/lib/python3.10/dist-packages/servo_controller_msgs/servo_controller_msgs_s__rosidl_typesupport_introspection_c.cpython-310-x86_64-linux-gnu.so
-- Set runtime path of "/home/liyq/hi_ws/install/servo_controller_msgs/local/lib/python3.10/dist-packages/servo_controller_msgs/servo_controller_msgs_s__rosidl_typesupport_introspection_c.cpython-310-x86_64-linux-gnu.so" to ""
-- Installing: /home/liyq/hi_ws/install/servo_controller_msgs/local/lib/python3.10/dist-packages/servo_controller_msgs/servo_controller_msgs_s__rosidl_typesupport_c.cpython-310-x86_64-linux-gnu.so
-- Set runtime path of "/home/liyq/hi_ws/install/servo_controller_msgs/local/lib/python3.10/dist-packages/servo_controller_msgs/servo_controller_msgs_s__rosidl_typesupport_c.cpython-310-x86_64-linux-gnu.so" to ""
-- Installing: /home/liyq/hi_ws/install/servo_controller_msgs/lib/libservo_controller_msgs__rosidl_generator_py.so
-- Set runtime path of "/home/liyq/hi_ws/install/servo_controller_msgs/lib/libservo_controller_msgs__rosidl_generator_py.so" to ""
-- Installing: /home/liyq/hi_ws/install/servo_controller_msgs/share/servo_controller_msgs/msg/ServoPosition.idl
-- Installing: /home/liyq/hi_ws/install/servo_controller_msgs/share/servo_controller_msgs/msg/ServosPosition.idl
-- Installing: /home/liyq/hi_ws/install/servo_controller_msgs/share/servo_controller_msgs/msg/ServoState.idl
-- Installing: /home/liyq/hi_ws/install/servo_controller_msgs/share/servo_controller_msgs/msg/ServoStateList.idl
-- Installing: /home/liyq/hi_ws/install/servo_controller_msgs/share/servo_controller_msgs/msg/Grasp.idl
-- Installing: /home/liyq/hi_ws/install/servo_controller_msgs/share/servo_controller_msgs/msg/Float64List.idl
-- Installing: /home/liyq/hi_ws/install/servo_controller_msgs/share/servo_controller_msgs/msg/ServoPosition.msg
-- Installing: /home/liyq/hi_ws/install/servo_controller_msgs/share/servo_controller_msgs/msg/ServosPosition.msg
-- Installing: /home/liyq/hi_ws/install/servo_controller_msgs/share/servo_controller_msgs/msg/ServoState.msg
-- Installing: /home/liyq/hi_ws/install/servo_controller_msgs/share/servo_controller_msgs/msg/ServoStateList.msg
-- Installing: /home/liyq/hi_ws/install/servo_controller_msgs/share/servo_controller_msgs/msg/Grasp.msg
-- Installing: /home/liyq/hi_ws/install/servo_controller_msgs/share/servo_controller_msgs/msg/Float64List.msg
-- Installing: /home/liyq/hi_ws/install/servo_controller_msgs/share/ament_index/resource_index/package_run_dependencies/servo_controller_msgs
-- Installing: /home/liyq/hi_ws/install/servo_controller_msgs/share/ament_index/resource_index/parent_prefix_path/servo_controller_msgs
-- Installing: /home/liyq/hi_ws/install/servo_controller_msgs/share/servo_controller_msgs/environment/ament_prefix_path.sh
-- Installing: /home/liyq/hi_ws/install/servo_controller_msgs/share/servo_controller_msgs/environment/ament_prefix_path.dsv
-- Installing: /home/liyq/hi_ws/install/servo_controller_msgs/share/servo_controller_msgs/environment/path.sh
-- Installing: /home/liyq/hi_ws/install/servo_controller_msgs/share/servo_controller_msgs/environment/path.dsv
-- Installing: /home/liyq/hi_ws/install/servo_controller_msgs/share/servo_controller_msgs/local_setup.bash
-- Installing: /home/liyq/hi_ws/install/servo_controller_msgs/share/servo_controller_msgs/local_setup.sh
-- Installing: /home/liyq/hi_ws/install/servo_controller_msgs/share/servo_controller_msgs/local_setup.zsh
-- Installing: /home/liyq/hi_ws/install/servo_controller_msgs/share/servo_controller_msgs/local_setup.dsv
-- Installing: /home/liyq/hi_ws/install/servo_controller_msgs/share/servo_controller_msgs/package.dsv
-- Installing: /home/liyq/hi_ws/install/servo_controller_msgs/share/ament_index/resource_index/packages/servo_controller_msgs
-- Installing: /home/liyq/hi_ws/install/servo_controller_msgs/share/servo_controller_msgs/cmake/export_servo_controller_msgs__rosidl_generator_cExport.cmake
-- Installing: /home/liyq/hi_ws/install/servo_controller_msgs/share/servo_controller_msgs/cmake/export_servo_controller_msgs__rosidl_generator_cExport-noconfig.cmake
-- Installing: /home/liyq/hi_ws/install/servo_controller_msgs/share/servo_controller_msgs/cmake/export_servo_controller_msgs__rosidl_typesupport_fastrtps_cExport.cmake
-- Installing: /home/liyq/hi_ws/install/servo_controller_msgs/share/servo_controller_msgs/cmake/export_servo_controller_msgs__rosidl_typesupport_fastrtps_cExport-noconfig.cmake
-- Installing: /home/liyq/hi_ws/install/servo_controller_msgs/share/servo_controller_msgs/cmake/export_servo_controller_msgs__rosidl_generator_cppExport.cmake
-- Installing: /home/liyq/hi_ws/install/servo_controller_msgs/share/servo_controller_msgs/cmake/export_servo_controller_msgs__rosidl_typesupport_fastrtps_cppExport.cmake
-- Installing: /home/liyq/hi_ws/install/servo_controller_msgs/share/servo_controller_msgs/cmake/export_servo_controller_msgs__rosidl_typesupport_fastrtps_cppExport-noconfig.cmake
-- Installing: /home/liyq/hi_ws/install/servo_controller_msgs/share/servo_controller_msgs/cmake/servo_controller_msgs__rosidl_typesupport_introspection_cExport.cmake
-- Installing: /home/liyq/hi_ws/install/servo_controller_msgs/share/servo_controller_msgs/cmake/servo_controller_msgs__rosidl_typesupport_introspection_cExport-noconfig.cmake
-- Installing: /home/liyq/hi_ws/install/servo_controller_msgs/share/servo_controller_msgs/cmake/servo_controller_msgs__rosidl_typesupport_cExport.cmake
-- Installing: /home/liyq/hi_ws/install/servo_controller_msgs/share/servo_controller_msgs/cmake/servo_controller_msgs__rosidl_typesupport_cExport-noconfig.cmake
-- Installing: /home/liyq/hi_ws/install/servo_controller_msgs/share/servo_controller_msgs/cmake/servo_controller_msgs__rosidl_typesupport_introspection_cppExport.cmake
-- Installing: /home/liyq/hi_ws/install/servo_controller_msgs/share/servo_controller_msgs/cmake/servo_controller_msgs__rosidl_typesupport_introspection_cppExport-noconfig.cmake
-- Installing: /home/liyq/hi_ws/install/servo_controller_msgs/share/servo_controller_msgs/cmake/servo_controller_msgs__rosidl_typesupport_cppExport.cmake
-- Installing: /home/liyq/hi_ws/install/servo_controller_msgs/share/servo_controller_msgs/cmake/servo_controller_msgs__rosidl_typesupport_cppExport-noconfig.cmake
-- Installing: /home/liyq/hi_ws/install/servo_controller_msgs/share/servo_controller_msgs/cmake/export_servo_controller_msgs__rosidl_generator_pyExport.cmake
-- Installing: /home/liyq/hi_ws/install/servo_controller_msgs/share/servo_controller_msgs/cmake/export_servo_controller_msgs__rosidl_generator_pyExport-noconfig.cmake
-- Installing: /home/liyq/hi_ws/install/servo_controller_msgs/share/servo_controller_msgs/cmake/rosidl_cmake-extras.cmake
-- Installing: /home/liyq/hi_ws/install/servo_controller_msgs/share/servo_controller_msgs/cmake/ament_cmake_export_dependencies-extras.cmake
-- Installing: /home/liyq/hi_ws/install/servo_controller_msgs/share/servo_controller_msgs/cmake/ament_cmake_export_include_directories-extras.cmake
-- Installing: /home/liyq/hi_ws/install/servo_controller_msgs/share/servo_controller_msgs/cmake/ament_cmake_export_libraries-extras.cmake
-- Installing: /home/liyq/hi_ws/install/servo_controller_msgs/share/servo_controller_msgs/cmake/ament_cmake_export_targets-extras.cmake
-- Installing: /home/liyq/hi_ws/install/servo_controller_msgs/share/servo_controller_msgs/cmake/rosidl_cmake_export_typesupport_targets-extras.cmake
-- Installing: /home/liyq/hi_ws/install/servo_controller_msgs/share/servo_controller_msgs/cmake/rosidl_cmake_export_typesupport_libraries-extras.cmake
-- Installing: /home/liyq/hi_ws/install/servo_controller_msgs/share/servo_controller_msgs/cmake/servo_controller_msgsConfig.cmake
-- Installing: /home/liyq/hi_ws/install/servo_controller_msgs/share/servo_controller_msgs/cmake/servo_controller_msgsConfig-version.cmake
-- Installing: /home/liyq/hi_ws/install/servo_controller_msgs/share/servo_controller_msgs/package.xml
