[0.044s] Invoking command in '/home/liyq/hi_ws/build/servo_controller_msgs': CMAKE_PREFIX_PATH=/opt/ros/humble /usr/bin/cmake /home/liyq/hi_ws/ROS2/src/driver/servo_controller_msgs -DCMAKE_INSTALL_PREFIX=/home/liyq/hi_ws/install/servo_controller_msgs
[3.910s] -- The C compiler identification is GNU 11.4.0
[3.910s] -- The CXX compiler identification is GNU 11.4.0
[3.910s] -- Detecting C compiler ABI info
[3.910s] -- Detecting C compiler ABI info - done
[3.910s] -- Check for working C compiler: /usr/bin/cc - skipped
[3.910s] -- Detecting C compile features
[3.910s] -- Detecting C compile features - done
[3.910s] -- Detecting CXX compiler ABI info
[3.910s] -- Detecting CXX compiler ABI info - done
[3.911s] -- Check for working CXX compiler: /usr/bin/c++ - skipped
[3.911s] -- Detecting CXX compile features
[3.911s] -- Detecting CXX compile features - done
[3.911s] -- Found ament_cmake: 1.3.12 (/opt/ros/humble/share/ament_cmake/cmake)
[3.911s] -- Found Python3: /usr/bin/python3 (found version "3.10.12") found components: Interpreter 
[3.911s] -- Found std_msgs: 4.9.0 (/opt/ros/humble/share/std_msgs/cmake)
[3.911s] -- Found rosidl_generator_c: 3.1.7 (/opt/ros/humble/share/rosidl_generator_c/cmake)
[3.911s] -- Found rosidl_adapter: 3.1.7 (/opt/ros/humble/share/rosidl_adapter/cmake)
[3.911s] -- Found rosidl_generator_cpp: 3.1.7 (/opt/ros/humble/share/rosidl_generator_cpp/cmake)
[3.911s] -- Using all available rosidl_typesupport_c: rosidl_typesupport_fastrtps_c;rosidl_typesupport_introspection_c
[3.911s] -- Using all available rosidl_typesupport_cpp: rosidl_typesupport_fastrtps_cpp;rosidl_typesupport_introspection_cpp
[3.911s] -- Found rosidl_default_generators: 1.2.0 (/opt/ros/humble/share/rosidl_default_generators/cmake)
[3.911s] -- Found geometry_msgs: 4.9.0 (/opt/ros/humble/share/geometry_msgs/cmake)
[4.872s] -- Found ament_cmake_ros: 0.10.0 (/opt/ros/humble/share/ament_cmake_ros/cmake)
[7.650s] -- Using all available rosidl_typesupport_c: rosidl_typesupport_fastrtps_c;rosidl_typesupport_introspection_c
[8.725s] -- Using all available rosidl_typesupport_cpp: rosidl_typesupport_fastrtps_cpp;rosidl_typesupport_introspection_cpp
[8.852s] -- Found PythonInterp: /usr/bin/python3 (found suitable version "3.10.12", minimum required is "3.6") 
[8.864s] -- Found python_cmake_module: 0.10.0 (/opt/ros/humble/share/python_cmake_module/cmake)
[9.004s] -- Found PythonLibs: /usr/lib/x86_64-linux-gnu/libpython3.10.so (found suitable version "3.10.12", minimum required is "3.5") 
[9.014s] -- Using PYTHON_EXECUTABLE: /usr/bin/python3
[9.014s] -- Using PYTHON_INCLUDE_DIRS: /usr/include/python3.10
[9.014s] -- Using PYTHON_LIBRARIES: /usr/lib/x86_64-linux-gnu/libpython3.10.so
[9.082s] -- Found PythonExtra: .so  
[9.352s] -- Found ament_lint_auto: 0.12.14 (/opt/ros/humble/share/ament_lint_auto/cmake)
[9.443s] -- Added test 'copyright' to check source files copyright and LICENSE
[9.449s] -- Added test 'lint_cmake' to check CMake code style
[9.451s] -- Added test 'xmllint' to check XML markup files
[9.465s] -- Configuring done
[9.675s] -- Generating done
[9.718s] -- Build files have been written to: /home/liyq/hi_ws/build/servo_controller_msgs
[9.767s] Invoked command in '/home/liyq/hi_ws/build/servo_controller_msgs' returned '0': CMAKE_PREFIX_PATH=/opt/ros/humble /usr/bin/cmake /home/liyq/hi_ws/ROS2/src/driver/servo_controller_msgs -DCMAKE_INSTALL_PREFIX=/home/liyq/hi_ws/install/servo_controller_msgs
[9.767s] Invoking command in '/home/liyq/hi_ws/build/servo_controller_msgs': CMAKE_PREFIX_PATH=/opt/ros/humble /usr/bin/cmake --build /home/liyq/hi_ws/build/servo_controller_msgs -- -j8 -l8
[9.933s] [  1%] [34m[1mGenerating C++ code for ROS interfaces[0m
[12.088s] [  1%] Built target servo_controller_msgs__cpp
[12.188s] [  1%] Built target ament_cmake_python_copy_servo_controller_msgs
[12.221s] [  2%] [34m[1mGenerating C++ introspection for ROS interfaces[0m
[13.502s] [  4%] [32mBuilding CXX object CMakeFiles/servo_controller_msgs__rosidl_typesupport_introspection_cpp.dir/rosidl_typesupport_introspection_cpp/servo_controller_msgs/msg/detail/servo_position__type_support.cpp.o[0m
[14.430s] [  5%] [32mBuilding CXX object CMakeFiles/servo_controller_msgs__rosidl_typesupport_introspection_cpp.dir/rosidl_typesupport_introspection_cpp/servo_controller_msgs/msg/detail/servo_state_list__type_support.cpp.o[0m
[15.591s] [  7%] [32mBuilding CXX object CMakeFiles/servo_controller_msgs__rosidl_typesupport_introspection_cpp.dir/rosidl_typesupport_introspection_cpp/servo_controller_msgs/msg/detail/grasp__type_support.cpp.o[0m
[16.747s] [  8%] [32mBuilding CXX object CMakeFiles/servo_controller_msgs__rosidl_typesupport_introspection_cpp.dir/rosidl_typesupport_introspection_cpp/servo_controller_msgs/msg/detail/float64_list__type_support.cpp.o[0m
[17.906s] [  9%] [32mBuilding CXX object CMakeFiles/servo_controller_msgs__rosidl_typesupport_introspection_cpp.dir/rosidl_typesupport_introspection_cpp/servo_controller_msgs/msg/detail/servo_state__type_support.cpp.o[0m
[18.641s] [ 11%] [32mBuilding CXX object CMakeFiles/servo_controller_msgs__rosidl_typesupport_introspection_cpp.dir/rosidl_typesupport_introspection_cpp/servo_controller_msgs/msg/detail/servos_position__type_support.cpp.o[0m
[19.248s] [ 12%] [32m[1mLinking CXX shared library libservo_controller_msgs__rosidl_typesupport_introspection_cpp.so[0m
[19.533s] [ 12%] Built target servo_controller_msgs__rosidl_typesupport_introspection_cpp
[20.033s] running egg_info
[20.034s] creating servo_controller_msgs.egg-info
[20.038s] writing servo_controller_msgs.egg-info/PKG-INFO
[20.038s] writing dependency_links to servo_controller_msgs.egg-info/dependency_links.txt
[20.038s] writing top-level names to servo_controller_msgs.egg-info/top_level.txt
[20.038s] writing manifest file 'servo_controller_msgs.egg-info/SOURCES.txt'
[20.038s] reading manifest file 'servo_controller_msgs.egg-info/SOURCES.txt'
[20.040s] writing manifest file 'servo_controller_msgs.egg-info/SOURCES.txt'
[20.105s] [ 12%] Built target ament_cmake_python_build_servo_controller_msgs_egg
[20.133s] [ 14%] [34m[1mGenerating C++ type support for eProsima Fast-RTPS[0m
[21.162s] [ 15%] [32mBuilding CXX object CMakeFiles/servo_controller_msgs__rosidl_typesupport_fastrtps_cpp.dir/rosidl_typesupport_fastrtps_cpp/servo_controller_msgs/msg/detail/dds_fastrtps/servo_position__type_support.cpp.o[0m
[21.723s] [ 16%] [32mBuilding CXX object CMakeFiles/servo_controller_msgs__rosidl_typesupport_fastrtps_cpp.dir/rosidl_typesupport_fastrtps_cpp/servo_controller_msgs/msg/detail/dds_fastrtps/float64_list__type_support.cpp.o[0m
[22.274s] [ 18%] [32mBuilding CXX object CMakeFiles/servo_controller_msgs__rosidl_typesupport_fastrtps_cpp.dir/rosidl_typesupport_fastrtps_cpp/servo_controller_msgs/msg/detail/dds_fastrtps/grasp__type_support.cpp.o[0m
[22.846s] [ 19%] [32mBuilding CXX object CMakeFiles/servo_controller_msgs__rosidl_typesupport_fastrtps_cpp.dir/rosidl_typesupport_fastrtps_cpp/servo_controller_msgs/msg/detail/dds_fastrtps/servo_state_list__type_support.cpp.o[0m
[23.377s] [ 21%] [32mBuilding CXX object CMakeFiles/servo_controller_msgs__rosidl_typesupport_fastrtps_cpp.dir/rosidl_typesupport_fastrtps_cpp/servo_controller_msgs/msg/detail/dds_fastrtps/servo_state__type_support.cpp.o[0m
[23.839s] [ 22%] [32mBuilding CXX object CMakeFiles/servo_controller_msgs__rosidl_typesupport_fastrtps_cpp.dir/rosidl_typesupport_fastrtps_cpp/servo_controller_msgs/msg/detail/dds_fastrtps/servos_position__type_support.cpp.o[0m
[24.333s] [ 23%] [32m[1mLinking CXX shared library libservo_controller_msgs__rosidl_typesupport_fastrtps_cpp.so[0m
[24.471s] [ 23%] Built target servo_controller_msgs__rosidl_typesupport_fastrtps_cpp
[24.491s] [ 25%] [34m[1mGenerating C++ type support dispatch for ROS interfaces[0m
[25.030s] [ 26%] [32mBuilding CXX object CMakeFiles/servo_controller_msgs__rosidl_typesupport_cpp.dir/rosidl_typesupport_cpp/servo_controller_msgs/msg/servo_position__type_support.cpp.o[0m
[25.367s] [ 28%] [32mBuilding CXX object CMakeFiles/servo_controller_msgs__rosidl_typesupport_cpp.dir/rosidl_typesupport_cpp/servo_controller_msgs/msg/float64_list__type_support.cpp.o[0m
[25.672s] [ 29%] [32mBuilding CXX object CMakeFiles/servo_controller_msgs__rosidl_typesupport_cpp.dir/rosidl_typesupport_cpp/servo_controller_msgs/msg/grasp__type_support.cpp.o[0m
[25.983s] [ 30%] [32mBuilding CXX object CMakeFiles/servo_controller_msgs__rosidl_typesupport_cpp.dir/rosidl_typesupport_cpp/servo_controller_msgs/msg/servo_state_list__type_support.cpp.o[0m
[26.288s] [ 32%] [32mBuilding CXX object CMakeFiles/servo_controller_msgs__rosidl_typesupport_cpp.dir/rosidl_typesupport_cpp/servo_controller_msgs/msg/servo_state__type_support.cpp.o[0m
[26.572s] [ 33%] [32mBuilding CXX object CMakeFiles/servo_controller_msgs__rosidl_typesupport_cpp.dir/rosidl_typesupport_cpp/servo_controller_msgs/msg/servos_position__type_support.cpp.o[0m
[26.877s] [ 35%] [32m[1mLinking CXX shared library libservo_controller_msgs__rosidl_typesupport_cpp.so[0m
[26.929s] [ 35%] Built target servo_controller_msgs__rosidl_typesupport_cpp
[26.944s] [ 36%] [34m[1mGenerating C code for ROS interfaces[0m
[27.930s] [ 38%] [32mBuilding C object CMakeFiles/servo_controller_msgs__rosidl_generator_c.dir/rosidl_generator_c/servo_controller_msgs/msg/detail/servo_position__functions.c.o[0m
[27.990s] [ 39%] [32mBuilding C object CMakeFiles/servo_controller_msgs__rosidl_generator_c.dir/rosidl_generator_c/servo_controller_msgs/msg/detail/float64_list__functions.c.o[0m
[28.049s] [ 40%] [32mBuilding C object CMakeFiles/servo_controller_msgs__rosidl_generator_c.dir/rosidl_generator_c/servo_controller_msgs/msg/detail/grasp__functions.c.o[0m
[28.109s] [ 42%] [32mBuilding C object CMakeFiles/servo_controller_msgs__rosidl_generator_c.dir/rosidl_generator_c/servo_controller_msgs/msg/detail/servo_state_list__functions.c.o[0m
[28.185s] [ 43%] [32mBuilding C object CMakeFiles/servo_controller_msgs__rosidl_generator_c.dir/rosidl_generator_c/servo_controller_msgs/msg/detail/servo_state__functions.c.o[0m
[28.246s] [ 45%] [32mBuilding C object CMakeFiles/servo_controller_msgs__rosidl_generator_c.dir/rosidl_generator_c/servo_controller_msgs/msg/detail/servos_position__functions.c.o[0m
[28.317s] [ 46%] [32m[1mLinking C shared library libservo_controller_msgs__rosidl_generator_c.so[0m
[28.372s] [ 46%] Built target servo_controller_msgs__rosidl_generator_c
[28.389s] [ 47%] [34m[1mGenerating C type support for eProsima Fast-RTPS[0m
[29.103s] [ 49%] [32mBuilding CXX object CMakeFiles/servo_controller_msgs__rosidl_typesupport_fastrtps_c.dir/rosidl_typesupport_fastrtps_c/servo_controller_msgs/msg/detail/servo_position__type_support_c.cpp.o[0m
[29.534s] [ 50%] [32mBuilding CXX object CMakeFiles/servo_controller_msgs__rosidl_typesupport_fastrtps_c.dir/rosidl_typesupport_fastrtps_c/servo_controller_msgs/msg/detail/float64_list__type_support_c.cpp.o[0m
[29.906s] [ 52%] [32mBuilding CXX object CMakeFiles/servo_controller_msgs__rosidl_typesupport_fastrtps_c.dir/rosidl_typesupport_fastrtps_c/servo_controller_msgs/msg/detail/grasp__type_support_c.cpp.o[0m
[30.289s] [ 53%] [32mBuilding CXX object CMakeFiles/servo_controller_msgs__rosidl_typesupport_fastrtps_c.dir/rosidl_typesupport_fastrtps_c/servo_controller_msgs/msg/detail/servo_state_list__type_support_c.cpp.o[0m
[30.662s] [ 54%] [32mBuilding CXX object CMakeFiles/servo_controller_msgs__rosidl_typesupport_fastrtps_c.dir/rosidl_typesupport_fastrtps_c/servo_controller_msgs/msg/detail/servo_state__type_support_c.cpp.o[0m
[31.026s] [ 56%] [32mBuilding CXX object CMakeFiles/servo_controller_msgs__rosidl_typesupport_fastrtps_c.dir/rosidl_typesupport_fastrtps_c/servo_controller_msgs/msg/detail/servos_position__type_support_c.cpp.o[0m
[31.397s] [ 57%] [32m[1mLinking CXX shared library libservo_controller_msgs__rosidl_typesupport_fastrtps_c.so[0m
[31.503s] [ 57%] Built target servo_controller_msgs__rosidl_typesupport_fastrtps_c
[31.517s] [ 59%] [34m[1mGenerating C type support dispatch for ROS interfaces[0m
[31.990s] [ 60%] [32mBuilding CXX object CMakeFiles/servo_controller_msgs__rosidl_typesupport_c.dir/rosidl_typesupport_c/servo_controller_msgs/msg/servo_position__type_support.cpp.o[0m
[32.029s] [ 61%] [32mBuilding CXX object CMakeFiles/servo_controller_msgs__rosidl_typesupport_c.dir/rosidl_typesupport_c/servo_controller_msgs/msg/float64_list__type_support.cpp.o[0m
[32.067s] [ 63%] [32mBuilding CXX object CMakeFiles/servo_controller_msgs__rosidl_typesupport_c.dir/rosidl_typesupport_c/servo_controller_msgs/msg/grasp__type_support.cpp.o[0m
[32.101s] [ 64%] [32mBuilding CXX object CMakeFiles/servo_controller_msgs__rosidl_typesupport_c.dir/rosidl_typesupport_c/servo_controller_msgs/msg/servo_state_list__type_support.cpp.o[0m
[32.136s] [ 66%] [32mBuilding CXX object CMakeFiles/servo_controller_msgs__rosidl_typesupport_c.dir/rosidl_typesupport_c/servo_controller_msgs/msg/servo_state__type_support.cpp.o[0m
[32.169s] [ 67%] [32mBuilding CXX object CMakeFiles/servo_controller_msgs__rosidl_typesupport_c.dir/rosidl_typesupport_c/servo_controller_msgs/msg/servos_position__type_support.cpp.o[0m
[32.204s] [ 69%] [32m[1mLinking CXX shared library libservo_controller_msgs__rosidl_typesupport_c.so[0m
[32.253s] [ 69%] Built target servo_controller_msgs__rosidl_typesupport_c
[32.266s] [ 70%] [34m[1mGenerating C introspection for ROS interfaces[0m
[32.889s] [ 71%] [32mBuilding C object CMakeFiles/servo_controller_msgs__rosidl_typesupport_introspection_c.dir/rosidl_typesupport_introspection_c/servo_controller_msgs/msg/detail/servo_position__type_support.c.o[0m
[32.927s] [ 73%] [32mBuilding C object CMakeFiles/servo_controller_msgs__rosidl_typesupport_introspection_c.dir/rosidl_typesupport_introspection_c/servo_controller_msgs/msg/detail/float64_list__type_support.c.o[0m
[32.970s] [ 74%] [32mBuilding C object CMakeFiles/servo_controller_msgs__rosidl_typesupport_introspection_c.dir/rosidl_typesupport_introspection_c/servo_controller_msgs/msg/detail/grasp__type_support.c.o[0m
[33.015s] [ 76%] [32mBuilding C object CMakeFiles/servo_controller_msgs__rosidl_typesupport_introspection_c.dir/rosidl_typesupport_introspection_c/servo_controller_msgs/msg/detail/servo_state_list__type_support.c.o[0m
[33.062s] [ 77%] [32mBuilding C object CMakeFiles/servo_controller_msgs__rosidl_typesupport_introspection_c.dir/rosidl_typesupport_introspection_c/servo_controller_msgs/msg/detail/servo_state__type_support.c.o[0m
[33.106s] [ 78%] [32mBuilding C object CMakeFiles/servo_controller_msgs__rosidl_typesupport_introspection_c.dir/rosidl_typesupport_introspection_c/servo_controller_msgs/msg/detail/servos_position__type_support.c.o[0m
[33.151s] [ 80%] [32m[1mLinking C shared library libservo_controller_msgs__rosidl_typesupport_introspection_c.so[0m
[33.190s] [ 80%] Built target servo_controller_msgs__rosidl_typesupport_introspection_c
[33.215s] [ 80%] Built target servo_controller_msgs
[33.240s] [ 81%] [34m[1mGenerating Python code for ROS interfaces[0m
[34.262s] [ 81%] Built target servo_controller_msgs__py
[34.287s] [ 83%] [32mBuilding C object CMakeFiles/servo_controller_msgs__rosidl_generator_py.dir/rosidl_generator_py/servo_controller_msgs/msg/_servo_position_s.c.o[0m
[34.395s] [ 84%] [32mBuilding C object CMakeFiles/servo_controller_msgs__rosidl_generator_py.dir/rosidl_generator_py/servo_controller_msgs/msg/_float64_list_s.c.o[0m
[34.534s] [ 85%] [32mBuilding C object CMakeFiles/servo_controller_msgs__rosidl_generator_py.dir/rosidl_generator_py/servo_controller_msgs/msg/_grasp_s.c.o[0m
[34.677s] [ 87%] [32mBuilding C object CMakeFiles/servo_controller_msgs__rosidl_generator_py.dir/rosidl_generator_py/servo_controller_msgs/msg/_servo_state_list_s.c.o[0m
[34.787s] [ 88%] [32mBuilding C object CMakeFiles/servo_controller_msgs__rosidl_generator_py.dir/rosidl_generator_py/servo_controller_msgs/msg/_servo_state_s.c.o[0m
[34.890s] [ 90%] [32mBuilding C object CMakeFiles/servo_controller_msgs__rosidl_generator_py.dir/rosidl_generator_py/servo_controller_msgs/msg/_servos_position_s.c.o[0m
[34.999s] [ 91%] [32m[1mLinking C shared library rosidl_generator_py/servo_controller_msgs/libservo_controller_msgs__rosidl_generator_py.so[0m
[35.048s] [ 91%] Built target servo_controller_msgs__rosidl_generator_py
[35.072s] [ 92%] [32mBuilding C object CMakeFiles/servo_controller_msgs__rosidl_typesupport_fastrtps_c__pyext.dir/rosidl_generator_py/servo_controller_msgs/_servo_controller_msgs_s.ep.rosidl_typesupport_fastrtps_c.c.o[0m
[35.212s] [ 94%] [32m[1mLinking C shared library rosidl_generator_py/servo_controller_msgs/servo_controller_msgs_s__rosidl_typesupport_fastrtps_c.cpython-310-x86_64-linux-gnu.so[0m
[35.263s] [ 94%] Built target servo_controller_msgs__rosidl_typesupport_fastrtps_c__pyext
[35.287s] [ 95%] [32mBuilding C object CMakeFiles/servo_controller_msgs__rosidl_typesupport_c__pyext.dir/rosidl_generator_py/servo_controller_msgs/_servo_controller_msgs_s.ep.rosidl_typesupport_c.c.o[0m
[35.419s] [ 97%] [32m[1mLinking C shared library rosidl_generator_py/servo_controller_msgs/servo_controller_msgs_s__rosidl_typesupport_c.cpython-310-x86_64-linux-gnu.so[0m
[35.482s] [ 97%] Built target servo_controller_msgs__rosidl_typesupport_c__pyext
[35.508s] [ 98%] [32mBuilding C object CMakeFiles/servo_controller_msgs__rosidl_typesupport_introspection_c__pyext.dir/rosidl_generator_py/servo_controller_msgs/_servo_controller_msgs_s.ep.rosidl_typesupport_introspection_c.c.o[0m
[35.637s] [100%] [32m[1mLinking C shared library rosidl_generator_py/servo_controller_msgs/servo_controller_msgs_s__rosidl_typesupport_introspection_c.cpython-310-x86_64-linux-gnu.so[0m
[35.683s] [100%] Built target servo_controller_msgs__rosidl_typesupport_introspection_c__pyext
[35.699s] Invoked command in '/home/liyq/hi_ws/build/servo_controller_msgs' returned '0': CMAKE_PREFIX_PATH=/opt/ros/humble /usr/bin/cmake --build /home/liyq/hi_ws/build/servo_controller_msgs -- -j8 -l8
[35.701s] Invoking command in '/home/liyq/hi_ws/build/servo_controller_msgs': CMAKE_PREFIX_PATH=/opt/ros/humble /usr/bin/cmake --install /home/liyq/hi_ws/build/servo_controller_msgs
[35.710s] -- Install configuration: ""
[35.711s] -- Installing: /home/liyq/hi_ws/install/servo_controller_msgs/share/ament_index/resource_index/rosidl_interfaces/servo_controller_msgs
[35.711s] -- Installing: /home/liyq/hi_ws/install/servo_controller_msgs/include/servo_controller_msgs/servo_controller_msgs
[35.711s] -- Installing: /home/liyq/hi_ws/install/servo_controller_msgs/include/servo_controller_msgs/servo_controller_msgs/msg
[35.711s] -- Installing: /home/liyq/hi_ws/install/servo_controller_msgs/include/servo_controller_msgs/servo_controller_msgs/msg/float64_list.h
[35.712s] -- Installing: /home/liyq/hi_ws/install/servo_controller_msgs/include/servo_controller_msgs/servo_controller_msgs/msg/servo_state_list.h
[35.712s] -- Installing: /home/liyq/hi_ws/install/servo_controller_msgs/include/servo_controller_msgs/servo_controller_msgs/msg/servo_state.h
[35.712s] -- Installing: /home/liyq/hi_ws/install/servo_controller_msgs/include/servo_controller_msgs/servo_controller_msgs/msg/servos_position.h
[35.712s] -- Installing: /home/liyq/hi_ws/install/servo_controller_msgs/include/servo_controller_msgs/servo_controller_msgs/msg/servo_position.h
[35.712s] -- Installing: /home/liyq/hi_ws/install/servo_controller_msgs/include/servo_controller_msgs/servo_controller_msgs/msg/grasp.h
[35.713s] -- Installing: /home/liyq/hi_ws/install/servo_controller_msgs/include/servo_controller_msgs/servo_controller_msgs/msg/detail
[35.713s] -- Installing: /home/liyq/hi_ws/install/servo_controller_msgs/include/servo_controller_msgs/servo_controller_msgs/msg/detail/servos_position__struct.h
[35.713s] -- Installing: /home/liyq/hi_ws/install/servo_controller_msgs/include/servo_controller_msgs/servo_controller_msgs/msg/detail/servo_state__functions.h
[35.713s] -- Installing: /home/liyq/hi_ws/install/servo_controller_msgs/include/servo_controller_msgs/servo_controller_msgs/msg/detail/servo_state_list__struct.h
[35.713s] -- Installing: /home/liyq/hi_ws/install/servo_controller_msgs/include/servo_controller_msgs/servo_controller_msgs/msg/detail/servos_position__type_support.h
[35.713s] -- Installing: /home/liyq/hi_ws/install/servo_controller_msgs/include/servo_controller_msgs/servo_controller_msgs/msg/detail/servo_state__struct.h
[35.713s] -- Installing: /home/liyq/hi_ws/install/servo_controller_msgs/include/servo_controller_msgs/servo_controller_msgs/msg/detail/grasp__functions.c
[35.714s] -- Installing: /home/liyq/hi_ws/install/servo_controller_msgs/include/servo_controller_msgs/servo_controller_msgs/msg/detail/servo_position__type_support.h
[35.714s] -- Installing: /home/liyq/hi_ws/install/servo_controller_msgs/include/servo_controller_msgs/servo_controller_msgs/msg/detail/servo_position__struct.h
[35.714s] -- Installing: /home/liyq/hi_ws/install/servo_controller_msgs/include/servo_controller_msgs/servo_controller_msgs/msg/detail/servo_position__functions.h
[35.714s] -- Installing: /home/liyq/hi_ws/install/servo_controller_msgs/include/servo_controller_msgs/servo_controller_msgs/msg/detail/servos_position__functions.h
[35.714s] -- Installing: /home/liyq/hi_ws/install/servo_controller_msgs/include/servo_controller_msgs/servo_controller_msgs/msg/detail/float64_list__functions.c
[35.714s] -- Installing: /home/liyq/hi_ws/install/servo_controller_msgs/include/servo_controller_msgs/servo_controller_msgs/msg/detail/servo_position__functions.c
[35.714s] -- Installing: /home/liyq/hi_ws/install/servo_controller_msgs/include/servo_controller_msgs/servo_controller_msgs/msg/detail/servo_state__type_support.h
[35.715s] -- Installing: /home/liyq/hi_ws/install/servo_controller_msgs/include/servo_controller_msgs/servo_controller_msgs/msg/detail/servo_state__functions.c
[35.715s] -- Installing: /home/liyq/hi_ws/install/servo_controller_msgs/include/servo_controller_msgs/servo_controller_msgs/msg/detail/servo_state_list__functions.c
[35.715s] -- Installing: /home/liyq/hi_ws/install/servo_controller_msgs/include/servo_controller_msgs/servo_controller_msgs/msg/detail/float64_list__type_support.h
[35.715s] -- Installing: /home/liyq/hi_ws/install/servo_controller_msgs/include/servo_controller_msgs/servo_controller_msgs/msg/detail/float64_list__struct.h
[35.715s] -- Installing: /home/liyq/hi_ws/install/servo_controller_msgs/include/servo_controller_msgs/servo_controller_msgs/msg/detail/servo_state_list__functions.h
[35.716s] -- Installing: /home/liyq/hi_ws/install/servo_controller_msgs/include/servo_controller_msgs/servo_controller_msgs/msg/detail/servo_state_list__type_support.h
[35.716s] -- Installing: /home/liyq/hi_ws/install/servo_controller_msgs/include/servo_controller_msgs/servo_controller_msgs/msg/detail/grasp__functions.h
[35.716s] -- Installing: /home/liyq/hi_ws/install/servo_controller_msgs/include/servo_controller_msgs/servo_controller_msgs/msg/detail/grasp__type_support.h
[35.716s] -- Installing: /home/liyq/hi_ws/install/servo_controller_msgs/include/servo_controller_msgs/servo_controller_msgs/msg/detail/float64_list__functions.h
[35.716s] -- Installing: /home/liyq/hi_ws/install/servo_controller_msgs/include/servo_controller_msgs/servo_controller_msgs/msg/detail/grasp__struct.h
[35.716s] -- Installing: /home/liyq/hi_ws/install/servo_controller_msgs/include/servo_controller_msgs/servo_controller_msgs/msg/detail/servos_position__functions.c
[35.716s] -- Installing: /home/liyq/hi_ws/install/servo_controller_msgs/include/servo_controller_msgs/servo_controller_msgs/msg/rosidl_generator_c__visibility_control.h
[35.717s] -- Installing: /home/liyq/hi_ws/install/servo_controller_msgs/share/servo_controller_msgs/environment/library_path.sh
[35.717s] -- Installing: /home/liyq/hi_ws/install/servo_controller_msgs/share/servo_controller_msgs/environment/library_path.dsv
[35.719s] -- Installing: /home/liyq/hi_ws/install/servo_controller_msgs/lib/libservo_controller_msgs__rosidl_generator_c.so
[35.719s] -- Set runtime path of "/home/liyq/hi_ws/install/servo_controller_msgs/lib/libservo_controller_msgs__rosidl_generator_c.so" to ""
[35.719s] -- Up-to-date: /home/liyq/hi_ws/install/servo_controller_msgs/include/servo_controller_msgs/servo_controller_msgs
[35.719s] -- Up-to-date: /home/liyq/hi_ws/install/servo_controller_msgs/include/servo_controller_msgs/servo_controller_msgs/msg
[35.719s] -- Installing: /home/liyq/hi_ws/install/servo_controller_msgs/include/servo_controller_msgs/servo_controller_msgs/msg/rosidl_typesupport_fastrtps_c__visibility_control.h
[35.719s] -- Up-to-date: /home/liyq/hi_ws/install/servo_controller_msgs/include/servo_controller_msgs/servo_controller_msgs/msg/detail
[35.719s] -- Installing: /home/liyq/hi_ws/install/servo_controller_msgs/include/servo_controller_msgs/servo_controller_msgs/msg/detail/grasp__rosidl_typesupport_fastrtps_c.h
[35.719s] -- Installing: /home/liyq/hi_ws/install/servo_controller_msgs/include/servo_controller_msgs/servo_controller_msgs/msg/detail/servos_position__rosidl_typesupport_fastrtps_c.h
[35.719s] -- Installing: /home/liyq/hi_ws/install/servo_controller_msgs/include/servo_controller_msgs/servo_controller_msgs/msg/detail/servo_state__rosidl_typesupport_fastrtps_c.h
[35.719s] -- Installing: /home/liyq/hi_ws/install/servo_controller_msgs/include/servo_controller_msgs/servo_controller_msgs/msg/detail/float64_list__rosidl_typesupport_fastrtps_c.h
[35.720s] -- Installing: /home/liyq/hi_ws/install/servo_controller_msgs/include/servo_controller_msgs/servo_controller_msgs/msg/detail/servo_position__rosidl_typesupport_fastrtps_c.h
[35.720s] -- Installing: /home/liyq/hi_ws/install/servo_controller_msgs/include/servo_controller_msgs/servo_controller_msgs/msg/detail/servo_state_list__rosidl_typesupport_fastrtps_c.h
[35.720s] -- Installing: /home/liyq/hi_ws/install/servo_controller_msgs/lib/libservo_controller_msgs__rosidl_typesupport_fastrtps_c.so
[35.720s] -- Set runtime path of "/home/liyq/hi_ws/install/servo_controller_msgs/lib/libservo_controller_msgs__rosidl_typesupport_fastrtps_c.so" to ""
[35.720s] -- Up-to-date: /home/liyq/hi_ws/install/servo_controller_msgs/include/servo_controller_msgs/servo_controller_msgs
[35.720s] -- Up-to-date: /home/liyq/hi_ws/install/servo_controller_msgs/include/servo_controller_msgs/servo_controller_msgs/msg
[35.720s] -- Installing: /home/liyq/hi_ws/install/servo_controller_msgs/include/servo_controller_msgs/servo_controller_msgs/msg/float64_list.hpp
[35.720s] -- Installing: /home/liyq/hi_ws/install/servo_controller_msgs/include/servo_controller_msgs/servo_controller_msgs/msg/servo_position.hpp
[35.720s] -- Installing: /home/liyq/hi_ws/install/servo_controller_msgs/include/servo_controller_msgs/servo_controller_msgs/msg/servos_position.hpp
[35.721s] -- Installing: /home/liyq/hi_ws/install/servo_controller_msgs/include/servo_controller_msgs/servo_controller_msgs/msg/grasp.hpp
[35.721s] -- Installing: /home/liyq/hi_ws/install/servo_controller_msgs/include/servo_controller_msgs/servo_controller_msgs/msg/servo_state_list.hpp
[35.721s] -- Up-to-date: /home/liyq/hi_ws/install/servo_controller_msgs/include/servo_controller_msgs/servo_controller_msgs/msg/detail
[35.721s] -- Installing: /home/liyq/hi_ws/install/servo_controller_msgs/include/servo_controller_msgs/servo_controller_msgs/msg/detail/servo_state_list__builder.hpp
[35.721s] -- Installing: /home/liyq/hi_ws/install/servo_controller_msgs/include/servo_controller_msgs/servo_controller_msgs/msg/detail/grasp__struct.hpp
[35.721s] -- Installing: /home/liyq/hi_ws/install/servo_controller_msgs/include/servo_controller_msgs/servo_controller_msgs/msg/detail/servo_position__struct.hpp
[35.721s] -- Installing: /home/liyq/hi_ws/install/servo_controller_msgs/include/servo_controller_msgs/servo_controller_msgs/msg/detail/servo_position__builder.hpp
[35.721s] -- Installing: /home/liyq/hi_ws/install/servo_controller_msgs/include/servo_controller_msgs/servo_controller_msgs/msg/detail/float64_list__type_support.hpp
[35.721s] -- Installing: /home/liyq/hi_ws/install/servo_controller_msgs/include/servo_controller_msgs/servo_controller_msgs/msg/detail/servo_state__builder.hpp
[35.721s] -- Installing: /home/liyq/hi_ws/install/servo_controller_msgs/include/servo_controller_msgs/servo_controller_msgs/msg/detail/servos_position__traits.hpp
[35.722s] -- Installing: /home/liyq/hi_ws/install/servo_controller_msgs/include/servo_controller_msgs/servo_controller_msgs/msg/detail/servo_position__traits.hpp
[35.722s] -- Installing: /home/liyq/hi_ws/install/servo_controller_msgs/include/servo_controller_msgs/servo_controller_msgs/msg/detail/servo_state_list__traits.hpp
[35.722s] -- Installing: /home/liyq/hi_ws/install/servo_controller_msgs/include/servo_controller_msgs/servo_controller_msgs/msg/detail/servo_state__traits.hpp
[35.722s] -- Installing: /home/liyq/hi_ws/install/servo_controller_msgs/include/servo_controller_msgs/servo_controller_msgs/msg/detail/float64_list__builder.hpp
[35.722s] -- Installing: /home/liyq/hi_ws/install/servo_controller_msgs/include/servo_controller_msgs/servo_controller_msgs/msg/detail/servo_state_list__type_support.hpp
[35.723s] -- Installing: /home/liyq/hi_ws/install/servo_controller_msgs/include/servo_controller_msgs/servo_controller_msgs/msg/detail/servos_position__struct.hpp
[35.723s] -- Installing: /home/liyq/hi_ws/install/servo_controller_msgs/include/servo_controller_msgs/servo_controller_msgs/msg/detail/servos_position__builder.hpp
[35.723s] -- Installing: /home/liyq/hi_ws/install/servo_controller_msgs/include/servo_controller_msgs/servo_controller_msgs/msg/detail/grasp__traits.hpp
[35.723s] -- Installing: /home/liyq/hi_ws/install/servo_controller_msgs/include/servo_controller_msgs/servo_controller_msgs/msg/detail/servos_position__type_support.hpp
[35.723s] -- Installing: /home/liyq/hi_ws/install/servo_controller_msgs/include/servo_controller_msgs/servo_controller_msgs/msg/detail/servo_state__type_support.hpp
[35.723s] -- Installing: /home/liyq/hi_ws/install/servo_controller_msgs/include/servo_controller_msgs/servo_controller_msgs/msg/detail/servo_state_list__struct.hpp
[35.724s] -- Installing: /home/liyq/hi_ws/install/servo_controller_msgs/include/servo_controller_msgs/servo_controller_msgs/msg/detail/grasp__builder.hpp
[35.724s] -- Installing: /home/liyq/hi_ws/install/servo_controller_msgs/include/servo_controller_msgs/servo_controller_msgs/msg/detail/float64_list__traits.hpp
[35.724s] -- Installing: /home/liyq/hi_ws/install/servo_controller_msgs/include/servo_controller_msgs/servo_controller_msgs/msg/detail/servo_position__type_support.hpp
[35.724s] -- Installing: /home/liyq/hi_ws/install/servo_controller_msgs/include/servo_controller_msgs/servo_controller_msgs/msg/detail/servo_state__struct.hpp
[35.724s] -- Installing: /home/liyq/hi_ws/install/servo_controller_msgs/include/servo_controller_msgs/servo_controller_msgs/msg/detail/grasp__type_support.hpp
[35.725s] -- Installing: /home/liyq/hi_ws/install/servo_controller_msgs/include/servo_controller_msgs/servo_controller_msgs/msg/detail/float64_list__struct.hpp
[35.725s] -- Installing: /home/liyq/hi_ws/install/servo_controller_msgs/include/servo_controller_msgs/servo_controller_msgs/msg/servo_state.hpp
[35.725s] -- Installing: /home/liyq/hi_ws/install/servo_controller_msgs/include/servo_controller_msgs/servo_controller_msgs/msg/rosidl_generator_cpp__visibility_control.hpp
[35.725s] -- Up-to-date: /home/liyq/hi_ws/install/servo_controller_msgs/include/servo_controller_msgs/servo_controller_msgs
[35.725s] -- Up-to-date: /home/liyq/hi_ws/install/servo_controller_msgs/include/servo_controller_msgs/servo_controller_msgs/msg
[35.725s] -- Up-to-date: /home/liyq/hi_ws/install/servo_controller_msgs/include/servo_controller_msgs/servo_controller_msgs/msg/detail
[35.725s] -- Installing: /home/liyq/hi_ws/install/servo_controller_msgs/include/servo_controller_msgs/servo_controller_msgs/msg/detail/grasp__rosidl_typesupport_fastrtps_cpp.hpp
[35.726s] -- Installing: /home/liyq/hi_ws/install/servo_controller_msgs/include/servo_controller_msgs/servo_controller_msgs/msg/detail/servo_position__rosidl_typesupport_fastrtps_cpp.hpp
[35.726s] -- Installing: /home/liyq/hi_ws/install/servo_controller_msgs/include/servo_controller_msgs/servo_controller_msgs/msg/detail/servo_state__rosidl_typesupport_fastrtps_cpp.hpp
[35.726s] -- Installing: /home/liyq/hi_ws/install/servo_controller_msgs/include/servo_controller_msgs/servo_controller_msgs/msg/detail/float64_list__rosidl_typesupport_fastrtps_cpp.hpp
[35.726s] -- Installing: /home/liyq/hi_ws/install/servo_controller_msgs/include/servo_controller_msgs/servo_controller_msgs/msg/detail/servo_state_list__rosidl_typesupport_fastrtps_cpp.hpp
[35.726s] -- Installing: /home/liyq/hi_ws/install/servo_controller_msgs/include/servo_controller_msgs/servo_controller_msgs/msg/detail/servos_position__rosidl_typesupport_fastrtps_cpp.hpp
[35.727s] -- Installing: /home/liyq/hi_ws/install/servo_controller_msgs/include/servo_controller_msgs/servo_controller_msgs/msg/detail/dds_fastrtps
[35.727s] -- Installing: /home/liyq/hi_ws/install/servo_controller_msgs/include/servo_controller_msgs/servo_controller_msgs/msg/rosidl_typesupport_fastrtps_cpp__visibility_control.h
[35.727s] -- Installing: /home/liyq/hi_ws/install/servo_controller_msgs/lib/libservo_controller_msgs__rosidl_typesupport_fastrtps_cpp.so
[35.728s] -- Set runtime path of "/home/liyq/hi_ws/install/servo_controller_msgs/lib/libservo_controller_msgs__rosidl_typesupport_fastrtps_cpp.so" to ""
[35.728s] -- Up-to-date: /home/liyq/hi_ws/install/servo_controller_msgs/include/servo_controller_msgs/servo_controller_msgs
[35.728s] -- Up-to-date: /home/liyq/hi_ws/install/servo_controller_msgs/include/servo_controller_msgs/servo_controller_msgs/msg
[35.728s] -- Installing: /home/liyq/hi_ws/install/servo_controller_msgs/include/servo_controller_msgs/servo_controller_msgs/msg/rosidl_typesupport_introspection_c__visibility_control.h
[35.728s] -- Up-to-date: /home/liyq/hi_ws/install/servo_controller_msgs/include/servo_controller_msgs/servo_controller_msgs/msg/detail
[35.728s] -- Installing: /home/liyq/hi_ws/install/servo_controller_msgs/include/servo_controller_msgs/servo_controller_msgs/msg/detail/servo_position__rosidl_typesupport_introspection_c.h
[35.728s] -- Installing: /home/liyq/hi_ws/install/servo_controller_msgs/include/servo_controller_msgs/servo_controller_msgs/msg/detail/float64_list__type_support.c
[35.729s] -- Installing: /home/liyq/hi_ws/install/servo_controller_msgs/include/servo_controller_msgs/servo_controller_msgs/msg/detail/grasp__type_support.c
[35.729s] -- Installing: /home/liyq/hi_ws/install/servo_controller_msgs/include/servo_controller_msgs/servo_controller_msgs/msg/detail/servo_state_list__rosidl_typesupport_introspection_c.h
[35.729s] -- Installing: /home/liyq/hi_ws/install/servo_controller_msgs/include/servo_controller_msgs/servo_controller_msgs/msg/detail/servo_state__rosidl_typesupport_introspection_c.h
[35.729s] -- Installing: /home/liyq/hi_ws/install/servo_controller_msgs/include/servo_controller_msgs/servo_controller_msgs/msg/detail/servo_state__type_support.c
[35.730s] -- Installing: /home/liyq/hi_ws/install/servo_controller_msgs/include/servo_controller_msgs/servo_controller_msgs/msg/detail/servo_position__type_support.c
[35.730s] -- Installing: /home/liyq/hi_ws/install/servo_controller_msgs/include/servo_controller_msgs/servo_controller_msgs/msg/detail/servo_state_list__type_support.c
[35.730s] -- Installing: /home/liyq/hi_ws/install/servo_controller_msgs/include/servo_controller_msgs/servo_controller_msgs/msg/detail/servos_position__rosidl_typesupport_introspection_c.h
[35.730s] -- Installing: /home/liyq/hi_ws/install/servo_controller_msgs/include/servo_controller_msgs/servo_controller_msgs/msg/detail/servos_position__type_support.c
[35.731s] -- Installing: /home/liyq/hi_ws/install/servo_controller_msgs/include/servo_controller_msgs/servo_controller_msgs/msg/detail/grasp__rosidl_typesupport_introspection_c.h
[35.731s] -- Installing: /home/liyq/hi_ws/install/servo_controller_msgs/include/servo_controller_msgs/servo_controller_msgs/msg/detail/float64_list__rosidl_typesupport_introspection_c.h
[35.731s] -- Installing: /home/liyq/hi_ws/install/servo_controller_msgs/lib/libservo_controller_msgs__rosidl_typesupport_introspection_c.so
[35.732s] -- Set runtime path of "/home/liyq/hi_ws/install/servo_controller_msgs/lib/libservo_controller_msgs__rosidl_typesupport_introspection_c.so" to ""
[35.732s] -- Installing: /home/liyq/hi_ws/install/servo_controller_msgs/lib/libservo_controller_msgs__rosidl_typesupport_c.so
[35.732s] -- Set runtime path of "/home/liyq/hi_ws/install/servo_controller_msgs/lib/libservo_controller_msgs__rosidl_typesupport_c.so" to ""
[35.732s] -- Up-to-date: /home/liyq/hi_ws/install/servo_controller_msgs/include/servo_controller_msgs/servo_controller_msgs
[35.732s] -- Up-to-date: /home/liyq/hi_ws/install/servo_controller_msgs/include/servo_controller_msgs/servo_controller_msgs/msg
[35.732s] -- Up-to-date: /home/liyq/hi_ws/install/servo_controller_msgs/include/servo_controller_msgs/servo_controller_msgs/msg/detail
[35.732s] -- Installing: /home/liyq/hi_ws/install/servo_controller_msgs/include/servo_controller_msgs/servo_controller_msgs/msg/detail/grasp__rosidl_typesupport_introspection_cpp.hpp
[35.733s] -- Installing: /home/liyq/hi_ws/install/servo_controller_msgs/include/servo_controller_msgs/servo_controller_msgs/msg/detail/servos_position__rosidl_typesupport_introspection_cpp.hpp
[35.733s] -- Installing: /home/liyq/hi_ws/install/servo_controller_msgs/include/servo_controller_msgs/servo_controller_msgs/msg/detail/servo_position__rosidl_typesupport_introspection_cpp.hpp
[35.733s] -- Installing: /home/liyq/hi_ws/install/servo_controller_msgs/include/servo_controller_msgs/servo_controller_msgs/msg/detail/grasp__type_support.cpp
[35.733s] -- Installing: /home/liyq/hi_ws/install/servo_controller_msgs/include/servo_controller_msgs/servo_controller_msgs/msg/detail/servo_state__type_support.cpp
[35.733s] -- Installing: /home/liyq/hi_ws/install/servo_controller_msgs/include/servo_controller_msgs/servo_controller_msgs/msg/detail/servo_state_list__type_support.cpp
[35.733s] -- Installing: /home/liyq/hi_ws/install/servo_controller_msgs/include/servo_controller_msgs/servo_controller_msgs/msg/detail/servo_state__rosidl_typesupport_introspection_cpp.hpp
[35.734s] -- Installing: /home/liyq/hi_ws/install/servo_controller_msgs/include/servo_controller_msgs/servo_controller_msgs/msg/detail/servos_position__type_support.cpp
[35.734s] -- Installing: /home/liyq/hi_ws/install/servo_controller_msgs/include/servo_controller_msgs/servo_controller_msgs/msg/detail/servo_state_list__rosidl_typesupport_introspection_cpp.hpp
[35.734s] -- Installing: /home/liyq/hi_ws/install/servo_controller_msgs/include/servo_controller_msgs/servo_controller_msgs/msg/detail/float64_list__type_support.cpp
[35.734s] -- Installing: /home/liyq/hi_ws/install/servo_controller_msgs/include/servo_controller_msgs/servo_controller_msgs/msg/detail/float64_list__rosidl_typesupport_introspection_cpp.hpp
[35.734s] -- Installing: /home/liyq/hi_ws/install/servo_controller_msgs/include/servo_controller_msgs/servo_controller_msgs/msg/detail/servo_position__type_support.cpp
[35.735s] -- Installing: /home/liyq/hi_ws/install/servo_controller_msgs/lib/libservo_controller_msgs__rosidl_typesupport_introspection_cpp.so
[35.735s] -- Set runtime path of "/home/liyq/hi_ws/install/servo_controller_msgs/lib/libservo_controller_msgs__rosidl_typesupport_introspection_cpp.so" to ""
[35.735s] -- Installing: /home/liyq/hi_ws/install/servo_controller_msgs/lib/libservo_controller_msgs__rosidl_typesupport_cpp.so
[35.736s] -- Set runtime path of "/home/liyq/hi_ws/install/servo_controller_msgs/lib/libservo_controller_msgs__rosidl_typesupport_cpp.so" to ""
[35.736s] -- Installing: /home/liyq/hi_ws/install/servo_controller_msgs/share/servo_controller_msgs/environment/pythonpath.sh
[35.736s] -- Installing: /home/liyq/hi_ws/install/servo_controller_msgs/share/servo_controller_msgs/environment/pythonpath.dsv
[35.736s] -- Installing: /home/liyq/hi_ws/install/servo_controller_msgs/local/lib/python3.10/dist-packages/servo_controller_msgs-0.0.0-py3.10.egg-info
[35.736s] -- Installing: /home/liyq/hi_ws/install/servo_controller_msgs/local/lib/python3.10/dist-packages/servo_controller_msgs-0.0.0-py3.10.egg-info/SOURCES.txt
[35.736s] -- Installing: /home/liyq/hi_ws/install/servo_controller_msgs/local/lib/python3.10/dist-packages/servo_controller_msgs-0.0.0-py3.10.egg-info/PKG-INFO
[35.737s] -- Installing: /home/liyq/hi_ws/install/servo_controller_msgs/local/lib/python3.10/dist-packages/servo_controller_msgs-0.0.0-py3.10.egg-info/top_level.txt
[35.737s] -- Installing: /home/liyq/hi_ws/install/servo_controller_msgs/local/lib/python3.10/dist-packages/servo_controller_msgs-0.0.0-py3.10.egg-info/dependency_links.txt
[35.737s] -- Installing: /home/liyq/hi_ws/install/servo_controller_msgs/local/lib/python3.10/dist-packages/servo_controller_msgs
[35.737s] -- Installing: /home/liyq/hi_ws/install/servo_controller_msgs/local/lib/python3.10/dist-packages/servo_controller_msgs/servo_controller_msgs_s__rosidl_typesupport_fastrtps_c.cpython-310-x86_64-linux-gnu.so
[35.737s] -- Installing: /home/liyq/hi_ws/install/servo_controller_msgs/local/lib/python3.10/dist-packages/servo_controller_msgs/msg
[35.738s] -- Installing: /home/liyq/hi_ws/install/servo_controller_msgs/local/lib/python3.10/dist-packages/servo_controller_msgs/msg/_servo_state_s.c
[35.738s] -- Installing: /home/liyq/hi_ws/install/servo_controller_msgs/local/lib/python3.10/dist-packages/servo_controller_msgs/msg/_grasp_s.c
[35.738s] -- Installing: /home/liyq/hi_ws/install/servo_controller_msgs/local/lib/python3.10/dist-packages/servo_controller_msgs/msg/_servo_state_list_s.c
[35.738s] -- Installing: /home/liyq/hi_ws/install/servo_controller_msgs/local/lib/python3.10/dist-packages/servo_controller_msgs/msg/_float64_list_s.c
[35.738s] -- Installing: /home/liyq/hi_ws/install/servo_controller_msgs/local/lib/python3.10/dist-packages/servo_controller_msgs/msg/__init__.py
[35.739s] -- Installing: /home/liyq/hi_ws/install/servo_controller_msgs/local/lib/python3.10/dist-packages/servo_controller_msgs/msg/_servo_position.py
[35.739s] -- Installing: /home/liyq/hi_ws/install/servo_controller_msgs/local/lib/python3.10/dist-packages/servo_controller_msgs/msg/_servos_position.py
[35.739s] -- Installing: /home/liyq/hi_ws/install/servo_controller_msgs/local/lib/python3.10/dist-packages/servo_controller_msgs/msg/_servos_position_s.c
[35.739s] -- Installing: /home/liyq/hi_ws/install/servo_controller_msgs/local/lib/python3.10/dist-packages/servo_controller_msgs/msg/_servo_state_list.py
[35.739s] -- Installing: /home/liyq/hi_ws/install/servo_controller_msgs/local/lib/python3.10/dist-packages/servo_controller_msgs/msg/_servo_state.py
[35.739s] -- Installing: /home/liyq/hi_ws/install/servo_controller_msgs/local/lib/python3.10/dist-packages/servo_controller_msgs/msg/_float64_list.py
[35.740s] -- Installing: /home/liyq/hi_ws/install/servo_controller_msgs/local/lib/python3.10/dist-packages/servo_controller_msgs/msg/_grasp.py
[35.740s] -- Installing: /home/liyq/hi_ws/install/servo_controller_msgs/local/lib/python3.10/dist-packages/servo_controller_msgs/msg/_servo_position_s.c
[35.740s] -- Installing: /home/liyq/hi_ws/install/servo_controller_msgs/local/lib/python3.10/dist-packages/servo_controller_msgs/libservo_controller_msgs__rosidl_generator_py.so
[35.740s] -- Installing: /home/liyq/hi_ws/install/servo_controller_msgs/local/lib/python3.10/dist-packages/servo_controller_msgs/servo_controller_msgs_s__rosidl_typesupport_introspection_c.cpython-310-x86_64-linux-gnu.so
[35.741s] -- Installing: /home/liyq/hi_ws/install/servo_controller_msgs/local/lib/python3.10/dist-packages/servo_controller_msgs/__init__.py
[35.741s] -- Installing: /home/liyq/hi_ws/install/servo_controller_msgs/local/lib/python3.10/dist-packages/servo_controller_msgs/_servo_controller_msgs_s.ep.rosidl_typesupport_fastrtps_c.c
[35.741s] -- Installing: /home/liyq/hi_ws/install/servo_controller_msgs/local/lib/python3.10/dist-packages/servo_controller_msgs/servo_controller_msgs_s__rosidl_typesupport_c.cpython-310-x86_64-linux-gnu.so
[35.741s] -- Installing: /home/liyq/hi_ws/install/servo_controller_msgs/local/lib/python3.10/dist-packages/servo_controller_msgs/_servo_controller_msgs_s.ep.rosidl_typesupport_c.c
[35.741s] -- Installing: /home/liyq/hi_ws/install/servo_controller_msgs/local/lib/python3.10/dist-packages/servo_controller_msgs/_servo_controller_msgs_s.ep.rosidl_typesupport_introspection_c.c
[35.780s] Listing '/home/liyq/hi_ws/install/servo_controller_msgs/local/lib/python3.10/dist-packages/servo_controller_msgs'...
[35.780s] Compiling '/home/liyq/hi_ws/install/servo_controller_msgs/local/lib/python3.10/dist-packages/servo_controller_msgs/__init__.py'...
[35.780s] Listing '/home/liyq/hi_ws/install/servo_controller_msgs/local/lib/python3.10/dist-packages/servo_controller_msgs/msg'...
[35.780s] Compiling '/home/liyq/hi_ws/install/servo_controller_msgs/local/lib/python3.10/dist-packages/servo_controller_msgs/msg/__init__.py'...
[35.780s] Compiling '/home/liyq/hi_ws/install/servo_controller_msgs/local/lib/python3.10/dist-packages/servo_controller_msgs/msg/_float64_list.py'...
[35.780s] Compiling '/home/liyq/hi_ws/install/servo_controller_msgs/local/lib/python3.10/dist-packages/servo_controller_msgs/msg/_grasp.py'...
[35.780s] Compiling '/home/liyq/hi_ws/install/servo_controller_msgs/local/lib/python3.10/dist-packages/servo_controller_msgs/msg/_servo_position.py'...
[35.780s] Compiling '/home/liyq/hi_ws/install/servo_controller_msgs/local/lib/python3.10/dist-packages/servo_controller_msgs/msg/_servo_state.py'...
[35.780s] Compiling '/home/liyq/hi_ws/install/servo_controller_msgs/local/lib/python3.10/dist-packages/servo_controller_msgs/msg/_servo_state_list.py'...
[35.780s] Compiling '/home/liyq/hi_ws/install/servo_controller_msgs/local/lib/python3.10/dist-packages/servo_controller_msgs/msg/_servos_position.py'...
[35.786s] -- Installing: /home/liyq/hi_ws/install/servo_controller_msgs/local/lib/python3.10/dist-packages/servo_controller_msgs/servo_controller_msgs_s__rosidl_typesupport_fastrtps_c.cpython-310-x86_64-linux-gnu.so
[35.786s] -- Set runtime path of "/home/liyq/hi_ws/install/servo_controller_msgs/local/lib/python3.10/dist-packages/servo_controller_msgs/servo_controller_msgs_s__rosidl_typesupport_fastrtps_c.cpython-310-x86_64-linux-gnu.so" to ""
[35.786s] -- Installing: /home/liyq/hi_ws/install/servo_controller_msgs/local/lib/python3.10/dist-packages/servo_controller_msgs/servo_controller_msgs_s__rosidl_typesupport_introspection_c.cpython-310-x86_64-linux-gnu.so
[35.787s] -- Set runtime path of "/home/liyq/hi_ws/install/servo_controller_msgs/local/lib/python3.10/dist-packages/servo_controller_msgs/servo_controller_msgs_s__rosidl_typesupport_introspection_c.cpython-310-x86_64-linux-gnu.so" to ""
[35.787s] -- Installing: /home/liyq/hi_ws/install/servo_controller_msgs/local/lib/python3.10/dist-packages/servo_controller_msgs/servo_controller_msgs_s__rosidl_typesupport_c.cpython-310-x86_64-linux-gnu.so
[35.788s] -- Set runtime path of "/home/liyq/hi_ws/install/servo_controller_msgs/local/lib/python3.10/dist-packages/servo_controller_msgs/servo_controller_msgs_s__rosidl_typesupport_c.cpython-310-x86_64-linux-gnu.so" to ""
[35.788s] -- Installing: /home/liyq/hi_ws/install/servo_controller_msgs/lib/libservo_controller_msgs__rosidl_generator_py.so
[35.788s] -- Set runtime path of "/home/liyq/hi_ws/install/servo_controller_msgs/lib/libservo_controller_msgs__rosidl_generator_py.so" to ""
[35.788s] -- Installing: /home/liyq/hi_ws/install/servo_controller_msgs/share/servo_controller_msgs/msg/ServoPosition.idl
[35.789s] -- Installing: /home/liyq/hi_ws/install/servo_controller_msgs/share/servo_controller_msgs/msg/ServosPosition.idl
[35.789s] -- Installing: /home/liyq/hi_ws/install/servo_controller_msgs/share/servo_controller_msgs/msg/ServoState.idl
[35.789s] -- Installing: /home/liyq/hi_ws/install/servo_controller_msgs/share/servo_controller_msgs/msg/ServoStateList.idl
[35.789s] -- Installing: /home/liyq/hi_ws/install/servo_controller_msgs/share/servo_controller_msgs/msg/Grasp.idl
[35.789s] -- Installing: /home/liyq/hi_ws/install/servo_controller_msgs/share/servo_controller_msgs/msg/Float64List.idl
[35.789s] -- Installing: /home/liyq/hi_ws/install/servo_controller_msgs/share/servo_controller_msgs/msg/ServoPosition.msg
[35.790s] -- Installing: /home/liyq/hi_ws/install/servo_controller_msgs/share/servo_controller_msgs/msg/ServosPosition.msg
[35.790s] -- Installing: /home/liyq/hi_ws/install/servo_controller_msgs/share/servo_controller_msgs/msg/ServoState.msg
[35.790s] -- Installing: /home/liyq/hi_ws/install/servo_controller_msgs/share/servo_controller_msgs/msg/ServoStateList.msg
[35.790s] -- Installing: /home/liyq/hi_ws/install/servo_controller_msgs/share/servo_controller_msgs/msg/Grasp.msg
[35.790s] -- Installing: /home/liyq/hi_ws/install/servo_controller_msgs/share/servo_controller_msgs/msg/Float64List.msg
[35.791s] -- Installing: /home/liyq/hi_ws/install/servo_controller_msgs/share/ament_index/resource_index/package_run_dependencies/servo_controller_msgs
[35.791s] -- Installing: /home/liyq/hi_ws/install/servo_controller_msgs/share/ament_index/resource_index/parent_prefix_path/servo_controller_msgs
[35.791s] -- Installing: /home/liyq/hi_ws/install/servo_controller_msgs/share/servo_controller_msgs/environment/ament_prefix_path.sh
[35.791s] -- Installing: /home/liyq/hi_ws/install/servo_controller_msgs/share/servo_controller_msgs/environment/ament_prefix_path.dsv
[35.791s] -- Installing: /home/liyq/hi_ws/install/servo_controller_msgs/share/servo_controller_msgs/environment/path.sh
[35.792s] -- Installing: /home/liyq/hi_ws/install/servo_controller_msgs/share/servo_controller_msgs/environment/path.dsv
[35.792s] -- Installing: /home/liyq/hi_ws/install/servo_controller_msgs/share/servo_controller_msgs/local_setup.bash
[35.792s] -- Installing: /home/liyq/hi_ws/install/servo_controller_msgs/share/servo_controller_msgs/local_setup.sh
[35.792s] -- Installing: /home/liyq/hi_ws/install/servo_controller_msgs/share/servo_controller_msgs/local_setup.zsh
[35.792s] -- Installing: /home/liyq/hi_ws/install/servo_controller_msgs/share/servo_controller_msgs/local_setup.dsv
[35.792s] -- Installing: /home/liyq/hi_ws/install/servo_controller_msgs/share/servo_controller_msgs/package.dsv
[35.793s] -- Installing: /home/liyq/hi_ws/install/servo_controller_msgs/share/ament_index/resource_index/packages/servo_controller_msgs
[35.793s] -- Installing: /home/liyq/hi_ws/install/servo_controller_msgs/share/servo_controller_msgs/cmake/export_servo_controller_msgs__rosidl_generator_cExport.cmake
[35.793s] -- Installing: /home/liyq/hi_ws/install/servo_controller_msgs/share/servo_controller_msgs/cmake/export_servo_controller_msgs__rosidl_generator_cExport-noconfig.cmake
[35.793s] -- Installing: /home/liyq/hi_ws/install/servo_controller_msgs/share/servo_controller_msgs/cmake/export_servo_controller_msgs__rosidl_typesupport_fastrtps_cExport.cmake
[35.793s] -- Installing: /home/liyq/hi_ws/install/servo_controller_msgs/share/servo_controller_msgs/cmake/export_servo_controller_msgs__rosidl_typesupport_fastrtps_cExport-noconfig.cmake
[35.794s] -- Installing: /home/liyq/hi_ws/install/servo_controller_msgs/share/servo_controller_msgs/cmake/export_servo_controller_msgs__rosidl_generator_cppExport.cmake
[35.794s] -- Installing: /home/liyq/hi_ws/install/servo_controller_msgs/share/servo_controller_msgs/cmake/export_servo_controller_msgs__rosidl_typesupport_fastrtps_cppExport.cmake
[35.794s] -- Installing: /home/liyq/hi_ws/install/servo_controller_msgs/share/servo_controller_msgs/cmake/export_servo_controller_msgs__rosidl_typesupport_fastrtps_cppExport-noconfig.cmake
[35.794s] -- Installing: /home/liyq/hi_ws/install/servo_controller_msgs/share/servo_controller_msgs/cmake/servo_controller_msgs__rosidl_typesupport_introspection_cExport.cmake
[35.794s] -- Installing: /home/liyq/hi_ws/install/servo_controller_msgs/share/servo_controller_msgs/cmake/servo_controller_msgs__rosidl_typesupport_introspection_cExport-noconfig.cmake
[35.795s] -- Installing: /home/liyq/hi_ws/install/servo_controller_msgs/share/servo_controller_msgs/cmake/servo_controller_msgs__rosidl_typesupport_cExport.cmake
[35.795s] -- Installing: /home/liyq/hi_ws/install/servo_controller_msgs/share/servo_controller_msgs/cmake/servo_controller_msgs__rosidl_typesupport_cExport-noconfig.cmake
[35.795s] -- Installing: /home/liyq/hi_ws/install/servo_controller_msgs/share/servo_controller_msgs/cmake/servo_controller_msgs__rosidl_typesupport_introspection_cppExport.cmake
[35.795s] -- Installing: /home/liyq/hi_ws/install/servo_controller_msgs/share/servo_controller_msgs/cmake/servo_controller_msgs__rosidl_typesupport_introspection_cppExport-noconfig.cmake
[35.795s] -- Installing: /home/liyq/hi_ws/install/servo_controller_msgs/share/servo_controller_msgs/cmake/servo_controller_msgs__rosidl_typesupport_cppExport.cmake
[35.795s] -- Installing: /home/liyq/hi_ws/install/servo_controller_msgs/share/servo_controller_msgs/cmake/servo_controller_msgs__rosidl_typesupport_cppExport-noconfig.cmake
[35.796s] -- Installing: /home/liyq/hi_ws/install/servo_controller_msgs/share/servo_controller_msgs/cmake/export_servo_controller_msgs__rosidl_generator_pyExport.cmake
[35.796s] -- Installing: /home/liyq/hi_ws/install/servo_controller_msgs/share/servo_controller_msgs/cmake/export_servo_controller_msgs__rosidl_generator_pyExport-noconfig.cmake
[35.796s] -- Installing: /home/liyq/hi_ws/install/servo_controller_msgs/share/servo_controller_msgs/cmake/rosidl_cmake-extras.cmake
[35.796s] -- Installing: /home/liyq/hi_ws/install/servo_controller_msgs/share/servo_controller_msgs/cmake/ament_cmake_export_dependencies-extras.cmake
[35.796s] -- Installing: /home/liyq/hi_ws/install/servo_controller_msgs/share/servo_controller_msgs/cmake/ament_cmake_export_include_directories-extras.cmake
[35.797s] -- Installing: /home/liyq/hi_ws/install/servo_controller_msgs/share/servo_controller_msgs/cmake/ament_cmake_export_libraries-extras.cmake
[35.797s] -- Installing: /home/liyq/hi_ws/install/servo_controller_msgs/share/servo_controller_msgs/cmake/ament_cmake_export_targets-extras.cmake
[35.797s] -- Installing: /home/liyq/hi_ws/install/servo_controller_msgs/share/servo_controller_msgs/cmake/rosidl_cmake_export_typesupport_targets-extras.cmake
[35.797s] -- Installing: /home/liyq/hi_ws/install/servo_controller_msgs/share/servo_controller_msgs/cmake/rosidl_cmake_export_typesupport_libraries-extras.cmake
[35.797s] -- Installing: /home/liyq/hi_ws/install/servo_controller_msgs/share/servo_controller_msgs/cmake/servo_controller_msgsConfig.cmake
[35.798s] -- Installing: /home/liyq/hi_ws/install/servo_controller_msgs/share/servo_controller_msgs/cmake/servo_controller_msgsConfig-version.cmake
[35.798s] -- Installing: /home/liyq/hi_ws/install/servo_controller_msgs/share/servo_controller_msgs/package.xml
[35.801s] Invoked command in '/home/liyq/hi_ws/build/servo_controller_msgs' returned '0': CMAKE_PREFIX_PATH=/opt/ros/humble /usr/bin/cmake --install /home/liyq/hi_ws/build/servo_controller_msgs
