/home/liyq/hi_ws/install/example/lib/python3.10/site-packages/example/__init__.py
/home/liyq/hi_ws/install/example/lib/python3.10/site-packages/example/__pycache__/__init__.cpython-310.pyc
/home/liyq/hi_ws/install/example/share/ament_index/resource_index/packages/example
/home/liyq/hi_ws/install/example/share/example/package.xml
/home/liyq/hi_ws/install/example/share/example/launch/face_tracking.launch.py
/home/liyq/hi_ws/install/example/share/example/launch/finger_trajectory.launch.py
/home/liyq/hi_ws/install/example/share/example/launch/face_mesh.launch.py
/home/liyq/hi_ws/install/example/share/example/launch/hand_gesture.launch.py
/home/liyq/hi_ws/install/example/share/example/launch/mankind_pose.launch.py
/home/liyq/hi_ws/install/example/share/example/launch/waste_classification.launch.py
/home/liyq/hi_ws/install/example/share/example/launch/yolov8_object_detection_node.launch.py
/home/liyq/hi_ws/install/example/share/example/launch/get_depth_rgb_img.launch.py
/home/liyq/hi_ws/install/example/share/example/launch/remove_too_high.launch.py
/home/liyq/hi_ws/install/example/share/example/launch/shape_recognition.launch.py
/home/liyq/hi_ws/install/example/share/example/launch/distance_measure.launch.py
/home/liyq/hi_ws/install/example/share/example/launch/track_and_grab.launch.py
/home/liyq/hi_ws/install/example/share/example/launch/rgb_depth_to_pointcloud.launch.py
/home/liyq/hi_ws/install/example/share/example/launch/kcf_track_node.launch.py
/home/liyq/hi_ws/install/example/share/example/launch/coordinate_system_transformation.launch.py
/home/liyq/hi_ws/install/example/share/example/launch/object_attitude_calculation.launch.py
/home/liyq/hi_ws/install/example/share/example/launch/color_recognition.launch.py
/home/liyq/hi_ws/install/example/share/example/launch/path_planning.launch.py
/home/liyq/hi_ws/install/example/share/example/launch/color_sorting_node.launch.py
/home/liyq/hi_ws/install/example/share/example/launch/color_threshold.launch.py
/home/liyq/hi_ws/install/example/share/example/launch/color_space.launch.py
/home/liyq/hi_ws/install/example/share/example/launch/positioning_clamp.launch.py
/home/liyq/hi_ws/install/example/share/example/launch/color_detect_node.launch.py
/home/liyq/hi_ws/install/example/share/example/launch/color_track_node.launch.py
/home/liyq/hi_ws/install/example/share/example/launch/tag_track_node.launch.py
/home/liyq/hi_ws/install/example/share/example/launch/pixel_coordinate_calculation.launch.py
/home/liyq/hi_ws/install/example/share/example/launch/camera_topic_invoke.launch.py
/home/liyq/hi_ws/install/example/share/example/launch/buzzer.launch.py
/home/liyq/hi_ws/install/example/share/example/launch/ik.launch.py
/home/liyq/hi_ws/install/example/share/example/launch/led.launch.py
/home/liyq/hi_ws/install/example/share/example/launch/bus_servo.launch.py
/home/liyq/hi_ws/install/example/share/example/launch/fk.launch.py
/home/liyq/hi_ws/install/example/share/example/config/roi.yaml
/home/liyq/hi_ws/install/example/share/example/config/color_sorting_roi.yaml
/home/liyq/hi_ws/install/example/share/example/config/usb_cam_config.yaml
/home/liyq/hi_ws/install/example/share/example/config/config.yaml
/home/liyq/hi_ws/install/example/share/example/resource
/home/liyq/hi_ws/install/example/lib/python3.10/site-packages/example-0.0.0-py3.10.egg-info/requires.txt
/home/liyq/hi_ws/install/example/lib/python3.10/site-packages/example-0.0.0-py3.10.egg-info/zip-safe
/home/liyq/hi_ws/install/example/lib/python3.10/site-packages/example-0.0.0-py3.10.egg-info/SOURCES.txt
/home/liyq/hi_ws/install/example/lib/python3.10/site-packages/example-0.0.0-py3.10.egg-info/entry_points.txt
/home/liyq/hi_ws/install/example/lib/python3.10/site-packages/example-0.0.0-py3.10.egg-info/PKG-INFO
/home/liyq/hi_ws/install/example/lib/python3.10/site-packages/example-0.0.0-py3.10.egg-info/top_level.txt
/home/liyq/hi_ws/install/example/lib/python3.10/site-packages/example-0.0.0-py3.10.egg-info/dependency_links.txt
/home/liyq/hi_ws/install/example/lib/example/bus_servo
/home/liyq/hi_ws/install/example/lib/example/buzzer
/home/liyq/hi_ws/install/example/lib/example/camera_topic_invoke
/home/liyq/hi_ws/install/example/lib/example/color_detect
/home/liyq/hi_ws/install/example/lib/example/color_recognition
/home/liyq/hi_ws/install/example/lib/example/color_sorting
/home/liyq/hi_ws/install/example/lib/example/color_space
/home/liyq/hi_ws/install/example/lib/example/color_threshold
/home/liyq/hi_ws/install/example/lib/example/color_track
/home/liyq/hi_ws/install/example/lib/example/coordinate_system_transformation
/home/liyq/hi_ws/install/example/lib/example/distance_measure
/home/liyq/hi_ws/install/example/lib/example/face_mask
/home/liyq/hi_ws/install/example/lib/example/face_mesh
/home/liyq/hi_ws/install/example/lib/example/face_tracking
/home/liyq/hi_ws/install/example/lib/example/finger_trajectory
/home/liyq/hi_ws/install/example/lib/example/fk
/home/liyq/hi_ws/install/example/lib/example/get_depth_rgb_img
/home/liyq/hi_ws/install/example/lib/example/hand_gesture
/home/liyq/hi_ws/install/example/lib/example/ik
/home/liyq/hi_ws/install/example/lib/example/kcf_track
/home/liyq/hi_ws/install/example/lib/example/led
/home/liyq/hi_ws/install/example/lib/example/mankind_pose
/home/liyq/hi_ws/install/example/lib/example/object_attitude_calculation
/home/liyq/hi_ws/install/example/lib/example/path_planning
/home/liyq/hi_ws/install/example/lib/example/pixel_coordinate_calculation
/home/liyq/hi_ws/install/example/lib/example/positioning_clamp
/home/liyq/hi_ws/install/example/lib/example/remove_too_high
/home/liyq/hi_ws/install/example/lib/example/rgb_depth_to_pointcloud
/home/liyq/hi_ws/install/example/lib/example/shape_recognition
/home/liyq/hi_ws/install/example/lib/example/tag_track
/home/liyq/hi_ws/install/example/lib/example/track_and_grab
/home/liyq/hi_ws/install/example/lib/example/waste_classification
/home/liyq/hi_ws/install/example/lib/example/yolov5_node
/home/liyq/hi_ws/install/example/lib/example/yolov8_node
