[0.102s] DEBUG:colcon:Command line arguments: ['/usr/bin/colcon', 'build', '--packages-select', 'xf_mic_asr_offline']
[0.102s] DEBUG:colcon:Parsed command line arguments: Namespace(log_base=None, log_level=None, verb_name='build', build_base='build', install_base='install', merge_install=False, symlink_install=False, test_result_base=None, continue_on_error=False, executor='parallel', parallel_workers=8, event_handlers=None, ignore_user_meta=False, metas=['./colcon.meta'], base_paths=['.'], packages_ignore=None, packages_ignore_regex=None, paths=None, packages_up_to=None, packages_up_to_regex=None, packages_above=None, packages_above_and_dependencies=None, packages_above_depth=None, packages_select_by_dep=None, packages_skip_by_dep=None, packages_skip_up_to=None, packages_select_build_failed=False, packages_skip_build_finished=False, packages_select_test_failures=False, packages_skip_test_passed=False, packages_select=['xf_mic_asr_offline'], packages_skip=None, packages_select_regex=None, packages_skip_regex=None, packages_start=None, packages_end=None, allow_overriding=[], cmake_args=None, cmake_target=None, cmake_target_skip_unavailable=False, cmake_clean_cache=False, cmake_clean_first=False, cmake_force_configure=False, ament_cmake_args=None, catkin_cmake_args=None, catkin_skip_building_tests=False, verb_parser=<colcon_defaults.argument_parser.defaults.DefaultArgumentsDecorator object at 0x7d243de78190>, verb_extension=<colcon_core.verb.build.BuildVerb object at 0x7d243de43c40>, main=<bound method BuildVerb.main of <colcon_core.verb.build.BuildVerb object at 0x7d243de43c40>>)
[0.280s] Level 1:colcon.colcon_core.package_discovery:discover_packages(colcon_meta) check parameters
[0.280s] Level 1:colcon.colcon_core.package_discovery:discover_packages(recursive) check parameters
[0.280s] Level 1:colcon.colcon_core.package_discovery:discover_packages(ignore) check parameters
[0.280s] Level 1:colcon.colcon_core.package_discovery:discover_packages(path) check parameters
[0.280s] Level 1:colcon.colcon_core.package_discovery:discover_packages(colcon_meta) discover
[0.281s] Level 1:colcon.colcon_core.package_discovery:discover_packages(recursive) discover
[0.281s] INFO:colcon.colcon_core.package_discovery:Crawling recursively for packages in '/home/liyq/hi_ws'
[0.281s] Level 1:colcon.colcon_core.package_identification:_identify(.) by extensions ['ignore', 'ignore_ament_install']
[0.281s] Level 1:colcon.colcon_core.package_identification:_identify(.) by extension 'ignore'
[0.281s] Level 1:colcon.colcon_core.package_identification:_identify(.) by extension 'ignore_ament_install'
[0.281s] Level 1:colcon.colcon_core.package_identification:_identify(.) by extensions ['colcon_pkg']
[0.281s] Level 1:colcon.colcon_core.package_identification:_identify(.) by extension 'colcon_pkg'
[0.281s] Level 1:colcon.colcon_core.package_identification:_identify(.) by extensions ['colcon_meta']
[0.281s] Level 1:colcon.colcon_core.package_identification:_identify(.) by extension 'colcon_meta'
[0.281s] Level 1:colcon.colcon_core.package_identification:_identify(.) by extensions ['ros']
[0.281s] Level 1:colcon.colcon_core.package_identification:_identify(.) by extension 'ros'
[0.294s] Level 1:colcon.colcon_core.package_identification:_identify(.) by extensions ['cmake', 'python']
[0.294s] Level 1:colcon.colcon_core.package_identification:_identify(.) by extension 'cmake'
[0.294s] Level 1:colcon.colcon_core.package_identification:_identify(.) by extension 'python'
[0.294s] Level 1:colcon.colcon_core.package_identification:_identify(.) by extensions ['python_setup_py']
[0.294s] Level 1:colcon.colcon_core.package_identification:_identify(.) by extension 'python_setup_py'
[0.294s] Level 1:colcon.colcon_core.package_identification:_identify(ROS2) by extensions ['ignore', 'ignore_ament_install']
[0.294s] Level 1:colcon.colcon_core.package_identification:_identify(ROS2) by extension 'ignore'
[0.294s] Level 1:colcon.colcon_core.package_identification:_identify(ROS2) by extension 'ignore_ament_install'
[0.295s] Level 1:colcon.colcon_core.package_identification:_identify(ROS2) by extensions ['colcon_pkg']
[0.295s] Level 1:colcon.colcon_core.package_identification:_identify(ROS2) by extension 'colcon_pkg'
[0.295s] Level 1:colcon.colcon_core.package_identification:_identify(ROS2) by extensions ['colcon_meta']
[0.295s] Level 1:colcon.colcon_core.package_identification:_identify(ROS2) by extension 'colcon_meta'
[0.295s] Level 1:colcon.colcon_core.package_identification:_identify(ROS2) by extensions ['ros']
[0.295s] Level 1:colcon.colcon_core.package_identification:_identify(ROS2) by extension 'ros'
[0.295s] Level 1:colcon.colcon_core.package_identification:_identify(ROS2) by extensions ['cmake', 'python']
[0.295s] Level 1:colcon.colcon_core.package_identification:_identify(ROS2) by extension 'cmake'
[0.295s] Level 1:colcon.colcon_core.package_identification:_identify(ROS2) by extension 'python'
[0.295s] Level 1:colcon.colcon_core.package_identification:_identify(ROS2) by extensions ['python_setup_py']
[0.295s] Level 1:colcon.colcon_core.package_identification:_identify(ROS2) by extension 'python_setup_py'
[0.295s] Level 1:colcon.colcon_core.package_identification:_identify(ROS2/src) by extensions ['ignore', 'ignore_ament_install']
[0.295s] Level 1:colcon.colcon_core.package_identification:_identify(ROS2/src) by extension 'ignore'
[0.295s] Level 1:colcon.colcon_core.package_identification:_identify(ROS2/src) by extension 'ignore_ament_install'
[0.295s] Level 1:colcon.colcon_core.package_identification:_identify(ROS2/src) by extensions ['colcon_pkg']
[0.295s] Level 1:colcon.colcon_core.package_identification:_identify(ROS2/src) by extension 'colcon_pkg'
[0.295s] Level 1:colcon.colcon_core.package_identification:_identify(ROS2/src) by extensions ['colcon_meta']
[0.295s] Level 1:colcon.colcon_core.package_identification:_identify(ROS2/src) by extension 'colcon_meta'
[0.295s] Level 1:colcon.colcon_core.package_identification:_identify(ROS2/src) by extensions ['ros']
[0.296s] Level 1:colcon.colcon_core.package_identification:_identify(ROS2/src) by extension 'ros'
[0.296s] Level 1:colcon.colcon_core.package_identification:_identify(ROS2/src) by extensions ['cmake', 'python']
[0.296s] Level 1:colcon.colcon_core.package_identification:_identify(ROS2/src) by extension 'cmake'
[0.296s] Level 1:colcon.colcon_core.package_identification:_identify(ROS2/src) by extension 'python'
[0.296s] Level 1:colcon.colcon_core.package_identification:_identify(ROS2/src) by extensions ['python_setup_py']
[0.296s] Level 1:colcon.colcon_core.package_identification:_identify(ROS2/src) by extension 'python_setup_py'
[0.296s] Level 1:colcon.colcon_core.package_identification:_identify(ROS2/src/Log) by extensions ['ignore', 'ignore_ament_install']
[0.296s] Level 1:colcon.colcon_core.package_identification:_identify(ROS2/src/Log) by extension 'ignore'
[0.296s] Level 1:colcon.colcon_core.package_identification:_identify(ROS2/src/Log) by extension 'ignore_ament_install'
[0.296s] Level 1:colcon.colcon_core.package_identification:_identify(ROS2/src/Log) by extensions ['colcon_pkg']
[0.296s] Level 1:colcon.colcon_core.package_identification:_identify(ROS2/src/Log) by extension 'colcon_pkg'
[0.296s] Level 1:colcon.colcon_core.package_identification:_identify(ROS2/src/Log) by extensions ['colcon_meta']
[0.296s] Level 1:colcon.colcon_core.package_identification:_identify(ROS2/src/Log) by extension 'colcon_meta'
[0.296s] Level 1:colcon.colcon_core.package_identification:_identify(ROS2/src/Log) by extensions ['ros']
[0.296s] Level 1:colcon.colcon_core.package_identification:_identify(ROS2/src/Log) by extension 'ros'
[0.296s] Level 1:colcon.colcon_core.package_identification:_identify(ROS2/src/Log) by extensions ['cmake', 'python']
[0.296s] Level 1:colcon.colcon_core.package_identification:_identify(ROS2/src/Log) by extension 'cmake'
[0.296s] Level 1:colcon.colcon_core.package_identification:_identify(ROS2/src/Log) by extension 'python'
[0.297s] Level 1:colcon.colcon_core.package_identification:_identify(ROS2/src/Log) by extensions ['python_setup_py']
[0.297s] Level 1:colcon.colcon_core.package_identification:_identify(ROS2/src/Log) by extension 'python_setup_py'
[0.297s] Level 1:colcon.colcon_core.package_identification:_identify(ROS2/src/app) by extensions ['ignore', 'ignore_ament_install']
[0.297s] Level 1:colcon.colcon_core.package_identification:_identify(ROS2/src/app) by extension 'ignore'
[0.297s] Level 1:colcon.colcon_core.package_identification:_identify(ROS2/src/app) by extension 'ignore_ament_install'
[0.297s] Level 1:colcon.colcon_core.package_identification:_identify(ROS2/src/app) by extensions ['colcon_pkg']
[0.297s] Level 1:colcon.colcon_core.package_identification:_identify(ROS2/src/app) by extension 'colcon_pkg'
[0.297s] Level 1:colcon.colcon_core.package_identification:_identify(ROS2/src/app) by extensions ['colcon_meta']
[0.297s] Level 1:colcon.colcon_core.package_identification:_identify(ROS2/src/app) by extension 'colcon_meta'
[0.297s] Level 1:colcon.colcon_core.package_identification:_identify(ROS2/src/app) by extensions ['ros']
[0.297s] Level 1:colcon.colcon_core.package_identification:_identify(ROS2/src/app) by extension 'ros'
[0.299s] DEBUG:colcon.colcon_core.package_identification:Package 'ROS2/src/app' with type 'ros.ament_python' and name 'app'
[0.300s] Level 1:colcon.colcon_core.package_identification:_identify(ROS2/src/bringup) by extensions ['ignore', 'ignore_ament_install']
[0.300s] Level 1:colcon.colcon_core.package_identification:_identify(ROS2/src/bringup) by extension 'ignore'
[0.300s] Level 1:colcon.colcon_core.package_identification:_identify(ROS2/src/bringup) by extension 'ignore_ament_install'
[0.300s] Level 1:colcon.colcon_core.package_identification:_identify(ROS2/src/bringup) by extensions ['colcon_pkg']
[0.300s] Level 1:colcon.colcon_core.package_identification:_identify(ROS2/src/bringup) by extension 'colcon_pkg'
[0.300s] Level 1:colcon.colcon_core.package_identification:_identify(ROS2/src/bringup) by extensions ['colcon_meta']
[0.300s] Level 1:colcon.colcon_core.package_identification:_identify(ROS2/src/bringup) by extension 'colcon_meta'
[0.300s] Level 1:colcon.colcon_core.package_identification:_identify(ROS2/src/bringup) by extensions ['ros']
[0.300s] Level 1:colcon.colcon_core.package_identification:_identify(ROS2/src/bringup) by extension 'ros'
[0.301s] DEBUG:colcon.colcon_core.package_identification:Package 'ROS2/src/bringup' with type 'ros.ament_python' and name 'bringup'
[0.301s] Level 1:colcon.colcon_core.package_identification:_identify(ROS2/src/chassis) by extensions ['ignore', 'ignore_ament_install']
[0.301s] Level 1:colcon.colcon_core.package_identification:_identify(ROS2/src/chassis) by extension 'ignore'
[0.301s] Level 1:colcon.colcon_core.package_identification:_identify(ROS2/src/chassis) by extension 'ignore_ament_install'
[0.301s] Level 1:colcon.colcon_core.package_identification:_identify(ROS2/src/chassis) by extensions ['colcon_pkg']
[0.301s] Level 1:colcon.colcon_core.package_identification:_identify(ROS2/src/chassis) by extension 'colcon_pkg'
[0.301s] Level 1:colcon.colcon_core.package_identification:_identify(ROS2/src/chassis) by extensions ['colcon_meta']
[0.301s] Level 1:colcon.colcon_core.package_identification:_identify(ROS2/src/chassis) by extension 'colcon_meta'
[0.301s] Level 1:colcon.colcon_core.package_identification:_identify(ROS2/src/chassis) by extensions ['ros']
[0.301s] Level 1:colcon.colcon_core.package_identification:_identify(ROS2/src/chassis) by extension 'ros'
[0.302s] DEBUG:colcon.colcon_core.package_identification:Package 'ROS2/src/chassis' with type 'ros.ament_python' and name 'chassis'
[0.302s] Level 1:colcon.colcon_core.package_identification:_identify(ROS2/src/chassis_msgs) by extensions ['ignore', 'ignore_ament_install']
[0.302s] Level 1:colcon.colcon_core.package_identification:_identify(ROS2/src/chassis_msgs) by extension 'ignore'
[0.302s] Level 1:colcon.colcon_core.package_identification:_identify(ROS2/src/chassis_msgs) by extension 'ignore_ament_install'
[0.302s] Level 1:colcon.colcon_core.package_identification:_identify(ROS2/src/chassis_msgs) by extensions ['colcon_pkg']
[0.302s] Level 1:colcon.colcon_core.package_identification:_identify(ROS2/src/chassis_msgs) by extension 'colcon_pkg'
[0.302s] Level 1:colcon.colcon_core.package_identification:_identify(ROS2/src/chassis_msgs) by extensions ['colcon_meta']
[0.302s] Level 1:colcon.colcon_core.package_identification:_identify(ROS2/src/chassis_msgs) by extension 'colcon_meta'
[0.302s] Level 1:colcon.colcon_core.package_identification:_identify(ROS2/src/chassis_msgs) by extensions ['ros']
[0.302s] Level 1:colcon.colcon_core.package_identification:_identify(ROS2/src/chassis_msgs) by extension 'ros'
[0.303s] DEBUG:colcon.colcon_core.package_identification:Package 'ROS2/src/chassis_msgs' with type 'ros.ament_cmake' and name 'chassis_msgs'
[0.303s] Level 1:colcon.colcon_core.package_identification:_identify(ROS2/src/driver) by extensions ['ignore', 'ignore_ament_install']
[0.303s] Level 1:colcon.colcon_core.package_identification:_identify(ROS2/src/driver) by extension 'ignore'
[0.303s] Level 1:colcon.colcon_core.package_identification:_identify(ROS2/src/driver) by extension 'ignore_ament_install'
[0.303s] Level 1:colcon.colcon_core.package_identification:_identify(ROS2/src/driver) by extensions ['colcon_pkg']
[0.303s] Level 1:colcon.colcon_core.package_identification:_identify(ROS2/src/driver) by extension 'colcon_pkg'
[0.303s] Level 1:colcon.colcon_core.package_identification:_identify(ROS2/src/driver) by extensions ['colcon_meta']
[0.303s] Level 1:colcon.colcon_core.package_identification:_identify(ROS2/src/driver) by extension 'colcon_meta'
[0.303s] Level 1:colcon.colcon_core.package_identification:_identify(ROS2/src/driver) by extensions ['ros']
[0.303s] Level 1:colcon.colcon_core.package_identification:_identify(ROS2/src/driver) by extension 'ros'
[0.304s] Level 1:colcon.colcon_core.package_identification:_identify(ROS2/src/driver) by extensions ['cmake', 'python']
[0.304s] Level 1:colcon.colcon_core.package_identification:_identify(ROS2/src/driver) by extension 'cmake'
[0.304s] Level 1:colcon.colcon_core.package_identification:_identify(ROS2/src/driver) by extension 'python'
[0.304s] Level 1:colcon.colcon_core.package_identification:_identify(ROS2/src/driver) by extensions ['python_setup_py']
[0.304s] Level 1:colcon.colcon_core.package_identification:_identify(ROS2/src/driver) by extension 'python_setup_py'
[0.304s] Level 1:colcon.colcon_core.package_identification:_identify(ROS2/src/driver/kinematics) by extensions ['ignore', 'ignore_ament_install']
[0.304s] Level 1:colcon.colcon_core.package_identification:_identify(ROS2/src/driver/kinematics) by extension 'ignore'
[0.304s] Level 1:colcon.colcon_core.package_identification:_identify(ROS2/src/driver/kinematics) by extension 'ignore_ament_install'
[0.304s] Level 1:colcon.colcon_core.package_identification:_identify(ROS2/src/driver/kinematics) by extensions ['colcon_pkg']
[0.304s] Level 1:colcon.colcon_core.package_identification:_identify(ROS2/src/driver/kinematics) by extension 'colcon_pkg'
[0.304s] Level 1:colcon.colcon_core.package_identification:_identify(ROS2/src/driver/kinematics) by extensions ['colcon_meta']
[0.304s] Level 1:colcon.colcon_core.package_identification:_identify(ROS2/src/driver/kinematics) by extension 'colcon_meta'
[0.304s] Level 1:colcon.colcon_core.package_identification:_identify(ROS2/src/driver/kinematics) by extensions ['ros']
[0.304s] Level 1:colcon.colcon_core.package_identification:_identify(ROS2/src/driver/kinematics) by extension 'ros'
[0.305s] DEBUG:colcon.colcon_core.package_identification:Package 'ROS2/src/driver/kinematics' with type 'ros.ament_python' and name 'kinematics'
[0.305s] Level 1:colcon.colcon_core.package_identification:_identify(ROS2/src/driver/kinematics_msgs) by extensions ['ignore', 'ignore_ament_install']
[0.305s] Level 1:colcon.colcon_core.package_identification:_identify(ROS2/src/driver/kinematics_msgs) by extension 'ignore'
[0.305s] Level 1:colcon.colcon_core.package_identification:_identify(ROS2/src/driver/kinematics_msgs) by extension 'ignore_ament_install'
[0.305s] Level 1:colcon.colcon_core.package_identification:_identify(ROS2/src/driver/kinematics_msgs) by extensions ['colcon_pkg']
[0.305s] Level 1:colcon.colcon_core.package_identification:_identify(ROS2/src/driver/kinematics_msgs) by extension 'colcon_pkg'
[0.305s] Level 1:colcon.colcon_core.package_identification:_identify(ROS2/src/driver/kinematics_msgs) by extensions ['colcon_meta']
[0.305s] Level 1:colcon.colcon_core.package_identification:_identify(ROS2/src/driver/kinematics_msgs) by extension 'colcon_meta'
[0.305s] Level 1:colcon.colcon_core.package_identification:_identify(ROS2/src/driver/kinematics_msgs) by extensions ['ros']
[0.305s] Level 1:colcon.colcon_core.package_identification:_identify(ROS2/src/driver/kinematics_msgs) by extension 'ros'
[0.306s] DEBUG:colcon.colcon_core.package_identification:Package 'ROS2/src/driver/kinematics_msgs' with type 'ros.ament_cmake' and name 'kinematics_msgs'
[0.306s] Level 1:colcon.colcon_core.package_identification:_identify(ROS2/src/driver/ros_robot_controller) by extensions ['ignore', 'ignore_ament_install']
[0.306s] Level 1:colcon.colcon_core.package_identification:_identify(ROS2/src/driver/ros_robot_controller) by extension 'ignore'
[0.306s] Level 1:colcon.colcon_core.package_identification:_identify(ROS2/src/driver/ros_robot_controller) by extension 'ignore_ament_install'
[0.306s] Level 1:colcon.colcon_core.package_identification:_identify(ROS2/src/driver/ros_robot_controller) by extensions ['colcon_pkg']
[0.306s] Level 1:colcon.colcon_core.package_identification:_identify(ROS2/src/driver/ros_robot_controller) by extension 'colcon_pkg'
[0.306s] Level 1:colcon.colcon_core.package_identification:_identify(ROS2/src/driver/ros_robot_controller) by extensions ['colcon_meta']
[0.306s] Level 1:colcon.colcon_core.package_identification:_identify(ROS2/src/driver/ros_robot_controller) by extension 'colcon_meta'
[0.306s] Level 1:colcon.colcon_core.package_identification:_identify(ROS2/src/driver/ros_robot_controller) by extensions ['ros']
[0.306s] Level 1:colcon.colcon_core.package_identification:_identify(ROS2/src/driver/ros_robot_controller) by extension 'ros'
[0.307s] DEBUG:colcon.colcon_core.package_identification:Package 'ROS2/src/driver/ros_robot_controller' with type 'ros.ament_python' and name 'ros_robot_controller'
[0.307s] Level 1:colcon.colcon_core.package_identification:_identify(ROS2/src/driver/ros_robot_controller_msgs) by extensions ['ignore', 'ignore_ament_install']
[0.307s] Level 1:colcon.colcon_core.package_identification:_identify(ROS2/src/driver/ros_robot_controller_msgs) by extension 'ignore'
[0.307s] Level 1:colcon.colcon_core.package_identification:_identify(ROS2/src/driver/ros_robot_controller_msgs) by extension 'ignore_ament_install'
[0.307s] Level 1:colcon.colcon_core.package_identification:_identify(ROS2/src/driver/ros_robot_controller_msgs) by extensions ['colcon_pkg']
[0.307s] Level 1:colcon.colcon_core.package_identification:_identify(ROS2/src/driver/ros_robot_controller_msgs) by extension 'colcon_pkg'
[0.307s] Level 1:colcon.colcon_core.package_identification:_identify(ROS2/src/driver/ros_robot_controller_msgs) by extensions ['colcon_meta']
[0.307s] Level 1:colcon.colcon_core.package_identification:_identify(ROS2/src/driver/ros_robot_controller_msgs) by extension 'colcon_meta'
[0.307s] Level 1:colcon.colcon_core.package_identification:_identify(ROS2/src/driver/ros_robot_controller_msgs) by extensions ['ros']
[0.307s] Level 1:colcon.colcon_core.package_identification:_identify(ROS2/src/driver/ros_robot_controller_msgs) by extension 'ros'
[0.308s] DEBUG:colcon.colcon_core.package_identification:Package 'ROS2/src/driver/ros_robot_controller_msgs' with type 'ros.ament_cmake' and name 'ros_robot_controller_msgs'
[0.308s] Level 1:colcon.colcon_core.package_identification:_identify(ROS2/src/driver/sdk) by extensions ['ignore', 'ignore_ament_install']
[0.308s] Level 1:colcon.colcon_core.package_identification:_identify(ROS2/src/driver/sdk) by extension 'ignore'
[0.308s] Level 1:colcon.colcon_core.package_identification:_identify(ROS2/src/driver/sdk) by extension 'ignore_ament_install'
[0.308s] Level 1:colcon.colcon_core.package_identification:_identify(ROS2/src/driver/sdk) by extensions ['colcon_pkg']
[0.308s] Level 1:colcon.colcon_core.package_identification:_identify(ROS2/src/driver/sdk) by extension 'colcon_pkg'
[0.308s] Level 1:colcon.colcon_core.package_identification:_identify(ROS2/src/driver/sdk) by extensions ['colcon_meta']
[0.309s] Level 1:colcon.colcon_core.package_identification:_identify(ROS2/src/driver/sdk) by extension 'colcon_meta'
[0.309s] Level 1:colcon.colcon_core.package_identification:_identify(ROS2/src/driver/sdk) by extensions ['ros']
[0.309s] Level 1:colcon.colcon_core.package_identification:_identify(ROS2/src/driver/sdk) by extension 'ros'
[0.309s] DEBUG:colcon.colcon_core.package_identification:Package 'ROS2/src/driver/sdk' with type 'ros.ament_python' and name 'sdk'
[0.309s] Level 1:colcon.colcon_core.package_identification:_identify(ROS2/src/driver/servo_controller) by extensions ['ignore', 'ignore_ament_install']
[0.310s] Level 1:colcon.colcon_core.package_identification:_identify(ROS2/src/driver/servo_controller) by extension 'ignore'
[0.310s] Level 1:colcon.colcon_core.package_identification:_identify(ROS2/src/driver/servo_controller) by extension 'ignore_ament_install'
[0.310s] Level 1:colcon.colcon_core.package_identification:_identify(ROS2/src/driver/servo_controller) by extensions ['colcon_pkg']
[0.310s] Level 1:colcon.colcon_core.package_identification:_identify(ROS2/src/driver/servo_controller) by extension 'colcon_pkg'
[0.310s] Level 1:colcon.colcon_core.package_identification:_identify(ROS2/src/driver/servo_controller) by extensions ['colcon_meta']
[0.310s] Level 1:colcon.colcon_core.package_identification:_identify(ROS2/src/driver/servo_controller) by extension 'colcon_meta'
[0.310s] Level 1:colcon.colcon_core.package_identification:_identify(ROS2/src/driver/servo_controller) by extensions ['ros']
[0.310s] Level 1:colcon.colcon_core.package_identification:_identify(ROS2/src/driver/servo_controller) by extension 'ros'
[0.311s] DEBUG:colcon.colcon_core.package_identification:Package 'ROS2/src/driver/servo_controller' with type 'ros.ament_python' and name 'servo_controller'
[0.311s] Level 1:colcon.colcon_core.package_identification:_identify(ROS2/src/driver/servo_controller_msgs) by extensions ['ignore', 'ignore_ament_install']
[0.311s] Level 1:colcon.colcon_core.package_identification:_identify(ROS2/src/driver/servo_controller_msgs) by extension 'ignore'
[0.311s] Level 1:colcon.colcon_core.package_identification:_identify(ROS2/src/driver/servo_controller_msgs) by extension 'ignore_ament_install'
[0.311s] Level 1:colcon.colcon_core.package_identification:_identify(ROS2/src/driver/servo_controller_msgs) by extensions ['colcon_pkg']
[0.311s] Level 1:colcon.colcon_core.package_identification:_identify(ROS2/src/driver/servo_controller_msgs) by extension 'colcon_pkg'
[0.311s] Level 1:colcon.colcon_core.package_identification:_identify(ROS2/src/driver/servo_controller_msgs) by extensions ['colcon_meta']
[0.311s] Level 1:colcon.colcon_core.package_identification:_identify(ROS2/src/driver/servo_controller_msgs) by extension 'colcon_meta'
[0.311s] Level 1:colcon.colcon_core.package_identification:_identify(ROS2/src/driver/servo_controller_msgs) by extensions ['ros']
[0.311s] Level 1:colcon.colcon_core.package_identification:_identify(ROS2/src/driver/servo_controller_msgs) by extension 'ros'
[0.312s] DEBUG:colcon.colcon_core.package_identification:Package 'ROS2/src/driver/servo_controller_msgs' with type 'ros.ament_cmake' and name 'servo_controller_msgs'
[0.312s] Level 1:colcon.colcon_core.package_identification:_identify(ROS2/src/example) by extensions ['ignore', 'ignore_ament_install']
[0.312s] Level 1:colcon.colcon_core.package_identification:_identify(ROS2/src/example) by extension 'ignore'
[0.312s] Level 1:colcon.colcon_core.package_identification:_identify(ROS2/src/example) by extension 'ignore_ament_install'
[0.312s] Level 1:colcon.colcon_core.package_identification:_identify(ROS2/src/example) by extensions ['colcon_pkg']
[0.312s] Level 1:colcon.colcon_core.package_identification:_identify(ROS2/src/example) by extension 'colcon_pkg'
[0.312s] Level 1:colcon.colcon_core.package_identification:_identify(ROS2/src/example) by extensions ['colcon_meta']
[0.312s] Level 1:colcon.colcon_core.package_identification:_identify(ROS2/src/example) by extension 'colcon_meta'
[0.313s] Level 1:colcon.colcon_core.package_identification:_identify(ROS2/src/example) by extensions ['ros']
[0.313s] Level 1:colcon.colcon_core.package_identification:_identify(ROS2/src/example) by extension 'ros'
[0.313s] DEBUG:colcon.colcon_core.package_identification:Package 'ROS2/src/example' with type 'ros.ament_python' and name 'example'
[0.313s] Level 1:colcon.colcon_core.package_identification:_identify(ROS2/src/interfaces) by extensions ['ignore', 'ignore_ament_install']
[0.313s] Level 1:colcon.colcon_core.package_identification:_identify(ROS2/src/interfaces) by extension 'ignore'
[0.313s] Level 1:colcon.colcon_core.package_identification:_identify(ROS2/src/interfaces) by extension 'ignore_ament_install'
[0.313s] Level 1:colcon.colcon_core.package_identification:_identify(ROS2/src/interfaces) by extensions ['colcon_pkg']
[0.313s] Level 1:colcon.colcon_core.package_identification:_identify(ROS2/src/interfaces) by extension 'colcon_pkg'
[0.313s] Level 1:colcon.colcon_core.package_identification:_identify(ROS2/src/interfaces) by extensions ['colcon_meta']
[0.313s] Level 1:colcon.colcon_core.package_identification:_identify(ROS2/src/interfaces) by extension 'colcon_meta'
[0.313s] Level 1:colcon.colcon_core.package_identification:_identify(ROS2/src/interfaces) by extensions ['ros']
[0.314s] Level 1:colcon.colcon_core.package_identification:_identify(ROS2/src/interfaces) by extension 'ros'
[0.314s] DEBUG:colcon.colcon_core.package_identification:Package 'ROS2/src/interfaces' with type 'ros.ament_cmake' and name 'interfaces'
[0.314s] Level 1:colcon.colcon_core.package_identification:_identify(ROS2/src/large_models) by extensions ['ignore', 'ignore_ament_install']
[0.314s] Level 1:colcon.colcon_core.package_identification:_identify(ROS2/src/large_models) by extension 'ignore'
[0.314s] Level 1:colcon.colcon_core.package_identification:_identify(ROS2/src/large_models) by extension 'ignore_ament_install'
[0.314s] Level 1:colcon.colcon_core.package_identification:_identify(ROS2/src/large_models) by extensions ['colcon_pkg']
[0.315s] Level 1:colcon.colcon_core.package_identification:_identify(ROS2/src/large_models) by extension 'colcon_pkg'
[0.315s] Level 1:colcon.colcon_core.package_identification:_identify(ROS2/src/large_models) by extensions ['colcon_meta']
[0.315s] Level 1:colcon.colcon_core.package_identification:_identify(ROS2/src/large_models) by extension 'colcon_meta'
[0.315s] Level 1:colcon.colcon_core.package_identification:_identify(ROS2/src/large_models) by extensions ['ros']
[0.315s] Level 1:colcon.colcon_core.package_identification:_identify(ROS2/src/large_models) by extension 'ros'
[0.315s] Level 1:colcon.colcon_core.package_identification:_identify(ROS2/src/large_models) by extensions ['cmake', 'python']
[0.315s] Level 1:colcon.colcon_core.package_identification:_identify(ROS2/src/large_models) by extension 'cmake'
[0.315s] Level 1:colcon.colcon_core.package_identification:_identify(ROS2/src/large_models) by extension 'python'
[0.315s] Level 1:colcon.colcon_core.package_identification:_identify(ROS2/src/large_models) by extensions ['python_setup_py']
[0.315s] Level 1:colcon.colcon_core.package_identification:_identify(ROS2/src/large_models) by extension 'python_setup_py'
[0.315s] Level 1:colcon.colcon_core.package_identification:_identify(ROS2/src/large_models/large_models) by extensions ['ignore', 'ignore_ament_install']
[0.315s] Level 1:colcon.colcon_core.package_identification:_identify(ROS2/src/large_models/large_models) by extension 'ignore'
[0.315s] Level 1:colcon.colcon_core.package_identification:_identify(ROS2/src/large_models/large_models) by extension 'ignore_ament_install'
[0.315s] Level 1:colcon.colcon_core.package_identification:_identify(ROS2/src/large_models/large_models) by extensions ['colcon_pkg']
[0.315s] Level 1:colcon.colcon_core.package_identification:_identify(ROS2/src/large_models/large_models) by extension 'colcon_pkg'
[0.315s] Level 1:colcon.colcon_core.package_identification:_identify(ROS2/src/large_models/large_models) by extensions ['colcon_meta']
[0.315s] Level 1:colcon.colcon_core.package_identification:_identify(ROS2/src/large_models/large_models) by extension 'colcon_meta'
[0.315s] Level 1:colcon.colcon_core.package_identification:_identify(ROS2/src/large_models/large_models) by extensions ['ros']
[0.315s] Level 1:colcon.colcon_core.package_identification:_identify(ROS2/src/large_models/large_models) by extension 'ros'
[0.316s] DEBUG:colcon.colcon_core.package_identification:Package 'ROS2/src/large_models/large_models' with type 'ros.ament_python' and name 'large_models'
[0.316s] Level 1:colcon.colcon_core.package_identification:_identify(ROS2/src/large_models/large_models_msgs) by extensions ['ignore', 'ignore_ament_install']
[0.316s] Level 1:colcon.colcon_core.package_identification:_identify(ROS2/src/large_models/large_models_msgs) by extension 'ignore'
[0.316s] Level 1:colcon.colcon_core.package_identification:_identify(ROS2/src/large_models/large_models_msgs) by extension 'ignore_ament_install'
[0.316s] Level 1:colcon.colcon_core.package_identification:_identify(ROS2/src/large_models/large_models_msgs) by extensions ['colcon_pkg']
[0.316s] Level 1:colcon.colcon_core.package_identification:_identify(ROS2/src/large_models/large_models_msgs) by extension 'colcon_pkg'
[0.316s] Level 1:colcon.colcon_core.package_identification:_identify(ROS2/src/large_models/large_models_msgs) by extensions ['colcon_meta']
[0.316s] Level 1:colcon.colcon_core.package_identification:_identify(ROS2/src/large_models/large_models_msgs) by extension 'colcon_meta'
[0.317s] Level 1:colcon.colcon_core.package_identification:_identify(ROS2/src/large_models/large_models_msgs) by extensions ['ros']
[0.317s] Level 1:colcon.colcon_core.package_identification:_identify(ROS2/src/large_models/large_models_msgs) by extension 'ros'
[0.317s] DEBUG:colcon.colcon_core.package_identification:Package 'ROS2/src/large_models/large_models_msgs' with type 'ros.ament_cmake' and name 'large_models_msgs'
[0.317s] Level 1:colcon.colcon_core.package_identification:_identify(ROS2/src/large_models_examples) by extensions ['ignore', 'ignore_ament_install']
[0.317s] Level 1:colcon.colcon_core.package_identification:_identify(ROS2/src/large_models_examples) by extension 'ignore'
[0.317s] Level 1:colcon.colcon_core.package_identification:_identify(ROS2/src/large_models_examples) by extension 'ignore_ament_install'
[0.318s] Level 1:colcon.colcon_core.package_identification:_identify(ROS2/src/large_models_examples) by extensions ['colcon_pkg']
[0.318s] Level 1:colcon.colcon_core.package_identification:_identify(ROS2/src/large_models_examples) by extension 'colcon_pkg'
[0.318s] Level 1:colcon.colcon_core.package_identification:_identify(ROS2/src/large_models_examples) by extensions ['colcon_meta']
[0.318s] Level 1:colcon.colcon_core.package_identification:_identify(ROS2/src/large_models_examples) by extension 'colcon_meta'
[0.318s] Level 1:colcon.colcon_core.package_identification:_identify(ROS2/src/large_models_examples) by extensions ['ros']
[0.318s] Level 1:colcon.colcon_core.package_identification:_identify(ROS2/src/large_models_examples) by extension 'ros'
[0.318s] DEBUG:colcon.colcon_core.package_identification:Package 'ROS2/src/large_models_examples' with type 'ros.ament_python' and name 'large_models_examples'
[0.318s] Level 1:colcon.colcon_core.package_identification:_identify(ROS2/src/motor) by extensions ['ignore', 'ignore_ament_install']
[0.318s] Level 1:colcon.colcon_core.package_identification:_identify(ROS2/src/motor) by extension 'ignore'
[0.318s] Level 1:colcon.colcon_core.package_identification:_identify(ROS2/src/motor) by extension 'ignore_ament_install'
[0.319s] Level 1:colcon.colcon_core.package_identification:_identify(ROS2/src/motor) by extensions ['colcon_pkg']
[0.319s] Level 1:colcon.colcon_core.package_identification:_identify(ROS2/src/motor) by extension 'colcon_pkg'
[0.319s] Level 1:colcon.colcon_core.package_identification:_identify(ROS2/src/motor) by extensions ['colcon_meta']
[0.319s] Level 1:colcon.colcon_core.package_identification:_identify(ROS2/src/motor) by extension 'colcon_meta'
[0.319s] Level 1:colcon.colcon_core.package_identification:_identify(ROS2/src/motor) by extensions ['ros']
[0.319s] Level 1:colcon.colcon_core.package_identification:_identify(ROS2/src/motor) by extension 'ros'
[0.319s] DEBUG:colcon.colcon_core.package_identification:Package 'ROS2/src/motor' with type 'ros.ament_python' and name 'motor'
[0.319s] Level 1:colcon.colcon_core.package_identification:_identify(ROS2/src/peripherals) by extensions ['ignore', 'ignore_ament_install']
[0.319s] Level 1:colcon.colcon_core.package_identification:_identify(ROS2/src/peripherals) by extension 'ignore'
[0.320s] Level 1:colcon.colcon_core.package_identification:_identify(ROS2/src/peripherals) by extension 'ignore_ament_install'
[0.320s] Level 1:colcon.colcon_core.package_identification:_identify(ROS2/src/peripherals) by extensions ['colcon_pkg']
[0.320s] Level 1:colcon.colcon_core.package_identification:_identify(ROS2/src/peripherals) by extension 'colcon_pkg'
[0.320s] Level 1:colcon.colcon_core.package_identification:_identify(ROS2/src/peripherals) by extensions ['colcon_meta']
[0.320s] Level 1:colcon.colcon_core.package_identification:_identify(ROS2/src/peripherals) by extension 'colcon_meta'
[0.320s] Level 1:colcon.colcon_core.package_identification:_identify(ROS2/src/peripherals) by extensions ['ros']
[0.320s] Level 1:colcon.colcon_core.package_identification:_identify(ROS2/src/peripherals) by extension 'ros'
[0.320s] DEBUG:colcon.colcon_core.package_identification:Package 'ROS2/src/peripherals' with type 'ros.ament_python' and name 'peripherals'
[0.320s] Level 1:colcon.colcon_core.package_identification:_identify(ROS2/src/stepper) by extensions ['ignore', 'ignore_ament_install']
[0.320s] Level 1:colcon.colcon_core.package_identification:_identify(ROS2/src/stepper) by extension 'ignore'
[0.321s] Level 1:colcon.colcon_core.package_identification:_identify(ROS2/src/stepper) by extension 'ignore_ament_install'
[0.321s] Level 1:colcon.colcon_core.package_identification:_identify(ROS2/src/stepper) by extensions ['colcon_pkg']
[0.321s] Level 1:colcon.colcon_core.package_identification:_identify(ROS2/src/stepper) by extension 'colcon_pkg'
[0.321s] Level 1:colcon.colcon_core.package_identification:_identify(ROS2/src/stepper) by extensions ['colcon_meta']
[0.321s] Level 1:colcon.colcon_core.package_identification:_identify(ROS2/src/stepper) by extension 'colcon_meta'
[0.321s] Level 1:colcon.colcon_core.package_identification:_identify(ROS2/src/stepper) by extensions ['ros']
[0.321s] Level 1:colcon.colcon_core.package_identification:_identify(ROS2/src/stepper) by extension 'ros'
[0.321s] DEBUG:colcon.colcon_core.package_identification:Package 'ROS2/src/stepper' with type 'ros.ament_python' and name 'stepper'
[0.321s] Level 1:colcon.colcon_core.package_identification:_identify(ROS2/src/xf_mic_asr_offline) by extensions ['ignore', 'ignore_ament_install']
[0.321s] Level 1:colcon.colcon_core.package_identification:_identify(ROS2/src/xf_mic_asr_offline) by extension 'ignore'
[0.321s] Level 1:colcon.colcon_core.package_identification:_identify(ROS2/src/xf_mic_asr_offline) by extension 'ignore_ament_install'
[0.322s] Level 1:colcon.colcon_core.package_identification:_identify(ROS2/src/xf_mic_asr_offline) by extensions ['colcon_pkg']
[0.322s] Level 1:colcon.colcon_core.package_identification:_identify(ROS2/src/xf_mic_asr_offline) by extension 'colcon_pkg'
[0.322s] Level 1:colcon.colcon_core.package_identification:_identify(ROS2/src/xf_mic_asr_offline) by extensions ['colcon_meta']
[0.322s] Level 1:colcon.colcon_core.package_identification:_identify(ROS2/src/xf_mic_asr_offline) by extension 'colcon_meta'
[0.322s] Level 1:colcon.colcon_core.package_identification:_identify(ROS2/src/xf_mic_asr_offline) by extensions ['ros']
[0.322s] Level 1:colcon.colcon_core.package_identification:_identify(ROS2/src/xf_mic_asr_offline) by extension 'ros'
[0.322s] DEBUG:colcon.colcon_core.package_identification:Package 'ROS2/src/xf_mic_asr_offline' with type 'ros.ament_cmake' and name 'xf_mic_asr_offline'
[0.322s] Level 1:colcon.colcon_core.package_identification:_identify(ROS2/src/xf_mic_asr_offline_msgs) by extensions ['ignore', 'ignore_ament_install']
[0.323s] Level 1:colcon.colcon_core.package_identification:_identify(ROS2/src/xf_mic_asr_offline_msgs) by extension 'ignore'
[0.323s] Level 1:colcon.colcon_core.package_identification:_identify(ROS2/src/xf_mic_asr_offline_msgs) by extension 'ignore_ament_install'
[0.323s] Level 1:colcon.colcon_core.package_identification:_identify(ROS2/src/xf_mic_asr_offline_msgs) by extensions ['colcon_pkg']
[0.323s] Level 1:colcon.colcon_core.package_identification:_identify(ROS2/src/xf_mic_asr_offline_msgs) by extension 'colcon_pkg'
[0.323s] Level 1:colcon.colcon_core.package_identification:_identify(ROS2/src/xf_mic_asr_offline_msgs) by extensions ['colcon_meta']
[0.323s] Level 1:colcon.colcon_core.package_identification:_identify(ROS2/src/xf_mic_asr_offline_msgs) by extension 'colcon_meta'
[0.323s] Level 1:colcon.colcon_core.package_identification:_identify(ROS2/src/xf_mic_asr_offline_msgs) by extensions ['ros']
[0.323s] Level 1:colcon.colcon_core.package_identification:_identify(ROS2/src/xf_mic_asr_offline_msgs) by extension 'ros'
[0.323s] DEBUG:colcon.colcon_core.package_identification:Package 'ROS2/src/xf_mic_asr_offline_msgs' with type 'ros.ament_cmake' and name 'xf_mic_asr_offline_msgs'
[0.324s] Level 1:colcon.colcon_core.package_identification:_identify(build) by extensions ['ignore', 'ignore_ament_install']
[0.324s] Level 1:colcon.colcon_core.package_identification:_identify(build) by extension 'ignore'
[0.324s] Level 1:colcon.colcon_core.package_identification:_identify(build) ignored
[0.324s] Level 1:colcon.colcon_core.package_identification:_identify(install) by extensions ['ignore', 'ignore_ament_install']
[0.324s] Level 1:colcon.colcon_core.package_identification:_identify(install) by extension 'ignore'
[0.324s] Level 1:colcon.colcon_core.package_identification:_identify(install) ignored
[0.324s] Level 1:colcon.colcon_core.package_identification:_identify(log) by extensions ['ignore', 'ignore_ament_install']
[0.324s] Level 1:colcon.colcon_core.package_identification:_identify(log) by extension 'ignore'
[0.324s] Level 1:colcon.colcon_core.package_identification:_identify(log) ignored
[0.324s] Level 1:colcon.colcon_core.package_discovery:discover_packages(recursive) using defaults
[0.324s] Level 1:colcon.colcon_core.package_discovery:discover_packages(ignore) discover
[0.324s] Level 1:colcon.colcon_core.package_discovery:discover_packages(ignore) using defaults
[0.324s] Level 1:colcon.colcon_core.package_discovery:discover_packages(path) discover
[0.324s] Level 1:colcon.colcon_core.package_discovery:discover_packages(path) using defaults
[0.361s] INFO:colcon.colcon_core.package_selection:Skipping not selected package 'app' in 'ROS2/src/app'
[0.361s] INFO:colcon.colcon_core.package_selection:Skipping not selected package 'bringup' in 'ROS2/src/bringup'
[0.361s] INFO:colcon.colcon_core.package_selection:Skipping not selected package 'chassis' in 'ROS2/src/chassis'
[0.361s] INFO:colcon.colcon_core.package_selection:Skipping not selected package 'chassis_msgs' in 'ROS2/src/chassis_msgs'
[0.361s] INFO:colcon.colcon_core.package_selection:Skipping not selected package 'example' in 'ROS2/src/example'
[0.361s] INFO:colcon.colcon_core.package_selection:Skipping not selected package 'interfaces' in 'ROS2/src/interfaces'
[0.361s] INFO:colcon.colcon_core.package_selection:Skipping not selected package 'kinematics' in 'ROS2/src/driver/kinematics'
[0.361s] INFO:colcon.colcon_core.package_selection:Skipping not selected package 'kinematics_msgs' in 'ROS2/src/driver/kinematics_msgs'
[0.361s] INFO:colcon.colcon_core.package_selection:Skipping not selected package 'large_models' in 'ROS2/src/large_models/large_models'
[0.361s] INFO:colcon.colcon_core.package_selection:Skipping not selected package 'large_models_examples' in 'ROS2/src/large_models_examples'
[0.361s] INFO:colcon.colcon_core.package_selection:Skipping not selected package 'large_models_msgs' in 'ROS2/src/large_models/large_models_msgs'
[0.361s] INFO:colcon.colcon_core.package_selection:Skipping not selected package 'motor' in 'ROS2/src/motor'
[0.361s] INFO:colcon.colcon_core.package_selection:Skipping not selected package 'peripherals' in 'ROS2/src/peripherals'
[0.361s] INFO:colcon.colcon_core.package_selection:Skipping not selected package 'ros_robot_controller' in 'ROS2/src/driver/ros_robot_controller'
[0.361s] INFO:colcon.colcon_core.package_selection:Skipping not selected package 'ros_robot_controller_msgs' in 'ROS2/src/driver/ros_robot_controller_msgs'
[0.361s] INFO:colcon.colcon_core.package_selection:Skipping not selected package 'sdk' in 'ROS2/src/driver/sdk'
[0.361s] INFO:colcon.colcon_core.package_selection:Skipping not selected package 'servo_controller' in 'ROS2/src/driver/servo_controller'
[0.361s] INFO:colcon.colcon_core.package_selection:Skipping not selected package 'servo_controller_msgs' in 'ROS2/src/driver/servo_controller_msgs'
[0.361s] INFO:colcon.colcon_core.package_selection:Skipping not selected package 'stepper' in 'ROS2/src/stepper'
[0.361s] INFO:colcon.colcon_core.package_selection:Skipping not selected package 'xf_mic_asr_offline_msgs' in 'ROS2/src/xf_mic_asr_offline_msgs'
[0.362s] Level 1:colcon.colcon_core.package_discovery:discover_packages(prefix_path) check parameters
[0.362s] Level 1:colcon.colcon_core.package_discovery:discover_packages(prefix_path) discover
[0.364s] DEBUG:colcon.colcon_installed_package_information.package_discovery:Found 21 installed packages in /home/liyq/hi_ws/install
[0.366s] DEBUG:colcon.colcon_installed_package_information.package_discovery:Found 329 installed packages in /opt/ros/humble
[0.367s] Level 1:colcon.colcon_core.package_discovery:discover_packages(prefix_path) using defaults
[0.415s] Level 5:colcon.colcon_core.verb:set package 'xf_mic_asr_offline' build argument 'cmake_args' from command line to 'None'
[0.415s] Level 5:colcon.colcon_core.verb:set package 'xf_mic_asr_offline' build argument 'cmake_target' from command line to 'None'
[0.415s] Level 5:colcon.colcon_core.verb:set package 'xf_mic_asr_offline' build argument 'cmake_target_skip_unavailable' from command line to 'False'
[0.415s] Level 5:colcon.colcon_core.verb:set package 'xf_mic_asr_offline' build argument 'cmake_clean_cache' from command line to 'False'
[0.416s] Level 5:colcon.colcon_core.verb:set package 'xf_mic_asr_offline' build argument 'cmake_clean_first' from command line to 'False'
[0.416s] Level 5:colcon.colcon_core.verb:set package 'xf_mic_asr_offline' build argument 'cmake_force_configure' from command line to 'False'
[0.416s] Level 5:colcon.colcon_core.verb:set package 'xf_mic_asr_offline' build argument 'ament_cmake_args' from command line to 'None'
[0.416s] Level 5:colcon.colcon_core.verb:set package 'xf_mic_asr_offline' build argument 'catkin_cmake_args' from command line to 'None'
[0.416s] Level 5:colcon.colcon_core.verb:set package 'xf_mic_asr_offline' build argument 'catkin_skip_building_tests' from command line to 'False'
[0.416s] DEBUG:colcon.colcon_core.verb:Building package 'xf_mic_asr_offline' with the following arguments: {'ament_cmake_args': None, 'build_base': '/home/liyq/hi_ws/build/xf_mic_asr_offline', 'catkin_cmake_args': None, 'catkin_skip_building_tests': False, 'cmake_args': None, 'cmake_clean_cache': False, 'cmake_clean_first': False, 'cmake_force_configure': False, 'cmake_target': None, 'cmake_target_skip_unavailable': False, 'install_base': '/home/liyq/hi_ws/install/xf_mic_asr_offline', 'merge_install': False, 'path': '/home/liyq/hi_ws/ROS2/src/xf_mic_asr_offline', 'symlink_install': False, 'test_result_base': None}
[0.416s] INFO:colcon.colcon_core.executor:Executing jobs using 'parallel' executor
[0.417s] DEBUG:colcon.colcon_parallel_executor.executor.parallel:run_until_complete
[0.417s] INFO:colcon.colcon_ros.task.ament_cmake.build:Building ROS package in '/home/liyq/hi_ws/ROS2/src/xf_mic_asr_offline' with build type 'ament_cmake'
[0.418s] INFO:colcon.colcon_cmake.task.cmake.build:Building CMake package in '/home/liyq/hi_ws/ROS2/src/xf_mic_asr_offline'
[0.420s] INFO:colcon.colcon_core.plugin_system:Skipping extension 'colcon_core.shell.bat': Not used on non-Windows systems
[0.420s] INFO:colcon.colcon_core.shell:Skip shell extension 'powershell' for command environment: Not usable outside of PowerShell
[0.420s] DEBUG:colcon.colcon_core.shell:Skip shell extension 'dsv' for command environment
[0.439s] DEBUG:colcon.colcon_core.event_handler.log_command:Invoking command in '/home/liyq/hi_ws/build/xf_mic_asr_offline': CMAKE_PREFIX_PATH=/home/liyq/hi_ws/install/xf_mic_asr_offline_msgs:/home/liyq/hi_ws/install/ros_robot_controller_msgs:/home/liyq/hi_ws/install/servo_controller_msgs:/home/liyq/hi_ws/install/large_models_msgs:/home/liyq/hi_ws/install/kinematics_msgs:/home/liyq/hi_ws/install/interfaces:/home/liyq/hi_ws/install/chassis_msgs:/home/liyq/hi_ws/install/stepper:/home/liyq/hi_ws/install/servo_controller:/home/liyq/hi_ws/install/sdk:/home/liyq/hi_ws/install/ros_robot_controller:/home/liyq/hi_ws/install/peripherals:/home/liyq/hi_ws/install/motor:/home/liyq/hi_ws/install/large_models_examples:/home/liyq/hi_ws/install/large_models:/home/liyq/hi_ws/install/kinematics:/home/liyq/hi_ws/install/example:/home/liyq/hi_ws/install/chassis:/home/liyq/hi_ws/install/bringup:/home/liyq/hi_ws/install/app:/opt/ros/humble LD_LIBRARY_PATH=/home/liyq/hi_ws/install/xf_mic_asr_offline_msgs/lib:/home/liyq/hi_ws/install/ros_robot_controller_msgs/lib:/home/liyq/hi_ws/install/servo_controller_msgs/lib:/home/liyq/hi_ws/install/large_models_msgs/lib:/home/liyq/hi_ws/install/kinematics_msgs/lib:/home/liyq/hi_ws/install/interfaces/lib:/home/liyq/hi_ws/install/chassis_msgs/lib:/opt/ros/humble/opt/rviz_ogre_vendor/lib:/opt/ros/humble/lib/x86_64-linux-gnu:/opt/ros/humble/lib /usr/bin/cmake --build /home/liyq/hi_ws/build/xf_mic_asr_offline -- -j8 -l8
[0.914s] DEBUG:colcon.colcon_core.event_handler.log_command:Invoked command in '/home/liyq/hi_ws/build/xf_mic_asr_offline' returned '2': CMAKE_PREFIX_PATH=/home/liyq/hi_ws/install/xf_mic_asr_offline_msgs:/home/liyq/hi_ws/install/ros_robot_controller_msgs:/home/liyq/hi_ws/install/servo_controller_msgs:/home/liyq/hi_ws/install/large_models_msgs:/home/liyq/hi_ws/install/kinematics_msgs:/home/liyq/hi_ws/install/interfaces:/home/liyq/hi_ws/install/chassis_msgs:/home/liyq/hi_ws/install/stepper:/home/liyq/hi_ws/install/servo_controller:/home/liyq/hi_ws/install/sdk:/home/liyq/hi_ws/install/ros_robot_controller:/home/liyq/hi_ws/install/peripherals:/home/liyq/hi_ws/install/motor:/home/liyq/hi_ws/install/large_models_examples:/home/liyq/hi_ws/install/large_models:/home/liyq/hi_ws/install/kinematics:/home/liyq/hi_ws/install/example:/home/liyq/hi_ws/install/chassis:/home/liyq/hi_ws/install/bringup:/home/liyq/hi_ws/install/app:/opt/ros/humble LD_LIBRARY_PATH=/home/liyq/hi_ws/install/xf_mic_asr_offline_msgs/lib:/home/liyq/hi_ws/install/ros_robot_controller_msgs/lib:/home/liyq/hi_ws/install/servo_controller_msgs/lib:/home/liyq/hi_ws/install/large_models_msgs/lib:/home/liyq/hi_ws/install/kinematics_msgs/lib:/home/liyq/hi_ws/install/interfaces/lib:/home/liyq/hi_ws/install/chassis_msgs/lib:/opt/ros/humble/opt/rviz_ogre_vendor/lib:/opt/ros/humble/lib/x86_64-linux-gnu:/opt/ros/humble/lib /usr/bin/cmake --build /home/liyq/hi_ws/build/xf_mic_asr_offline -- -j8 -l8
[0.915s] Level 1:colcon.colcon_core.environment:create_environment_scripts_only(xf_mic_asr_offline)
[0.918s] Level 1:colcon.colcon_core.environment:checking '/home/liyq/hi_ws/install/xf_mic_asr_offline' for CMake module files
[0.918s] Level 1:colcon.colcon_core.environment:checking '/home/liyq/hi_ws/install/xf_mic_asr_offline' for CMake config files
[0.918s] Level 1:colcon.colcon_core.environment:checking '/home/liyq/hi_ws/install/xf_mic_asr_offline/bin'
[0.919s] Level 1:colcon.colcon_core.environment:checking '/home/liyq/hi_ws/install/xf_mic_asr_offline/lib/pkgconfig/xf_mic_asr_offline.pc'
[0.919s] Level 1:colcon.colcon_core.environment:checking '/home/liyq/hi_ws/install/xf_mic_asr_offline/lib/python3.10/site-packages'
[0.919s] Level 1:colcon.colcon_core.environment:checking '/home/liyq/hi_ws/install/xf_mic_asr_offline/bin'
[0.919s] INFO:colcon.colcon_core.shell:Creating package script '/home/liyq/hi_ws/install/xf_mic_asr_offline/share/xf_mic_asr_offline/package.ps1'
[0.920s] INFO:colcon.colcon_core.shell:Creating package descriptor '/home/liyq/hi_ws/install/xf_mic_asr_offline/share/xf_mic_asr_offline/package.dsv'
[0.921s] INFO:colcon.colcon_core.shell:Creating package script '/home/liyq/hi_ws/install/xf_mic_asr_offline/share/xf_mic_asr_offline/package.sh'
[0.921s] INFO:colcon.colcon_core.shell:Creating package script '/home/liyq/hi_ws/install/xf_mic_asr_offline/share/xf_mic_asr_offline/package.bash'
[0.922s] INFO:colcon.colcon_core.shell:Creating package script '/home/liyq/hi_ws/install/xf_mic_asr_offline/share/xf_mic_asr_offline/package.zsh'
[0.923s] Level 1:colcon.colcon_core.environment:create_file_with_runtime_dependencies(/home/liyq/hi_ws/install/xf_mic_asr_offline/share/colcon-core/packages/xf_mic_asr_offline)
[0.934s] DEBUG:colcon.colcon_parallel_executor.executor.parallel:closing loop
[0.934s] DEBUG:colcon.colcon_parallel_executor.executor.parallel:loop closed
[0.934s] DEBUG:colcon.colcon_parallel_executor.executor.parallel:run_until_complete finished with '2'
[0.934s] DEBUG:colcon.colcon_core.event_reactor:joining thread
[0.939s] INFO:colcon.colcon_core.plugin_system:Skipping extension 'colcon_notification.desktop_notification.terminal_notifier': Not used on non-Darwin systems
[0.940s] INFO:colcon.colcon_core.plugin_system:Skipping extension 'colcon_notification.desktop_notification.win32': Not used on non-Windows systems
[0.940s] INFO:colcon.colcon_notification.desktop_notification:Sending desktop notification using 'notify2'
[0.954s] DEBUG:colcon.colcon_core.event_reactor:joined thread
[0.954s] INFO:colcon.colcon_core.shell:Creating prefix script '/home/liyq/hi_ws/install/local_setup.ps1'
[0.956s] INFO:colcon.colcon_core.shell:Creating prefix util module '/home/liyq/hi_ws/install/_local_setup_util_ps1.py'
[0.957s] INFO:colcon.colcon_core.shell:Creating prefix chain script '/home/liyq/hi_ws/install/setup.ps1'
[0.960s] INFO:colcon.colcon_core.shell:Creating prefix script '/home/liyq/hi_ws/install/local_setup.sh'
[0.960s] INFO:colcon.colcon_core.shell:Creating prefix util module '/home/liyq/hi_ws/install/_local_setup_util_sh.py'
[0.961s] INFO:colcon.colcon_core.shell:Creating prefix chain script '/home/liyq/hi_ws/install/setup.sh'
[0.964s] INFO:colcon.colcon_core.shell:Creating prefix script '/home/liyq/hi_ws/install/local_setup.bash'
[0.965s] INFO:colcon.colcon_core.shell:Creating prefix chain script '/home/liyq/hi_ws/install/setup.bash'
[0.967s] INFO:colcon.colcon_core.shell:Creating prefix script '/home/liyq/hi_ws/install/local_setup.zsh'
[0.968s] INFO:colcon.colcon_core.shell:Creating prefix chain script '/home/liyq/hi_ws/install/setup.zsh'
