[0.089s] DEBUG:colcon:Command line arguments: ['/usr/bin/colcon', 'build', '--packages-select', 'interfaces']
[0.089s] DEBUG:colcon:Parsed command line arguments: Namespace(log_base=None, log_level=None, verb_name='build', build_base='build', install_base='install', merge_install=False, symlink_install=False, test_result_base=None, continue_on_error=False, executor='parallel', parallel_workers=8, event_handlers=None, ignore_user_meta=False, metas=['./colcon.meta'], base_paths=['.'], packages_ignore=None, packages_ignore_regex=None, paths=None, packages_up_to=None, packages_up_to_regex=None, packages_above=None, packages_above_and_dependencies=None, packages_above_depth=None, packages_select_by_dep=None, packages_skip_by_dep=None, packages_skip_up_to=None, packages_select_build_failed=False, packages_skip_build_finished=False, packages_select_test_failures=False, packages_skip_test_passed=False, packages_select=['interfaces'], packages_skip=None, packages_select_regex=None, packages_skip_regex=None, packages_start=None, packages_end=None, allow_overriding=[], cmake_args=None, cmake_target=None, cmake_target_skip_unavailable=False, cmake_clean_cache=False, cmake_clean_first=False, cmake_force_configure=False, ament_cmake_args=None, catkin_cmake_args=None, catkin_skip_building_tests=False, verb_parser=<colcon_defaults.argument_parser.defaults.DefaultArgumentsDecorator object at 0x74293c90fdf0>, verb_extension=<colcon_core.verb.build.BuildVerb object at 0x74293c90f8e0>, main=<bound method BuildVerb.main of <colcon_core.verb.build.BuildVerb object at 0x74293c90f8e0>>)
[0.230s] Level 1:colcon.colcon_core.package_discovery:discover_packages(colcon_meta) check parameters
[0.230s] Level 1:colcon.colcon_core.package_discovery:discover_packages(recursive) check parameters
[0.230s] Level 1:colcon.colcon_core.package_discovery:discover_packages(ignore) check parameters
[0.230s] Level 1:colcon.colcon_core.package_discovery:discover_packages(path) check parameters
[0.230s] Level 1:colcon.colcon_core.package_discovery:discover_packages(colcon_meta) discover
[0.230s] Level 1:colcon.colcon_core.package_discovery:discover_packages(recursive) discover
[0.230s] INFO:colcon.colcon_core.package_discovery:Crawling recursively for packages in '/home/liyq/hi_ws'
[0.230s] Level 1:colcon.colcon_core.package_identification:_identify(.) by extensions ['ignore', 'ignore_ament_install']
[0.230s] Level 1:colcon.colcon_core.package_identification:_identify(.) by extension 'ignore'
[0.231s] Level 1:colcon.colcon_core.package_identification:_identify(.) by extension 'ignore_ament_install'
[0.231s] Level 1:colcon.colcon_core.package_identification:_identify(.) by extensions ['colcon_pkg']
[0.231s] Level 1:colcon.colcon_core.package_identification:_identify(.) by extension 'colcon_pkg'
[0.231s] Level 1:colcon.colcon_core.package_identification:_identify(.) by extensions ['colcon_meta']
[0.231s] Level 1:colcon.colcon_core.package_identification:_identify(.) by extension 'colcon_meta'
[0.231s] Level 1:colcon.colcon_core.package_identification:_identify(.) by extensions ['ros']
[0.231s] Level 1:colcon.colcon_core.package_identification:_identify(.) by extension 'ros'
[0.240s] Level 1:colcon.colcon_core.package_identification:_identify(.) by extensions ['cmake', 'python']
[0.240s] Level 1:colcon.colcon_core.package_identification:_identify(.) by extension 'cmake'
[0.240s] Level 1:colcon.colcon_core.package_identification:_identify(.) by extension 'python'
[0.240s] Level 1:colcon.colcon_core.package_identification:_identify(.) by extensions ['python_setup_py']
[0.240s] Level 1:colcon.colcon_core.package_identification:_identify(.) by extension 'python_setup_py'
[0.240s] Level 1:colcon.colcon_core.package_identification:_identify(ROS2) by extensions ['ignore', 'ignore_ament_install']
[0.240s] Level 1:colcon.colcon_core.package_identification:_identify(ROS2) by extension 'ignore'
[0.240s] Level 1:colcon.colcon_core.package_identification:_identify(ROS2) by extension 'ignore_ament_install'
[0.241s] Level 1:colcon.colcon_core.package_identification:_identify(ROS2) by extensions ['colcon_pkg']
[0.241s] Level 1:colcon.colcon_core.package_identification:_identify(ROS2) by extension 'colcon_pkg'
[0.241s] Level 1:colcon.colcon_core.package_identification:_identify(ROS2) by extensions ['colcon_meta']
[0.241s] Level 1:colcon.colcon_core.package_identification:_identify(ROS2) by extension 'colcon_meta'
[0.241s] Level 1:colcon.colcon_core.package_identification:_identify(ROS2) by extensions ['ros']
[0.241s] Level 1:colcon.colcon_core.package_identification:_identify(ROS2) by extension 'ros'
[0.241s] Level 1:colcon.colcon_core.package_identification:_identify(ROS2) by extensions ['cmake', 'python']
[0.241s] Level 1:colcon.colcon_core.package_identification:_identify(ROS2) by extension 'cmake'
[0.241s] Level 1:colcon.colcon_core.package_identification:_identify(ROS2) by extension 'python'
[0.241s] Level 1:colcon.colcon_core.package_identification:_identify(ROS2) by extensions ['python_setup_py']
[0.241s] Level 1:colcon.colcon_core.package_identification:_identify(ROS2) by extension 'python_setup_py'
[0.241s] Level 1:colcon.colcon_core.package_identification:_identify(ROS2/src) by extensions ['ignore', 'ignore_ament_install']
[0.241s] Level 1:colcon.colcon_core.package_identification:_identify(ROS2/src) by extension 'ignore'
[0.241s] Level 1:colcon.colcon_core.package_identification:_identify(ROS2/src) by extension 'ignore_ament_install'
[0.241s] Level 1:colcon.colcon_core.package_identification:_identify(ROS2/src) by extensions ['colcon_pkg']
[0.241s] Level 1:colcon.colcon_core.package_identification:_identify(ROS2/src) by extension 'colcon_pkg'
[0.241s] Level 1:colcon.colcon_core.package_identification:_identify(ROS2/src) by extensions ['colcon_meta']
[0.241s] Level 1:colcon.colcon_core.package_identification:_identify(ROS2/src) by extension 'colcon_meta'
[0.241s] Level 1:colcon.colcon_core.package_identification:_identify(ROS2/src) by extensions ['ros']
[0.241s] Level 1:colcon.colcon_core.package_identification:_identify(ROS2/src) by extension 'ros'
[0.241s] Level 1:colcon.colcon_core.package_identification:_identify(ROS2/src) by extensions ['cmake', 'python']
[0.241s] Level 1:colcon.colcon_core.package_identification:_identify(ROS2/src) by extension 'cmake'
[0.241s] Level 1:colcon.colcon_core.package_identification:_identify(ROS2/src) by extension 'python'
[0.241s] Level 1:colcon.colcon_core.package_identification:_identify(ROS2/src) by extensions ['python_setup_py']
[0.241s] Level 1:colcon.colcon_core.package_identification:_identify(ROS2/src) by extension 'python_setup_py'
[0.241s] Level 1:colcon.colcon_core.package_identification:_identify(ROS2/src/Log) by extensions ['ignore', 'ignore_ament_install']
[0.242s] Level 1:colcon.colcon_core.package_identification:_identify(ROS2/src/Log) by extension 'ignore'
[0.242s] Level 1:colcon.colcon_core.package_identification:_identify(ROS2/src/Log) by extension 'ignore_ament_install'
[0.242s] Level 1:colcon.colcon_core.package_identification:_identify(ROS2/src/Log) by extensions ['colcon_pkg']
[0.242s] Level 1:colcon.colcon_core.package_identification:_identify(ROS2/src/Log) by extension 'colcon_pkg'
[0.242s] Level 1:colcon.colcon_core.package_identification:_identify(ROS2/src/Log) by extensions ['colcon_meta']
[0.242s] Level 1:colcon.colcon_core.package_identification:_identify(ROS2/src/Log) by extension 'colcon_meta'
[0.242s] Level 1:colcon.colcon_core.package_identification:_identify(ROS2/src/Log) by extensions ['ros']
[0.242s] Level 1:colcon.colcon_core.package_identification:_identify(ROS2/src/Log) by extension 'ros'
[0.242s] Level 1:colcon.colcon_core.package_identification:_identify(ROS2/src/Log) by extensions ['cmake', 'python']
[0.242s] Level 1:colcon.colcon_core.package_identification:_identify(ROS2/src/Log) by extension 'cmake'
[0.242s] Level 1:colcon.colcon_core.package_identification:_identify(ROS2/src/Log) by extension 'python'
[0.242s] Level 1:colcon.colcon_core.package_identification:_identify(ROS2/src/Log) by extensions ['python_setup_py']
[0.242s] Level 1:colcon.colcon_core.package_identification:_identify(ROS2/src/Log) by extension 'python_setup_py'
[0.242s] Level 1:colcon.colcon_core.package_identification:_identify(ROS2/src/app) by extensions ['ignore', 'ignore_ament_install']
[0.242s] Level 1:colcon.colcon_core.package_identification:_identify(ROS2/src/app) by extension 'ignore'
[0.242s] Level 1:colcon.colcon_core.package_identification:_identify(ROS2/src/app) by extension 'ignore_ament_install'
[0.242s] Level 1:colcon.colcon_core.package_identification:_identify(ROS2/src/app) by extensions ['colcon_pkg']
[0.242s] Level 1:colcon.colcon_core.package_identification:_identify(ROS2/src/app) by extension 'colcon_pkg'
[0.242s] Level 1:colcon.colcon_core.package_identification:_identify(ROS2/src/app) by extensions ['colcon_meta']
[0.242s] Level 1:colcon.colcon_core.package_identification:_identify(ROS2/src/app) by extension 'colcon_meta'
[0.242s] Level 1:colcon.colcon_core.package_identification:_identify(ROS2/src/app) by extensions ['ros']
[0.242s] Level 1:colcon.colcon_core.package_identification:_identify(ROS2/src/app) by extension 'ros'
[0.245s] DEBUG:colcon.colcon_core.package_identification:Package 'ROS2/src/app' with type 'ros.ament_python' and name 'app'
[0.245s] Level 1:colcon.colcon_core.package_identification:_identify(ROS2/src/bringup) by extensions ['ignore', 'ignore_ament_install']
[0.245s] Level 1:colcon.colcon_core.package_identification:_identify(ROS2/src/bringup) by extension 'ignore'
[0.245s] Level 1:colcon.colcon_core.package_identification:_identify(ROS2/src/bringup) by extension 'ignore_ament_install'
[0.245s] Level 1:colcon.colcon_core.package_identification:_identify(ROS2/src/bringup) by extensions ['colcon_pkg']
[0.245s] Level 1:colcon.colcon_core.package_identification:_identify(ROS2/src/bringup) by extension 'colcon_pkg'
[0.245s] Level 1:colcon.colcon_core.package_identification:_identify(ROS2/src/bringup) by extensions ['colcon_meta']
[0.245s] Level 1:colcon.colcon_core.package_identification:_identify(ROS2/src/bringup) by extension 'colcon_meta'
[0.245s] Level 1:colcon.colcon_core.package_identification:_identify(ROS2/src/bringup) by extensions ['ros']
[0.245s] Level 1:colcon.colcon_core.package_identification:_identify(ROS2/src/bringup) by extension 'ros'
[0.246s] DEBUG:colcon.colcon_core.package_identification:Package 'ROS2/src/bringup' with type 'ros.ament_python' and name 'bringup'
[0.246s] Level 1:colcon.colcon_core.package_identification:_identify(ROS2/src/chassis) by extensions ['ignore', 'ignore_ament_install']
[0.246s] Level 1:colcon.colcon_core.package_identification:_identify(ROS2/src/chassis) by extension 'ignore'
[0.246s] Level 1:colcon.colcon_core.package_identification:_identify(ROS2/src/chassis) by extension 'ignore_ament_install'
[0.246s] Level 1:colcon.colcon_core.package_identification:_identify(ROS2/src/chassis) by extensions ['colcon_pkg']
[0.246s] Level 1:colcon.colcon_core.package_identification:_identify(ROS2/src/chassis) by extension 'colcon_pkg'
[0.246s] Level 1:colcon.colcon_core.package_identification:_identify(ROS2/src/chassis) by extensions ['colcon_meta']
[0.246s] Level 1:colcon.colcon_core.package_identification:_identify(ROS2/src/chassis) by extension 'colcon_meta'
[0.246s] Level 1:colcon.colcon_core.package_identification:_identify(ROS2/src/chassis) by extensions ['ros']
[0.246s] Level 1:colcon.colcon_core.package_identification:_identify(ROS2/src/chassis) by extension 'ros'
[0.246s] DEBUG:colcon.colcon_core.package_identification:Package 'ROS2/src/chassis' with type 'ros.ament_python' and name 'chassis'
[0.246s] Level 1:colcon.colcon_core.package_identification:_identify(ROS2/src/chassis_msgs) by extensions ['ignore', 'ignore_ament_install']
[0.246s] Level 1:colcon.colcon_core.package_identification:_identify(ROS2/src/chassis_msgs) by extension 'ignore'
[0.247s] Level 1:colcon.colcon_core.package_identification:_identify(ROS2/src/chassis_msgs) by extension 'ignore_ament_install'
[0.247s] Level 1:colcon.colcon_core.package_identification:_identify(ROS2/src/chassis_msgs) by extensions ['colcon_pkg']
[0.247s] Level 1:colcon.colcon_core.package_identification:_identify(ROS2/src/chassis_msgs) by extension 'colcon_pkg'
[0.247s] Level 1:colcon.colcon_core.package_identification:_identify(ROS2/src/chassis_msgs) by extensions ['colcon_meta']
[0.247s] Level 1:colcon.colcon_core.package_identification:_identify(ROS2/src/chassis_msgs) by extension 'colcon_meta'
[0.247s] Level 1:colcon.colcon_core.package_identification:_identify(ROS2/src/chassis_msgs) by extensions ['ros']
[0.247s] Level 1:colcon.colcon_core.package_identification:_identify(ROS2/src/chassis_msgs) by extension 'ros'
[0.247s] DEBUG:colcon.colcon_core.package_identification:Package 'ROS2/src/chassis_msgs' with type 'ros.ament_cmake' and name 'chassis_msgs'
[0.247s] Level 1:colcon.colcon_core.package_identification:_identify(ROS2/src/driver) by extensions ['ignore', 'ignore_ament_install']
[0.247s] Level 1:colcon.colcon_core.package_identification:_identify(ROS2/src/driver) by extension 'ignore'
[0.247s] Level 1:colcon.colcon_core.package_identification:_identify(ROS2/src/driver) by extension 'ignore_ament_install'
[0.248s] Level 1:colcon.colcon_core.package_identification:_identify(ROS2/src/driver) by extensions ['colcon_pkg']
[0.248s] Level 1:colcon.colcon_core.package_identification:_identify(ROS2/src/driver) by extension 'colcon_pkg'
[0.248s] Level 1:colcon.colcon_core.package_identification:_identify(ROS2/src/driver) by extensions ['colcon_meta']
[0.248s] Level 1:colcon.colcon_core.package_identification:_identify(ROS2/src/driver) by extension 'colcon_meta'
[0.248s] Level 1:colcon.colcon_core.package_identification:_identify(ROS2/src/driver) by extensions ['ros']
[0.248s] Level 1:colcon.colcon_core.package_identification:_identify(ROS2/src/driver) by extension 'ros'
[0.248s] Level 1:colcon.colcon_core.package_identification:_identify(ROS2/src/driver) by extensions ['cmake', 'python']
[0.248s] Level 1:colcon.colcon_core.package_identification:_identify(ROS2/src/driver) by extension 'cmake'
[0.248s] Level 1:colcon.colcon_core.package_identification:_identify(ROS2/src/driver) by extension 'python'
[0.248s] Level 1:colcon.colcon_core.package_identification:_identify(ROS2/src/driver) by extensions ['python_setup_py']
[0.248s] Level 1:colcon.colcon_core.package_identification:_identify(ROS2/src/driver) by extension 'python_setup_py'
[0.248s] Level 1:colcon.colcon_core.package_identification:_identify(ROS2/src/driver/kinematics) by extensions ['ignore', 'ignore_ament_install']
[0.248s] Level 1:colcon.colcon_core.package_identification:_identify(ROS2/src/driver/kinematics) by extension 'ignore'
[0.248s] Level 1:colcon.colcon_core.package_identification:_identify(ROS2/src/driver/kinematics) by extension 'ignore_ament_install'
[0.248s] Level 1:colcon.colcon_core.package_identification:_identify(ROS2/src/driver/kinematics) by extensions ['colcon_pkg']
[0.248s] Level 1:colcon.colcon_core.package_identification:_identify(ROS2/src/driver/kinematics) by extension 'colcon_pkg'
[0.248s] Level 1:colcon.colcon_core.package_identification:_identify(ROS2/src/driver/kinematics) by extensions ['colcon_meta']
[0.248s] Level 1:colcon.colcon_core.package_identification:_identify(ROS2/src/driver/kinematics) by extension 'colcon_meta'
[0.248s] Level 1:colcon.colcon_core.package_identification:_identify(ROS2/src/driver/kinematics) by extensions ['ros']
[0.248s] Level 1:colcon.colcon_core.package_identification:_identify(ROS2/src/driver/kinematics) by extension 'ros'
[0.249s] DEBUG:colcon.colcon_core.package_identification:Package 'ROS2/src/driver/kinematics' with type 'ros.ament_python' and name 'kinematics'
[0.249s] Level 1:colcon.colcon_core.package_identification:_identify(ROS2/src/driver/kinematics_msgs) by extensions ['ignore', 'ignore_ament_install']
[0.249s] Level 1:colcon.colcon_core.package_identification:_identify(ROS2/src/driver/kinematics_msgs) by extension 'ignore'
[0.249s] Level 1:colcon.colcon_core.package_identification:_identify(ROS2/src/driver/kinematics_msgs) by extension 'ignore_ament_install'
[0.249s] Level 1:colcon.colcon_core.package_identification:_identify(ROS2/src/driver/kinematics_msgs) by extensions ['colcon_pkg']
[0.249s] Level 1:colcon.colcon_core.package_identification:_identify(ROS2/src/driver/kinematics_msgs) by extension 'colcon_pkg'
[0.249s] Level 1:colcon.colcon_core.package_identification:_identify(ROS2/src/driver/kinematics_msgs) by extensions ['colcon_meta']
[0.249s] Level 1:colcon.colcon_core.package_identification:_identify(ROS2/src/driver/kinematics_msgs) by extension 'colcon_meta'
[0.249s] Level 1:colcon.colcon_core.package_identification:_identify(ROS2/src/driver/kinematics_msgs) by extensions ['ros']
[0.249s] Level 1:colcon.colcon_core.package_identification:_identify(ROS2/src/driver/kinematics_msgs) by extension 'ros'
[0.250s] DEBUG:colcon.colcon_core.package_identification:Package 'ROS2/src/driver/kinematics_msgs' with type 'ros.ament_cmake' and name 'kinematics_msgs'
[0.250s] Level 1:colcon.colcon_core.package_identification:_identify(ROS2/src/driver/ros_robot_controller) by extensions ['ignore', 'ignore_ament_install']
[0.250s] Level 1:colcon.colcon_core.package_identification:_identify(ROS2/src/driver/ros_robot_controller) by extension 'ignore'
[0.250s] Level 1:colcon.colcon_core.package_identification:_identify(ROS2/src/driver/ros_robot_controller) by extension 'ignore_ament_install'
[0.250s] Level 1:colcon.colcon_core.package_identification:_identify(ROS2/src/driver/ros_robot_controller) by extensions ['colcon_pkg']
[0.250s] Level 1:colcon.colcon_core.package_identification:_identify(ROS2/src/driver/ros_robot_controller) by extension 'colcon_pkg'
[0.250s] Level 1:colcon.colcon_core.package_identification:_identify(ROS2/src/driver/ros_robot_controller) by extensions ['colcon_meta']
[0.250s] Level 1:colcon.colcon_core.package_identification:_identify(ROS2/src/driver/ros_robot_controller) by extension 'colcon_meta'
[0.250s] Level 1:colcon.colcon_core.package_identification:_identify(ROS2/src/driver/ros_robot_controller) by extensions ['ros']
[0.250s] Level 1:colcon.colcon_core.package_identification:_identify(ROS2/src/driver/ros_robot_controller) by extension 'ros'
[0.250s] DEBUG:colcon.colcon_core.package_identification:Package 'ROS2/src/driver/ros_robot_controller' with type 'ros.ament_python' and name 'ros_robot_controller'
[0.250s] Level 1:colcon.colcon_core.package_identification:_identify(ROS2/src/driver/ros_robot_controller_msgs) by extensions ['ignore', 'ignore_ament_install']
[0.250s] Level 1:colcon.colcon_core.package_identification:_identify(ROS2/src/driver/ros_robot_controller_msgs) by extension 'ignore'
[0.250s] Level 1:colcon.colcon_core.package_identification:_identify(ROS2/src/driver/ros_robot_controller_msgs) by extension 'ignore_ament_install'
[0.251s] Level 1:colcon.colcon_core.package_identification:_identify(ROS2/src/driver/ros_robot_controller_msgs) by extensions ['colcon_pkg']
[0.251s] Level 1:colcon.colcon_core.package_identification:_identify(ROS2/src/driver/ros_robot_controller_msgs) by extension 'colcon_pkg'
[0.251s] Level 1:colcon.colcon_core.package_identification:_identify(ROS2/src/driver/ros_robot_controller_msgs) by extensions ['colcon_meta']
[0.251s] Level 1:colcon.colcon_core.package_identification:_identify(ROS2/src/driver/ros_robot_controller_msgs) by extension 'colcon_meta'
[0.251s] Level 1:colcon.colcon_core.package_identification:_identify(ROS2/src/driver/ros_robot_controller_msgs) by extensions ['ros']
[0.251s] Level 1:colcon.colcon_core.package_identification:_identify(ROS2/src/driver/ros_robot_controller_msgs) by extension 'ros'
[0.251s] DEBUG:colcon.colcon_core.package_identification:Package 'ROS2/src/driver/ros_robot_controller_msgs' with type 'ros.ament_cmake' and name 'ros_robot_controller_msgs'
[0.251s] Level 1:colcon.colcon_core.package_identification:_identify(ROS2/src/driver/sdk) by extensions ['ignore', 'ignore_ament_install']
[0.251s] Level 1:colcon.colcon_core.package_identification:_identify(ROS2/src/driver/sdk) by extension 'ignore'
[0.251s] Level 1:colcon.colcon_core.package_identification:_identify(ROS2/src/driver/sdk) by extension 'ignore_ament_install'
[0.251s] Level 1:colcon.colcon_core.package_identification:_identify(ROS2/src/driver/sdk) by extensions ['colcon_pkg']
[0.251s] Level 1:colcon.colcon_core.package_identification:_identify(ROS2/src/driver/sdk) by extension 'colcon_pkg'
[0.251s] Level 1:colcon.colcon_core.package_identification:_identify(ROS2/src/driver/sdk) by extensions ['colcon_meta']
[0.252s] Level 1:colcon.colcon_core.package_identification:_identify(ROS2/src/driver/sdk) by extension 'colcon_meta'
[0.252s] Level 1:colcon.colcon_core.package_identification:_identify(ROS2/src/driver/sdk) by extensions ['ros']
[0.252s] Level 1:colcon.colcon_core.package_identification:_identify(ROS2/src/driver/sdk) by extension 'ros'
[0.252s] DEBUG:colcon.colcon_core.package_identification:Package 'ROS2/src/driver/sdk' with type 'ros.ament_python' and name 'sdk'
[0.252s] Level 1:colcon.colcon_core.package_identification:_identify(ROS2/src/driver/servo_controller) by extensions ['ignore', 'ignore_ament_install']
[0.252s] Level 1:colcon.colcon_core.package_identification:_identify(ROS2/src/driver/servo_controller) by extension 'ignore'
[0.252s] Level 1:colcon.colcon_core.package_identification:_identify(ROS2/src/driver/servo_controller) by extension 'ignore_ament_install'
[0.252s] Level 1:colcon.colcon_core.package_identification:_identify(ROS2/src/driver/servo_controller) by extensions ['colcon_pkg']
[0.252s] Level 1:colcon.colcon_core.package_identification:_identify(ROS2/src/driver/servo_controller) by extension 'colcon_pkg'
[0.252s] Level 1:colcon.colcon_core.package_identification:_identify(ROS2/src/driver/servo_controller) by extensions ['colcon_meta']
[0.252s] Level 1:colcon.colcon_core.package_identification:_identify(ROS2/src/driver/servo_controller) by extension 'colcon_meta'
[0.252s] Level 1:colcon.colcon_core.package_identification:_identify(ROS2/src/driver/servo_controller) by extensions ['ros']
[0.252s] Level 1:colcon.colcon_core.package_identification:_identify(ROS2/src/driver/servo_controller) by extension 'ros'
[0.253s] DEBUG:colcon.colcon_core.package_identification:Package 'ROS2/src/driver/servo_controller' with type 'ros.ament_python' and name 'servo_controller'
[0.253s] Level 1:colcon.colcon_core.package_identification:_identify(ROS2/src/driver/servo_controller_msgs) by extensions ['ignore', 'ignore_ament_install']
[0.253s] Level 1:colcon.colcon_core.package_identification:_identify(ROS2/src/driver/servo_controller_msgs) by extension 'ignore'
[0.253s] Level 1:colcon.colcon_core.package_identification:_identify(ROS2/src/driver/servo_controller_msgs) by extension 'ignore_ament_install'
[0.253s] Level 1:colcon.colcon_core.package_identification:_identify(ROS2/src/driver/servo_controller_msgs) by extensions ['colcon_pkg']
[0.253s] Level 1:colcon.colcon_core.package_identification:_identify(ROS2/src/driver/servo_controller_msgs) by extension 'colcon_pkg'
[0.253s] Level 1:colcon.colcon_core.package_identification:_identify(ROS2/src/driver/servo_controller_msgs) by extensions ['colcon_meta']
[0.253s] Level 1:colcon.colcon_core.package_identification:_identify(ROS2/src/driver/servo_controller_msgs) by extension 'colcon_meta'
[0.253s] Level 1:colcon.colcon_core.package_identification:_identify(ROS2/src/driver/servo_controller_msgs) by extensions ['ros']
[0.253s] Level 1:colcon.colcon_core.package_identification:_identify(ROS2/src/driver/servo_controller_msgs) by extension 'ros'
[0.254s] DEBUG:colcon.colcon_core.package_identification:Package 'ROS2/src/driver/servo_controller_msgs' with type 'ros.ament_cmake' and name 'servo_controller_msgs'
[0.254s] Level 1:colcon.colcon_core.package_identification:_identify(ROS2/src/example) by extensions ['ignore', 'ignore_ament_install']
[0.254s] Level 1:colcon.colcon_core.package_identification:_identify(ROS2/src/example) by extension 'ignore'
[0.254s] Level 1:colcon.colcon_core.package_identification:_identify(ROS2/src/example) by extension 'ignore_ament_install'
[0.254s] Level 1:colcon.colcon_core.package_identification:_identify(ROS2/src/example) by extensions ['colcon_pkg']
[0.254s] Level 1:colcon.colcon_core.package_identification:_identify(ROS2/src/example) by extension 'colcon_pkg'
[0.254s] Level 1:colcon.colcon_core.package_identification:_identify(ROS2/src/example) by extensions ['colcon_meta']
[0.254s] Level 1:colcon.colcon_core.package_identification:_identify(ROS2/src/example) by extension 'colcon_meta'
[0.254s] Level 1:colcon.colcon_core.package_identification:_identify(ROS2/src/example) by extensions ['ros']
[0.254s] Level 1:colcon.colcon_core.package_identification:_identify(ROS2/src/example) by extension 'ros'
[0.254s] DEBUG:colcon.colcon_core.package_identification:Package 'ROS2/src/example' with type 'ros.ament_python' and name 'example'
[0.255s] Level 1:colcon.colcon_core.package_identification:_identify(ROS2/src/interfaces) by extensions ['ignore', 'ignore_ament_install']
[0.255s] Level 1:colcon.colcon_core.package_identification:_identify(ROS2/src/interfaces) by extension 'ignore'
[0.255s] Level 1:colcon.colcon_core.package_identification:_identify(ROS2/src/interfaces) by extension 'ignore_ament_install'
[0.255s] Level 1:colcon.colcon_core.package_identification:_identify(ROS2/src/interfaces) by extensions ['colcon_pkg']
[0.255s] Level 1:colcon.colcon_core.package_identification:_identify(ROS2/src/interfaces) by extension 'colcon_pkg'
[0.255s] Level 1:colcon.colcon_core.package_identification:_identify(ROS2/src/interfaces) by extensions ['colcon_meta']
[0.255s] Level 1:colcon.colcon_core.package_identification:_identify(ROS2/src/interfaces) by extension 'colcon_meta'
[0.255s] Level 1:colcon.colcon_core.package_identification:_identify(ROS2/src/interfaces) by extensions ['ros']
[0.255s] Level 1:colcon.colcon_core.package_identification:_identify(ROS2/src/interfaces) by extension 'ros'
[0.255s] DEBUG:colcon.colcon_core.package_identification:Package 'ROS2/src/interfaces' with type 'ros.ament_cmake' and name 'interfaces'
[0.255s] Level 1:colcon.colcon_core.package_identification:_identify(ROS2/src/large_models) by extensions ['ignore', 'ignore_ament_install']
[0.256s] Level 1:colcon.colcon_core.package_identification:_identify(ROS2/src/large_models) by extension 'ignore'
[0.256s] Level 1:colcon.colcon_core.package_identification:_identify(ROS2/src/large_models) by extension 'ignore_ament_install'
[0.256s] Level 1:colcon.colcon_core.package_identification:_identify(ROS2/src/large_models) by extensions ['colcon_pkg']
[0.256s] Level 1:colcon.colcon_core.package_identification:_identify(ROS2/src/large_models) by extension 'colcon_pkg'
[0.256s] Level 1:colcon.colcon_core.package_identification:_identify(ROS2/src/large_models) by extensions ['colcon_meta']
[0.256s] Level 1:colcon.colcon_core.package_identification:_identify(ROS2/src/large_models) by extension 'colcon_meta'
[0.256s] Level 1:colcon.colcon_core.package_identification:_identify(ROS2/src/large_models) by extensions ['ros']
[0.256s] Level 1:colcon.colcon_core.package_identification:_identify(ROS2/src/large_models) by extension 'ros'
[0.256s] Level 1:colcon.colcon_core.package_identification:_identify(ROS2/src/large_models) by extensions ['cmake', 'python']
[0.256s] Level 1:colcon.colcon_core.package_identification:_identify(ROS2/src/large_models) by extension 'cmake'
[0.256s] Level 1:colcon.colcon_core.package_identification:_identify(ROS2/src/large_models) by extension 'python'
[0.256s] Level 1:colcon.colcon_core.package_identification:_identify(ROS2/src/large_models) by extensions ['python_setup_py']
[0.256s] Level 1:colcon.colcon_core.package_identification:_identify(ROS2/src/large_models) by extension 'python_setup_py'
[0.256s] Level 1:colcon.colcon_core.package_identification:_identify(ROS2/src/large_models/large_models) by extensions ['ignore', 'ignore_ament_install']
[0.256s] Level 1:colcon.colcon_core.package_identification:_identify(ROS2/src/large_models/large_models) by extension 'ignore'
[0.256s] Level 1:colcon.colcon_core.package_identification:_identify(ROS2/src/large_models/large_models) by extension 'ignore_ament_install'
[0.256s] Level 1:colcon.colcon_core.package_identification:_identify(ROS2/src/large_models/large_models) by extensions ['colcon_pkg']
[0.256s] Level 1:colcon.colcon_core.package_identification:_identify(ROS2/src/large_models/large_models) by extension 'colcon_pkg'
[0.256s] Level 1:colcon.colcon_core.package_identification:_identify(ROS2/src/large_models/large_models) by extensions ['colcon_meta']
[0.256s] Level 1:colcon.colcon_core.package_identification:_identify(ROS2/src/large_models/large_models) by extension 'colcon_meta'
[0.256s] Level 1:colcon.colcon_core.package_identification:_identify(ROS2/src/large_models/large_models) by extensions ['ros']
[0.256s] Level 1:colcon.colcon_core.package_identification:_identify(ROS2/src/large_models/large_models) by extension 'ros'
[0.257s] DEBUG:colcon.colcon_core.package_identification:Package 'ROS2/src/large_models/large_models' with type 'ros.ament_python' and name 'large_models'
[0.257s] Level 1:colcon.colcon_core.package_identification:_identify(ROS2/src/large_models/large_models_msgs) by extensions ['ignore', 'ignore_ament_install']
[0.257s] Level 1:colcon.colcon_core.package_identification:_identify(ROS2/src/large_models/large_models_msgs) by extension 'ignore'
[0.257s] Level 1:colcon.colcon_core.package_identification:_identify(ROS2/src/large_models/large_models_msgs) by extension 'ignore_ament_install'
[0.257s] Level 1:colcon.colcon_core.package_identification:_identify(ROS2/src/large_models/large_models_msgs) by extensions ['colcon_pkg']
[0.257s] Level 1:colcon.colcon_core.package_identification:_identify(ROS2/src/large_models/large_models_msgs) by extension 'colcon_pkg'
[0.257s] Level 1:colcon.colcon_core.package_identification:_identify(ROS2/src/large_models/large_models_msgs) by extensions ['colcon_meta']
[0.257s] Level 1:colcon.colcon_core.package_identification:_identify(ROS2/src/large_models/large_models_msgs) by extension 'colcon_meta'
[0.257s] Level 1:colcon.colcon_core.package_identification:_identify(ROS2/src/large_models/large_models_msgs) by extensions ['ros']
[0.257s] Level 1:colcon.colcon_core.package_identification:_identify(ROS2/src/large_models/large_models_msgs) by extension 'ros'
[0.258s] DEBUG:colcon.colcon_core.package_identification:Package 'ROS2/src/large_models/large_models_msgs' with type 'ros.ament_cmake' and name 'large_models_msgs'
[0.258s] Level 1:colcon.colcon_core.package_identification:_identify(ROS2/src/large_models_examples) by extensions ['ignore', 'ignore_ament_install']
[0.258s] Level 1:colcon.colcon_core.package_identification:_identify(ROS2/src/large_models_examples) by extension 'ignore'
[0.258s] Level 1:colcon.colcon_core.package_identification:_identify(ROS2/src/large_models_examples) by extension 'ignore_ament_install'
[0.258s] Level 1:colcon.colcon_core.package_identification:_identify(ROS2/src/large_models_examples) by extensions ['colcon_pkg']
[0.258s] Level 1:colcon.colcon_core.package_identification:_identify(ROS2/src/large_models_examples) by extension 'colcon_pkg'
[0.258s] Level 1:colcon.colcon_core.package_identification:_identify(ROS2/src/large_models_examples) by extensions ['colcon_meta']
[0.258s] Level 1:colcon.colcon_core.package_identification:_identify(ROS2/src/large_models_examples) by extension 'colcon_meta'
[0.258s] Level 1:colcon.colcon_core.package_identification:_identify(ROS2/src/large_models_examples) by extensions ['ros']
[0.258s] Level 1:colcon.colcon_core.package_identification:_identify(ROS2/src/large_models_examples) by extension 'ros'
[0.258s] DEBUG:colcon.colcon_core.package_identification:Package 'ROS2/src/large_models_examples' with type 'ros.ament_python' and name 'large_models_examples'
[0.258s] Level 1:colcon.colcon_core.package_identification:_identify(ROS2/src/motor) by extensions ['ignore', 'ignore_ament_install']
[0.259s] Level 1:colcon.colcon_core.package_identification:_identify(ROS2/src/motor) by extension 'ignore'
[0.259s] Level 1:colcon.colcon_core.package_identification:_identify(ROS2/src/motor) by extension 'ignore_ament_install'
[0.259s] Level 1:colcon.colcon_core.package_identification:_identify(ROS2/src/motor) by extensions ['colcon_pkg']
[0.259s] Level 1:colcon.colcon_core.package_identification:_identify(ROS2/src/motor) by extension 'colcon_pkg'
[0.259s] Level 1:colcon.colcon_core.package_identification:_identify(ROS2/src/motor) by extensions ['colcon_meta']
[0.259s] Level 1:colcon.colcon_core.package_identification:_identify(ROS2/src/motor) by extension 'colcon_meta'
[0.259s] Level 1:colcon.colcon_core.package_identification:_identify(ROS2/src/motor) by extensions ['ros']
[0.259s] Level 1:colcon.colcon_core.package_identification:_identify(ROS2/src/motor) by extension 'ros'
[0.259s] DEBUG:colcon.colcon_core.package_identification:Package 'ROS2/src/motor' with type 'ros.ament_python' and name 'motor'
[0.259s] Level 1:colcon.colcon_core.package_identification:_identify(ROS2/src/peripherals) by extensions ['ignore', 'ignore_ament_install']
[0.259s] Level 1:colcon.colcon_core.package_identification:_identify(ROS2/src/peripherals) by extension 'ignore'
[0.259s] Level 1:colcon.colcon_core.package_identification:_identify(ROS2/src/peripherals) by extension 'ignore_ament_install'
[0.259s] Level 1:colcon.colcon_core.package_identification:_identify(ROS2/src/peripherals) by extensions ['colcon_pkg']
[0.259s] Level 1:colcon.colcon_core.package_identification:_identify(ROS2/src/peripherals) by extension 'colcon_pkg'
[0.260s] Level 1:colcon.colcon_core.package_identification:_identify(ROS2/src/peripherals) by extensions ['colcon_meta']
[0.260s] Level 1:colcon.colcon_core.package_identification:_identify(ROS2/src/peripherals) by extension 'colcon_meta'
[0.260s] Level 1:colcon.colcon_core.package_identification:_identify(ROS2/src/peripherals) by extensions ['ros']
[0.260s] Level 1:colcon.colcon_core.package_identification:_identify(ROS2/src/peripherals) by extension 'ros'
[0.260s] DEBUG:colcon.colcon_core.package_identification:Package 'ROS2/src/peripherals' with type 'ros.ament_python' and name 'peripherals'
[0.260s] Level 1:colcon.colcon_core.package_identification:_identify(ROS2/src/stepper) by extensions ['ignore', 'ignore_ament_install']
[0.260s] Level 1:colcon.colcon_core.package_identification:_identify(ROS2/src/stepper) by extension 'ignore'
[0.260s] Level 1:colcon.colcon_core.package_identification:_identify(ROS2/src/stepper) by extension 'ignore_ament_install'
[0.260s] Level 1:colcon.colcon_core.package_identification:_identify(ROS2/src/stepper) by extensions ['colcon_pkg']
[0.260s] Level 1:colcon.colcon_core.package_identification:_identify(ROS2/src/stepper) by extension 'colcon_pkg'
[0.260s] Level 1:colcon.colcon_core.package_identification:_identify(ROS2/src/stepper) by extensions ['colcon_meta']
[0.260s] Level 1:colcon.colcon_core.package_identification:_identify(ROS2/src/stepper) by extension 'colcon_meta'
[0.260s] Level 1:colcon.colcon_core.package_identification:_identify(ROS2/src/stepper) by extensions ['ros']
[0.260s] Level 1:colcon.colcon_core.package_identification:_identify(ROS2/src/stepper) by extension 'ros'
[0.261s] DEBUG:colcon.colcon_core.package_identification:Package 'ROS2/src/stepper' with type 'ros.ament_python' and name 'stepper'
[0.261s] Level 1:colcon.colcon_core.package_identification:_identify(ROS2/src/xf_mic_asr_offline) by extensions ['ignore', 'ignore_ament_install']
[0.261s] Level 1:colcon.colcon_core.package_identification:_identify(ROS2/src/xf_mic_asr_offline) by extension 'ignore'
[0.261s] Level 1:colcon.colcon_core.package_identification:_identify(ROS2/src/xf_mic_asr_offline) by extension 'ignore_ament_install'
[0.261s] Level 1:colcon.colcon_core.package_identification:_identify(ROS2/src/xf_mic_asr_offline) by extensions ['colcon_pkg']
[0.261s] Level 1:colcon.colcon_core.package_identification:_identify(ROS2/src/xf_mic_asr_offline) by extension 'colcon_pkg'
[0.261s] Level 1:colcon.colcon_core.package_identification:_identify(ROS2/src/xf_mic_asr_offline) by extensions ['colcon_meta']
[0.261s] Level 1:colcon.colcon_core.package_identification:_identify(ROS2/src/xf_mic_asr_offline) by extension 'colcon_meta'
[0.261s] Level 1:colcon.colcon_core.package_identification:_identify(ROS2/src/xf_mic_asr_offline) by extensions ['ros']
[0.261s] Level 1:colcon.colcon_core.package_identification:_identify(ROS2/src/xf_mic_asr_offline) by extension 'ros'
[0.262s] DEBUG:colcon.colcon_core.package_identification:Package 'ROS2/src/xf_mic_asr_offline' with type 'ros.ament_cmake' and name 'xf_mic_asr_offline'
[0.262s] Level 1:colcon.colcon_core.package_identification:_identify(ROS2/src/xf_mic_asr_offline_msgs) by extensions ['ignore', 'ignore_ament_install']
[0.262s] Level 1:colcon.colcon_core.package_identification:_identify(ROS2/src/xf_mic_asr_offline_msgs) by extension 'ignore'
[0.262s] Level 1:colcon.colcon_core.package_identification:_identify(ROS2/src/xf_mic_asr_offline_msgs) by extension 'ignore_ament_install'
[0.262s] Level 1:colcon.colcon_core.package_identification:_identify(ROS2/src/xf_mic_asr_offline_msgs) by extensions ['colcon_pkg']
[0.262s] Level 1:colcon.colcon_core.package_identification:_identify(ROS2/src/xf_mic_asr_offline_msgs) by extension 'colcon_pkg'
[0.262s] Level 1:colcon.colcon_core.package_identification:_identify(ROS2/src/xf_mic_asr_offline_msgs) by extensions ['colcon_meta']
[0.262s] Level 1:colcon.colcon_core.package_identification:_identify(ROS2/src/xf_mic_asr_offline_msgs) by extension 'colcon_meta'
[0.262s] Level 1:colcon.colcon_core.package_identification:_identify(ROS2/src/xf_mic_asr_offline_msgs) by extensions ['ros']
[0.262s] Level 1:colcon.colcon_core.package_identification:_identify(ROS2/src/xf_mic_asr_offline_msgs) by extension 'ros'
[0.262s] DEBUG:colcon.colcon_core.package_identification:Package 'ROS2/src/xf_mic_asr_offline_msgs' with type 'ros.ament_cmake' and name 'xf_mic_asr_offline_msgs'
[0.263s] Level 1:colcon.colcon_core.package_identification:_identify(build) by extensions ['ignore', 'ignore_ament_install']
[0.263s] Level 1:colcon.colcon_core.package_identification:_identify(build) by extension 'ignore'
[0.263s] Level 1:colcon.colcon_core.package_identification:_identify(build) ignored
[0.263s] Level 1:colcon.colcon_core.package_identification:_identify(install) by extensions ['ignore', 'ignore_ament_install']
[0.263s] Level 1:colcon.colcon_core.package_identification:_identify(install) by extension 'ignore'
[0.263s] Level 1:colcon.colcon_core.package_identification:_identify(install) ignored
[0.263s] Level 1:colcon.colcon_core.package_identification:_identify(log) by extensions ['ignore', 'ignore_ament_install']
[0.263s] Level 1:colcon.colcon_core.package_identification:_identify(log) by extension 'ignore'
[0.263s] Level 1:colcon.colcon_core.package_identification:_identify(log) ignored
[0.263s] Level 1:colcon.colcon_core.package_discovery:discover_packages(recursive) using defaults
[0.263s] Level 1:colcon.colcon_core.package_discovery:discover_packages(ignore) discover
[0.263s] Level 1:colcon.colcon_core.package_discovery:discover_packages(ignore) using defaults
[0.263s] Level 1:colcon.colcon_core.package_discovery:discover_packages(path) discover
[0.263s] Level 1:colcon.colcon_core.package_discovery:discover_packages(path) using defaults
[0.290s] INFO:colcon.colcon_core.package_selection:Skipping not selected package 'app' in 'ROS2/src/app'
[0.290s] INFO:colcon.colcon_core.package_selection:Skipping not selected package 'bringup' in 'ROS2/src/bringup'
[0.290s] INFO:colcon.colcon_core.package_selection:Skipping not selected package 'chassis' in 'ROS2/src/chassis'
[0.290s] INFO:colcon.colcon_core.package_selection:Skipping not selected package 'chassis_msgs' in 'ROS2/src/chassis_msgs'
[0.290s] INFO:colcon.colcon_core.package_selection:Skipping not selected package 'example' in 'ROS2/src/example'
[0.291s] INFO:colcon.colcon_core.package_selection:Skipping not selected package 'kinematics' in 'ROS2/src/driver/kinematics'
[0.291s] INFO:colcon.colcon_core.package_selection:Skipping not selected package 'kinematics_msgs' in 'ROS2/src/driver/kinematics_msgs'
[0.291s] INFO:colcon.colcon_core.package_selection:Skipping not selected package 'large_models' in 'ROS2/src/large_models/large_models'
[0.291s] INFO:colcon.colcon_core.package_selection:Skipping not selected package 'large_models_examples' in 'ROS2/src/large_models_examples'
[0.291s] INFO:colcon.colcon_core.package_selection:Skipping not selected package 'large_models_msgs' in 'ROS2/src/large_models/large_models_msgs'
[0.291s] INFO:colcon.colcon_core.package_selection:Skipping not selected package 'motor' in 'ROS2/src/motor'
[0.291s] INFO:colcon.colcon_core.package_selection:Skipping not selected package 'peripherals' in 'ROS2/src/peripherals'
[0.291s] INFO:colcon.colcon_core.package_selection:Skipping not selected package 'ros_robot_controller' in 'ROS2/src/driver/ros_robot_controller'
[0.291s] INFO:colcon.colcon_core.package_selection:Skipping not selected package 'ros_robot_controller_msgs' in 'ROS2/src/driver/ros_robot_controller_msgs'
[0.291s] INFO:colcon.colcon_core.package_selection:Skipping not selected package 'sdk' in 'ROS2/src/driver/sdk'
[0.291s] INFO:colcon.colcon_core.package_selection:Skipping not selected package 'servo_controller' in 'ROS2/src/driver/servo_controller'
[0.291s] INFO:colcon.colcon_core.package_selection:Skipping not selected package 'servo_controller_msgs' in 'ROS2/src/driver/servo_controller_msgs'
[0.291s] INFO:colcon.colcon_core.package_selection:Skipping not selected package 'stepper' in 'ROS2/src/stepper'
[0.291s] INFO:colcon.colcon_core.package_selection:Skipping not selected package 'xf_mic_asr_offline_msgs' in 'ROS2/src/xf_mic_asr_offline_msgs'
[0.291s] INFO:colcon.colcon_core.package_selection:Skipping not selected package 'xf_mic_asr_offline' in 'ROS2/src/xf_mic_asr_offline'
[0.291s] Level 1:colcon.colcon_core.package_discovery:discover_packages(prefix_path) check parameters
[0.291s] Level 1:colcon.colcon_core.package_discovery:discover_packages(prefix_path) discover
[0.293s] DEBUG:colcon.colcon_installed_package_information.package_discovery:Found 329 installed packages in /opt/ros/humble
[0.295s] Level 1:colcon.colcon_core.package_discovery:discover_packages(prefix_path) using defaults
[0.333s] Level 5:colcon.colcon_core.verb:set package 'interfaces' build argument 'cmake_args' from command line to 'None'
[0.333s] Level 5:colcon.colcon_core.verb:set package 'interfaces' build argument 'cmake_target' from command line to 'None'
[0.333s] Level 5:colcon.colcon_core.verb:set package 'interfaces' build argument 'cmake_target_skip_unavailable' from command line to 'False'
[0.333s] Level 5:colcon.colcon_core.verb:set package 'interfaces' build argument 'cmake_clean_cache' from command line to 'False'
[0.333s] Level 5:colcon.colcon_core.verb:set package 'interfaces' build argument 'cmake_clean_first' from command line to 'False'
[0.333s] Level 5:colcon.colcon_core.verb:set package 'interfaces' build argument 'cmake_force_configure' from command line to 'False'
[0.333s] Level 5:colcon.colcon_core.verb:set package 'interfaces' build argument 'ament_cmake_args' from command line to 'None'
[0.333s] Level 5:colcon.colcon_core.verb:set package 'interfaces' build argument 'catkin_cmake_args' from command line to 'None'
[0.333s] Level 5:colcon.colcon_core.verb:set package 'interfaces' build argument 'catkin_skip_building_tests' from command line to 'False'
[0.334s] DEBUG:colcon.colcon_core.verb:Building package 'interfaces' with the following arguments: {'ament_cmake_args': None, 'build_base': '/home/liyq/hi_ws/build/interfaces', 'catkin_cmake_args': None, 'catkin_skip_building_tests': False, 'cmake_args': None, 'cmake_clean_cache': False, 'cmake_clean_first': False, 'cmake_force_configure': False, 'cmake_target': None, 'cmake_target_skip_unavailable': False, 'install_base': '/home/liyq/hi_ws/install/interfaces', 'merge_install': False, 'path': '/home/liyq/hi_ws/ROS2/src/interfaces', 'symlink_install': False, 'test_result_base': None}
[0.334s] INFO:colcon.colcon_core.executor:Executing jobs using 'parallel' executor
[0.335s] DEBUG:colcon.colcon_parallel_executor.executor.parallel:run_until_complete
[0.335s] INFO:colcon.colcon_ros.task.ament_cmake.build:Building ROS package in '/home/liyq/hi_ws/ROS2/src/interfaces' with build type 'ament_cmake'
[0.335s] INFO:colcon.colcon_cmake.task.cmake.build:Building CMake package in '/home/liyq/hi_ws/ROS2/src/interfaces'
[0.337s] INFO:colcon.colcon_core.plugin_system:Skipping extension 'colcon_core.shell.bat': Not used on non-Windows systems
[0.338s] INFO:colcon.colcon_core.shell:Skip shell extension 'powershell' for command environment: Not usable outside of PowerShell
[0.338s] DEBUG:colcon.colcon_core.shell:Skip shell extension 'dsv' for command environment
[0.347s] DEBUG:colcon.colcon_core.event_handler.log_command:Invoking command in '/home/liyq/hi_ws/build/interfaces': CMAKE_PREFIX_PATH=/opt/ros/humble /usr/bin/cmake --build /home/liyq/hi_ws/build/interfaces -- -j8 -l8
[0.737s] DEBUG:colcon.colcon_core.event_handler.log_command:Invoked command in '/home/liyq/hi_ws/build/interfaces' returned '0': CMAKE_PREFIX_PATH=/opt/ros/humble /usr/bin/cmake --build /home/liyq/hi_ws/build/interfaces -- -j8 -l8
[0.751s] DEBUG:colcon.colcon_core.event_handler.log_command:Invoking command in '/home/liyq/hi_ws/build/interfaces': CMAKE_PREFIX_PATH=/opt/ros/humble /usr/bin/cmake --install /home/liyq/hi_ws/build/interfaces
[0.991s] Level 1:colcon.colcon_core.environment:create_environment_scripts_only(interfaces)
[0.992s] DEBUG:colcon.colcon_core.event_handler.log_command:Invoked command in '/home/liyq/hi_ws/build/interfaces' returned '0': CMAKE_PREFIX_PATH=/opt/ros/humble /usr/bin/cmake --install /home/liyq/hi_ws/build/interfaces
[0.994s] Level 1:colcon.colcon_core.environment:checking '/home/liyq/hi_ws/install/interfaces' for CMake module files
[0.994s] Level 1:colcon.colcon_core.environment:checking '/home/liyq/hi_ws/install/interfaces' for CMake config files
[0.995s] Level 1:colcon.colcon_core.shell:create_environment_hook('interfaces', 'cmake_prefix_path')
[0.995s] INFO:colcon.colcon_core.shell:Creating environment hook '/home/liyq/hi_ws/install/interfaces/share/interfaces/hook/cmake_prefix_path.ps1'
[0.996s] INFO:colcon.colcon_core.shell:Creating environment descriptor '/home/liyq/hi_ws/install/interfaces/share/interfaces/hook/cmake_prefix_path.dsv'
[0.996s] INFO:colcon.colcon_core.shell:Creating environment hook '/home/liyq/hi_ws/install/interfaces/share/interfaces/hook/cmake_prefix_path.sh'
[0.997s] Level 1:colcon.colcon_core.environment:checking '/home/liyq/hi_ws/install/interfaces/lib'
[0.997s] Level 1:colcon.colcon_core.shell:create_environment_hook('interfaces', 'ld_library_path_lib')
[0.997s] INFO:colcon.colcon_core.shell:Creating environment hook '/home/liyq/hi_ws/install/interfaces/share/interfaces/hook/ld_library_path_lib.ps1'
[0.997s] INFO:colcon.colcon_core.shell:Creating environment descriptor '/home/liyq/hi_ws/install/interfaces/share/interfaces/hook/ld_library_path_lib.dsv'
[0.997s] INFO:colcon.colcon_core.shell:Creating environment hook '/home/liyq/hi_ws/install/interfaces/share/interfaces/hook/ld_library_path_lib.sh'
[0.998s] Level 1:colcon.colcon_core.environment:checking '/home/liyq/hi_ws/install/interfaces/bin'
[0.998s] Level 1:colcon.colcon_core.environment:checking '/home/liyq/hi_ws/install/interfaces/lib/pkgconfig/interfaces.pc'
[0.998s] Level 1:colcon.colcon_core.environment:checking '/home/liyq/hi_ws/install/interfaces/lib/python3.10/site-packages'
[0.998s] Level 1:colcon.colcon_core.environment:checking '/home/liyq/hi_ws/install/interfaces/bin'
[0.999s] INFO:colcon.colcon_core.shell:Creating package script '/home/liyq/hi_ws/install/interfaces/share/interfaces/package.ps1'
[0.999s] INFO:colcon.colcon_core.shell:Creating package descriptor '/home/liyq/hi_ws/install/interfaces/share/interfaces/package.dsv'
[1.000s] INFO:colcon.colcon_core.shell:Creating package script '/home/liyq/hi_ws/install/interfaces/share/interfaces/package.sh'
[1.001s] INFO:colcon.colcon_core.shell:Creating package script '/home/liyq/hi_ws/install/interfaces/share/interfaces/package.bash'
[1.001s] INFO:colcon.colcon_core.shell:Creating package script '/home/liyq/hi_ws/install/interfaces/share/interfaces/package.zsh'
[1.002s] Level 1:colcon.colcon_core.environment:create_file_with_runtime_dependencies(/home/liyq/hi_ws/install/interfaces/share/colcon-core/packages/interfaces)
[1.002s] Level 1:colcon.colcon_core.environment:create_environment_scripts_only(interfaces)
[1.003s] Level 1:colcon.colcon_core.environment:checking '/home/liyq/hi_ws/install/interfaces' for CMake module files
[1.003s] Level 1:colcon.colcon_core.environment:checking '/home/liyq/hi_ws/install/interfaces' for CMake config files
[1.004s] Level 1:colcon.colcon_core.shell:create_environment_hook('interfaces', 'cmake_prefix_path')
[1.004s] INFO:colcon.colcon_core.shell:Creating environment hook '/home/liyq/hi_ws/install/interfaces/share/interfaces/hook/cmake_prefix_path.ps1'
[1.004s] INFO:colcon.colcon_core.shell:Creating environment descriptor '/home/liyq/hi_ws/install/interfaces/share/interfaces/hook/cmake_prefix_path.dsv'
[1.005s] INFO:colcon.colcon_core.shell:Creating environment hook '/home/liyq/hi_ws/install/interfaces/share/interfaces/hook/cmake_prefix_path.sh'
[1.005s] Level 1:colcon.colcon_core.environment:checking '/home/liyq/hi_ws/install/interfaces/lib'
[1.005s] Level 1:colcon.colcon_core.shell:create_environment_hook('interfaces', 'ld_library_path_lib')
[1.006s] INFO:colcon.colcon_core.shell:Creating environment hook '/home/liyq/hi_ws/install/interfaces/share/interfaces/hook/ld_library_path_lib.ps1'
[1.006s] INFO:colcon.colcon_core.shell:Creating environment descriptor '/home/liyq/hi_ws/install/interfaces/share/interfaces/hook/ld_library_path_lib.dsv'
[1.006s] INFO:colcon.colcon_core.shell:Creating environment hook '/home/liyq/hi_ws/install/interfaces/share/interfaces/hook/ld_library_path_lib.sh'
[1.006s] Level 1:colcon.colcon_core.environment:checking '/home/liyq/hi_ws/install/interfaces/bin'
[1.007s] Level 1:colcon.colcon_core.environment:checking '/home/liyq/hi_ws/install/interfaces/lib/pkgconfig/interfaces.pc'
[1.007s] Level 1:colcon.colcon_core.environment:checking '/home/liyq/hi_ws/install/interfaces/lib/python3.10/site-packages'
[1.007s] Level 1:colcon.colcon_core.environment:checking '/home/liyq/hi_ws/install/interfaces/bin'
[1.007s] INFO:colcon.colcon_core.shell:Creating package script '/home/liyq/hi_ws/install/interfaces/share/interfaces/package.ps1'
[1.008s] INFO:colcon.colcon_core.shell:Creating package descriptor '/home/liyq/hi_ws/install/interfaces/share/interfaces/package.dsv'
[1.008s] INFO:colcon.colcon_core.shell:Creating package script '/home/liyq/hi_ws/install/interfaces/share/interfaces/package.sh'
[1.009s] INFO:colcon.colcon_core.shell:Creating package script '/home/liyq/hi_ws/install/interfaces/share/interfaces/package.bash'
[1.009s] INFO:colcon.colcon_core.shell:Creating package script '/home/liyq/hi_ws/install/interfaces/share/interfaces/package.zsh'
[1.009s] Level 1:colcon.colcon_core.environment:create_file_with_runtime_dependencies(/home/liyq/hi_ws/install/interfaces/share/colcon-core/packages/interfaces)
[1.010s] DEBUG:colcon.colcon_parallel_executor.executor.parallel:closing loop
[1.010s] DEBUG:colcon.colcon_parallel_executor.executor.parallel:loop closed
[1.010s] DEBUG:colcon.colcon_parallel_executor.executor.parallel:run_until_complete finished with '0'
[1.010s] DEBUG:colcon.colcon_core.event_reactor:joining thread
[1.015s] INFO:colcon.colcon_core.plugin_system:Skipping extension 'colcon_notification.desktop_notification.terminal_notifier': Not used on non-Darwin systems
[1.015s] INFO:colcon.colcon_core.plugin_system:Skipping extension 'colcon_notification.desktop_notification.win32': Not used on non-Windows systems
[1.015s] INFO:colcon.colcon_notification.desktop_notification:Sending desktop notification using 'notify2'
[1.027s] DEBUG:colcon.colcon_core.event_reactor:joined thread
[1.028s] INFO:colcon.colcon_core.shell:Creating prefix script '/home/liyq/hi_ws/install/local_setup.ps1'
[1.029s] INFO:colcon.colcon_core.shell:Creating prefix util module '/home/liyq/hi_ws/install/_local_setup_util_ps1.py'
[1.030s] INFO:colcon.colcon_core.shell:Creating prefix chain script '/home/liyq/hi_ws/install/setup.ps1'
[1.032s] INFO:colcon.colcon_core.shell:Creating prefix script '/home/liyq/hi_ws/install/local_setup.sh'
[1.033s] INFO:colcon.colcon_core.shell:Creating prefix util module '/home/liyq/hi_ws/install/_local_setup_util_sh.py'
[1.033s] INFO:colcon.colcon_core.shell:Creating prefix chain script '/home/liyq/hi_ws/install/setup.sh'
[1.035s] INFO:colcon.colcon_core.shell:Creating prefix script '/home/liyq/hi_ws/install/local_setup.bash'
[1.035s] INFO:colcon.colcon_core.shell:Creating prefix chain script '/home/liyq/hi_ws/install/setup.bash'
[1.037s] INFO:colcon.colcon_core.shell:Creating prefix script '/home/liyq/hi_ws/install/local_setup.zsh'
[1.037s] INFO:colcon.colcon_core.shell:Creating prefix chain script '/home/liyq/hi_ws/install/setup.zsh'
